[2025-08-28 14:51:34,328 I 53260 137720] core_worker_process.cc:192: Constructing CoreWorkerProcess. pid: 53260
[2025-08-28 14:51:34,333 I 53260 137720] io_service_pool.cc:37: IOServicePool is running with 1 io_service.
[2025-08-28 14:51:34,337 I 53260 137720] grpc_server.cc:140: worker server started, listening on port 53793.
[2025-08-28 14:51:34,339 I 53260 137720] core_worker.cc:544: Initializing worker at address: 127.0.0.1:53793 worker_id=b66ffd61efa0a5be1885dbee79f99889d50c18065faf1486204336fe node_id=05703b0c110ab93df116c4291cee2820527f57f460084240903a9bd6
[2025-08-28 14:51:34,340 I 53260 137720] task_event_buffer.cc:287: Reporting task events to GCS every 1000ms.
[2025-08-28 14:51:34,342 I 53260 119460] accessor.cc:784: Received notification for node, IsAlive = 1 node_id=05703b0c110ab93df116c4291cee2820527f57f460084240903a9bd6
[2025-08-28 14:51:34,342 I 53260 119460] core_worker.cc:5148: Number of alive nodes:1
[2025-08-28 14:51:34,344 I 53260 119460] core_worker.cc:915: Event stats:


Global stats: 12 total (4 active)
Queueing time: mean = 20.700 us, max = 172.500 us, min = 8.400 us, total = 248.400 us
Execution time:  mean = 189.458 us, total = 2.273 ms
Event stats:
	PeriodicalRunner.RunFnPeriodically - 3 total (1 active, 1 running), Execution time: mean = 9.467 us, total = 28.400 us, Queueing time: mean = 60.300 us, max = 172.500 us, min = 8.400 us, total = 180.900 us
	CoreWorker.ExitIfParentRayletDies - 1 total (1 active), Execution time: mean = 0.000 s, total = 0.000 s, Queueing time: mean = 0.000 s, max = -0.000 s, min = 9223372036.855 s, total = 0.000 s
	ray::rpc::InternalPubSubGcsService.grpc_client.GcsSubscriberCommandBatch - 1 total (0 active), Execution time: mean = 513.700 us, total = 513.700 us, Queueing time: mean = 0.000 s, max = -0.000 s, min = 9223372036.855 s, total = 0.000 s
	ray::rpc::NodeInfoGcsService.grpc_client.GetAllNodeInfo.OnReplyReceived - 1 total (0 active), Execution time: mean = 177.600 us, total = 177.600 us, Queueing time: mean = 13.600 us, max = 13.600 us, min = 13.600 us, total = 13.600 us
	ray::rpc::InternalPubSubGcsService.grpc_client.GcsSubscriberPoll - 1 total (1 active), Execution time: mean = 0.000 s, total = 0.000 s, Queueing time: mean = 0.000 s, max = -0.000 s, min = 9223372036.855 s, total = 0.000 s
	Publisher.CheckDeadSubscribers - 1 total (1 active), Execution time: mean = 0.000 s, total = 0.000 s, Queueing time: mean = 0.000 s, max = -0.000 s, min = 9223372036.855 s, total = 0.000 s
	ray::rpc::WorkerInfoGcsService.grpc_client.AddWorkerInfo.OnReplyReceived - 1 total (0 active), Execution time: mean = 26.600 us, total = 26.600 us, Queueing time: mean = 26.100 us, max = 26.100 us, min = 26.100 us, total = 26.100 us
	ray::rpc::NodeInfoGcsService.grpc_client.GetAllNodeInfo - 1 total (0 active), Execution time: mean = 559.600 us, total = 559.600 us, Queueing time: mean = 0.000 s, max = -0.000 s, min = 9223372036.855 s, total = 0.000 s
	ray::rpc::InternalPubSubGcsService.grpc_client.GcsSubscriberCommandBatch.OnReplyReceived - 1 total (0 active), Execution time: mean = 330.600 us, total = 330.600 us, Queueing time: mean = 27.800 us, max = 27.800 us, min = 27.800 us, total = 27.800 us
	ray::rpc::WorkerInfoGcsService.grpc_client.AddWorkerInfo - 1 total (0 active), Execution time: mean = 637.000 us, total = 637.000 us, Queueing time: mean = 0.000 s, max = -0.000 s, min = 9223372036.855 s, total = 0.000 s

-----------------
Task execution event stats:

Global stats: 0 total (0 active)
Queueing time: mean = -nan(ind) s, max = -0.000 s, min = 9223372036.855 s, total = 0.000 s
Execution time:  mean = -nan(ind) s, total = 0.000 s
Event stats:

-----------------
Task Event stats:

IO Service Stats:

Global stats: 4 total (1 active)
Queueing time: mean = 4.800 us, max = 11.100 us, min = 8.100 us, total = 19.200 us
Execution time:  mean = 190.950 us, total = 763.800 us
Event stats:
	CoreWorker.deadline_timer.flush_task_events - 1 total (1 active), Execution time: mean = 0.000 s, total = 0.000 s, Queueing time: mean = 0.000 s, max = -0.000 s, min = 9223372036.855 s, total = 0.000 s
	ray::rpc::TaskInfoGcsService.grpc_client.AddTaskEventData - 1 total (0 active), Execution time: mean = 561.400 us, total = 561.400 us, Queueing time: mean = 0.000 s, max = -0.000 s, min = 9223372036.855 s, total = 0.000 s
	ray::rpc::TaskInfoGcsService.grpc_client.AddTaskEventData.OnReplyReceived - 1 total (0 active), Execution time: mean = 93.500 us, total = 93.500 us, Queueing time: mean = 11.100 us, max = 11.100 us, min = 11.100 us, total = 11.100 us
	PeriodicalRunner.RunFnPeriodically - 1 total (0 active), Execution time: mean = 108.900 us, total = 108.900 us, Queueing time: mean = 8.100 us, max = 8.100 us, min = 8.100 us, total = 8.100 us
Other Stats:
	grpc_in_progress:0
	current number of task status events in buffer: 0
	current number of profile events in buffer: 0
	current number of dropped task attempts tracked: 0
	total task events sent: 0 MiB
	total number of task attempts sent: 0
	total number of task attempts dropped reported: 0
	total number of sent failure: 0
	num status task events dropped: 0
	num profile task events dropped: 0


[2025-08-28 14:51:34,347 I 53260 137720] event.cc:500: Ray Event initialized for CORE_WORKER
[2025-08-28 14:51:34,348 I 53260 137720] event.cc:500: Ray Event initialized for EXPORT_TASK
[2025-08-28 14:51:34,348 I 53260 137720] event.cc:331: Set ray event level to warning
[2025-08-28 14:51:46,477 W 53260 135456] metric_exporter.cc:105: [1] Export metrics to agent failed: RpcError: RPC Error message: failed to connect to all addresses; last error: UNAVAILABLE: ipv4:127.0.0.1:61359: Connection refused; RPC Error details:  rpc_code: 14. This won't affect Ray, but you can lose metrics from the cluster.
[2025-08-28 14:52:30,101 I 53260 137720] actor_task_submitter.cc:73: Set actor max pending calls to -1 actor_id=f84c8914e25e6591b575450e01000000
[2025-08-28 14:52:30,101 I 53260 137720] core_worker.cc:3405: Creating actor actor_id=f84c8914e25e6591b575450e01000000
[2025-08-28 14:52:30,174 I 53260 137720] task_receiver.cc:160: Actor creation task finished, task_id: fffffffffffffffff84c8914e25e6591b575450e01000000, actor_id: f84c8914e25e6591b575450e01000000, actor_repr_name: 
[2025-08-28 14:52:30,176 I 53260 137720] out_of_order_actor_scheduling_queue.cc:48: Setting actor as asyncio with max_concurrency=1000, and defined concurrency groups are:

[2025-08-28 14:52:34,345 I 53260 119460] core_worker.cc:915: Event stats:


Global stats: 847 total (8 active)
Queueing time: mean = 6.459 ms, max = 16.113 ms, min = -0.000 s, total = 5.471 s
Execution time:  mean = 224.940 us, total = 190.524 ms
Event stats:
	CoreWorker.RecoverObjects - 555 total (1 active), Execution time: mean = 8.732 us, total = 4.846 ms, Queueing time: mean = 8.113 ms, max = 11.878 ms, min = 5.037 ms, total = 4.503 s
	NodeManagerService.grpc_client.ReportWorkerBacklog - 60 total (0 active), Execution time: mean = 1.376 ms, total = 82.564 ms, Queueing time: mean = 0.000 s, max = -0.000 s, min = 9223372036.855 s, total = 0.000 s
	NodeManagerService.grpc_client.ReportWorkerBacklog.OnReplyReceived - 60 total (0 active), Execution time: mean = 15.435 us, total = 926.100 us, Queueing time: mean = 21.387 us, max = 137.000 us, min = 3.800 us, total = 1.283 ms
	CoreWorker.ExitIfParentRayletDies - 60 total (1 active), Execution time: mean = 13.167 us, total = 790.000 us, Queueing time: mean = 7.312 ms, max = 16.113 ms, min = -0.000 s, total = 438.699 ms
	CoreWorker.InternalHeartbeat - 60 total (1 active), Execution time: mean = 232.808 us, total = 13.969 ms, Queueing time: mean = 7.132 ms, max = 15.418 ms, min = -0.000 s, total = 427.938 ms
	CoreWorker.RecordMetrics - 12 total (1 active), Execution time: mean = 19.642 us, total = 235.700 us, Queueing time: mean = 6.450 ms, max = 14.841 ms, min = 1.095 ms, total = 77.404 ms
	CoreWorkerService.grpc_server.PushTask.HandleRequestImpl - 9 total (0 active), Execution time: mean = 27.178 us, total = 244.600 us, Queueing time: mean = 10.078 us, max = 12.400 us, min = 8.600 us, total = 90.700 us
	CoreWorkerService.grpc_server.PushTask - 9 total (0 active), Execution time: mean = 9.115 ms, total = 82.037 ms, Queueing time: mean = 0.000 s, max = -0.000 s, min = 9223372036.855 s, total = 0.000 s
	PeriodicalRunner.RunFnPeriodically - 7 total (0 active), Execution time: mean = 377.514 us, total = 2.643 ms, Queueing time: mean = 578.571 us, max = 1.958 ms, min = 8.400 us, total = 4.050 ms
	CoreWorker.TryDelPendingObjectRefStreams - 6 total (1 active), Execution time: mean = 4.217 us, total = 25.300 us, Queueing time: mean = 3.080 ms, max = 6.089 ms, min = 249.400 us, total = 18.481 ms
	Publisher.CheckDeadSubscribers - 1 total (1 active), Execution time: mean = 0.000 s, total = 0.000 s, Queueing time: mean = 0.000 s, max = -0.000 s, min = 9223372036.855 s, total = 0.000 s
	ray::rpc::InternalPubSubGcsService.grpc_client.GcsSubscriberCommandBatch - 1 total (0 active), Execution time: mean = 513.700 us, total = 513.700 us, Queueing time: mean = 0.000 s, max = -0.000 s, min = 9223372036.855 s, total = 0.000 s
	ray::rpc::NodeInfoGcsService.grpc_client.GetAllNodeInfo.OnReplyReceived - 1 total (0 active), Execution time: mean = 177.600 us, total = 177.600 us, Queueing time: mean = 13.600 us, max = 13.600 us, min = 13.600 us, total = 13.600 us
	ray::rpc::NodeInfoGcsService.grpc_client.GetAllNodeInfo - 1 total (0 active), Execution time: mean = 559.600 us, total = 559.600 us, Queueing time: mean = 0.000 s, max = -0.000 s, min = 9223372036.855 s, total = 0.000 s
	ray::rpc::InternalPubSubGcsService.grpc_client.GcsSubscriberCommandBatch.OnReplyReceived - 1 total (0 active), Execution time: mean = 330.600 us, total = 330.600 us, Queueing time: mean = 27.800 us, max = 27.800 us, min = 27.800 us, total = 27.800 us
	ray::rpc::WorkerInfoGcsService.grpc_client.AddWorkerInfo - 1 total (0 active), Execution time: mean = 637.000 us, total = 637.000 us, Queueing time: mean = 0.000 s, max = -0.000 s, min = 9223372036.855 s, total = 0.000 s
	ray::rpc::InternalPubSubGcsService.grpc_client.GcsSubscriberPoll - 1 total (1 active), Execution time: mean = 0.000 s, total = 0.000 s, Queueing time: mean = 0.000 s, max = -0.000 s, min = 9223372036.855 s, total = 0.000 s
	CoreWorker.PrintEventStats - 1 total (1 active, 1 running), Execution time: mean = 0.000 s, total = 0.000 s, Queueing time: mean = 0.000 s, max = -0.000 s, min = 9223372036.855 s, total = 0.000 s
	ray::rpc::WorkerInfoGcsService.grpc_client.AddWorkerInfo.OnReplyReceived - 1 total (0 active), Execution time: mean = 26.600 us, total = 26.600 us, Queueing time: mean = 26.100 us, max = 26.100 us, min = 26.100 us, total = 26.100 us

-----------------
Task execution event stats:

Global stats: 3890 total (1 active)
Queueing time: mean = 5.442 ms, max = 75.239 ms, min = 2.900 us, total = 21.169 s
Execution time:  mean = 31.984 us, total = 124.416 ms
Event stats:
	CoreWorker.CheckSignal - 3880 total (1 active), Execution time: mean = 12.953 us, total = 50.257 ms, Queueing time: mean = 5.456 ms, max = 75.239 ms, min = 939.700 us, total = 21.169 s
	CoreWorker.HandlePushTaskActor - 8 total (0 active), Execution time: mean = 42.712 us, total = 341.700 us, Queueing time: mean = 9.238 us, max = 13.900 us, min = 6.200 us, total = 73.900 us
	CoreWorker.HandlePushTask - 1 total (0 active), Execution time: mean = 73.803 ms, total = 73.803 ms, Queueing time: mean = 11.000 us, max = 11.000 us, min = 11.000 us, total = 11.000 us
	PeriodicalRunner.RunFnPeriodically - 1 total (0 active), Execution time: mean = 14.900 us, total = 14.900 us, Queueing time: mean = 2.900 us, max = 2.900 us, min = 2.900 us, total = 2.900 us

-----------------
Task Event stats:

IO Service Stats:

Global stats: 181 total (1 active)
Queueing time: mean = 2.409 ms, max = 15.892 ms, min = -0.000 s, total = 436.028 ms
Execution time:  mean = 443.817 us, total = 80.331 ms
Event stats:
	CoreWorker.deadline_timer.flush_task_events - 60 total (1 active), Execution time: mean = 259.302 us, total = 15.558 ms, Queueing time: mean = 7.230 ms, max = 15.892 ms, min = -0.000 s, total = 433.811 ms
	ray::rpc::TaskInfoGcsService.grpc_client.AddTaskEventData - 60 total (0 active), Execution time: mean = 1.059 ms, total = 63.563 ms, Queueing time: mean = 0.000 s, max = -0.000 s, min = 9223372036.855 s, total = 0.000 s
	ray::rpc::TaskInfoGcsService.grpc_client.AddTaskEventData.OnReplyReceived - 60 total (0 active), Execution time: mean = 18.345 us, total = 1.101 ms, Queueing time: mean = 36.818 us, max = 251.600 us, min = 5.000 us, total = 2.209 ms
	PeriodicalRunner.RunFnPeriodically - 1 total (0 active), Execution time: mean = 108.900 us, total = 108.900 us, Queueing time: mean = 8.100 us, max = 8.100 us, min = 8.100 us, total = 8.100 us
Other Stats:
	grpc_in_progress:0
	current number of task status events in buffer: 0
	current number of profile events in buffer: 0
	current number of dropped task attempts tracked: 0
	total task events sent: 0.00341415 MiB
	total number of task attempts sent: 9
	total number of task attempts dropped reported: 0
	total number of sent failure: 0
	num status task events dropped: 0
	num profile task events dropped: 0


[2025-08-28 14:53:06,994 I 53260 119460] core_worker.cc:4583: Force kill actor request has received. exiting immediately... The actor is dead because its owner has died. Owner Id: 01000000ffffffffffffffffffffffffffffffffffffffffffffffff Owner Ip address: 127.0.0.1 Owner worker exit type: INTENDED_USER_EXIT Worker exit detail: Owner's worker process has crashed.
[2025-08-28 14:53:06,994 W 53260 119460] core_worker.cc:1263: Force exit the process.  Details: Worker exits because the actor is killed. The actor is dead because its owner has died. Owner Id: 01000000ffffffffffffffffffffffffffffffffffffffffffffffff Owner Ip address: 127.0.0.1 Owner worker exit type: INTENDED_USER_EXIT Worker exit detail: Owner's worker process has crashed.
[2025-08-28 14:53:07,017 I 53260 119460] core_worker.cc:1097: Sending disconnect message to the local raylet.
[2025-08-28 14:53:07,018 I 53260 119460] raylet_client.cc:73: RayletClient::Disconnect, exit_type=INTENDED_SYSTEM_EXIT, exit_detail=Worker exits because the actor is killed. The actor is dead because its owner has died. Owner Id: 01000000ffffffffffffffffffffffffffffffffffffffffffffffff Owner Ip address: 127.0.0.1 Owner worker exit type: INTENDED_USER_EXIT Worker exit detail: Owner's worker process has crashed., has creation_task_exception_pb_bytes=0
[2025-08-28 14:53:07,018 I 53260 119460] core_worker.cc:1103: Disconnected from the local raylet.
