[2025-08-28 14:59:52,869 I 21188 69068] core_worker_process.cc:192: Constructing CoreWorkerProcess. pid: 21188
[2025-08-28 14:59:52,873 I 21188 69068] io_service_pool.cc:37: IOServicePool is running with 1 io_service.
[2025-08-28 14:59:52,876 I 21188 69068] grpc_server.cc:140: worker server started, listening on port 62773.
[2025-08-28 14:59:52,878 I 21188 69068] core_worker.cc:544: Initializing worker at address: 127.0.0.1:62773 worker_id=49281a41ce5df6754e798f9b2041a6e362504318e1f06a6ac6a067d8 node_id=5c0b3c063f200ec0e70e6c90ac54f017eaaa202329387a371b0d9053
[2025-08-28 14:59:52,879 I 21188 69068] task_event_buffer.cc:287: Reporting task events to GCS every 1000ms.
[2025-08-28 14:59:52,881 I 21188 115568] accessor.cc:784: Received notification for node, IsAlive = 1 node_id=5c0b3c063f200ec0e70e6c90ac54f017eaaa202329387a371b0d9053
[2025-08-28 14:59:52,881 I 21188 115568] core_worker.cc:5148: Number of alive nodes:1
[2025-08-28 14:59:52,883 I 21188 115568] core_worker.cc:915: Event stats:


Global stats: 12 total (4 active)
Queueing time: mean = 55.008 us, max = 587.500 us, min = 9.600 us, total = 660.100 us
Execution time:  mean = 234.742 us, total = 2.817 ms
Event stats:
	PeriodicalRunner.RunFnPeriodically - 3 total (1 active, 1 running), Execution time: mean = 16.767 us, total = 50.300 us, Queueing time: mean = 209.200 us, max = 587.500 us, min = 40.100 us, total = 627.600 us
	Publisher.CheckDeadSubscribers - 1 total (1 active), Execution time: mean = 0.000 s, total = 0.000 s, Queueing time: mean = 0.000 s, max = -0.000 s, min = 9223372036.855 s, total = 0.000 s
	ray::rpc::WorkerInfoGcsService.grpc_client.AddWorkerInfo.OnReplyReceived - 1 total (0 active), Execution time: mean = 26.100 us, total = 26.100 us, Queueing time: mean = 12.700 us, max = 12.700 us, min = 12.700 us, total = 12.700 us
	ray::rpc::NodeInfoGcsService.grpc_client.GetAllNodeInfo - 1 total (0 active), Execution time: mean = 442.700 us, total = 442.700 us, Queueing time: mean = 0.000 s, max = -0.000 s, min = 9223372036.855 s, total = 0.000 s
	ray::rpc::InternalPubSubGcsService.grpc_client.GcsSubscriberCommandBatch.OnReplyReceived - 1 total (0 active), Execution time: mean = 191.700 us, total = 191.700 us, Queueing time: mean = 10.200 us, max = 10.200 us, min = 10.200 us, total = 10.200 us
	ray::rpc::WorkerInfoGcsService.grpc_client.AddWorkerInfo - 1 total (0 active), Execution time: mean = 791.700 us, total = 791.700 us, Queueing time: mean = 0.000 s, max = -0.000 s, min = 9223372036.855 s, total = 0.000 s
	ray::rpc::InternalPubSubGcsService.grpc_client.GcsSubscriberCommandBatch - 1 total (0 active), Execution time: mean = 1.223 ms, total = 1.223 ms, Queueing time: mean = 0.000 s, max = -0.000 s, min = 9223372036.855 s, total = 0.000 s
	CoreWorker.ExitIfParentRayletDies - 1 total (1 active), Execution time: mean = 0.000 s, total = 0.000 s, Queueing time: mean = 0.000 s, max = -0.000 s, min = 9223372036.855 s, total = 0.000 s
	ray::rpc::NodeInfoGcsService.grpc_client.GetAllNodeInfo.OnReplyReceived - 1 total (0 active), Execution time: mean = 91.000 us, total = 91.000 us, Queueing time: mean = 9.600 us, max = 9.600 us, min = 9.600 us, total = 9.600 us
	ray::rpc::InternalPubSubGcsService.grpc_client.GcsSubscriberPoll - 1 total (1 active), Execution time: mean = 0.000 s, total = 0.000 s, Queueing time: mean = 0.000 s, max = -0.000 s, min = 9223372036.855 s, total = 0.000 s

-----------------
Task execution event stats:

Global stats: 0 total (0 active)
Queueing time: mean = -nan(ind) s, max = -0.000 s, min = 9223372036.855 s, total = 0.000 s
Execution time:  mean = -nan(ind) s, total = 0.000 s
Event stats:

-----------------
Task Event stats:

IO Service Stats:

Global stats: 4 total (1 active)
Queueing time: mean = 52.975 us, max = 204.200 us, min = 7.700 us, total = 211.900 us
Execution time:  mean = 350.050 us, total = 1.400 ms
Event stats:
	ray::rpc::TaskInfoGcsService.grpc_client.AddTaskEventData.OnReplyReceived - 1 total (0 active), Execution time: mean = 20.500 us, total = 20.500 us, Queueing time: mean = 204.200 us, max = 204.200 us, min = 204.200 us, total = 204.200 us
	CoreWorker.deadline_timer.flush_task_events - 1 total (1 active), Execution time: mean = 0.000 s, total = 0.000 s, Queueing time: mean = 0.000 s, max = -0.000 s, min = 9223372036.855 s, total = 0.000 s
	PeriodicalRunner.RunFnPeriodically - 1 total (0 active), Execution time: mean = 354.200 us, total = 354.200 us, Queueing time: mean = 7.700 us, max = 7.700 us, min = 7.700 us, total = 7.700 us
	ray::rpc::TaskInfoGcsService.grpc_client.AddTaskEventData - 1 total (0 active), Execution time: mean = 1.026 ms, total = 1.026 ms, Queueing time: mean = 0.000 s, max = -0.000 s, min = 9223372036.855 s, total = 0.000 s
Other Stats:
	grpc_in_progress:0
	current number of task status events in buffer: 0
	current number of profile events in buffer: 0
	current number of dropped task attempts tracked: 0
	total task events sent: 0 MiB
	total number of task attempts sent: 0
	total number of task attempts dropped reported: 0
	total number of sent failure: 0
	num status task events dropped: 0
	num profile task events dropped: 0


[2025-08-28 14:59:52,887 I 21188 69068] event.cc:500: Ray Event initialized for CORE_WORKER
[2025-08-28 14:59:52,888 I 21188 69068] event.cc:500: Ray Event initialized for EXPORT_TASK
[2025-08-28 14:59:52,888 I 21188 69068] event.cc:331: Set ray event level to warning
[2025-08-28 14:59:53,674 I 21188 115568] accessor.cc:784: Received notification for node, IsAlive = 0 node_id=5c0b3c063f200ec0e70e6c90ac54f017eaaa202329387a371b0d9053
[2025-08-28 14:59:53,674 I 21188 115568] core_worker.cc:627: Node failure. All objects pinned on that node will be lost if object reconstruction is not enabled. node_id=5c0b3c063f200ec0e70e6c90ac54f017eaaa202329387a371b0d9053
[2025-08-28 14:59:53,685 I 21188 69068] core_worker.cc:1172: Exit signal received, this process will exit after all outstanding tasks have finished, exit_type=SYSTEM_ERROR, detail=Worker exits unexpectedly by a signal. SystemExit is raised (sys.exit is called). Exit code: 1. The process receives a SIGTERM.
[2025-08-28 14:59:53,685 I 21188 69068] core_worker.cc:1208: Wait for currently executing tasks in the underlying thread pools to finish.
[2025-08-28 14:59:53,686 I 21188 69068] core_worker.cc:1242: Releasing local references, then draining reference counter.
[2025-08-28 14:59:53,688 I 21188 69068] core_worker.cc:1097: Sending disconnect message to the local raylet.
[2025-08-28 14:59:53,688 I 21188 69068] raylet_client.cc:73: RayletClient::Disconnect, exit_type=SYSTEM_ERROR, exit_detail=Worker exits unexpectedly by a signal. SystemExit is raised (sys.exit is called). Exit code: 1. The process receives a SIGTERM., has creation_task_exception_pb_bytes=0
[2025-08-28 14:59:53,797 W 21188 69068] raylet_connection.cc:61: The connection is failed because the local raylet has been dead. Terminate the process. Status: IOError: Unknown error
