[2025-08-28 14:59:52,949 I 32672 107296] core_worker_process.cc:192: Constructing CoreWorkerProcess. pid: 32672
[2025-08-28 14:59:52,953 I 32672 107296] io_service_pool.cc:37: IOServicePool is running with 1 io_service.
[2025-08-28 14:59:52,955 I 32672 107296] grpc_server.cc:140: worker server started, listening on port 62795.
[2025-08-28 14:59:52,957 I 32672 107296] core_worker.cc:544: Initializing worker at address: 127.0.0.1:62795 worker_id=e382e35f7d983d0bc8c7d107abcd8a945a200ee94500ca732d5c0d30 node_id=5c0b3c063f200ec0e70e6c90ac54f017eaaa202329387a371b0d9053
[2025-08-28 14:59:52,958 I 32672 107296] task_event_buffer.cc:287: Reporting task events to GCS every 1000ms.
[2025-08-28 14:59:52,960 I 32672 128552] accessor.cc:784: Received notification for node, IsAlive = 1 node_id=5c0b3c063f200ec0e70e6c90ac54f017eaaa202329387a371b0d9053
[2025-08-28 14:59:52,960 I 32672 128552] core_worker.cc:5148: Number of alive nodes:1
[2025-08-28 14:59:52,961 I 32672 128552] core_worker.cc:915: Event stats:


Global stats: 12 total (4 active)
Queueing time: mean = 14.358 us, max = 132.900 us, min = 8.300 us, total = 172.300 us
Execution time:  mean = 153.525 us, total = 1.842 ms
Event stats:
	PeriodicalRunner.RunFnPeriodically - 3 total (1 active, 1 running), Execution time: mean = 10.133 us, total = 30.400 us, Queueing time: mean = 47.633 us, max = 132.900 us, min = 10.000 us, total = 142.900 us
	ray::rpc::WorkerInfoGcsService.grpc_client.AddWorkerInfo.OnReplyReceived - 1 total (0 active), Execution time: mean = 23.900 us, total = 23.900 us, Queueing time: mean = 12.700 us, max = 12.700 us, min = 12.700 us, total = 12.700 us
	ray::rpc::InternalPubSubGcsService.grpc_client.GcsSubscriberPoll - 1 total (1 active), Execution time: mean = 0.000 s, total = 0.000 s, Queueing time: mean = 0.000 s, max = -0.000 s, min = 9223372036.855 s, total = 0.000 s
	Publisher.CheckDeadSubscribers - 1 total (1 active), Execution time: mean = 0.000 s, total = 0.000 s, Queueing time: mean = 0.000 s, max = -0.000 s, min = 9223372036.855 s, total = 0.000 s
	ray::rpc::NodeInfoGcsService.grpc_client.GetAllNodeInfo - 1 total (0 active), Execution time: mean = 319.300 us, total = 319.300 us, Queueing time: mean = 0.000 s, max = -0.000 s, min = 9223372036.855 s, total = 0.000 s
	ray::rpc::NodeInfoGcsService.grpc_client.GetAllNodeInfo.OnReplyReceived - 1 total (0 active), Execution time: mean = 70.100 us, total = 70.100 us, Queueing time: mean = 8.400 us, max = 8.400 us, min = 8.400 us, total = 8.400 us
	ray::rpc::InternalPubSubGcsService.grpc_client.GcsSubscriberCommandBatch - 1 total (0 active), Execution time: mean = 681.300 us, total = 681.300 us, Queueing time: mean = 0.000 s, max = -0.000 s, min = 9223372036.855 s, total = 0.000 s
	ray::rpc::WorkerInfoGcsService.grpc_client.AddWorkerInfo - 1 total (0 active), Execution time: mean = 578.200 us, total = 578.200 us, Queueing time: mean = 0.000 s, max = -0.000 s, min = 9223372036.855 s, total = 0.000 s
	ray::rpc::InternalPubSubGcsService.grpc_client.GcsSubscriberCommandBatch.OnReplyReceived - 1 total (0 active), Execution time: mean = 139.100 us, total = 139.100 us, Queueing time: mean = 8.300 us, max = 8.300 us, min = 8.300 us, total = 8.300 us
	CoreWorker.ExitIfParentRayletDies - 1 total (1 active), Execution time: mean = 0.000 s, total = 0.000 s, Queueing time: mean = 0.000 s, max = -0.000 s, min = 9223372036.855 s, total = 0.000 s

-----------------
Task execution event stats:

Global stats: 0 total (0 active)
Queueing time: mean = -nan(ind) s, max = -0.000 s, min = 9223372036.855 s, total = 0.000 s
Execution time:  mean = -nan(ind) s, total = 0.000 s
Event stats:

-----------------
Task Event stats:

IO Service Stats:

Global stats: 4 total (1 active)
Queueing time: mean = 4.275 us, max = 9.700 us, min = 7.400 us, total = 17.100 us
Execution time:  mean = 195.650 us, total = 782.600 us
Event stats:
	CoreWorker.deadline_timer.flush_task_events - 1 total (1 active), Execution time: mean = 0.000 s, total = 0.000 s, Queueing time: mean = 0.000 s, max = -0.000 s, min = 9223372036.855 s, total = 0.000 s
	ray::rpc::TaskInfoGcsService.grpc_client.AddTaskEventData - 1 total (0 active), Execution time: mean = 456.400 us, total = 456.400 us, Queueing time: mean = 0.000 s, max = -0.000 s, min = 9223372036.855 s, total = 0.000 s
	PeriodicalRunner.RunFnPeriodically - 1 total (0 active), Execution time: mean = 307.700 us, total = 307.700 us, Queueing time: mean = 9.700 us, max = 9.700 us, min = 9.700 us, total = 9.700 us
	ray::rpc::TaskInfoGcsService.grpc_client.AddTaskEventData.OnReplyReceived - 1 total (0 active), Execution time: mean = 18.500 us, total = 18.500 us, Queueing time: mean = 7.400 us, max = 7.400 us, min = 7.400 us, total = 7.400 us
Other Stats:
	grpc_in_progress:0
	current number of task status events in buffer: 0
	current number of profile events in buffer: 0
	current number of dropped task attempts tracked: 0
	total task events sent: 0 MiB
	total number of task attempts sent: 0
	total number of task attempts dropped reported: 0
	total number of sent failure: 0
	num status task events dropped: 0
	num profile task events dropped: 0


[2025-08-28 14:59:52,964 I 32672 107296] event.cc:500: Ray Event initialized for CORE_WORKER
[2025-08-28 14:59:52,965 I 32672 107296] event.cc:500: Ray Event initialized for EXPORT_TASK
[2025-08-28 14:59:52,965 I 32672 107296] event.cc:331: Set ray event level to warning
[2025-08-28 14:59:53,673 I 32672 128552] accessor.cc:784: Received notification for node, IsAlive = 0 node_id=5c0b3c063f200ec0e70e6c90ac54f017eaaa202329387a371b0d9053
[2025-08-28 14:59:53,673 I 32672 128552] core_worker.cc:627: Node failure. All objects pinned on that node will be lost if object reconstruction is not enabled. node_id=5c0b3c063f200ec0e70e6c90ac54f017eaaa202329387a371b0d9053
[2025-08-28 14:59:53,686 I 32672 107296] core_worker.cc:1172: Exit signal received, this process will exit after all outstanding tasks have finished, exit_type=SYSTEM_ERROR, detail=Worker exits unexpectedly by a signal. SystemExit is raised (sys.exit is called). Exit code: 1. The process receives a SIGTERM.
[2025-08-28 14:59:53,686 I 32672 107296] core_worker.cc:1208: Wait for currently executing tasks in the underlying thread pools to finish.
[2025-08-28 14:59:53,686 I 32672 107296] core_worker.cc:1242: Releasing local references, then draining reference counter.
[2025-08-28 14:59:53,688 I 32672 107296] core_worker.cc:1097: Sending disconnect message to the local raylet.
[2025-08-28 14:59:53,688 I 32672 107296] raylet_client.cc:73: RayletClient::Disconnect, exit_type=SYSTEM_ERROR, exit_detail=Worker exits unexpectedly by a signal. SystemExit is raised (sys.exit is called). Exit code: 1. The process receives a SIGTERM., has creation_task_exception_pb_bytes=0
[2025-08-28 14:59:53,797 W 32672 107296] raylet_connection.cc:61: The connection is failed because the local raylet has been dead. Terminate the process. Status: IOError: Unknown error
