[2025-08-28 14:59:52,884 I 26256 81548] core_worker_process.cc:192: Constructing CoreWorkerProcess. pid: 26256
[2025-08-28 14:59:52,888 I 26256 81548] io_service_pool.cc:37: IOServicePool is running with 1 io_service.
[2025-08-28 14:59:52,891 I 26256 81548] grpc_server.cc:140: worker server started, listening on port 62779.
[2025-08-28 14:59:52,892 I 26256 81548] core_worker.cc:544: Initializing worker at address: 127.0.0.1:62779 worker_id=1337c2029eb05766e2ee19367856a3b2aca3ecdaf250821cf5ea9b88 node_id=5c0b3c063f200ec0e70e6c90ac54f017eaaa202329387a371b0d9053
[2025-08-28 14:59:52,894 I 26256 81548] task_event_buffer.cc:287: Reporting task events to GCS every 1000ms.
[2025-08-28 14:59:52,895 I 26256 41252] accessor.cc:784: Received notification for node, IsAlive = 1 node_id=5c0b3c063f200ec0e70e6c90ac54f017eaaa202329387a371b0d9053
[2025-08-28 14:59:52,895 I 26256 41252] core_worker.cc:5148: Number of alive nodes:1
[2025-08-28 14:59:52,897 I 26256 41252] core_worker.cc:915: Event stats:


Global stats: 12 total (4 active)
Queueing time: mean = 19.750 us, max = 189.500 us, min = 8.400 us, total = 237.000 us
Execution time:  mean = 177.433 us, total = 2.129 ms
Event stats:
	PeriodicalRunner.RunFnPeriodically - 3 total (1 active, 1 running), Execution time: mean = 9.767 us, total = 29.300 us, Queueing time: mean = 65.967 us, max = 189.500 us, min = 8.400 us, total = 197.900 us
	Publisher.CheckDeadSubscribers - 1 total (1 active), Execution time: mean = 0.000 s, total = 0.000 s, Queueing time: mean = 0.000 s, max = -0.000 s, min = 9223372036.855 s, total = 0.000 s
	ray::rpc::NodeInfoGcsService.grpc_client.GetAllNodeInfo - 1 total (0 active), Execution time: mean = 415.800 us, total = 415.800 us, Queueing time: mean = 0.000 s, max = -0.000 s, min = 9223372036.855 s, total = 0.000 s
	ray::rpc::InternalPubSubGcsService.grpc_client.GcsSubscriberPoll - 1 total (1 active), Execution time: mean = 0.000 s, total = 0.000 s, Queueing time: mean = 0.000 s, max = -0.000 s, min = 9223372036.855 s, total = 0.000 s
	ray::rpc::NodeInfoGcsService.grpc_client.GetAllNodeInfo.OnReplyReceived - 1 total (0 active), Execution time: mean = 125.100 us, total = 125.100 us, Queueing time: mean = 9.600 us, max = 9.600 us, min = 9.600 us, total = 9.600 us
	CoreWorker.ExitIfParentRayletDies - 1 total (1 active), Execution time: mean = 0.000 s, total = 0.000 s, Queueing time: mean = 0.000 s, max = -0.000 s, min = 9223372036.855 s, total = 0.000 s
	ray::rpc::WorkerInfoGcsService.grpc_client.AddWorkerInfo - 1 total (0 active), Execution time: mean = 767.200 us, total = 767.200 us, Queueing time: mean = 0.000 s, max = -0.000 s, min = 9223372036.855 s, total = 0.000 s
	ray::rpc::InternalPubSubGcsService.grpc_client.GcsSubscriberCommandBatch - 1 total (0 active), Execution time: mean = 536.100 us, total = 536.100 us, Queueing time: mean = 0.000 s, max = -0.000 s, min = 9223372036.855 s, total = 0.000 s
	ray::rpc::WorkerInfoGcsService.grpc_client.AddWorkerInfo.OnReplyReceived - 1 total (0 active), Execution time: mean = 28.400 us, total = 28.400 us, Queueing time: mean = 15.800 us, max = 15.800 us, min = 15.800 us, total = 15.800 us
	ray::rpc::InternalPubSubGcsService.grpc_client.GcsSubscriberCommandBatch.OnReplyReceived - 1 total (0 active), Execution time: mean = 227.300 us, total = 227.300 us, Queueing time: mean = 13.700 us, max = 13.700 us, min = 13.700 us, total = 13.700 us

-----------------
Task execution event stats:

Global stats: 0 total (0 active)
Queueing time: mean = -nan(ind) s, max = -0.000 s, min = 9223372036.855 s, total = 0.000 s
Execution time:  mean = -nan(ind) s, total = 0.000 s
Event stats:

-----------------
Task Event stats:

IO Service Stats:

Global stats: 4 total (1 active)
Queueing time: mean = 5.850 us, max = 14.900 us, min = 8.500 us, total = 23.400 us
Execution time:  mean = 250.200 us, total = 1.001 ms
Event stats:
	CoreWorker.deadline_timer.flush_task_events - 1 total (1 active), Execution time: mean = 0.000 s, total = 0.000 s, Queueing time: mean = 0.000 s, max = -0.000 s, min = 9223372036.855 s, total = 0.000 s
	PeriodicalRunner.RunFnPeriodically - 1 total (0 active), Execution time: mean = 140.900 us, total = 140.900 us, Queueing time: mean = 8.500 us, max = 8.500 us, min = 8.500 us, total = 8.500 us
	ray::rpc::TaskInfoGcsService.grpc_client.AddTaskEventData - 1 total (0 active), Execution time: mean = 841.100 us, total = 841.100 us, Queueing time: mean = 0.000 s, max = -0.000 s, min = 9223372036.855 s, total = 0.000 s
	ray::rpc::TaskInfoGcsService.grpc_client.AddTaskEventData.OnReplyReceived - 1 total (0 active), Execution time: mean = 18.800 us, total = 18.800 us, Queueing time: mean = 14.900 us, max = 14.900 us, min = 14.900 us, total = 14.900 us
Other Stats:
	grpc_in_progress:0
	current number of task status events in buffer: 0
	current number of profile events in buffer: 0
	current number of dropped task attempts tracked: 0
	total task events sent: 0 MiB
	total number of task attempts sent: 0
	total number of task attempts dropped reported: 0
	total number of sent failure: 0
	num status task events dropped: 0
	num profile task events dropped: 0


[2025-08-28 14:59:52,901 I 26256 81548] event.cc:500: Ray Event initialized for CORE_WORKER
[2025-08-28 14:59:52,902 I 26256 81548] event.cc:500: Ray Event initialized for EXPORT_TASK
[2025-08-28 14:59:52,902 I 26256 81548] event.cc:331: Set ray event level to warning
[2025-08-28 14:59:53,673 I 26256 41252] accessor.cc:784: Received notification for node, IsAlive = 0 node_id=5c0b3c063f200ec0e70e6c90ac54f017eaaa202329387a371b0d9053
[2025-08-28 14:59:53,673 I 26256 41252] core_worker.cc:627: Node failure. All objects pinned on that node will be lost if object reconstruction is not enabled. node_id=5c0b3c063f200ec0e70e6c90ac54f017eaaa202329387a371b0d9053
[2025-08-28 14:59:53,685 I 26256 81548] core_worker.cc:1172: Exit signal received, this process will exit after all outstanding tasks have finished, exit_type=SYSTEM_ERROR, detail=Worker exits unexpectedly by a signal. SystemExit is raised (sys.exit is called). Exit code: 1. The process receives a SIGTERM.
[2025-08-28 14:59:53,685 I 26256 81548] core_worker.cc:1208: Wait for currently executing tasks in the underlying thread pools to finish.
[2025-08-28 14:59:53,686 I 26256 81548] core_worker.cc:1242: Releasing local references, then draining reference counter.
[2025-08-28 14:59:53,688 I 26256 81548] core_worker.cc:1097: Sending disconnect message to the local raylet.
[2025-08-28 14:59:53,688 I 26256 81548] raylet_client.cc:73: RayletClient::Disconnect, exit_type=SYSTEM_ERROR, exit_detail=Worker exits unexpectedly by a signal. SystemExit is raised (sys.exit is called). Exit code: 1. The process receives a SIGTERM., has creation_task_exception_pb_bytes=0
[2025-08-28 14:59:53,797 W 26256 81548] raylet_connection.cc:61: The connection is failed because the local raylet has been dead. Terminate the process. Status: IOError: Unknown error
