[2025-08-28 14:59:52,861 I 103720 103780] core_worker_process.cc:192: Constructing CoreWorkerProcess. pid: 103720
[2025-08-28 14:59:52,866 I 103720 103780] io_service_pool.cc:37: IOServicePool is running with 1 io_service.
[2025-08-28 14:59:52,869 I 103720 103780] grpc_server.cc:140: worker server started, listening on port 62769.
[2025-08-28 14:59:52,871 I 103720 103780] core_worker.cc:544: Initializing worker at address: 127.0.0.1:62769 worker_id=910af1523c584730ae83b74890733a2939b208bba18ec9275663aff1 node_id=5c0b3c063f200ec0e70e6c90ac54f017eaaa202329387a371b0d9053
[2025-08-28 14:59:52,872 I 103720 103780] task_event_buffer.cc:287: Reporting task events to GCS every 1000ms.
[2025-08-28 14:59:52,874 I 103720 98340] accessor.cc:784: Received notification for node, IsAlive = 1 node_id=5c0b3c063f200ec0e70e6c90ac54f017eaaa202329387a371b0d9053
[2025-08-28 14:59:52,874 I 103720 98340] core_worker.cc:5148: Number of alive nodes:1
[2025-08-28 14:59:52,876 I 103720 98340] core_worker.cc:915: Event stats:


Global stats: 12 total (4 active)
Queueing time: mean = 23.592 us, max = 131.900 us, min = 8.000 us, total = 283.100 us
Execution time:  mean = 234.558 us, total = 2.815 ms
Event stats:
	PeriodicalRunner.RunFnPeriodically - 3 total (1 active, 1 running), Execution time: mean = 9.600 us, total = 28.800 us, Queueing time: mean = 49.833 us, max = 131.900 us, min = 17.600 us, total = 149.500 us
	CoreWorker.ExitIfParentRayletDies - 1 total (1 active), Execution time: mean = 0.000 s, total = 0.000 s, Queueing time: mean = 0.000 s, max = -0.000 s, min = 9223372036.855 s, total = 0.000 s
	ray::rpc::InternalPubSubGcsService.grpc_client.GcsSubscriberCommandBatch.OnReplyReceived - 1 total (0 active), Execution time: mean = 97.000 us, total = 97.000 us, Queueing time: mean = 8.000 us, max = 8.000 us, min = 8.000 us, total = 8.000 us
	ray::rpc::WorkerInfoGcsService.grpc_client.AddWorkerInfo - 1 total (0 active), Execution time: mean = 1.105 ms, total = 1.105 ms, Queueing time: mean = 0.000 s, max = -0.000 s, min = 9223372036.855 s, total = 0.000 s
	ray::rpc::WorkerInfoGcsService.grpc_client.AddWorkerInfo.OnReplyReceived - 1 total (0 active), Execution time: mean = 33.700 us, total = 33.700 us, Queueing time: mean = 8.300 us, max = 8.300 us, min = 8.300 us, total = 8.300 us
	ray::rpc::InternalPubSubGcsService.grpc_client.GcsSubscriberCommandBatch - 1 total (0 active), Execution time: mean = 597.800 us, total = 597.800 us, Queueing time: mean = 0.000 s, max = -0.000 s, min = 9223372036.855 s, total = 0.000 s
	ray::rpc::NodeInfoGcsService.grpc_client.GetAllNodeInfo - 1 total (0 active), Execution time: mean = 581.900 us, total = 581.900 us, Queueing time: mean = 0.000 s, max = -0.000 s, min = 9223372036.855 s, total = 0.000 s
	ray::rpc::NodeInfoGcsService.grpc_client.GetAllNodeInfo.OnReplyReceived - 1 total (0 active), Execution time: mean = 370.800 us, total = 370.800 us, Queueing time: mean = 117.300 us, max = 117.300 us, min = 117.300 us, total = 117.300 us
	Publisher.CheckDeadSubscribers - 1 total (1 active), Execution time: mean = 0.000 s, total = 0.000 s, Queueing time: mean = 0.000 s, max = -0.000 s, min = 9223372036.855 s, total = 0.000 s
	ray::rpc::InternalPubSubGcsService.grpc_client.GcsSubscriberPoll - 1 total (1 active), Execution time: mean = 0.000 s, total = 0.000 s, Queueing time: mean = 0.000 s, max = -0.000 s, min = 9223372036.855 s, total = 0.000 s

-----------------
Task execution event stats:

Global stats: 0 total (0 active)
Queueing time: mean = -nan(ind) s, max = -0.000 s, min = 9223372036.855 s, total = 0.000 s
Execution time:  mean = -nan(ind) s, total = 0.000 s
Event stats:

-----------------
Task Event stats:

IO Service Stats:

Global stats: 4 total (1 active)
Queueing time: mean = 91.275 us, max = 184.800 us, min = 180.300 us, total = 365.100 us
Execution time:  mean = 340.875 us, total = 1.363 ms
Event stats:
	ray::rpc::TaskInfoGcsService.grpc_client.AddTaskEventData.OnReplyReceived - 1 total (0 active), Execution time: mean = 83.200 us, total = 83.200 us, Queueing time: mean = 184.800 us, max = 184.800 us, min = 184.800 us, total = 184.800 us
	PeriodicalRunner.RunFnPeriodically - 1 total (0 active), Execution time: mean = 469.200 us, total = 469.200 us, Queueing time: mean = 180.300 us, max = 180.300 us, min = 180.300 us, total = 180.300 us
	ray::rpc::TaskInfoGcsService.grpc_client.AddTaskEventData - 1 total (0 active), Execution time: mean = 811.100 us, total = 811.100 us, Queueing time: mean = 0.000 s, max = -0.000 s, min = 9223372036.855 s, total = 0.000 s
	CoreWorker.deadline_timer.flush_task_events - 1 total (1 active), Execution time: mean = 0.000 s, total = 0.000 s, Queueing time: mean = 0.000 s, max = -0.000 s, min = 9223372036.855 s, total = 0.000 s
Other Stats:
	grpc_in_progress:0
	current number of task status events in buffer: 0
	current number of profile events in buffer: 0
	current number of dropped task attempts tracked: 0
	total task events sent: 0 MiB
	total number of task attempts sent: 0
	total number of task attempts dropped reported: 0
	total number of sent failure: 0
	num status task events dropped: 0
	num profile task events dropped: 0


[2025-08-28 14:59:52,880 I 103720 103780] event.cc:500: Ray Event initialized for CORE_WORKER
[2025-08-28 14:59:52,880 I 103720 103780] event.cc:500: Ray Event initialized for EXPORT_TASK
[2025-08-28 14:59:52,881 I 103720 103780] event.cc:331: Set ray event level to warning
[2025-08-28 14:59:53,294 I 103720 103780] actor_task_submitter.cc:73: Set actor max pending calls to -1 actor_id=e775d1fe3fb09b839877430501000000
[2025-08-28 14:59:53,295 I 103720 103780] core_worker.cc:3405: Creating actor actor_id=e775d1fe3fb09b839877430501000000
[2025-08-28 14:59:53,368 I 103720 103780] task_receiver.cc:160: Actor creation task finished, task_id: ffffffffffffffffe775d1fe3fb09b839877430501000000, actor_id: e775d1fe3fb09b839877430501000000, actor_repr_name: 
[2025-08-28 14:59:53,371 I 103720 103780] out_of_order_actor_scheduling_queue.cc:48: Setting actor as asyncio with max_concurrency=1000, and defined concurrency groups are:

[2025-08-28 14:59:53,425 I 103720 98340] core_worker.cc:4583: Force kill actor request has received. exiting immediately... The actor is dead because its owner has died. Owner Id: 01000000ffffffffffffffffffffffffffffffffffffffffffffffff Owner Ip address: 127.0.0.1 Owner worker exit type: INTENDED_USER_EXIT Worker exit detail: Owner's worker process has crashed.
[2025-08-28 14:59:53,425 W 103720 98340] core_worker.cc:1263: Force exit the process.  Details: Worker exits because the actor is killed. The actor is dead because its owner has died. Owner Id: 01000000ffffffffffffffffffffffffffffffffffffffffffffffff Owner Ip address: 127.0.0.1 Owner worker exit type: INTENDED_USER_EXIT Worker exit detail: Owner's worker process has crashed.
[2025-08-28 14:59:53,427 I 103720 98340] core_worker.cc:1097: Sending disconnect message to the local raylet.
[2025-08-28 14:59:53,427 I 103720 98340] raylet_client.cc:73: RayletClient::Disconnect, exit_type=INTENDED_SYSTEM_EXIT, exit_detail=Worker exits because the actor is killed. The actor is dead because its owner has died. Owner Id: 01000000ffffffffffffffffffffffffffffffffffffffffffffffff Owner Ip address: 127.0.0.1 Owner worker exit type: INTENDED_USER_EXIT Worker exit detail: Owner's worker process has crashed., has creation_task_exception_pb_bytes=0
[2025-08-28 14:59:53,428 I 103720 98340] core_worker.cc:1103: Disconnected from the local raylet.
