[2025-08-28 14:59:49,357 I 113112 122344] (raylet.exe) main.cc:226: Setting cluster ID to: c6839e569845fe702bb48f36576b14a8e9e3bb3d9f5fc0600ff8b2a0
[2025-08-28 14:59:49,363 I 113112 122344] (raylet.exe) main.cc:840: Raylet is not set to kill unknown children.
[2025-08-28 14:59:49,363 I 113112 122344] (raylet.exe) io_service_pool.cc:37: IOServicePool is running with 1 io_service.
[2025-08-28 14:59:49,364 I 113112 122344] (raylet.exe) main.cc:840: Setting node ID node_id=5c0b3c063f200ec0e70e6c90ac54f017eaaa202329387a371b0d9053
[2025-08-28 14:59:49,364 I 113112 122344] (raylet.exe) store_runner.cc:50: Allowing the Plasma store to use up to 0.104858GB of memory.
[2025-08-28 14:59:49,364 I 113112 122344] (raylet.exe) store_runner.cc:66: Starting object store with directory C:\Users\LUOJI1~1\AppData\Local\Temp, fallback D:\MyUser\HKUSTGZ\DOIT\6G Program\CastRay\ray_temp\session_2025-08-28_14-59-46_392482_100648, and huge page support disabled
[2025-08-28 14:59:49,364 I 113112 112064] (raylet.exe) dlmalloc.cc:324: Setting dlmalloc config: plasma_directory=C:\Users\LUOJI1~1\AppData\Local\Temp, fallback_directory=D:\MyUser\HKUSTGZ\DOIT\6G Program\CastRay\ray_temp\session_2025-08-28_14-59-46_392482_100648, hugepage_enabled=0, fallback_enabled=1
[2025-08-28 14:59:49,365 I 113112 112064] (raylet.exe) store.cc:576: Plasma store debug dump: 
Current usage: 0 / 0.104858 GB
- num bytes created total: 0
0 pending objects of total size 0MB
- objects spillable: 0
- bytes spillable: 0
- objects unsealed: 0
- bytes unsealed: 0
- objects in use: 0
- bytes in use: 0
- objects evictable: 0
- bytes evictable: 0

- objects created by worker: 0
- bytes created by worker: 0
- objects restored: 0
- bytes restored: 0
- objects received: 0
- bytes received: 0
- objects errored: 0
- bytes errored: 0

[2025-08-28 14:59:49,374 I 113112 122344] (raylet.exe) grpc_server.cc:140: ObjectManager server started, listening on port 62667.
[2025-08-28 14:59:49,375 I 113112 122344] (raylet.exe) worker_killing_policy.cc:107: Running GroupByOwner policy.
[2025-08-28 14:59:49,375 W 113112 122344] (raylet.exe) memory_monitor.cc:68: Not running MemoryMonitor. It is currently supported only on Linux.
[2025-08-28 14:59:49,375 I 113112 122344] (raylet.exe) node_manager.cc:182: Initializing NodeManager node_id=5c0b3c063f200ec0e70e6c90ac54f017eaaa202329387a371b0d9053
[2025-08-28 14:59:49,377 I 113112 122344] (raylet.exe) grpc_server.cc:140: NodeManager server started, listening on port 62669.
[2025-08-28 14:59:49,383 I 113112 6812] (raylet.exe) agent_manager.cc:80: Monitor agent process with name dashboard_agent
[2025-08-28 14:59:49,386 I 113112 126344] (raylet.exe) agent_manager.cc:80: Monitor agent process with name runtime_env_agent
[2025-08-28 14:59:49,392 I 113112 122344] (raylet.exe) event.cc:500: Ray Event initialized for RAYLET
[2025-08-28 14:59:49,392 I 113112 122344] (raylet.exe) event.cc:331: Set ray event level to warning
[2025-08-28 14:59:49,394 I 113112 122344] (raylet.exe) raylet.cc:135: Raylet of id, 5c0b3c063f200ec0e70e6c90ac54f017eaaa202329387a371b0d9053 started. Raylet consists of node_manager and object_manager. node_manager address: 127.0.0.1:62669 object_manager address: 127.0.0.1:62667 hostname: LTL-4070S
[2025-08-28 14:59:49,397 I 113112 122344] (raylet.exe) node_manager.cc:343: [state-dump] NodeManager:
[state-dump] Node ID: 5c0b3c063f200ec0e70e6c90ac54f017eaaa202329387a371b0d9053
[state-dump] Node name: 127.0.0.1
[state-dump] InitialConfigResources: {GPU: 1, node:__internal_head__: 1, node:127.0.0.1: 1, memory: 1.05255e+10, object_store_memory: 1.04858e+08, CPU: 8, accelerator_type:G: 1}
[state-dump] ClusterTaskManager:
[state-dump] ========== Node: 5c0b3c063f200ec0e70e6c90ac54f017eaaa202329387a371b0d9053 =================
[state-dump] Infeasible queue length: 0
[state-dump] Schedule queue length: 0
[state-dump] Dispatch queue length: 0
[state-dump] num_waiting_for_resource: 0
[state-dump] num_waiting_for_plasma_memory: 0
[state-dump] num_waiting_for_remote_node_resources: 0
[state-dump] num_worker_not_started_by_job_config_not_exist: 0
[state-dump] num_worker_not_started_by_registration_timeout: 0
[state-dump] num_tasks_waiting_for_workers: 0
[state-dump] num_cancelled_tasks: 0
[state-dump] cluster_resource_scheduler state: 
[state-dump] Local id: 8318276960268123809 Local resources: {"total":{accelerator_type:G: [10000], node:__internal_head__: [10000], object_store_memory: [1048576000000], CPU: [80000], node:127.0.0.1: [10000], memory: [105254584320000], GPU: [10000]}}, "available": {accelerator_type:G: [10000], node:__internal_head__: [10000], object_store_memory: [1048576000000], CPU: [80000], node:127.0.0.1: [10000], memory: [105254584320000], GPU: [10000]}}, "labels":{"ray.io/node_id":"5c0b3c063f200ec0e70e6c90ac54f017eaaa202329387a371b0d9053",} is_draining: 0 is_idle: 1 Cluster resources (at most 20 nodes are shown): node id: 8318276960268123809{"total":{accelerator_type:G: 10000, node:__internal_head__: 10000, node:127.0.0.1: 10000, memory: 105254584320000, object_store_memory: 1048576000000, CPU: 80000, GPU: 10000}}, "available": {accelerator_type:G: 10000, node:__internal_head__: 10000, node:127.0.0.1: 10000, memory: 105254584320000, object_store_memory: 1048576000000, CPU: 80000, GPU: 10000}}, "labels":{"ray.io/node_id":"5c0b3c063f200ec0e70e6c90ac54f017eaaa202329387a371b0d9053",}, "is_draining": 0, "draining_deadline_timestamp_ms": -1} { "placement group locations": [], "node to bundles": []}
[state-dump] Waiting tasks size: 0
[state-dump] Number of executing tasks: 0
[state-dump] Number of pinned task arguments: 0
[state-dump] Number of total spilled tasks: 0
[state-dump] Number of spilled waiting tasks: 0
[state-dump] Number of spilled unschedulable tasks: 0
[state-dump] Resource usage {
[state-dump] }
[state-dump] Backlog Size per scheduling descriptor :{workerId: num backlogs}:
[state-dump] 
[state-dump] Running tasks by scheduling class:
[state-dump] ==================================================
[state-dump] 
[state-dump] ClusterResources:
[state-dump] LocalObjectManager:
[state-dump] - num pinned objects: 0
[state-dump] - pinned objects size: 0
[state-dump] - num objects pending restore: 0
[state-dump] - num objects pending spill: 0
[state-dump] - num bytes pending spill: 0
[state-dump] - num bytes currently spilled: 0
[state-dump] - cumulative spill requests: 0
[state-dump] - cumulative restore requests: 0
[state-dump] - spilled objects pending delete: 0
[state-dump] 
[state-dump] ObjectManager:
[state-dump] - num local objects: 0
[state-dump] - num unfulfilled push requests: 0
[state-dump] - num object pull requests: 0
[state-dump] - num chunks received total: 0
[state-dump] - num chunks received failed (all): 0
[state-dump] - num chunks received failed / cancelled: 0
[state-dump] - num chunks received failed / plasma error: 0
[state-dump] Event stats:
[state-dump] Global stats: 0 total (0 active)
[state-dump] Queueing time: mean = -nan(ind) s, max = -0.000 s, min = 9223372036.855 s, total = 0.000 s
[state-dump] Execution time:  mean = -nan(ind) s, total = 0.000 s
[state-dump] Event stats:
[state-dump] PushManager:
[state-dump] - num pushes remaining: 0
[state-dump] - num chunks in flight: 0
[state-dump] - num chunks remaining: 0
[state-dump] - max chunks allowed: 409
[state-dump] OwnershipBasedObjectDirectory:
[state-dump] - num listeners: 0
[state-dump] - cumulative location updates: 0
[state-dump] - num location updates per second: 0.000
[state-dump] - num location lookups per second: 0.000
[state-dump] - num locations added per second: 0.000
[state-dump] - num locations removed per second: 0.000
[state-dump] BufferPool:
[state-dump] - create buffer state map size: 0
[state-dump] PullManager:
[state-dump] - num bytes available for pulled objects: 104857600
[state-dump] - num bytes being pulled (all): 0
[state-dump] - num bytes being pulled / pinned: 0
[state-dump] - get request bundles: BundlePullRequestQueue{0 total, 0 active, 0 inactive, 0 unpullable}
[state-dump] - wait request bundles: BundlePullRequestQueue{0 total, 0 active, 0 inactive, 0 unpullable}
[state-dump] - task request bundles: BundlePullRequestQueue{0 total, 0 active, 0 inactive, 0 unpullable}
[state-dump] - first get request bundle: N/A
[state-dump] - first wait request bundle: N/A
[state-dump] - first task request bundle: N/A
[state-dump] - num objects queued: 0
[state-dump] - num objects actively pulled (all): 0
[state-dump] - num objects actively pulled / pinned: 0
[state-dump] - num bundles being pulled: 0
[state-dump] - num pull retries: 0
[state-dump] - max timeout seconds: 0
[state-dump] - max timeout request is already processed. No entry.
[state-dump] 
[state-dump] WorkerPool:
[state-dump] - registered jobs: 0
[state-dump] - process_failed_job_config_missing: 0
[state-dump] - process_failed_rate_limited: 0
[state-dump] - process_failed_pending_registration: 0
[state-dump] - process_failed_runtime_env_setup_failed: 0
[state-dump] - num PYTHON workers: 0
[state-dump] - num PYTHON drivers: 0
[state-dump] - num PYTHON pending start requests: 0
[state-dump] - num PYTHON pending registration requests: 0
[state-dump] - num object spill callbacks queued: 0
[state-dump] - num object restore queued: 0
[state-dump] - num util functions queued: 0
[state-dump] - num idle workers: 0
[state-dump] TaskDependencyManager:
[state-dump] - task deps map size: 0
[state-dump] - get req map size: 0
[state-dump] - wait req map size: 0
[state-dump] - local objects map size: 0
[state-dump] WaitManager:
[state-dump] - num active wait requests: 0
[state-dump] Subscriber:
[state-dump] Channel WORKER_OBJECT_EVICTION
[state-dump] - cumulative subscribe requests: 0
[state-dump] - cumulative unsubscribe requests: 0
[state-dump] - active subscribed publishers: 0
[state-dump] - cumulative published messages: 0
[state-dump] - cumulative processed messages: 0
[state-dump] Channel WORKER_OBJECT_LOCATIONS_CHANNEL
[state-dump] - cumulative subscribe requests: 0
[state-dump] - cumulative unsubscribe requests: 0
[state-dump] - active subscribed publishers: 0
[state-dump] - cumulative published messages: 0
[state-dump] - cumulative processed messages: 0
[state-dump] Channel WORKER_REF_REMOVED_CHANNEL
[state-dump] - cumulative subscribe requests: 0
[state-dump] - cumulative unsubscribe requests: 0
[state-dump] - active subscribed publishers: 0
[state-dump] - cumulative published messages: 0
[state-dump] - cumulative processed messages: 0
[state-dump] num async plasma notifications: 0
[state-dump] Event stats:
[state-dump] Global stats: 27 total (13 active)
[state-dump] Queueing time: mean = 2.720 ms, max = 17.704 ms, min = 9.600 us, total = 73.441 ms
[state-dump] Execution time:  mean = 1.332 ms, total = 35.971 ms
[state-dump] Event stats:
[state-dump] 	PeriodicalRunner.RunFnPeriodically - 11 total (2 active, 1 running), Execution time: mean = 231.464 us, total = 2.546 ms, Queueing time: mean = 6.672 ms, max = 17.704 ms, min = 40.000 us, total = 73.394 ms
[state-dump] 	NodeManager.CheckForUnexpectedWorkerDisconnects - 1 total (1 active), Execution time: mean = 0.000 s, total = 0.000 s, Queueing time: mean = 0.000 s, max = -0.000 s, min = 9223372036.855 s, total = 0.000 s
[state-dump] 	NodeManager.ScheduleAndDispatchTasks - 1 total (1 active), Execution time: mean = 0.000 s, total = 0.000 s, Queueing time: mean = 0.000 s, max = -0.000 s, min = 9223372036.855 s, total = 0.000 s
[state-dump] 	NodeManager.GCTaskFailureReason - 1 total (1 active), Execution time: mean = 0.000 s, total = 0.000 s, Queueing time: mean = 0.000 s, max = -0.000 s, min = 9223372036.855 s, total = 0.000 s
[state-dump] 	RayletWorkerPool.deadline_timer.kill_idle_workers - 1 total (1 active), Execution time: mean = 0.000 s, total = 0.000 s, Queueing time: mean = 0.000 s, max = -0.000 s, min = 9223372036.855 s, total = 0.000 s
[state-dump] 	ray::rpc::InternalKVGcsService.grpc_client.GetInternalConfig - 1 total (0 active), Execution time: mean = 496.400 us, total = 496.400 us, Queueing time: mean = 0.000 s, max = -0.000 s, min = 9223372036.855 s, total = 0.000 s
[state-dump] 	ray::rpc::InternalKVGcsService.grpc_client.GetInternalConfig.OnReplyReceived - 1 total (0 active), Execution time: mean = 30.275 ms, total = 30.275 ms, Queueing time: mean = 9.600 us, max = 9.600 us, min = 9.600 us, total = 9.600 us
[state-dump] 	ray::rpc::InternalPubSubGcsService.grpc_client.GcsSubscriberCommandBatch - 1 total (0 active), Execution time: mean = 569.900 us, total = 569.900 us, Queueing time: mean = 0.000 s, max = -0.000 s, min = 9223372036.855 s, total = 0.000 s
[state-dump] 	ray::rpc::InternalPubSubGcsService.grpc_client.GcsSubscriberCommandBatch.OnReplyReceived - 1 total (1 active), Execution time: mean = 0.000 s, total = 0.000 s, Queueing time: mean = 0.000 s, max = -0.000 s, min = 9223372036.855 s, total = 0.000 s
[state-dump] 	NodeManager.deadline_timer.debug_state_dump - 1 total (1 active), Execution time: mean = 0.000 s, total = 0.000 s, Queueing time: mean = 0.000 s, max = -0.000 s, min = 9223372036.855 s, total = 0.000 s
[state-dump] 	ray::rpc::NodeInfoGcsService.grpc_client.RegisterNode.OnReplyReceived - 1 total (0 active), Execution time: mean = 641.900 us, total = 641.900 us, Queueing time: mean = 37.300 us, max = 37.300 us, min = 37.300 us, total = 37.300 us
[state-dump] 	ray::rpc::NodeInfoGcsService.grpc_client.RegisterNode - 1 total (0 active), Execution time: mean = 1.442 ms, total = 1.442 ms, Queueing time: mean = 0.000 s, max = -0.000 s, min = 9223372036.855 s, total = 0.000 s
[state-dump] 	ray::rpc::InternalPubSubGcsService.grpc_client.GcsSubscriberPoll - 1 total (1 active), Execution time: mean = 0.000 s, total = 0.000 s, Queueing time: mean = 0.000 s, max = -0.000 s, min = 9223372036.855 s, total = 0.000 s
[state-dump] 	NodeManager.deadline_timer.flush_free_objects - 1 total (1 active), Execution time: mean = 0.000 s, total = 0.000 s, Queueing time: mean = 0.000 s, max = -0.000 s, min = 9223372036.855 s, total = 0.000 s
[state-dump] 	NodeManager.deadline_timer.record_metrics - 1 total (1 active), Execution time: mean = 0.000 s, total = 0.000 s, Queueing time: mean = 0.000 s, max = -0.000 s, min = 9223372036.855 s, total = 0.000 s
[state-dump] 	NodeManager.deadline_timer.spill_objects_when_over_threshold - 1 total (1 active), Execution time: mean = 0.000 s, total = 0.000 s, Queueing time: mean = 0.000 s, max = -0.000 s, min = 9223372036.855 s, total = 0.000 s
[state-dump] 	ClusterResourceManager.ResetRemoteNodeView - 1 total (1 active), Execution time: mean = 0.000 s, total = 0.000 s, Queueing time: mean = 0.000 s, max = -0.000 s, min = 9223372036.855 s, total = 0.000 s
[state-dump] DebugString() time ms: 1
[state-dump] 
[state-dump] 
[2025-08-28 14:59:49,399 I 113112 122344] (raylet.exe) accessor.cc:784: Received notification for node, IsAlive = 1 node_id=5c0b3c063f200ec0e70e6c90ac54f017eaaa202329387a371b0d9053
[2025-08-28 14:59:49,464 I 113112 122344] (raylet.exe) worker_pool.cc:527: Started worker process with pid 50036, the token is 0
[2025-08-28 14:59:49,468 I 113112 122344] (raylet.exe) worker_pool.cc:527: Started worker process with pid 103720, the token is 1
[2025-08-28 14:59:49,472 I 113112 122344] (raylet.exe) worker_pool.cc:527: Started worker process with pid 125872, the token is 2
[2025-08-28 14:59:49,477 I 113112 122344] (raylet.exe) worker_pool.cc:527: Started worker process with pid 21188, the token is 3
[2025-08-28 14:59:49,483 I 113112 122344] (raylet.exe) worker_pool.cc:527: Started worker process with pid 26256, the token is 4
[2025-08-28 14:59:49,488 I 113112 122344] (raylet.exe) worker_pool.cc:527: Started worker process with pid 138152, the token is 5
[2025-08-28 14:59:49,492 I 113112 122344] (raylet.exe) worker_pool.cc:527: Started worker process with pid 32672, the token is 6
[2025-08-28 14:59:49,496 I 113112 122344] (raylet.exe) worker_pool.cc:527: Started worker process with pid 136920, the token is 7
[2025-08-28 14:59:52,835 I 113112 112064] (raylet.exe) object_store.cc:38: Object store current usage 8e-09 / 0.104858 GB.
[2025-08-28 14:59:52,974 I 113112 122344] (raylet.exe) worker_pool.cc:724: Job 01000000 already started in worker pool.
[2025-08-28 14:59:53,423 I 113112 122344] (raylet.exe) node_manager.cc:1391: Disconnecting client, graceful=true, disconnect_type=3, has_creation_task_exception=false worker_id=01000000ffffffffffffffffffffffffffffffffffffffffffffffff
[2025-08-28 14:59:53,423 I 113112 122344] (raylet.exe) node_manager.cc:1483: Driver (pid=100648) is disconnected. worker_id=01000000ffffffffffffffffffffffffffffffffffffffffffffffff job_id=01000000
[2025-08-28 14:59:53,426 I 113112 122344] (raylet.exe) node_manager.cc:887: The leased worker daf86322e5dc9ac999cd65c7131e3e949441520ff5bf96f01bacecad is killed because the owner process 01000000ffffffffffffffffffffffffffffffffffffffffffffffff died.
[2025-08-28 14:59:53,426 I 113112 122344] (raylet.exe) node_manager.cc:887: The leased worker 4798530d568047008dc7e974482e197843c96636f7f3edbb7116f0fe is killed because the owner process 01000000ffffffffffffffffffffffffffffffffffffffffffffffff died.
[2025-08-28 14:59:53,426 I 113112 122344] (raylet.exe) node_manager.cc:887: The leased worker 910af1523c584730ae83b74890733a2939b208bba18ec9275663aff1 is killed because the owner process 01000000ffffffffffffffffffffffffffffffffffffffffffffffff died.
[2025-08-28 14:59:53,426 W 113112 112064] (raylet.exe) store.cc:368: Disconnecting client due to connection error with code 2: End of file
[2025-08-28 14:59:53,428 I 113112 122344] (raylet.exe) node_manager.cc:1391: Disconnecting client, graceful=true, disconnect_type=1, has_creation_task_exception=false worker_id=910af1523c584730ae83b74890733a2939b208bba18ec9275663aff1
[2025-08-28 14:59:53,428 I 113112 122344] (raylet.exe) node_manager.cc:1391: Disconnecting client, graceful=true, disconnect_type=1, has_creation_task_exception=false worker_id=4798530d568047008dc7e974482e197843c96636f7f3edbb7116f0fe
[2025-08-28 14:59:53,429 I 113112 122344] (raylet.exe) node_manager.cc:1391: Disconnecting client, graceful=true, disconnect_type=1, has_creation_task_exception=false worker_id=daf86322e5dc9ac999cd65c7131e3e949441520ff5bf96f01bacecad
[2025-08-28 14:59:53,441 W 113112 112064] (raylet.exe) store.cc:368: Disconnecting client due to connection error with code 10054: An existing connection was forcibly closed by the remote host
[2025-08-28 14:59:53,441 W 113112 112064] (raylet.exe) store.cc:368: Disconnecting client due to connection error with code 10054: An existing connection was forcibly closed by the remote host
[2025-08-28 14:59:53,441 W 113112 112064] (raylet.exe) store.cc:368: Disconnecting client due to connection error with code 10054: An existing connection was forcibly closed by the remote host
[2025-08-28 14:59:53,459 I 113112 122344] (raylet.exe) worker_pool.cc:724: Job 01000000 already started in worker pool.
[2025-08-28 14:59:53,672 I 113112 122344] (raylet.exe) main.cc:847: received SIGTERM. Existing local drain request = None
[2025-08-28 14:59:53,672 I 113112 122344] (raylet.exe) main.cc:338: Raylet graceful shutdown triggered, reason = EXPECTED_TERMINATION, reason message = received SIGTERM
[2025-08-28 14:59:53,672 I 113112 122344] (raylet.exe) main.cc:341: Shutting down...
[2025-08-28 14:59:53,672 I 113112 122344] (raylet.exe) accessor.cc:534: Unregistering node node_id=5c0b3c063f200ec0e70e6c90ac54f017eaaa202329387a371b0d9053
[2025-08-28 14:59:53,673 I 113112 122344] (raylet.exe) accessor.cc:547: Finished unregistering node info, status = OK node_id=5c0b3c063f200ec0e70e6c90ac54f017eaaa202329387a371b0d9053
[2025-08-28 14:59:53,673 W 113112 112064] (raylet.exe) store.cc:368: Disconnecting client due to connection error with code 2: End of file
[2025-08-28 14:59:53,675 I 113112 122344] (raylet.exe) agent_manager.cc:115: Killing agent dashboard_agent, pid 137212.
[2025-08-28 14:59:53,686 I 113112 126344] (raylet.exe) agent_manager.cc:82: Agent process with name runtime_env_agent exited, exit code -1073741510.
[2025-08-28 14:59:53,686 E 113112 126344] (raylet.exe) agent_manager.cc:86: The raylet exited immediately because one Ray agent failed, agent_name = runtime_env_agent.
The raylet fate shares with the agent. This can happen because
- The version of `grpcio` doesn't follow Ray's requirement. Agent can segfault with the incorrect `grpcio` version. Check the grpcio version `pip freeze | grep grpcio`.
- The agent failed to start because of unexpected error or port conflict. Read the log `cat /tmp/ray/session_latest/logs/{dashboard_agent|runtime_env_agent}.log`. You can find the log file structure here https://docs.ray.io/en/master/ray-observability/user-guides/configure-logging.html#logging-directory-structure.
- The agent is killed by the OS (e.g., out of memory).
[2025-08-28 14:59:53,687 I 113112 6812] (raylet.exe) agent_manager.cc:82: Agent process with name dashboard_agent exited, exit code -1073741510.
[2025-08-28 14:59:53,687 I 113112 122344] (raylet.exe) agent_manager.cc:115: Killing agent runtime_env_agent, pid 84864.
[2025-08-28 14:59:53,687 I 113112 122344] (raylet.exe) io_service_pool.cc:49: IOServicePool is stopped.
[2025-08-28 14:59:53,794 I 113112 122344] (raylet.exe) stats.h:136: Stats module has shutdown.
[2025-08-28 14:59:53,794 E 113112 122344] (raylet.exe) logging.cc:501: *** SIGSEGV received at time=1756364393 ***
[2025-08-28 14:59:53,794 E 113112 122344] (raylet.exe) logging.cc:501:     @   00007FF799140689  (unknown)  (unknown)
[2025-08-28 14:59:53,794 E 113112 122344] (raylet.exe) logging.cc:501:     @   00007FFB976BF47F  (unknown)  (unknown)
[2025-08-28 14:59:53,794 E 113112 122344] (raylet.exe) logging.cc:501:     @   00007FFBB90C6FEF  (unknown)  (unknown)
[2025-08-28 14:59:53,794 E 113112 122344] (raylet.exe) logging.cc:501:     @   00007FFBB8FD4557  (unknown)  (unknown)
[2025-08-28 14:59:53,794 E 113112 122344] (raylet.exe) logging.cc:501:     @   00007FFBB90C692E  (unknown)  (unknown)
[2025-08-28 14:59:53,794 E 113112 122344] (raylet.exe) logging.cc:501:     @   00007FF7989E42AA  (unknown)  (unknown)
[2025-08-28 14:59:53,794 E 113112 122344] (raylet.exe) logging.cc:501:     @   00007FF798AAEF34  (unknown)  (unknown)
[2025-08-28 14:59:53,794 E 113112 122344] (raylet.exe) logging.cc:501:     @   00007FF798AADA0F  (unknown)  (unknown)
[2025-08-28 14:59:53,794 E 113112 122344] (raylet.exe) logging.cc:501:     @   00007FF798AB0D9D  (unknown)  (unknown)
[2025-08-28 14:59:53,794 E 113112 122344] (raylet.exe) logging.cc:501:     @   00007FF7989E5E42  (unknown)  (unknown)
[2025-08-28 14:59:53,794 E 113112 122344] (raylet.exe) logging.cc:501:     @   00007FF7989E0D50  (unknown)  (unknown)
[2025-08-28 14:59:53,794 E 113112 122344] (raylet.exe) logging.cc:501:     @   00007FF79895AC74  (unknown)  (unknown)
[2025-08-28 14:59:53,794 E 113112 122344] (raylet.exe) logging.cc:501:     @   00007FF7988097B1  (unknown)  (unknown)
[2025-08-28 14:59:53,794 E 113112 122344] (raylet.exe) logging.cc:501:     @   00007FF798783149  (unknown)  (unknown)
[2025-08-28 14:59:53,794 E 113112 122344] (raylet.exe) logging.cc:501:     @   00007FF798B4D109  (unknown)  (unknown)
[2025-08-28 14:59:53,794 E 113112 122344] (raylet.exe) logging.cc:501:     @   00007FF798B45A6E  (unknown)  (unknown)
[2025-08-28 14:59:53,794 E 113112 122344] (raylet.exe) logging.cc:501:     @   00007FF798B45FF8  (unknown)  (unknown)
[2025-08-28 14:59:53,794 E 113112 122344] (raylet.exe) logging.cc:501:     @   00007FF7990B0B9C  (unknown)  (unknown)
[2025-08-28 14:59:53,794 E 113112 122344] (raylet.exe) logging.cc:501:     @   00007FF7990B5E34  (unknown)  (unknown)
[2025-08-28 14:59:53,794 E 113112 122344] (raylet.exe) logging.cc:501:     @   00007FF7990B5193  (unknown)  (unknown)
[2025-08-28 14:59:53,794 E 113112 122344] (raylet.exe) logging.cc:501:     @   00007FF7987902E1  (unknown)  (unknown)
[2025-08-28 14:59:53,794 E 113112 122344] (raylet.exe) logging.cc:501:     @   00007FF7990F9A48  (unknown)  (unknown)
[2025-08-28 14:59:53,794 E 113112 122344] (raylet.exe) logging.cc:501:     @   00007FFBB70CE8D7  (unknown)  (unknown)
[2025-08-28 14:59:53,794 E 113112 122344] (raylet.exe) logging.cc:501:     @   00007FFBB8F9C34C  (unknown)  (unknown)
