[2025-08-28 15:01:15,364 I 107744 20332] (gcs_server.exe) gcs_server_main.cc:88: Ray cluster metadata ray_version=2.48.0 ray_commit=03491225d59a1ffde99c3628969ccf456be13efd
[2025-08-28 15:01:15,366 I 107744 20332] (gcs_server.exe) io_service_pool.cc:37: IOServicePool is running with 1 io_service.
[2025-08-28 15:01:15,373 I 107744 20332] (gcs_server.exe) event.cc:500: Ray Event initialized for GCS
[2025-08-28 15:01:15,374 I 107744 20332] (gcs_server.exe) event.cc:500: Ray Event initialized for EXPORT_NODE
[2025-08-28 15:01:15,375 I 107744 20332] (gcs_server.exe) event.cc:500: Ray Event initialized for EXPORT_ACTOR
[2025-08-28 15:01:15,375 I 107744 20332] (gcs_server.exe) event.cc:500: Ray Event initialized for EXPORT_DRIVER_JOB
[2025-08-28 15:01:15,375 I 107744 20332] (gcs_server.exe) event.cc:331: Set ray event level to warning
[2025-08-28 15:01:15,376 I 107744 20332] (gcs_server.exe) gcs_server.cc:110: GCS storage type is StorageType::IN_MEMORY
[2025-08-28 15:01:15,376 I 107744 20332] (gcs_server.exe) gcs_init_data.cc:46: Loading job table data.
[2025-08-28 15:01:15,376 I 107744 20332] (gcs_server.exe) gcs_init_data.cc:56: Loading node table data.
[2025-08-28 15:01:15,377 I 107744 20332] (gcs_server.exe) gcs_init_data.cc:78: Loading actor table data.
[2025-08-28 15:01:15,377 I 107744 20332] (gcs_server.exe) gcs_init_data.cc:89: Loading actor task spec table data.
[2025-08-28 15:01:15,377 I 107744 20332] (gcs_server.exe) gcs_init_data.cc:66: Loading placement group table data.
[2025-08-28 15:01:15,377 I 107744 20332] (gcs_server.exe) gcs_init_data.cc:52: Finished loading job table data, size = 0
[2025-08-28 15:01:15,377 I 107744 20332] (gcs_server.exe) gcs_init_data.cc:62: Finished loading node table data, size = 0
[2025-08-28 15:01:15,377 I 107744 20332] (gcs_server.exe) gcs_init_data.cc:85: Finished loading actor table data, size = 0
[2025-08-28 15:01:15,377 I 107744 20332] (gcs_server.exe) gcs_init_data.cc:96: Finished loading actor task spec table data, size = 0
[2025-08-28 15:01:15,377 I 107744 20332] (gcs_server.exe) gcs_init_data.cc:74: Finished loading placement group table data, size = 0
[2025-08-28 15:01:15,377 I 107744 20332] (gcs_server.exe) gcs_server.cc:194: No existing server cluster ID found. Generating new ID: 7e30ee46576ed2bee8b603d18bb3dc93bf2b86d9adc4fbbb3ae88042
[2025-08-28 15:01:15,377 I 107744 20332] (gcs_server.exe) gcs_server.cc:685: Autoscaler V2 enabled: 0
[2025-08-28 15:01:15,378 I 107744 20332] (gcs_server.exe) grpc_server.cc:140: GcsServer server started, listening on port 65377.
[2025-08-28 15:01:15,414 I 107744 20332] (gcs_server.exe) gcs_server.cc:282: Gcs Debug state:

GcsNodeManager: 
- RegisterNode request count: 0
- DrainNode request count: 0
- GetAllNodeInfo request count: 0

GcsActorManager: 
- RegisterActor request count: 0
- CreateActor request count: 0
- GetActorInfo request count: 0
- GetNamedActorInfo request count: 0
- GetAllActorInfo request count: 0
- KillActor request count: 0
- ListNamedActors request count: 0
- Registered actors count: 0
- Destroyed actors count: 0
- Named actors count: 0
- Unresolved actors count: 0
- Pending actors count: 0
- Created actors count: 0
- owners_: 0
- actor_to_register_callbacks_: 0
- actor_to_restart_for_lineage_reconstruction_callbacks_: 0
- actor_to_create_callbacks_: 0
- sorted_destroyed_actor_list_: 0

GcsResourceManager: 
- GetAllAvailableResources request count: 0
- GetAllTotalResources request count: 0
- GetAllResourceUsage request count: 0

GcsPlacementGroupManager: 
- CreatePlacementGroup request count: 0
- RemovePlacementGroup request count: 0
- GetPlacementGroup request count: 0
- GetAllPlacementGroup request count: 0
- WaitPlacementGroupUntilReady request count: 0
- GetNamedPlacementGroup request count: 0
- Scheduling pending placement group count: 0
- Registered placement groups count: 0
- Named placement group count: 0
- Pending placement groups count: 0
- Infeasible placement groups count: 0

Publisher:

[runtime env manager] ID to URIs table:
[runtime env manager] URIs reference table:

GcsTaskManager: 
-Total num task events reported: 0
-Total num status task events dropped: 0
-Total num profile events dropped: 0
-Current num of task events stored: 0
-Total num of actor creation tasks: 0
-Total num of actor tasks: 0
-Total num of normal tasks: 0
-Total num of driver tasks: 0

GcsAutoscalerStateManager: 
- last_seen_autoscaler_state_version_: 0
- last_cluster_resource_state_version_: 0
- pending demands:



[2025-08-28 15:01:15,414 I 107744 20332] (gcs_server.exe) gcs_server.cc:884: Main service Event stats:


Global stats: 25 total (4 active)
Queueing time: mean = 13.650 ms, max = 36.885 ms, min = 200.000 ns, total = 341.242 ms
Execution time:  mean = 2.959 ms, total = 73.986 ms
Event stats:
	GcsInMemoryStore.Put - 9 total (0 active), Execution time: mean = 4.100 ms, total = 36.900 ms, Queueing time: mean = 28.453 ms, max = 36.742 ms, min = 2.800 us, total = 256.081 ms
	GcsInMemoryStore.GetAll - 5 total (0 active), Execution time: mean = 8.640 us, total = 43.200 us, Queueing time: mean = 38.240 us, max = 39.100 us, min = 37.600 us, total = 191.200 us
	PeriodicalRunner.RunFnPeriodically - 4 total (2 active, 1 running), Execution time: mean = 1.975 us, total = 7.900 us, Queueing time: mean = 18.434 ms, max = 36.885 ms, min = 36.850 ms, total = 73.735 ms
	event_loop_lag_probe - 2 total (0 active), Execution time: mean = 52.950 us, total = 105.900 us, Queueing time: mean = 5.562 ms, max = 11.073 ms, min = 51.600 us, total = 11.124 ms
	GcsInitData::AsyncLoad - 1 total (0 active), Execution time: mean = 8.700 us, total = 8.700 us, Queueing time: mean = 200.000 ns, max = 200.000 ns, min = 200.000 ns, total = 200.000 ns
	GcsServer.GetOrGenerateClusterId.continuation - 1 total (0 active), Execution time: mean = 36.886 ms, total = 36.886 ms, Queueing time: mean = 300.000 ns, max = 300.000 ns, min = 300.000 ns, total = 300.000 ns
	RayletLoadPulled - 1 total (1 active), Execution time: mean = 0.000 s, total = 0.000 s, Queueing time: mean = 0.000 s, max = -0.000 s, min = 9223372036.855 s, total = 0.000 s
	ClusterResourceManager.ResetRemoteNodeView - 1 total (1 active), Execution time: mean = 0.000 s, total = 0.000 s, Queueing time: mean = 0.000 s, max = -0.000 s, min = 9223372036.855 s, total = 0.000 s
	GcsInMemoryStore.Get - 1 total (0 active), Execution time: mean = 34.800 us, total = 34.800 us, Queueing time: mean = 109.700 us, max = 109.700 us, min = 109.700 us, total = 109.700 us


[2025-08-28 15:01:15,414 I 107744 20332] (gcs_server.exe) gcs_server.cc:888: task_io_context Event stats:


Global stats: 4 total (1 active)
Queueing time: mean = 37.550 us, max = 140.500 us, min = 3.000 us, total = 150.200 us
Execution time:  mean = 87.225 us, total = 348.900 us
Event stats:
	event_loop_lag_probe - 2 total (0 active), Execution time: mean = 172.600 us, total = 345.200 us, Queueing time: mean = 71.750 us, max = 140.500 us, min = 3.000 us, total = 143.500 us
	GcsTaskManager.GcJobSummary - 1 total (1 active), Execution time: mean = 0.000 s, total = 0.000 s, Queueing time: mean = 0.000 s, max = -0.000 s, min = 9223372036.855 s, total = 0.000 s
	PeriodicalRunner.RunFnPeriodically - 1 total (0 active), Execution time: mean = 3.700 us, total = 3.700 us, Queueing time: mean = 6.700 us, max = 6.700 us, min = 6.700 us, total = 6.700 us


[2025-08-28 15:01:15,414 I 107744 20332] (gcs_server.exe) gcs_server.cc:888: pubsub_io_context Event stats:


Global stats: 4 total (1 active)
Queueing time: mean = 40.875 us, max = 149.000 us, min = 5.200 us, total = 163.500 us
Execution time:  mean = 80.725 us, total = 322.900 us
Event stats:
	event_loop_lag_probe - 2 total (0 active), Execution time: mean = 158.500 us, total = 317.000 us, Queueing time: mean = 77.100 us, max = 149.000 us, min = 5.200 us, total = 154.200 us
	Publisher.CheckDeadSubscribers - 1 total (1 active), Execution time: mean = 0.000 s, total = 0.000 s, Queueing time: mean = 0.000 s, max = -0.000 s, min = 9223372036.855 s, total = 0.000 s
	PeriodicalRunner.RunFnPeriodically - 1 total (0 active), Execution time: mean = 5.900 us, total = 5.900 us, Queueing time: mean = 9.300 us, max = 9.300 us, min = 9.300 us, total = 9.300 us


[2025-08-28 15:01:15,414 I 107744 20332] (gcs_server.exe) gcs_server.cc:888: ray_syncer_io_context Event stats:


Global stats: 4 total (0 active)
Queueing time: mean = 56.225 us, max = 205.500 us, min = 2.100 us, total = 224.900 us
Execution time:  mean = 66.750 us, total = 267.000 us
Event stats:
	event_loop_lag_probe - 2 total (0 active), Execution time: mean = 133.050 us, total = 266.100 us, Queueing time: mean = 103.800 us, max = 205.500 us, min = 2.100 us, total = 207.600 us
	RaySyncerRegister - 2 total (0 active), Execution time: mean = 450.000 ns, total = 900.000 ns, Queueing time: mean = 8.650 us, max = 9.800 us, min = 7.500 us, total = 17.300 us


[2025-08-28 15:01:18,364 I 107744 20332] (gcs_server.exe) gcs_node_manager.cc:91: Registering node info, address = 127.0.0.1, node name = 127.0.0.1 node_id=69c533021b8cabf883413b348b37c33423e6ea43d5b1d650cce30fd3
[2025-08-28 15:01:18,364 I 107744 20332] (gcs_server.exe) gcs_node_manager.cc:97: Finished registering node info, address = 127.0.0.1, node name = 127.0.0.1, is_head_node = 1 node_id=69c533021b8cabf883413b348b37c33423e6ea43d5b1d650cce30fd3
[2025-08-28 15:01:18,364 I 107744 20332] (gcs_server.exe) gcs_placement_group_mgr.cc:851: A new node: 69c533021b8cabf883413b348b37c33423e6ea43d5b1d650cce30fd3 registered, will try to reschedule all the infeasible placement groups.
[2025-08-28 15:01:18,370 I 107744 108000] (gcs_server.exe) ray_syncer.cc:244: Get connection node_id=69c533021b8cabf883413b348b37c33423e6ea43d5b1d650cce30fd3
[2025-08-28 15:01:21,596 I 107744 20332] (gcs_server.exe) gcs_job_manager.cc:97: Adding job, job id = 01000000, driver pid = 53064
[2025-08-28 15:01:21,597 I 107744 20332] (gcs_server.exe) gcs_job_manager.cc:118: Finished adding job, job id = 01000000, driver pid = 53064
[2025-08-28 15:01:21,655 I 107744 20332] (gcs_server.exe) gcs_actor_manager.cc:405: Registering actor job_id=01000000 actor_id=026d77967d527a28387cfdae01000000
[2025-08-28 15:01:21,656 I 107744 20332] (gcs_server.exe) gcs_actor_manager.cc:409: Registered actor job_id=01000000 actor_id=026d77967d527a28387cfdae01000000
[2025-08-28 15:01:21,658 I 107744 20332] (gcs_server.exe) gcs_actor_manager.cc:520: Creating actor job_id=01000000 actor_id=026d77967d527a28387cfdae01000000
[2025-08-28 15:01:21,658 I 107744 20332] (gcs_server.exe) gcs_actor_scheduler.cc:315: Start leasing worker from node 69c533021b8cabf883413b348b37c33423e6ea43d5b1d650cce30fd3 for actor 026d77967d527a28387cfdae01000000, job id = 01000000
[2025-08-28 15:01:21,658 I 107744 20332] (gcs_server.exe) gcs_actor_scheduler.cc:634: Finished leasing worker from 69c533021b8cabf883413b348b37c33423e6ea43d5b1d650cce30fd3 for actor 026d77967d527a28387cfdae01000000, job id = 01000000
[2025-08-28 15:01:21,659 I 107744 20332] (gcs_server.exe) gcs_actor_scheduler.cc:451: Start creating actor 026d77967d527a28387cfdae01000000 on worker 7157e3eb8a345b1265672a5debedaf7bdd38faef1e8b75ae53e9bf2d at node 69c533021b8cabf883413b348b37c33423e6ea43d5b1d650cce30fd3, job id = 01000000
[2025-08-28 15:01:21,733 I 107744 20332] (gcs_server.exe) gcs_actor_scheduler.cc:486: Finished actor creation task for actor 026d77967d527a28387cfdae01000000 on worker 7157e3eb8a345b1265672a5debedaf7bdd38faef1e8b75ae53e9bf2d at node 69c533021b8cabf883413b348b37c33423e6ea43d5b1d650cce30fd3, job id = 01000000
[2025-08-28 15:01:21,733 I 107744 20332] (gcs_server.exe) gcs_actor_manager.cc:1585: Actor created successfully job_id=01000000 actor_id=026d77967d527a28387cfdae01000000
[2025-08-28 15:01:21,733 I 107744 20332] (gcs_server.exe) gcs_actor_manager.cc:535: Finished creating actor. Status: OK job_id=01000000 actor_id=026d77967d527a28387cfdae01000000
[2025-08-28 15:01:21,739 I 107744 20332] (gcs_server.exe) gcs_actor_manager.cc:405: Registering actor job_id=01000000 actor_id=1e1f38dea72c32676bd8389901000000
[2025-08-28 15:01:21,739 I 107744 20332] (gcs_server.exe) gcs_actor_manager.cc:409: Registered actor job_id=01000000 actor_id=1e1f38dea72c32676bd8389901000000
[2025-08-28 15:01:21,740 I 107744 20332] (gcs_server.exe) gcs_actor_manager.cc:520: Creating actor job_id=01000000 actor_id=1e1f38dea72c32676bd8389901000000
[2025-08-28 15:01:21,740 I 107744 20332] (gcs_server.exe) gcs_actor_scheduler.cc:315: Start leasing worker from node 69c533021b8cabf883413b348b37c33423e6ea43d5b1d650cce30fd3 for actor 1e1f38dea72c32676bd8389901000000, job id = 01000000
[2025-08-28 15:01:21,740 I 107744 20332] (gcs_server.exe) gcs_actor_scheduler.cc:634: Finished leasing worker from 69c533021b8cabf883413b348b37c33423e6ea43d5b1d650cce30fd3 for actor 1e1f38dea72c32676bd8389901000000, job id = 01000000
[2025-08-28 15:01:21,741 I 107744 20332] (gcs_server.exe) gcs_actor_scheduler.cc:451: Start creating actor 1e1f38dea72c32676bd8389901000000 on worker 307dec1c3c543e1c4606575d7fab449b6f6c5f14b947219b03235064 at node 69c533021b8cabf883413b348b37c33423e6ea43d5b1d650cce30fd3, job id = 01000000
[2025-08-28 15:01:21,814 I 107744 20332] (gcs_server.exe) gcs_actor_scheduler.cc:486: Finished actor creation task for actor 1e1f38dea72c32676bd8389901000000 on worker 307dec1c3c543e1c4606575d7fab449b6f6c5f14b947219b03235064 at node 69c533021b8cabf883413b348b37c33423e6ea43d5b1d650cce30fd3, job id = 01000000
[2025-08-28 15:01:21,814 I 107744 20332] (gcs_server.exe) gcs_actor_manager.cc:1585: Actor created successfully job_id=01000000 actor_id=1e1f38dea72c32676bd8389901000000
[2025-08-28 15:01:21,814 I 107744 20332] (gcs_server.exe) gcs_actor_manager.cc:535: Finished creating actor. Status: OK job_id=01000000 actor_id=1e1f38dea72c32676bd8389901000000
[2025-08-28 15:01:21,821 I 107744 20332] (gcs_server.exe) gcs_actor_manager.cc:405: Registering actor job_id=01000000 actor_id=879980e5a945f94b7f16bb6501000000
[2025-08-28 15:01:21,821 I 107744 20332] (gcs_server.exe) gcs_actor_manager.cc:409: Registered actor job_id=01000000 actor_id=879980e5a945f94b7f16bb6501000000
[2025-08-28 15:01:21,822 I 107744 20332] (gcs_server.exe) gcs_actor_manager.cc:520: Creating actor job_id=01000000 actor_id=879980e5a945f94b7f16bb6501000000
[2025-08-28 15:01:21,822 I 107744 20332] (gcs_server.exe) gcs_actor_scheduler.cc:315: Start leasing worker from node 69c533021b8cabf883413b348b37c33423e6ea43d5b1d650cce30fd3 for actor 879980e5a945f94b7f16bb6501000000, job id = 01000000
[2025-08-28 15:01:21,822 I 107744 20332] (gcs_server.exe) gcs_actor_scheduler.cc:634: Finished leasing worker from 69c533021b8cabf883413b348b37c33423e6ea43d5b1d650cce30fd3 for actor 879980e5a945f94b7f16bb6501000000, job id = 01000000
[2025-08-28 15:01:21,823 I 107744 20332] (gcs_server.exe) gcs_actor_scheduler.cc:451: Start creating actor 879980e5a945f94b7f16bb6501000000 on worker 87b7df178c32ac1b36635a269a9c0f0f1977c606effe9bbcbef24bba at node 69c533021b8cabf883413b348b37c33423e6ea43d5b1d650cce30fd3, job id = 01000000
[2025-08-28 15:01:21,900 I 107744 20332] (gcs_server.exe) gcs_actor_scheduler.cc:486: Finished actor creation task for actor 879980e5a945f94b7f16bb6501000000 on worker 87b7df178c32ac1b36635a269a9c0f0f1977c606effe9bbcbef24bba at node 69c533021b8cabf883413b348b37c33423e6ea43d5b1d650cce30fd3, job id = 01000000
[2025-08-28 15:01:21,900 I 107744 20332] (gcs_server.exe) gcs_actor_manager.cc:1585: Actor created successfully job_id=01000000 actor_id=879980e5a945f94b7f16bb6501000000
[2025-08-28 15:01:21,900 I 107744 20332] (gcs_server.exe) gcs_actor_manager.cc:535: Finished creating actor. Status: OK job_id=01000000 actor_id=879980e5a945f94b7f16bb6501000000
[2025-08-28 15:01:27,469 W 107744 105824] (gcs_server.exe) metric_exporter.cc:105: [1] Export metrics to agent failed: RpcError: RPC Error message: failed to connect to all addresses; last error: UNAVAILABLE: ipv4:127.0.0.1:65241: Connection refused; RPC Error details:  rpc_code: 14. This won't affect Ray, but you can lose metrics from the cluster.
[2025-08-28 15:02:15,423 I 107744 20332] (gcs_server.exe) gcs_server.cc:282: Gcs Debug state:

GcsNodeManager: 
- RegisterNode request count: 1
- DrainNode request count: 0
- GetAllNodeInfo request count: 23

GcsActorManager: 
- RegisterActor request count: 3
- CreateActor request count: 3
- GetActorInfo request count: 3
- GetNamedActorInfo request count: 0
- GetAllActorInfo request count: 0
- KillActor request count: 0
- ListNamedActors request count: 0
- Registered actors count: 3
- Destroyed actors count: 0
- Named actors count: 0
- Unresolved actors count: 0
- Pending actors count: 0
- Created actors count: 1
- owners_: 1
- actor_to_register_callbacks_: 0
- actor_to_restart_for_lineage_reconstruction_callbacks_: 0
- actor_to_create_callbacks_: 0
- sorted_destroyed_actor_list_: 0

GcsResourceManager: 
- GetAllAvailableResources request count: 2
- GetAllTotalResources request count: 3
- GetAllResourceUsage request count: 12

GcsPlacementGroupManager: 
- CreatePlacementGroup request count: 0
- RemovePlacementGroup request count: 0
- GetPlacementGroup request count: 0
- GetAllPlacementGroup request count: 0
- WaitPlacementGroupUntilReady request count: 0
- GetNamedPlacementGroup request count: 0
- Scheduling pending placement group count: 0
- Registered placement groups count: 0
- Named placement group count: 0
- Pending placement groups count: 0
- Infeasible placement groups count: 0

Publisher:
GCS_ACTOR_CHANNEL
- cumulative published messages: 9
- cumulative published bytes: 2181
- current buffered bytes: 417
GCS_NODE_INFO_CHANNEL
- cumulative published messages: 1
- cumulative published bytes: 433
- current buffered bytes: 0
RAY_LOG_CHANNEL
- cumulative published messages: 12
- cumulative published bytes: 12297
- current buffered bytes: 888
GCS_JOB_CHANNEL
- cumulative published messages: 1
- cumulative published bytes: 308
- current buffered bytes: 308

[runtime env manager] ID to URIs table:
[runtime env manager] URIs reference table:

GcsTaskManager: 
-Total num task events reported: 36
-Total num status task events dropped: 0
-Total num profile events dropped: 0
-Current num of task events stored: 18
-Total num of actor creation tasks: 3
-Total num of actor tasks: 14
-Total num of normal tasks: 0
-Total num of driver tasks: 1

GcsAutoscalerStateManager: 
- last_seen_autoscaler_state_version_: 0
- last_cluster_resource_state_version_: 12
- pending demands:



[2025-08-28 15:02:15,424 I 107744 20332] (gcs_server.exe) gcs_server.cc:884: Main service Event stats:


Global stats: 1090 total (7 active)
Queueing time: mean = 930.365 us, max = 36.885 ms, min = 200.000 ns, total = 1.014 s
Execution time:  mean = 602.198 us, total = 656.395 ms
Event stats:
	event_loop_lag_probe - 231 total (0 active), Execution time: mean = 17.569 us, total = 4.059 ms, Queueing time: mean = 60.157 us, max = 11.073 ms, min = 1.800 us, total = 13.896 ms
	GcsInMemoryStore.Put - 137 total (0 active), Execution time: mean = 301.645 us, total = 41.325 ms, Queueing time: mean = 1.944 ms, max = 36.742 ms, min = 1.500 us, total = 266.391 ms
	GcsInMemoryStore.Get - 62 total (0 active), Execution time: mean = 10.035 us, total = 622.200 us, Queueing time: mean = 5.713 us, max = 109.700 us, min = 1.900 us, total = 354.200 us
	InternalKVGcsService.grpc_server.InternalKVGet.HandleRequestImpl - 61 total (0 active), Execution time: mean = 23.652 us, total = 1.443 ms, Queueing time: mean = 12.415 us, max = 45.100 us, min = 6.600 us, total = 757.300 us
	InternalKVGcsService.grpc_server.InternalKVGet - 61 total (0 active), Execution time: mean = 240.813 us, total = 14.690 ms, Queueing time: mean = 0.000 s, max = -0.000 s, min = 9223372036.855 s, total = 0.000 s
	RayletLoadPulled - 60 total (1 active), Execution time: mean = 275.968 us, total = 16.558 ms, Queueing time: mean = 7.580 ms, max = 19.489 ms, min = 323.100 us, total = 454.811 ms
	NodeManagerService.grpc_client.GetResourceLoad.OnReplyReceived - 57 total (0 active), Execution time: mean = 36.347 us, total = 2.072 ms, Queueing time: mean = 48.702 us, max = 2.016 ms, min = 6.100 us, total = 2.776 ms
	NodeManagerService.grpc_client.GetResourceLoad - 57 total (0 active), Execution time: mean = 652.196 us, total = 37.175 ms, Queueing time: mean = 0.000 s, max = -0.000 s, min = 9223372036.855 s, total = 0.000 s
	InternalKVGcsService.grpc_server.InternalKVPut - 39 total (0 active), Execution time: mean = 187.326 us, total = 7.306 ms, Queueing time: mean = 0.000 s, max = -0.000 s, min = 9223372036.855 s, total = 0.000 s
	InternalKVGcsService.grpc_server.InternalKVPut.HandleRequestImpl - 39 total (0 active), Execution time: mean = 20.803 us, total = 811.300 us, Queueing time: mean = 11.913 us, max = 67.100 us, min = 5.000 us, total = 464.600 us
	NodeInfoGcsService.grpc_server.GetAllNodeInfo.HandleRequestImpl - 23 total (0 active), Execution time: mean = 16.730 us, total = 384.800 us, Queueing time: mean = 14.596 us, max = 85.400 us, min = 5.700 us, total = 335.700 us
	NodeInfoGcsService.grpc_server.GetAllNodeInfo - 23 total (0 active), Execution time: mean = 175.474 us, total = 4.036 ms, Queueing time: mean = 0.000 s, max = -0.000 s, min = 9223372036.855 s, total = 0.000 s
	ClusterResourceManager.ResetRemoteNodeView - 20 total (1 active), Execution time: mean = 7.640 us, total = 152.800 us, Queueing time: mean = 7.504 ms, max = 14.675 ms, min = 943.200 us, total = 150.071 ms
	HealthCheck - 17 total (0 active), Execution time: mean = 3.088 us, total = 52.500 us, Queueing time: mean = 13.559 us, max = 52.400 us, min = 6.600 us, total = 230.500 us
	NodeInfoGcsService.grpc_server.GetClusterId.HandleRequestImpl - 13 total (0 active), Execution time: mean = 47.854 us, total = 622.100 us, Queueing time: mean = 13.238 us, max = 18.100 us, min = 8.100 us, total = 172.100 us
	NodeInfoGcsService.grpc_server.CheckAlive.HandleRequestImpl - 13 total (0 active), Execution time: mean = 10.185 us, total = 132.400 us, Queueing time: mean = 64.892 us, max = 673.700 us, min = 9.600 us, total = 843.600 us
	NodeInfoGcsService.grpc_server.GetClusterId - 13 total (0 active), Execution time: mean = 248.608 us, total = 3.232 ms, Queueing time: mean = 0.000 s, max = -0.000 s, min = 9223372036.855 s, total = 0.000 s
	NodeInfoGcsService.grpc_server.CheckAlive - 13 total (0 active), Execution time: mean = 231.562 us, total = 3.010 ms, Queueing time: mean = 0.000 s, max = -0.000 s, min = 9223372036.855 s, total = 0.000 s
	NodeResourceInfoGcsService.grpc_server.GetAllResourceUsage.HandleRequestImpl - 12 total (0 active), Execution time: mean = 26.583 us, total = 319.000 us, Queueing time: mean = 13.958 us, max = 27.300 us, min = 11.100 us, total = 167.500 us
	NodeResourceInfoGcsService.grpc_server.GetAllResourceUsage - 12 total (0 active), Execution time: mean = 204.658 us, total = 2.456 ms, Queueing time: mean = 0.000 s, max = -0.000 s, min = 9223372036.855 s, total = 0.000 s
	AutoscalerStateService.grpc_server.GetClusterResourceState.HandleRequestImpl - 12 total (0 active), Execution time: mean = 17.367 us, total = 208.400 us, Queueing time: mean = 9.775 us, max = 20.700 us, min = 6.900 us, total = 117.300 us
	AutoscalerStateService.grpc_server.GetClusterResourceState - 12 total (0 active), Execution time: mean = 159.892 us, total = 1.919 ms, Queueing time: mean = 0.000 s, max = -0.000 s, min = 9223372036.855 s, total = 0.000 s
	WorkerInfoGcsService.grpc_server.AddWorkerInfo - 9 total (0 active), Execution time: mean = 273.900 us, total = 2.465 ms, Queueing time: mean = 0.000 s, max = -0.000 s, min = 9223372036.855 s, total = 0.000 s
	WorkerInfoGcsService.grpc_server.AddWorkerInfo.HandleRequestImpl - 9 total (0 active), Execution time: mean = 19.544 us, total = 175.900 us, Queueing time: mean = 30.878 us, max = 178.900 us, min = 9.500 us, total = 277.900 us
	GCSServer.deadline_timer.debug_state_dump - 6 total (1 active), Execution time: mean = 1.301 ms, total = 7.804 ms, Queueing time: mean = 7.770 ms, max = 14.262 ms, min = 2.221 ms, total = 46.623 ms
	GcsInMemoryStore.GetAll - 6 total (0 active), Execution time: mean = 8.450 us, total = 50.700 us, Queueing time: mean = 32.283 us, max = 39.100 us, min = 2.500 us, total = 193.700 us
	PeriodicalRunner.RunFnPeriodically - 4 total (0 active), Execution time: mean = 245.475 us, total = 981.900 us, Queueing time: mean = 18.519 ms, max = 36.885 ms, min = 31.300 us, total = 74.074 ms
	GcsHealthCheckManager::MarkNodeHealthy - 4 total (0 active), Execution time: mean = 1.175 us, total = 4.700 us, Queueing time: mean = 71.025 us, max = 256.000 us, min = 8.100 us, total = 284.100 us
	GcsResourceManager::Update - 4 total (0 active), Execution time: mean = 31.175 us, total = 124.700 us, Queueing time: mean = 65.375 us, max = 250.600 us, min = 1.800 us, total = 261.500 us
	CoreWorkerService.grpc_client.PushTask - 3 total (0 active), Execution time: mean = 75.021 ms, total = 225.062 ms, Queueing time: mean = 0.000 s, max = -0.000 s, min = 9223372036.855 s, total = 0.000 s
	NodeManagerService.grpc_client.RequestWorkerLease.OnReplyReceived - 3 total (0 active), Execution time: mean = 151.867 us, total = 455.600 us, Queueing time: mean = 8.233 us, max = 10.000 us, min = 6.700 us, total = 24.700 us
	CoreWorkerService.grpc_client.PushTask.OnReplyReceived - 3 total (0 active), Execution time: mean = 94.667 us, total = 284.000 us, Queueing time: mean = 10.300 us, max = 11.200 us, min = 8.700 us, total = 30.900 us
	ActorInfoGcsService.grpc_server.CreateActor - 3 total (0 active), Execution time: mean = 76.199 ms, total = 228.598 ms, Queueing time: mean = 0.000 s, max = -0.000 s, min = 9223372036.855 s, total = 0.000 s
	ActorInfoGcsService.grpc_server.RegisterActor - 3 total (0 active), Execution time: mean = 897.900 us, total = 2.694 ms, Queueing time: mean = 0.000 s, max = -0.000 s, min = 9223372036.855 s, total = 0.000 s
	NodeResourceInfoGcsService.grpc_server.GetAllTotalResources.HandleRequestImpl - 3 total (0 active), Execution time: mean = 22.433 us, total = 67.300 us, Queueing time: mean = 9.867 us, max = 12.400 us, min = 7.500 us, total = 29.600 us
	ActorInfoGcsService.grpc_server.RegisterActor.HandleRequestImpl - 3 total (0 active), Execution time: mean = 574.867 us, total = 1.725 ms, Queueing time: mean = 10.767 us, max = 11.400 us, min = 10.200 us, total = 32.300 us
	NodeResourceInfoGcsService.grpc_server.GetAllTotalResources - 3 total (0 active), Execution time: mean = 168.433 us, total = 505.300 us, Queueing time: mean = 0.000 s, max = -0.000 s, min = 9223372036.855 s, total = 0.000 s
	CoreWorkerService.grpc_client.WaitForActorRefDeleted - 3 total (3 active), Execution time: mean = 0.000 s, total = 0.000 s, Queueing time: mean = 0.000 s, max = -0.000 s, min = 9223372036.855 s, total = 0.000 s
	NodeManagerService.grpc_client.RequestWorkerLease - 3 total (0 active), Execution time: mean = 510.333 us, total = 1.531 ms, Queueing time: mean = 0.000 s, max = -0.000 s, min = 9223372036.855 s, total = 0.000 s
	ActorInfoGcsService.grpc_server.CreateActor.HandleRequestImpl - 3 total (0 active), Execution time: mean = 252.833 us, total = 758.500 us, Queueing time: mean = 8.067 us, max = 11.300 us, min = 6.000 us, total = 24.200 us
	ActorInfoGcsService.grpc_server.GetActorInfo - 3 total (0 active), Execution time: mean = 423.567 us, total = 1.271 ms, Queueing time: mean = 0.000 s, max = -0.000 s, min = 9223372036.855 s, total = 0.000 s
	ActorInfoGcsService.grpc_server.GetActorInfo.HandleRequestImpl - 3 total (0 active), Execution time: mean = 9.867 us, total = 29.600 us, Queueing time: mean = 248.600 us, max = 732.100 us, min = 6.300 us, total = 745.800 us
	NodeResourceInfoGcsService.grpc_server.GetAllAvailableResources.HandleRequestImpl - 2 total (0 active), Execution time: mean = 13.150 us, total = 26.300 us, Queueing time: mean = 12.900 us, max = 19.400 us, min = 6.400 us, total = 25.800 us
	NodeResourceInfoGcsService.grpc_server.GetAllAvailableResources - 2 total (0 active), Execution time: mean = 119.850 us, total = 239.700 us, Queueing time: mean = 0.000 s, max = -0.000 s, min = 9223372036.855 s, total = 0.000 s
	JobInfoGcsService.grpc_server.AddJob - 1 total (0 active), Execution time: mean = 436.000 us, total = 436.000 us, Queueing time: mean = 0.000 s, max = -0.000 s, min = 9223372036.855 s, total = 0.000 s
	NodeInfoGcsService.grpc_server.RegisterNode.HandleRequestImpl - 1 total (0 active), Execution time: mean = 72.600 us, total = 72.600 us, Queueing time: mean = 13.800 us, max = 13.800 us, min = 13.800 us, total = 13.800 us
	InternalKVGcsService.grpc_server.InternalKVDel.HandleRequestImpl - 1 total (0 active), Execution time: mean = 21.800 us, total = 21.800 us, Queueing time: mean = 12.400 us, max = 12.400 us, min = 12.400 us, total = 12.400 us
	InternalKVGcsService.grpc_server.GetInternalConfig - 1 total (0 active), Execution time: mean = 207.200 us, total = 207.200 us, Queueing time: mean = 0.000 s, max = -0.000 s, min = 9223372036.855 s, total = 0.000 s
	JobInfoGcsService.grpc_server.GetAllJobInfo - 1 total (0 active), Execution time: mean = 129.000 us, total = 129.000 us, Queueing time: mean = 0.000 s, max = -0.000 s, min = 9223372036.855 s, total = 0.000 s
	NodeInfoGcsService.grpc_server.RegisterNode - 1 total (0 active), Execution time: mean = 485.700 us, total = 485.700 us, Queueing time: mean = 0.000 s, max = -0.000 s, min = 9223372036.855 s, total = 0.000 s
	JobInfoGcsService.grpc_server.GetNextJobID.HandleRequestImpl - 1 total (0 active), Execution time: mean = 9.800 us, total = 9.800 us, Queueing time: mean = 17.500 us, max = 17.500 us, min = 17.500 us, total = 17.500 us
	GcsInMemoryStore.GetNextJobID - 1 total (0 active), Execution time: mean = 8.800 us, total = 8.800 us, Queueing time: mean = 5.200 us, max = 5.200 us, min = 5.200 us, total = 5.200 us
	JobInfoGcsService.grpc_server.AddJob.HandleRequestImpl - 1 total (0 active), Execution time: mean = 63.200 us, total = 63.200 us, Queueing time: mean = 10.300 us, max = 10.300 us, min = 10.300 us, total = 10.300 us
	GCSServer.deadline_timer.debug_state_event_stats_print - 1 total (1 active, 1 running), Execution time: mean = 0.000 s, total = 0.000 s, Queueing time: mean = 0.000 s, max = -0.000 s, min = 9223372036.855 s, total = 0.000 s
	JobInfoGcsService.grpc_server.GetNextJobID - 1 total (0 active), Execution time: mean = 357.700 us, total = 357.700 us, Queueing time: mean = 0.000 s, max = -0.000 s, min = 9223372036.855 s, total = 0.000 s
	JobInfoGcsService.grpc_server.GetAllJobInfo.HandleRequestImpl - 1 total (0 active), Execution time: mean = 10.500 us, total = 10.500 us, Queueing time: mean = 7.800 us, max = 7.800 us, min = 7.800 us, total = 7.800 us
	GcsServer.GetOrGenerateClusterId.continuation - 1 total (0 active), Execution time: mean = 36.886 ms, total = 36.886 ms, Queueing time: mean = 300.000 ns, max = 300.000 ns, min = 300.000 ns, total = 300.000 ns
	GcsInitData::AsyncLoad - 1 total (0 active), Execution time: mean = 8.700 us, total = 8.700 us, Queueing time: mean = 200.000 ns, max = 200.000 ns, min = 200.000 ns, total = 200.000 ns
	InternalKVGcsService.grpc_server.GetInternalConfig.HandleRequestImpl - 1 total (0 active), Execution time: mean = 18.000 us, total = 18.000 us, Queueing time: mean = 11.200 us, max = 11.200 us, min = 11.200 us, total = 11.200 us
	GcsHealthCheckManager::AddNode - 1 total (0 active), Execution time: mean = 6.900 us, total = 6.900 us, Queueing time: mean = 300.000 ns, max = 300.000 ns, min = 300.000 ns, total = 300.000 ns
	InternalKVGcsService.grpc_server.InternalKVDel - 1 total (0 active), Execution time: mean = 228.500 us, total = 228.500 us, Queueing time: mean = 0.000 s, max = -0.000 s, min = 9223372036.855 s, total = 0.000 s
	GcsInMemoryStore.Delete - 1 total (0 active), Execution time: mean = 6.400 us, total = 6.400 us, Queueing time: mean = 2.800 us, max = 2.800 us, min = 2.800 us, total = 2.800 us


[2025-08-28 15:02:15,424 I 107744 20332] (gcs_server.exe) gcs_server.cc:888: task_io_context Event stats:


Global stats: 1216 total (1 active)
Queueing time: mean = 108.493 us, max = 25.400 ms, min = 1.000 us, total = 131.927 ms
Execution time:  mean = 88.999 us, total = 108.223 ms
Event stats:
	TaskInfoGcsService.grpc_server.AddTaskEventData - 486 total (0 active), Execution time: mean = 200.861 us, total = 97.618 ms, Queueing time: mean = 0.000 s, max = -0.000 s, min = 9223372036.855 s, total = 0.000 s
	TaskInfoGcsService.grpc_server.AddTaskEventData.HandleRequestImpl - 486 total (0 active), Execution time: mean = 11.550 us, total = 5.613 ms, Queueing time: mean = 17.921 us, max = 195.200 us, min = 1.000 us, total = 8.710 ms
	event_loop_lag_probe - 231 total (0 active), Execution time: mean = 21.007 us, total = 4.853 ms, Queueing time: mean = 7.661 us, max = 140.500 us, min = 1.400 us, total = 1.770 ms
	GcsTaskManager.GcJobSummary - 12 total (1 active), Execution time: mean = 11.242 us, total = 134.900 us, Queueing time: mean = 10.120 ms, max = 25.400 ms, min = 344.300 us, total = 121.441 ms
	PeriodicalRunner.RunFnPeriodically - 1 total (0 active), Execution time: mean = 3.700 us, total = 3.700 us, Queueing time: mean = 6.700 us, max = 6.700 us, min = 6.700 us, total = 6.700 us


[2025-08-28 15:02:15,424 I 107744 20332] (gcs_server.exe) gcs_server.cc:888: pubsub_io_context Event stats:


Global stats: 355 total (13 active)
Queueing time: mean = 8.132 us, max = 790.500 us, min = 1.200 us, total = 2.887 ms
Execution time:  mean = 154.358 ms, total = 54.797 s
Event stats:
	event_loop_lag_probe - 231 total (0 active), Execution time: mean = 13.614 us, total = 3.145 ms, Queueing time: mean = 8.111 us, max = 790.500 us, min = 1.200 us, total = 1.874 ms
	InternalPubSubGcsService.grpc_server.GcsSubscriberPoll.HandleRequestImpl - 33 total (0 active), Execution time: mean = 13.412 us, total = 442.600 us, Queueing time: mean = 19.439 us, max = 301.600 us, min = 6.600 us, total = 641.500 us
	InternalPubSubGcsService.grpc_server.GcsSubscriberPoll - 33 total (12 active), Execution time: mean = 1.660 s, total = 54.786 s, Queueing time: mean = 0.000 s, max = -0.000 s, min = 9223372036.855 s, total = 0.000 s
	InternalPubSubGcsService.grpc_server.GcsSubscriberCommandBatch - 16 total (0 active), Execution time: mean = 219.125 us, total = 3.506 ms, Queueing time: mean = 0.000 s, max = -0.000 s, min = 9223372036.855 s, total = 0.000 s
	InternalPubSubGcsService.grpc_server.GcsSubscriberCommandBatch.HandleRequestImpl - 16 total (0 active), Execution time: mean = 37.013 us, total = 592.200 us, Queueing time: mean = 11.088 us, max = 29.100 us, min = 7.900 us, total = 177.400 us
	InternalPubSubGcsService.grpc_server.GcsPublish - 12 total (0 active), Execution time: mean = 250.767 us, total = 3.009 ms, Queueing time: mean = 0.000 s, max = -0.000 s, min = 9223372036.855 s, total = 0.000 s
	InternalPubSubGcsService.grpc_server.GcsPublish.HandleRequestImpl - 12 total (0 active), Execution time: mean = 53.950 us, total = 647.400 us, Queueing time: mean = 15.408 us, max = 23.200 us, min = 10.700 us, total = 184.900 us
	PeriodicalRunner.RunFnPeriodically - 1 total (0 active), Execution time: mean = 5.900 us, total = 5.900 us, Queueing time: mean = 9.300 us, max = 9.300 us, min = 9.300 us, total = 9.300 us
	Publisher.CheckDeadSubscribers - 1 total (1 active), Execution time: mean = 0.000 s, total = 0.000 s, Queueing time: mean = 0.000 s, max = -0.000 s, min = 9223372036.855 s, total = 0.000 s


[2025-08-28 15:02:15,424 I 107744 20332] (gcs_server.exe) gcs_server.cc:888: ray_syncer_io_context Event stats:


Global stats: 241 total (0 active)
Queueing time: mean = 6.119 us, max = 205.500 us, min = 300.000 ns, total = 1.475 ms
Execution time:  mean = 16.430 us, total = 3.960 ms
Event stats:
	event_loop_lag_probe - 231 total (0 active), Execution time: mean = 15.352 us, total = 3.546 ms, Queueing time: mean = 5.369 us, max = 205.500 us, min = 1.000 us, total = 1.240 ms
	 - 4 total (0 active), Execution time: mean = 96.175 us, total = 384.700 us, Queueing time: mean = 53.800 us, max = 184.700 us, min = 9.100 us, total = 215.200 us
	RaySyncer.BroadcastMessage - 4 total (0 active), Execution time: mean = 6.975 us, total = 27.900 us, Queueing time: mean = 450.000 ns, max = 700.000 ns, min = 300.000 ns, total = 1.800 us
	RaySyncerRegister - 2 total (0 active), Execution time: mean = 450.000 ns, total = 900.000 ns, Queueing time: mean = 8.650 us, max = 9.800 us, min = 7.500 us, total = 17.300 us


