2025-08-28 15:01:17,757	INFO monitor.py:726 -- Starting monitor using ray installation: C:\Users\luoji12103\AppData\Roaming\Python\Python312\site-packages\ray\__init__.py
2025-08-28 15:01:17,757	INFO monitor.py:727 -- Ray version: 2.48.0
2025-08-28 15:01:17,757	INFO monitor.py:728 -- Ray commit: 03491225d59a1ffde99c3628969ccf456be13efd
2025-08-28 15:01:17,757	INFO monitor.py:729 -- Monitor started with command: ['C:\\Users\\luoji12103\\AppData\\Roaming\\Python\\Python312\\site-packages\\ray\\autoscaler\\_private\\monitor.py', '--logs-dir=D:\\MyUser\\HKUSTGZ\\DOIT\\6G Program\\CastRay\\ray_temp\\session_2025-08-28_15-01-15_277492_53064\\logs', '--logging-rotate-bytes=536870912', '--logging-rotate-backup-count=5', '--gcs-address=127.0.0.1:65377', '--stdout-filepath=D:\\MyUser\\HKUSTGZ\\DOIT\\6G Program\\CastRay\\ray_temp\\session_2025-08-28_15-01-15_277492_53064\\logs\\monitor.out', '--stderr-filepath=D:\\MyUser\\HKUSTGZ\\DOIT\\6G Program\\CastRay\\ray_temp\\session_2025-08-28_15-01-15_277492_53064\\logs\\monitor.err', '--monitor-ip=127.0.0.1']
2025-08-28 15:01:17,762	INFO monitor.py:161 -- session_name: session_2025-08-28_15-01-15_277492_53064
2025-08-28 15:01:17,763	WARNING monitor.py:214 -- `prometheus_client` not found, so metrics will not be exported.
2025-08-28 15:01:17,763	INFO monitor.py:218 -- Monitor: Started
2025-08-28 15:01:17,770	INFO autoscaler.py:280 -- disable_node_updaters:False
2025-08-28 15:01:17,770	INFO autoscaler.py:289 -- disable_launch_config_check:True
2025-08-28 15:01:17,770	INFO autoscaler.py:301 -- foreground_node_launch:False
2025-08-28 15:01:17,770	INFO autoscaler.py:311 -- worker_liveness_check:True
2025-08-28 15:01:17,770	INFO autoscaler.py:361 -- StandardAutoscaler: {'cluster_name': 'default', 'max_workers': 0, 'upscaling_speed': 1.0, 'docker': {}, 'idle_timeout_minutes': 0, 'provider': {'type': 'readonly', 'use_node_id_as_ip': True, 'disable_launch_config_check': True}, 'auth': {}, 'available_node_types': {'ray.head.default': {'resources': {}, 'node_config': {}, 'max_workers': 0}}, 'head_node_type': 'ray.head.default', 'file_mounts': {}, 'cluster_synced_files': [], 'file_mounts_sync_continuously': False, 'rsync_exclude': [], 'rsync_filter': [], 'initialization_commands': [], 'setup_commands': [], 'head_setup_commands': [], 'worker_setup_commands': [], 'head_start_ray_commands': [], 'worker_start_ray_commands': []}
2025-08-28 15:01:17,772	INFO monitor.py:404 -- Autoscaler has not yet received load metrics. Waiting.
2025-08-28 15:01:22,773	INFO autoscaler.py:147 -- The autoscaler took 0.0 seconds to fetch the list of non-terminated nodes.
2025-08-28 15:01:22,773	INFO autoscaler.py:408 -- 
======== Autoscaler status: 2025-08-28 15:01:22.773811 ========
Node status
---------------------------------------------------------------
Active:
 1 node_69c533021b8cabf883413b348b37c33423e6ea43d5b1d650cce30fd3
Pending:
 (no pending nodes)
Recent failures:
 (no failures)

Resources
---------------------------------------------------------------
Total Usage:
 0.0/8.0 CPU
 0.0/1.0 GPU
 0B/10.09GiB memory
 0B/100.00MiB object_store_memory

Total Constraints:
 (no request_resources() constraints)
Total Demands:
 (no resource demands)
2025-08-28 15:01:22,773	INFO autoscaler.py:463 -- The autoscaler took 0.0 seconds to complete the update iteration.
2025-08-28 15:01:27,776	INFO autoscaler.py:147 -- The autoscaler took 0.0 seconds to fetch the list of non-terminated nodes.
2025-08-28 15:01:27,776	INFO autoscaler.py:408 -- 
======== Autoscaler status: 2025-08-28 15:01:27.776876 ========
Node status
---------------------------------------------------------------
Active:
 1 node_69c533021b8cabf883413b348b37c33423e6ea43d5b1d650cce30fd3
Pending:
 (no pending nodes)
Recent failures:
 (no failures)

Resources
---------------------------------------------------------------
Total Usage:
 0.0/8.0 CPU
 0.0/1.0 GPU
 0B/10.09GiB memory
 0B/100.00MiB object_store_memory

Total Constraints:
 (no request_resources() constraints)
Total Demands:
 (no resource demands)
2025-08-28 15:01:27,776	INFO autoscaler.py:463 -- The autoscaler took 0.0 seconds to complete the update iteration.
2025-08-28 15:01:32,780	INFO autoscaler.py:147 -- The autoscaler took 0.0 seconds to fetch the list of non-terminated nodes.
2025-08-28 15:01:32,780	INFO autoscaler.py:408 -- 
======== Autoscaler status: 2025-08-28 15:01:32.780660 ========
Node status
---------------------------------------------------------------
Active:
 1 node_69c533021b8cabf883413b348b37c33423e6ea43d5b1d650cce30fd3
Pending:
 (no pending nodes)
Recent failures:
 (no failures)

Resources
---------------------------------------------------------------
Total Usage:
 0.0/8.0 CPU
 0.0/1.0 GPU
 0B/10.09GiB memory
 0B/100.00MiB object_store_memory

Total Constraints:
 (no request_resources() constraints)
Total Demands:
 (no resource demands)
2025-08-28 15:01:32,780	INFO autoscaler.py:463 -- The autoscaler took 0.0 seconds to complete the update iteration.
2025-08-28 15:01:37,784	INFO autoscaler.py:147 -- The autoscaler took 0.0 seconds to fetch the list of non-terminated nodes.
2025-08-28 15:01:37,784	INFO autoscaler.py:408 -- 
======== Autoscaler status: 2025-08-28 15:01:37.784091 ========
Node status
---------------------------------------------------------------
Active:
 1 node_69c533021b8cabf883413b348b37c33423e6ea43d5b1d650cce30fd3
Pending:
 (no pending nodes)
Recent failures:
 (no failures)

Resources
---------------------------------------------------------------
Total Usage:
 0.0/8.0 CPU
 0.0/1.0 GPU
 0B/10.09GiB memory
 0B/100.00MiB object_store_memory

Total Constraints:
 (no request_resources() constraints)
Total Demands:
 (no resource demands)
2025-08-28 15:01:37,784	INFO autoscaler.py:463 -- The autoscaler took 0.001 seconds to complete the update iteration.
2025-08-28 15:01:42,786	INFO autoscaler.py:147 -- The autoscaler took 0.0 seconds to fetch the list of non-terminated nodes.
2025-08-28 15:01:42,787	INFO autoscaler.py:408 -- 
======== Autoscaler status: 2025-08-28 15:01:42.787966 ========
Node status
---------------------------------------------------------------
Active:
 1 node_69c533021b8cabf883413b348b37c33423e6ea43d5b1d650cce30fd3
Pending:
 (no pending nodes)
Recent failures:
 (no failures)

Resources
---------------------------------------------------------------
Total Usage:
 0.0/8.0 CPU
 0.0/1.0 GPU
 0B/10.09GiB memory
 0B/100.00MiB object_store_memory

Total Constraints:
 (no request_resources() constraints)
Total Demands:
 (no resource demands)
2025-08-28 15:01:42,788	INFO autoscaler.py:463 -- The autoscaler took 0.002 seconds to complete the update iteration.
2025-08-28 15:01:47,790	INFO autoscaler.py:147 -- The autoscaler took 0.0 seconds to fetch the list of non-terminated nodes.
2025-08-28 15:01:47,790	INFO autoscaler.py:408 -- 
======== Autoscaler status: 2025-08-28 15:01:47.790777 ========
Node status
---------------------------------------------------------------
Active:
 1 node_69c533021b8cabf883413b348b37c33423e6ea43d5b1d650cce30fd3
Pending:
 (no pending nodes)
Recent failures:
 (no failures)

Resources
---------------------------------------------------------------
Total Usage:
 0.0/8.0 CPU
 0.0/1.0 GPU
 0B/10.09GiB memory
 0B/100.00MiB object_store_memory

Total Constraints:
 (no request_resources() constraints)
Total Demands:
 (no resource demands)
2025-08-28 15:01:47,792	INFO autoscaler.py:463 -- The autoscaler took 0.002 seconds to complete the update iteration.
2025-08-28 15:01:52,795	INFO autoscaler.py:147 -- The autoscaler took 0.0 seconds to fetch the list of non-terminated nodes.
2025-08-28 15:01:52,795	INFO autoscaler.py:408 -- 
======== Autoscaler status: 2025-08-28 15:01:52.795228 ========
Node status
---------------------------------------------------------------
Active:
 1 node_69c533021b8cabf883413b348b37c33423e6ea43d5b1d650cce30fd3
Pending:
 (no pending nodes)
Recent failures:
 (no failures)

Resources
---------------------------------------------------------------
Total Usage:
 0.0/8.0 CPU
 0.0/1.0 GPU
 0B/10.09GiB memory
 0B/100.00MiB object_store_memory

Total Constraints:
 (no request_resources() constraints)
Total Demands:
 (no resource demands)
2025-08-28 15:01:52,795	INFO autoscaler.py:463 -- The autoscaler took 0.001 seconds to complete the update iteration.
2025-08-28 15:01:57,797	INFO autoscaler.py:147 -- The autoscaler took 0.0 seconds to fetch the list of non-terminated nodes.
2025-08-28 15:01:57,797	INFO autoscaler.py:408 -- 
======== Autoscaler status: 2025-08-28 15:01:57.797903 ========
Node status
---------------------------------------------------------------
Active:
 1 node_69c533021b8cabf883413b348b37c33423e6ea43d5b1d650cce30fd3
Pending:
 (no pending nodes)
Recent failures:
 (no failures)

Resources
---------------------------------------------------------------
Total Usage:
 0.0/8.0 CPU
 0.0/1.0 GPU
 0B/10.09GiB memory
 0B/100.00MiB object_store_memory

Total Constraints:
 (no request_resources() constraints)
Total Demands:
 (no resource demands)
2025-08-28 15:01:57,798	INFO autoscaler.py:463 -- The autoscaler took 0.001 seconds to complete the update iteration.
2025-08-28 15:02:02,801	INFO autoscaler.py:147 -- The autoscaler took 0.0 seconds to fetch the list of non-terminated nodes.
2025-08-28 15:02:02,801	INFO autoscaler.py:408 -- 
======== Autoscaler status: 2025-08-28 15:02:02.801443 ========
Node status
---------------------------------------------------------------
Active:
 1 node_69c533021b8cabf883413b348b37c33423e6ea43d5b1d650cce30fd3
Pending:
 (no pending nodes)
Recent failures:
 (no failures)

Resources
---------------------------------------------------------------
Total Usage:
 0.0/8.0 CPU
 0.0/1.0 GPU
 0B/10.09GiB memory
 0B/100.00MiB object_store_memory

Total Constraints:
 (no request_resources() constraints)
Total Demands:
 (no resource demands)
2025-08-28 15:02:02,801	INFO autoscaler.py:463 -- The autoscaler took 0.0 seconds to complete the update iteration.
2025-08-28 15:02:07,804	INFO autoscaler.py:147 -- The autoscaler took 0.0 seconds to fetch the list of non-terminated nodes.
2025-08-28 15:02:07,804	INFO autoscaler.py:408 -- 
======== Autoscaler status: 2025-08-28 15:02:07.804905 ========
Node status
---------------------------------------------------------------
Active:
 1 node_69c533021b8cabf883413b348b37c33423e6ea43d5b1d650cce30fd3
Pending:
 (no pending nodes)
Recent failures:
 (no failures)

Resources
---------------------------------------------------------------
Total Usage:
 0.0/8.0 CPU
 0.0/1.0 GPU
 0B/10.09GiB memory
 0B/100.00MiB object_store_memory

Total Constraints:
 (no request_resources() constraints)
Total Demands:
 (no resource demands)
2025-08-28 15:02:07,805	INFO autoscaler.py:463 -- The autoscaler took 0.001 seconds to complete the update iteration.
2025-08-28 15:02:12,808	INFO autoscaler.py:147 -- The autoscaler took 0.0 seconds to fetch the list of non-terminated nodes.
2025-08-28 15:02:12,809	INFO autoscaler.py:408 -- 
======== Autoscaler status: 2025-08-28 15:02:12.809191 ========
Node status
---------------------------------------------------------------
Active:
 1 node_69c533021b8cabf883413b348b37c33423e6ea43d5b1d650cce30fd3
Pending:
 (no pending nodes)
Recent failures:
 (no failures)

Resources
---------------------------------------------------------------
Total Usage:
 0.0/8.0 CPU
 0.0/1.0 GPU
 0B/10.09GiB memory
 0B/100.00MiB object_store_memory

Total Constraints:
 (no request_resources() constraints)
Total Demands:
 (no resource demands)
2025-08-28 15:02:12,809	INFO autoscaler.py:463 -- The autoscaler took 0.001 seconds to complete the update iteration.
2025-08-28 15:02:17,812	INFO autoscaler.py:147 -- The autoscaler took 0.0 seconds to fetch the list of non-terminated nodes.
2025-08-28 15:02:17,813	INFO autoscaler.py:408 -- 
======== Autoscaler status: 2025-08-28 15:02:17.813282 ========
Node status
---------------------------------------------------------------
Active:
 1 node_69c533021b8cabf883413b348b37c33423e6ea43d5b1d650cce30fd3
Pending:
 (no pending nodes)
Recent failures:
 (no failures)

Resources
---------------------------------------------------------------
Total Usage:
 0.0/8.0 CPU
 0.0/1.0 GPU
 0B/10.09GiB memory
 0B/100.00MiB object_store_memory

Total Constraints:
 (no request_resources() constraints)
Total Demands:
 (no resource demands)
2025-08-28 15:02:17,813	INFO autoscaler.py:463 -- The autoscaler took 0.001 seconds to complete the update iteration.
2025-08-28 15:02:22,816	INFO autoscaler.py:147 -- The autoscaler took 0.0 seconds to fetch the list of non-terminated nodes.
2025-08-28 15:02:22,816	INFO autoscaler.py:408 -- 
======== Autoscaler status: 2025-08-28 15:02:22.816121 ========
Node status
---------------------------------------------------------------
Active:
 1 node_69c533021b8cabf883413b348b37c33423e6ea43d5b1d650cce30fd3
Pending:
 (no pending nodes)
Recent failures:
 (no failures)

Resources
---------------------------------------------------------------
Total Usage:
 0.0/8.0 CPU
 0.0/1.0 GPU
 0B/10.09GiB memory
 0B/100.00MiB object_store_memory

Total Constraints:
 (no request_resources() constraints)
Total Demands:
 (no resource demands)
2025-08-28 15:02:22,816	INFO autoscaler.py:463 -- The autoscaler took 0.0 seconds to complete the update iteration.
2025-08-28 15:02:27,819	INFO autoscaler.py:147 -- The autoscaler took 0.0 seconds to fetch the list of non-terminated nodes.
2025-08-28 15:02:27,819	INFO autoscaler.py:408 -- 
======== Autoscaler status: 2025-08-28 15:02:27.819953 ========
Node status
---------------------------------------------------------------
Active:
 1 node_69c533021b8cabf883413b348b37c33423e6ea43d5b1d650cce30fd3
Pending:
 (no pending nodes)
Recent failures:
 (no failures)

Resources
---------------------------------------------------------------
Total Usage:
 0.0/8.0 CPU
 0.0/1.0 GPU
 0B/10.09GiB memory
 0B/100.00MiB object_store_memory

Total Constraints:
 (no request_resources() constraints)
Total Demands:
 (no resource demands)
2025-08-28 15:02:27,820	INFO autoscaler.py:463 -- The autoscaler took 0.001 seconds to complete the update iteration.
2025-08-28 15:02:32,822	INFO autoscaler.py:147 -- The autoscaler took 0.0 seconds to fetch the list of non-terminated nodes.
2025-08-28 15:02:32,822	INFO autoscaler.py:408 -- 
======== Autoscaler status: 2025-08-28 15:02:32.822579 ========
Node status
---------------------------------------------------------------
Active:
 1 node_69c533021b8cabf883413b348b37c33423e6ea43d5b1d650cce30fd3
Pending:
 (no pending nodes)
Recent failures:
 (no failures)

Resources
---------------------------------------------------------------
Total Usage:
 0.0/8.0 CPU
 0.0/1.0 GPU
 0B/10.09GiB memory
 0B/100.00MiB object_store_memory

Total Constraints:
 (no request_resources() constraints)
Total Demands:
 (no resource demands)
2025-08-28 15:02:32,823	INFO autoscaler.py:463 -- The autoscaler took 0.001 seconds to complete the update iteration.
