[2025-08-28 15:01:21,552 I 136120 81092] core_worker_process.cc:192: Constructing CoreWorkerProcess. pid: 136120
[2025-08-28 15:01:21,555 I 136120 81092] io_service_pool.cc:37: IOServicePool is running with 1 io_service.
[2025-08-28 15:01:21,558 I 136120 81092] grpc_server.cc:140: worker server started, listening on port 64589.
[2025-08-28 15:01:21,560 I 136120 81092] core_worker.cc:544: Initializing worker at address: 127.0.0.1:64589 worker_id=27f835585ddbe5cffa8498c24a6eed34ab1946fc8a405208d936c528 node_id=69c533021b8cabf883413b348b37c33423e6ea43d5b1d650cce30fd3
[2025-08-28 15:01:21,561 I 136120 81092] task_event_buffer.cc:287: Reporting task events to GCS every 1000ms.
[2025-08-28 15:01:21,562 I 136120 95952] accessor.cc:784: Received notification for node, IsAlive = 1 node_id=69c533021b8cabf883413b348b37c33423e6ea43d5b1d650cce30fd3
[2025-08-28 15:01:21,562 I 136120 95952] core_worker.cc:5148: Number of alive nodes:1
[2025-08-28 15:01:21,563 I 136120 95952] core_worker.cc:915: Event stats:


Global stats: 12 total (4 active)
Queueing time: mean = 12.875 us, max = 121.100 us, min = 6.600 us, total = 154.500 us
Execution time:  mean = 154.183 us, total = 1.850 ms
Event stats:
	PeriodicalRunner.RunFnPeriodically - 3 total (1 active, 1 running), Execution time: mean = 8.000 us, total = 24.000 us, Queueing time: mean = 42.567 us, max = 121.100 us, min = 6.600 us, total = 127.700 us
	ray::rpc::WorkerInfoGcsService.grpc_client.AddWorkerInfo.OnReplyReceived - 1 total (0 active), Execution time: mean = 18.400 us, total = 18.400 us, Queueing time: mean = 9.500 us, max = 9.500 us, min = 9.500 us, total = 9.500 us
	ray::rpc::NodeInfoGcsService.grpc_client.GetAllNodeInfo - 1 total (0 active), Execution time: mean = 341.800 us, total = 341.800 us, Queueing time: mean = 0.000 s, max = -0.000 s, min = 9223372036.855 s, total = 0.000 s
	ray::rpc::NodeInfoGcsService.grpc_client.GetAllNodeInfo.OnReplyReceived - 1 total (0 active), Execution time: mean = 74.700 us, total = 74.700 us, Queueing time: mean = 9.700 us, max = 9.700 us, min = 9.700 us, total = 9.700 us
	CoreWorker.ExitIfParentRayletDies - 1 total (1 active), Execution time: mean = 0.000 s, total = 0.000 s, Queueing time: mean = 0.000 s, max = -0.000 s, min = 9223372036.855 s, total = 0.000 s
	ray::rpc::WorkerInfoGcsService.grpc_client.AddWorkerInfo - 1 total (0 active), Execution time: mean = 593.800 us, total = 593.800 us, Queueing time: mean = 0.000 s, max = -0.000 s, min = 9223372036.855 s, total = 0.000 s
	ray::rpc::InternalPubSubGcsService.grpc_client.GcsSubscriberCommandBatch - 1 total (0 active), Execution time: mean = 659.300 us, total = 659.300 us, Queueing time: mean = 0.000 s, max = -0.000 s, min = 9223372036.855 s, total = 0.000 s
	ray::rpc::InternalPubSubGcsService.grpc_client.GcsSubscriberCommandBatch.OnReplyReceived - 1 total (0 active), Execution time: mean = 138.200 us, total = 138.200 us, Queueing time: mean = 7.600 us, max = 7.600 us, min = 7.600 us, total = 7.600 us
	Publisher.CheckDeadSubscribers - 1 total (1 active), Execution time: mean = 0.000 s, total = 0.000 s, Queueing time: mean = 0.000 s, max = -0.000 s, min = 9223372036.855 s, total = 0.000 s
	ray::rpc::InternalPubSubGcsService.grpc_client.GcsSubscriberPoll - 1 total (1 active), Execution time: mean = 0.000 s, total = 0.000 s, Queueing time: mean = 0.000 s, max = -0.000 s, min = 9223372036.855 s, total = 0.000 s

-----------------
Task execution event stats:

Global stats: 0 total (0 active)
Queueing time: mean = -nan(ind) s, max = -0.000 s, min = 9223372036.855 s, total = 0.000 s
Execution time:  mean = -nan(ind) s, total = 0.000 s
Event stats:

-----------------
Task Event stats:

IO Service Stats:

Global stats: 4 total (1 active)
Queueing time: mean = 3.625 us, max = 7.600 us, min = 6.900 us, total = 14.500 us
Execution time:  mean = 154.575 us, total = 618.300 us
Event stats:
	ray::rpc::TaskInfoGcsService.grpc_client.AddTaskEventData.OnReplyReceived - 1 total (0 active), Execution time: mean = 12.500 us, total = 12.500 us, Queueing time: mean = 6.900 us, max = 6.900 us, min = 6.900 us, total = 6.900 us
	CoreWorker.deadline_timer.flush_task_events - 1 total (1 active), Execution time: mean = 0.000 s, total = 0.000 s, Queueing time: mean = 0.000 s, max = -0.000 s, min = 9223372036.855 s, total = 0.000 s
	PeriodicalRunner.RunFnPeriodically - 1 total (0 active), Execution time: mean = 219.800 us, total = 219.800 us, Queueing time: mean = 7.600 us, max = 7.600 us, min = 7.600 us, total = 7.600 us
	ray::rpc::TaskInfoGcsService.grpc_client.AddTaskEventData - 1 total (0 active), Execution time: mean = 386.000 us, total = 386.000 us, Queueing time: mean = 0.000 s, max = -0.000 s, min = 9223372036.855 s, total = 0.000 s
Other Stats:
	grpc_in_progress:0
	current number of task status events in buffer: 0
	current number of profile events in buffer: 0
	current number of dropped task attempts tracked: 0
	total task events sent: 0 MiB
	total number of task attempts sent: 0
	total number of task attempts dropped reported: 0
	total number of sent failure: 0
	num status task events dropped: 0
	num profile task events dropped: 0


[2025-08-28 15:01:21,566 I 136120 81092] event.cc:500: Ray Event initialized for CORE_WORKER
[2025-08-28 15:01:21,566 I 136120 81092] event.cc:500: Ray Event initialized for EXPORT_TASK
[2025-08-28 15:01:21,566 I 136120 81092] event.cc:331: Set ray event level to warning
[2025-08-28 15:01:33,725 W 136120 36912] metric_exporter.cc:105: [1] Export metrics to agent failed: RpcError: RPC Error message: failed to connect to all addresses; last error: UNAVAILABLE: ipv4:127.0.0.1:65241: Connection refused; RPC Error details:  rpc_code: 14. This won't affect Ray, but you can lose metrics from the cluster.
[2025-08-28 15:02:21,569 I 136120 95952] core_worker.cc:915: Event stats:


Global stats: 831 total (8 active)
Queueing time: mean = 6.483 ms, max = 15.222 ms, min = 6.300 us, total = 5.387 s
Execution time:  mean = 77.805 us, total = 64.656 ms
Event stats:
	CoreWorker.RecoverObjects - 557 total (1 active), Execution time: mean = 8.613 us, total = 4.797 ms, Queueing time: mean = 7.901 ms, max = 14.366 ms, min = 4.267 ms, total = 4.401 s
	CoreWorker.ExitIfParentRayletDies - 60 total (1 active), Execution time: mean = 12.315 us, total = 738.900 us, Queueing time: mean = 7.154 ms, max = 15.222 ms, min = 222.700 us, total = 429.264 ms
	CoreWorker.InternalHeartbeat - 60 total (1 active), Execution time: mean = 278.075 us, total = 16.684 ms, Queueing time: mean = 7.757 ms, max = 15.008 ms, min = 331.500 us, total = 465.412 ms
	NodeManagerService.grpc_client.ReportWorkerBacklog.OnReplyReceived - 60 total (0 active), Execution time: mean = 13.508 us, total = 810.500 us, Queueing time: mean = 13.333 us, max = 82.900 us, min = 6.300 us, total = 800.000 us
	NodeManagerService.grpc_client.ReportWorkerBacklog - 60 total (0 active), Execution time: mean = 637.265 us, total = 38.236 ms, Queueing time: mean = 0.000 s, max = -0.000 s, min = 9223372036.855 s, total = 0.000 s
	CoreWorker.RecordMetrics - 12 total (1 active), Execution time: mean = 17.675 us, total = 212.100 us, Queueing time: mean = 4.187 ms, max = 12.130 ms, min = 533.000 us, total = 50.239 ms
	PeriodicalRunner.RunFnPeriodically - 7 total (0 active), Execution time: mean = 190.457 us, total = 1.333 ms, Queueing time: mean = 311.114 us, max = 1.026 ms, min = 6.600 us, total = 2.178 ms
	CoreWorker.TryDelPendingObjectRefStreams - 6 total (1 active), Execution time: mean = 2.933 us, total = 17.600 us, Queueing time: mean = 6.377 ms, max = 9.979 ms, min = 4.974 ms, total = 38.260 ms
	ray::rpc::WorkerInfoGcsService.grpc_client.AddWorkerInfo.OnReplyReceived - 1 total (0 active), Execution time: mean = 18.400 us, total = 18.400 us, Queueing time: mean = 9.500 us, max = 9.500 us, min = 9.500 us, total = 9.500 us
	ray::rpc::InternalPubSubGcsService.grpc_client.GcsSubscriberPoll - 1 total (1 active), Execution time: mean = 0.000 s, total = 0.000 s, Queueing time: mean = 0.000 s, max = -0.000 s, min = 9223372036.855 s, total = 0.000 s
	CoreWorker.PrintEventStats - 1 total (1 active, 1 running), Execution time: mean = 0.000 s, total = 0.000 s, Queueing time: mean = 0.000 s, max = -0.000 s, min = 9223372036.855 s, total = 0.000 s
	ray::rpc::InternalPubSubGcsService.grpc_client.GcsSubscriberCommandBatch.OnReplyReceived - 1 total (0 active), Execution time: mean = 138.200 us, total = 138.200 us, Queueing time: mean = 7.600 us, max = 7.600 us, min = 7.600 us, total = 7.600 us
	ray::rpc::WorkerInfoGcsService.grpc_client.AddWorkerInfo - 1 total (0 active), Execution time: mean = 593.800 us, total = 593.800 us, Queueing time: mean = 0.000 s, max = -0.000 s, min = 9223372036.855 s, total = 0.000 s
	ray::rpc::NodeInfoGcsService.grpc_client.GetAllNodeInfo - 1 total (0 active), Execution time: mean = 341.800 us, total = 341.800 us, Queueing time: mean = 0.000 s, max = -0.000 s, min = 9223372036.855 s, total = 0.000 s
	ray::rpc::NodeInfoGcsService.grpc_client.GetAllNodeInfo.OnReplyReceived - 1 total (0 active), Execution time: mean = 74.700 us, total = 74.700 us, Queueing time: mean = 9.700 us, max = 9.700 us, min = 9.700 us, total = 9.700 us
	ray::rpc::InternalPubSubGcsService.grpc_client.GcsSubscriberCommandBatch - 1 total (0 active), Execution time: mean = 659.300 us, total = 659.300 us, Queueing time: mean = 0.000 s, max = -0.000 s, min = 9223372036.855 s, total = 0.000 s
	Publisher.CheckDeadSubscribers - 1 total (1 active), Execution time: mean = 0.000 s, total = 0.000 s, Queueing time: mean = 0.000 s, max = -0.000 s, min = 9223372036.855 s, total = 0.000 s

-----------------
Task execution event stats:

Global stats: 3894 total (1 active)
Queueing time: mean = 5.405 ms, max = 11.276 ms, min = 2.600 us, total = 21.049 s
Execution time:  mean = 12.051 us, total = 46.928 ms
Event stats:
	CoreWorker.CheckSignal - 3893 total (1 active), Execution time: mean = 12.052 us, total = 46.918 ms, Queueing time: mean = 5.407 ms, max = 11.276 ms, min = 1.275 ms, total = 21.049 s
	PeriodicalRunner.RunFnPeriodically - 1 total (0 active), Execution time: mean = 10.800 us, total = 10.800 us, Queueing time: mean = 2.600 us, max = 2.600 us, min = 2.600 us, total = 2.600 us

-----------------
Task Event stats:

IO Service Stats:

Global stats: 181 total (1 active)
Queueing time: mean = 2.604 ms, max = 15.206 ms, min = 6.100 us, total = 471.340 ms
Execution time:  mean = 279.486 us, total = 50.587 ms
Event stats:
	ray::rpc::TaskInfoGcsService.grpc_client.AddTaskEventData.OnReplyReceived - 60 total (0 active), Execution time: mean = 20.143 us, total = 1.209 ms, Queueing time: mean = 26.693 us, max = 177.100 us, min = 6.100 us, total = 1.602 ms
	CoreWorker.deadline_timer.flush_task_events - 60 total (1 active), Execution time: mean = 282.172 us, total = 16.930 ms, Queueing time: mean = 7.829 ms, max = 15.206 ms, min = 155.400 us, total = 469.731 ms
	ray::rpc::TaskInfoGcsService.grpc_client.AddTaskEventData - 60 total (0 active), Execution time: mean = 537.137 us, total = 32.228 ms, Queueing time: mean = 0.000 s, max = -0.000 s, min = 9223372036.855 s, total = 0.000 s
	PeriodicalRunner.RunFnPeriodically - 1 total (0 active), Execution time: mean = 219.800 us, total = 219.800 us, Queueing time: mean = 7.600 us, max = 7.600 us, min = 7.600 us, total = 7.600 us
Other Stats:
	grpc_in_progress:0
	current number of task status events in buffer: 0
	current number of profile events in buffer: 0
	current number of dropped task attempts tracked: 0
	total task events sent: 0 MiB
	total number of task attempts sent: 0
	total number of task attempts dropped reported: 0
	total number of sent failure: 0
	num status task events dropped: 0
	num profile task events dropped: 0


[2025-08-28 15:03:21,582 I 136120 95952] core_worker.cc:915: Event stats:


Global stats: 1646 total (8 active)
Queueing time: mean = 6.666 ms, max = 15.732 ms, min = -0.000 s, total = 10.972 s
Execution time:  mean = 79.782 us, total = 131.322 ms
Event stats:
	CoreWorker.RecoverObjects - 1113 total (1 active), Execution time: mean = 8.724 us, total = 9.710 ms, Queueing time: mean = 7.903 ms, max = 14.366 ms, min = 2.340 ms, total = 8.796 s
	CoreWorker.ExitIfParentRayletDies - 120 total (1 active), Execution time: mean = 12.396 us, total = 1.488 ms, Queueing time: mean = 8.154 ms, max = 15.732 ms, min = 59.600 us, total = 978.439 ms
	CoreWorker.InternalHeartbeat - 120 total (1 active), Execution time: mean = 280.572 us, total = 33.669 ms, Queueing time: mean = 7.805 ms, max = 15.305 ms, min = -0.000 s, total = 936.647 ms
	NodeManagerService.grpc_client.ReportWorkerBacklog.OnReplyReceived - 120 total (0 active), Execution time: mean = 14.397 us, total = 1.728 ms, Queueing time: mean = 22.097 us, max = 604.800 us, min = 4.700 us, total = 2.652 ms
	NodeManagerService.grpc_client.ReportWorkerBacklog - 120 total (0 active), Execution time: mean = 670.607 us, total = 80.473 ms, Queueing time: mean = 0.000 s, max = -0.000 s, min = 9223372036.855 s, total = 0.000 s
	CoreWorker.RecordMetrics - 24 total (1 active), Execution time: mean = 30.137 us, total = 723.300 us, Queueing time: mean = 6.457 ms, max = 14.762 ms, min = 533.000 us, total = 154.972 ms
	CoreWorker.TryDelPendingObjectRefStreams - 12 total (1 active), Execution time: mean = 4.075 us, total = 48.900 us, Queueing time: mean = 8.040 ms, max = 14.536 ms, min = 578.900 us, total = 96.486 ms
	PeriodicalRunner.RunFnPeriodically - 7 total (0 active), Execution time: mean = 190.457 us, total = 1.333 ms, Queueing time: mean = 311.114 us, max = 1.026 ms, min = 6.600 us, total = 2.178 ms
	CoreWorker.PrintEventStats - 2 total (1 active, 1 running), Execution time: mean = 161.650 us, total = 323.300 us, Queueing time: mean = 2.427 ms, max = 4.855 ms, min = 4.855 ms, total = 4.855 ms
	ray::rpc::WorkerInfoGcsService.grpc_client.AddWorkerInfo.OnReplyReceived - 1 total (0 active), Execution time: mean = 18.400 us, total = 18.400 us, Queueing time: mean = 9.500 us, max = 9.500 us, min = 9.500 us, total = 9.500 us
	ray::rpc::InternalPubSubGcsService.grpc_client.GcsSubscriberPoll - 1 total (1 active), Execution time: mean = 0.000 s, total = 0.000 s, Queueing time: mean = 0.000 s, max = -0.000 s, min = 9223372036.855 s, total = 0.000 s
	ray::rpc::InternalPubSubGcsService.grpc_client.GcsSubscriberCommandBatch.OnReplyReceived - 1 total (0 active), Execution time: mean = 138.200 us, total = 138.200 us, Queueing time: mean = 7.600 us, max = 7.600 us, min = 7.600 us, total = 7.600 us
	ray::rpc::WorkerInfoGcsService.grpc_client.AddWorkerInfo - 1 total (0 active), Execution time: mean = 593.800 us, total = 593.800 us, Queueing time: mean = 0.000 s, max = -0.000 s, min = 9223372036.855 s, total = 0.000 s
	ray::rpc::NodeInfoGcsService.grpc_client.GetAllNodeInfo - 1 total (0 active), Execution time: mean = 341.800 us, total = 341.800 us, Queueing time: mean = 0.000 s, max = -0.000 s, min = 9223372036.855 s, total = 0.000 s
	ray::rpc::NodeInfoGcsService.grpc_client.GetAllNodeInfo.OnReplyReceived - 1 total (0 active), Execution time: mean = 74.700 us, total = 74.700 us, Queueing time: mean = 9.700 us, max = 9.700 us, min = 9.700 us, total = 9.700 us
	ray::rpc::InternalPubSubGcsService.grpc_client.GcsSubscriberCommandBatch - 1 total (0 active), Execution time: mean = 659.300 us, total = 659.300 us, Queueing time: mean = 0.000 s, max = -0.000 s, min = 9223372036.855 s, total = 0.000 s
	Publisher.CheckDeadSubscribers - 1 total (1 active), Execution time: mean = 0.000 s, total = 0.000 s, Queueing time: mean = 0.000 s, max = -0.000 s, min = 9223372036.855 s, total = 0.000 s

-----------------
Task execution event stats:

Global stats: 7781 total (1 active)
Queueing time: mean = 5.416 ms, max = 22.564 ms, min = 2.600 us, total = 42.146 s
Execution time:  mean = 11.799 us, total = 91.809 ms
Event stats:
	CoreWorker.CheckSignal - 7780 total (1 active), Execution time: mean = 11.799 us, total = 91.799 ms, Queueing time: mean = 5.417 ms, max = 22.564 ms, min = 1.275 ms, total = 42.146 s
	PeriodicalRunner.RunFnPeriodically - 1 total (0 active), Execution time: mean = 10.800 us, total = 10.800 us, Queueing time: mean = 2.600 us, max = 2.600 us, min = 2.600 us, total = 2.600 us

-----------------
Task Event stats:

IO Service Stats:

Global stats: 361 total (1 active)
Queueing time: mean = 2.666 ms, max = 15.206 ms, min = -0.000 s, total = 962.403 ms
Execution time:  mean = 290.909 us, total = 105.018 ms
Event stats:
	ray::rpc::TaskInfoGcsService.grpc_client.AddTaskEventData.OnReplyReceived - 120 total (0 active), Execution time: mean = 19.247 us, total = 2.310 ms, Queueing time: mean = 48.623 us, max = 2.487 ms, min = 5.000 us, total = 5.835 ms
	CoreWorker.deadline_timer.flush_task_events - 120 total (1 active), Execution time: mean = 288.796 us, total = 34.656 ms, Queueing time: mean = 7.971 ms, max = 15.206 ms, min = -0.000 s, total = 956.561 ms
	ray::rpc::TaskInfoGcsService.grpc_client.AddTaskEventData - 120 total (0 active), Execution time: mean = 565.277 us, total = 67.833 ms, Queueing time: mean = 0.000 s, max = -0.000 s, min = 9223372036.855 s, total = 0.000 s
	PeriodicalRunner.RunFnPeriodically - 1 total (0 active), Execution time: mean = 219.800 us, total = 219.800 us, Queueing time: mean = 7.600 us, max = 7.600 us, min = 7.600 us, total = 7.600 us
Other Stats:
	grpc_in_progress:0
	current number of task status events in buffer: 0
	current number of profile events in buffer: 0
	current number of dropped task attempts tracked: 0
	total task events sent: 0 MiB
	total number of task attempts sent: 0
	total number of task attempts dropped reported: 0
	total number of sent failure: 0
	num status task events dropped: 0
	num profile task events dropped: 0


[2025-08-28 15:04:14,354 I 136120 81092] actor_task_submitter.cc:73: Set actor max pending calls to -1 actor_id=9058ad23128c5e618924ca2801000000
[2025-08-28 15:04:14,354 I 136120 81092] core_worker.cc:3405: Creating actor actor_id=9058ad23128c5e618924ca2801000000
[2025-08-28 15:04:14,434 I 136120 81092] task_receiver.cc:160: Actor creation task finished, task_id: ffffffffffffffff9058ad23128c5e618924ca2801000000, actor_id: 9058ad23128c5e618924ca2801000000, actor_repr_name: 
[2025-08-28 15:04:14,438 I 136120 81092] out_of_order_actor_scheduling_queue.cc:48: Setting actor as asyncio with max_concurrency=1000, and defined concurrency groups are:

[2025-08-28 15:04:21,595 I 136120 95952] core_worker.cc:915: Event stats:


Global stats: 2479 total (8 active)
Queueing time: mean = 6.651 ms, max = 15.732 ms, min = -0.001 s, total = 16.489 s
Execution time:  mean = 115.320 us, total = 285.877 ms
Event stats:
	CoreWorker.RecoverObjects - 1669 total (1 active), Execution time: mean = 9.155 us, total = 15.280 ms, Queueing time: mean = 7.876 ms, max = 14.366 ms, min = 2.340 ms, total = 13.145 s
	CoreWorker.ExitIfParentRayletDies - 179 total (1 active), Execution time: mean = 11.277 us, total = 2.018 ms, Queueing time: mean = 8.268 ms, max = 15.732 ms, min = -0.001 s, total = 1.480 s
	CoreWorker.InternalHeartbeat - 179 total (1 active), Execution time: mean = 292.139 us, total = 52.293 ms, Queueing time: mean = 7.932 ms, max = 15.305 ms, min = -0.001 s, total = 1.420 s
	NodeManagerService.grpc_client.ReportWorkerBacklog.OnReplyReceived - 179 total (0 active), Execution time: mean = 15.760 us, total = 2.821 ms, Queueing time: mean = 19.058 us, max = 604.800 us, min = 4.700 us, total = 3.411 ms
	NodeManagerService.grpc_client.ReportWorkerBacklog - 179 total (0 active), Execution time: mean = 648.571 us, total = 116.094 ms, Queueing time: mean = 0.000 s, max = -0.000 s, min = 9223372036.855 s, total = 0.000 s
	CoreWorker.RecordMetrics - 36 total (1 active), Execution time: mean = 48.433 us, total = 1.744 ms, Queueing time: mean = 7.708 ms, max = 14.762 ms, min = 533.000 us, total = 277.474 ms
	CoreWorker.TryDelPendingObjectRefStreams - 18 total (1 active), Execution time: mean = 4.417 us, total = 79.500 us, Queueing time: mean = 7.978 ms, max = 14.536 ms, min = 578.900 us, total = 143.600 ms
	CoreWorkerService.grpc_server.PushTask.HandleRequestImpl - 11 total (0 active), Execution time: mean = 23.145 us, total = 254.600 us, Queueing time: mean = 11.027 us, max = 15.900 us, min = 7.600 us, total = 121.300 us
	CoreWorkerService.grpc_server.PushTask - 11 total (0 active), Execution time: mean = 8.296 ms, total = 91.258 ms, Queueing time: mean = 0.000 s, max = -0.000 s, min = 9223372036.855 s, total = 0.000 s
	PeriodicalRunner.RunFnPeriodically - 7 total (0 active), Execution time: mean = 190.457 us, total = 1.333 ms, Queueing time: mean = 311.114 us, max = 1.026 ms, min = 6.600 us, total = 2.178 ms
	CoreWorker.PrintEventStats - 3 total (1 active, 1 running), Execution time: mean = 291.900 us, total = 875.700 us, Queueing time: mean = 5.859 ms, max = 12.722 ms, min = 4.855 ms, total = 17.577 ms
	ray::rpc::WorkerInfoGcsService.grpc_client.AddWorkerInfo.OnReplyReceived - 1 total (0 active), Execution time: mean = 18.400 us, total = 18.400 us, Queueing time: mean = 9.500 us, max = 9.500 us, min = 9.500 us, total = 9.500 us
	ray::rpc::InternalPubSubGcsService.grpc_client.GcsSubscriberPoll - 1 total (1 active), Execution time: mean = 0.000 s, total = 0.000 s, Queueing time: mean = 0.000 s, max = -0.000 s, min = 9223372036.855 s, total = 0.000 s
	ray::rpc::InternalPubSubGcsService.grpc_client.GcsSubscriberCommandBatch.OnReplyReceived - 1 total (0 active), Execution time: mean = 138.200 us, total = 138.200 us, Queueing time: mean = 7.600 us, max = 7.600 us, min = 7.600 us, total = 7.600 us
	ray::rpc::WorkerInfoGcsService.grpc_client.AddWorkerInfo - 1 total (0 active), Execution time: mean = 593.800 us, total = 593.800 us, Queueing time: mean = 0.000 s, max = -0.000 s, min = 9223372036.855 s, total = 0.000 s
	ray::rpc::NodeInfoGcsService.grpc_client.GetAllNodeInfo - 1 total (0 active), Execution time: mean = 341.800 us, total = 341.800 us, Queueing time: mean = 0.000 s, max = -0.000 s, min = 9223372036.855 s, total = 0.000 s
	ray::rpc::NodeInfoGcsService.grpc_client.GetAllNodeInfo.OnReplyReceived - 1 total (0 active), Execution time: mean = 74.700 us, total = 74.700 us, Queueing time: mean = 9.700 us, max = 9.700 us, min = 9.700 us, total = 9.700 us
	ray::rpc::InternalPubSubGcsService.grpc_client.GcsSubscriberCommandBatch - 1 total (0 active), Execution time: mean = 659.300 us, total = 659.300 us, Queueing time: mean = 0.000 s, max = -0.000 s, min = 9223372036.855 s, total = 0.000 s
	Publisher.CheckDeadSubscribers - 1 total (1 active), Execution time: mean = 0.000 s, total = 0.000 s, Queueing time: mean = 0.000 s, max = -0.000 s, min = 9223372036.855 s, total = 0.000 s

-----------------
Task execution event stats:

Global stats: 11683 total (1 active)
Queueing time: mean = 5.411 ms, max = 72.515 ms, min = 2.600 us, total = 63.213 s
Execution time:  mean = 19.044 us, total = 222.488 ms
Event stats:
	CoreWorker.CheckSignal - 11671 total (1 active), Execution time: mean = 12.100 us, total = 141.224 ms, Queueing time: mean = 5.416 ms, max = 72.515 ms, min = 1.275 ms, total = 63.213 s
	CoreWorker.HandlePushTaskActor - 10 total (0 active), Execution time: mean = 38.850 us, total = 388.500 us, Queueing time: mean = 8.760 us, max = 10.000 us, min = 7.400 us, total = 87.600 us
	PeriodicalRunner.RunFnPeriodically - 1 total (0 active), Execution time: mean = 10.800 us, total = 10.800 us, Queueing time: mean = 2.600 us, max = 2.600 us, min = 2.600 us, total = 2.600 us
	CoreWorker.HandlePushTask - 1 total (0 active), Execution time: mean = 80.865 ms, total = 80.865 ms, Queueing time: mean = 10.300 us, max = 10.300 us, min = 10.300 us, total = 10.300 us

-----------------
Task Event stats:

IO Service Stats:

Global stats: 538 total (1 active)
Queueing time: mean = 2.749 ms, max = 15.209 ms, min = -0.000 s, total = 1.479 s
Execution time:  mean = 293.178 us, total = 157.730 ms
Event stats:
	ray::rpc::TaskInfoGcsService.grpc_client.AddTaskEventData.OnReplyReceived - 179 total (0 active), Execution time: mean = 19.852 us, total = 3.554 ms, Queueing time: mean = 40.336 us, max = 2.487 ms, min = 5.000 us, total = 7.220 ms
	CoreWorker.deadline_timer.flush_task_events - 179 total (1 active), Execution time: mean = 294.842 us, total = 52.777 ms, Queueing time: mean = 8.221 ms, max = 15.209 ms, min = -0.000 s, total = 1.472 s
	ray::rpc::TaskInfoGcsService.grpc_client.AddTaskEventData - 179 total (0 active), Execution time: mean = 565.249 us, total = 101.180 ms, Queueing time: mean = 0.000 s, max = -0.000 s, min = 9223372036.855 s, total = 0.000 s
	PeriodicalRunner.RunFnPeriodically - 1 total (0 active), Execution time: mean = 219.800 us, total = 219.800 us, Queueing time: mean = 7.600 us, max = 7.600 us, min = 7.600 us, total = 7.600 us
Other Stats:
	grpc_in_progress:0
	current number of task status events in buffer: 0
	current number of profile events in buffer: 0
	current number of dropped task attempts tracked: 0
	total task events sent: 0.004179 MiB
	total number of task attempts sent: 11
	total number of task attempts dropped reported: 0
	total number of sent failure: 0
	num status task events dropped: 0
	num profile task events dropped: 0


[2025-08-28 15:05:21,599 I 136120 95952] core_worker.cc:915: Event stats:


Global stats: 3355 total (8 active)
Queueing time: mean = 6.556 ms, max = 15.732 ms, min = -0.001 s, total = 21.995 s
Execution time:  mean = 121.412 us, total = 407.339 ms
Event stats:
	CoreWorker.RecoverObjects - 2226 total (1 active), Execution time: mean = 9.538 us, total = 21.231 ms, Queueing time: mean = 7.872 ms, max = 14.366 ms, min = 2.340 ms, total = 17.522 s
	CoreWorker.ExitIfParentRayletDies - 239 total (1 active), Execution time: mean = 11.280 us, total = 2.696 ms, Queueing time: mean = 8.214 ms, max = 15.732 ms, min = -0.001 s, total = 1.963 s
	CoreWorker.InternalHeartbeat - 239 total (1 active), Execution time: mean = 288.575 us, total = 68.969 ms, Queueing time: mean = 7.897 ms, max = 15.305 ms, min = -0.001 s, total = 1.887 s
	NodeManagerService.grpc_client.ReportWorkerBacklog.OnReplyReceived - 239 total (0 active), Execution time: mean = 15.730 us, total = 3.759 ms, Queueing time: mean = 17.007 us, max = 604.800 us, min = 4.700 us, total = 4.065 ms
	NodeManagerService.grpc_client.ReportWorkerBacklog - 239 total (0 active), Execution time: mean = 759.380 us, total = 181.492 ms, Queueing time: mean = 0.000 s, max = -0.000 s, min = 9223372036.855 s, total = 0.000 s
	CoreWorker.RecordMetrics - 48 total (1 active), Execution time: mean = 56.525 us, total = 2.713 ms, Queueing time: mean = 8.033 ms, max = 14.807 ms, min = 533.000 us, total = 385.579 ms
	CoreWorkerService.grpc_server.PushTask.HandleRequestImpl - 41 total (0 active), Execution time: mean = 18.412 us, total = 754.900 us, Queueing time: mean = 10.883 us, max = 15.900 us, min = 7.600 us, total = 446.200 us
	CoreWorkerService.grpc_server.PushTask - 41 total (0 active), Execution time: mean = 2.954 ms, total = 121.101 ms, Queueing time: mean = 0.000 s, max = -0.000 s, min = 9223372036.855 s, total = 0.000 s
	CoreWorker.TryDelPendingObjectRefStreams - 24 total (1 active), Execution time: mean = 4.487 us, total = 107.700 us, Queueing time: mean = 8.306 ms, max = 14.536 ms, min = 578.900 us, total = 199.334 ms
	PeriodicalRunner.RunFnPeriodically - 7 total (0 active), Execution time: mean = 190.457 us, total = 1.333 ms, Queueing time: mean = 311.114 us, max = 1.026 ms, min = 6.600 us, total = 2.178 ms
	CoreWorker.PrintEventStats - 4 total (1 active, 1 running), Execution time: mean = 338.850 us, total = 1.355 ms, Queueing time: mean = 7.504 ms, max = 12.722 ms, min = 4.855 ms, total = 30.018 ms
	ray::rpc::WorkerInfoGcsService.grpc_client.AddWorkerInfo.OnReplyReceived - 1 total (0 active), Execution time: mean = 18.400 us, total = 18.400 us, Queueing time: mean = 9.500 us, max = 9.500 us, min = 9.500 us, total = 9.500 us
	ray::rpc::InternalPubSubGcsService.grpc_client.GcsSubscriberPoll - 1 total (1 active), Execution time: mean = 0.000 s, total = 0.000 s, Queueing time: mean = 0.000 s, max = -0.000 s, min = 9223372036.855 s, total = 0.000 s
	ray::rpc::InternalPubSubGcsService.grpc_client.GcsSubscriberCommandBatch.OnReplyReceived - 1 total (0 active), Execution time: mean = 138.200 us, total = 138.200 us, Queueing time: mean = 7.600 us, max = 7.600 us, min = 7.600 us, total = 7.600 us
	ray::rpc::WorkerInfoGcsService.grpc_client.AddWorkerInfo - 1 total (0 active), Execution time: mean = 593.800 us, total = 593.800 us, Queueing time: mean = 0.000 s, max = -0.000 s, min = 9223372036.855 s, total = 0.000 s
	ray::rpc::NodeInfoGcsService.grpc_client.GetAllNodeInfo - 1 total (0 active), Execution time: mean = 341.800 us, total = 341.800 us, Queueing time: mean = 0.000 s, max = -0.000 s, min = 9223372036.855 s, total = 0.000 s
	ray::rpc::NodeInfoGcsService.grpc_client.GetAllNodeInfo.OnReplyReceived - 1 total (0 active), Execution time: mean = 74.700 us, total = 74.700 us, Queueing time: mean = 9.700 us, max = 9.700 us, min = 9.700 us, total = 9.700 us
	ray::rpc::InternalPubSubGcsService.grpc_client.GcsSubscriberCommandBatch - 1 total (0 active), Execution time: mean = 659.300 us, total = 659.300 us, Queueing time: mean = 0.000 s, max = -0.000 s, min = 9223372036.855 s, total = 0.000 s
	Publisher.CheckDeadSubscribers - 1 total (1 active), Execution time: mean = 0.000 s, total = 0.000 s, Queueing time: mean = 0.000 s, max = -0.000 s, min = 9223372036.855 s, total = 0.000 s

-----------------
Task execution event stats:

Global stats: 15607 total (1 active)
Queueing time: mean = 5.399 ms, max = 72.515 ms, min = 2.600 us, total = 84.258 s
Execution time:  mean = 17.459 us, total = 272.486 ms
Event stats:
	CoreWorker.CheckSignal - 15565 total (1 active), Execution time: mean = 12.173 us, total = 189.469 ms, Queueing time: mean = 5.413 ms, max = 72.515 ms, min = 1.164 ms, total = 84.258 s
	CoreWorker.HandlePushTaskActor - 40 total (0 active), Execution time: mean = 53.542 us, total = 2.142 ms, Queueing time: mean = 8.460 us, max = 11.900 us, min = 2.600 us, total = 338.400 us
	PeriodicalRunner.RunFnPeriodically - 1 total (0 active), Execution time: mean = 10.800 us, total = 10.800 us, Queueing time: mean = 2.600 us, max = 2.600 us, min = 2.600 us, total = 2.600 us
	CoreWorker.HandlePushTask - 1 total (0 active), Execution time: mean = 80.865 ms, total = 80.865 ms, Queueing time: mean = 10.300 us, max = 10.300 us, min = 10.300 us, total = 10.300 us

-----------------
Task Event stats:

IO Service Stats:

Global stats: 715 total (1 active)
Queueing time: mean = 2.762 ms, max = 15.473 ms, min = -0.000 s, total = 1.975 s
Execution time:  mean = 297.825 us, total = 212.945 ms
Event stats:
	ray::rpc::TaskInfoGcsService.grpc_client.AddTaskEventData.OnReplyReceived - 238 total (0 active), Execution time: mean = 19.357 us, total = 4.607 ms, Queueing time: mean = 38.939 us, max = 2.487 ms, min = 5.000 us, total = 9.268 ms
	CoreWorker.deadline_timer.flush_task_events - 238 total (1 active), Execution time: mean = 297.669 us, total = 70.845 ms, Queueing time: mean = 8.258 ms, max = 15.473 ms, min = -0.000 s, total = 1.965 s
	ray::rpc::TaskInfoGcsService.grpc_client.AddTaskEventData - 238 total (0 active), Execution time: mean = 576.778 us, total = 137.273 ms, Queueing time: mean = 0.000 s, max = -0.000 s, min = 9223372036.855 s, total = 0.000 s
	PeriodicalRunner.RunFnPeriodically - 1 total (0 active), Execution time: mean = 219.800 us, total = 219.800 us, Queueing time: mean = 7.600 us, max = 7.600 us, min = 7.600 us, total = 7.600 us
Other Stats:
	grpc_in_progress:0
	current number of task status events in buffer: 4
	current number of profile events in buffer: 8
	current number of dropped task attempts tracked: 0
	total task events sent: 0.0150509 MiB
	total number of task attempts sent: 41
	total number of task attempts dropped reported: 0
	total number of sent failure: 0
	num status task events dropped: 0
	num profile task events dropped: 0


[2025-08-28 15:06:21,612 I 136120 95952] core_worker.cc:915: Event stats:


Global stats: 4218 total (8 active)
Queueing time: mean = 6.499 ms, max = 15.797 ms, min = -0.001 s, total = 27.414 s
Execution time:  mean = 136.054 us, total = 573.875 ms
Event stats:
	CoreWorker.RecoverObjects - 2781 total (1 active), Execution time: mean = 9.668 us, total = 26.888 ms, Queueing time: mean = 7.889 ms, max = 14.511 ms, min = 2.340 ms, total = 21.938 s
	CoreWorker.ExitIfParentRayletDies - 298 total (1 active), Execution time: mean = 11.335 us, total = 3.378 ms, Queueing time: mean = 8.017 ms, max = 15.797 ms, min = -0.001 s, total = 2.389 s
	CoreWorker.InternalHeartbeat - 298 total (1 active), Execution time: mean = 287.112 us, total = 85.559 ms, Queueing time: mean = 7.709 ms, max = 15.325 ms, min = -0.001 s, total = 2.297 s
	NodeManagerService.grpc_client.ReportWorkerBacklog.OnReplyReceived - 298 total (0 active), Execution time: mean = 15.809 us, total = 4.711 ms, Queueing time: mean = 15.962 us, max = 604.800 us, min = 4.700 us, total = 4.757 ms
	NodeManagerService.grpc_client.ReportWorkerBacklog - 298 total (0 active), Execution time: mean = 1.005 ms, total = 299.430 ms, Queueing time: mean = 0.000 s, max = -0.000 s, min = 9223372036.855 s, total = 0.000 s
	CoreWorkerService.grpc_server.PushTask.HandleRequestImpl - 67 total (0 active), Execution time: mean = 17.449 us, total = 1.169 ms, Queueing time: mean = 10.654 us, max = 17.800 us, min = 7.600 us, total = 713.800 us
	CoreWorkerService.grpc_server.PushTask - 67 total (0 active), Execution time: mean = 2.150 ms, total = 144.031 ms, Queueing time: mean = 0.000 s, max = -0.000 s, min = 9223372036.855 s, total = 0.000 s
	CoreWorker.RecordMetrics - 60 total (1 active), Execution time: mean = 60.160 us, total = 3.610 ms, Queueing time: mean = 8.216 ms, max = 14.909 ms, min = 379.300 us, total = 492.970 ms
	CoreWorker.TryDelPendingObjectRefStreams - 30 total (1 active), Execution time: mean = 5.217 us, total = 156.500 us, Queueing time: mean = 8.398 ms, max = 14.536 ms, min = 578.900 us, total = 251.941 ms
	PeriodicalRunner.RunFnPeriodically - 7 total (0 active), Execution time: mean = 190.457 us, total = 1.333 ms, Queueing time: mean = 311.114 us, max = 1.026 ms, min = 6.600 us, total = 2.178 ms
	CoreWorker.PrintEventStats - 5 total (1 active, 1 running), Execution time: mean = 355.880 us, total = 1.779 ms, Queueing time: mean = 6.826 ms, max = 12.722 ms, min = 4.114 ms, total = 34.132 ms
	Publisher.CheckDeadSubscribers - 2 total (1 active), Execution time: mean = 2.150 us, total = 4.300 us, Queueing time: mean = 1.514 ms, max = 3.028 ms, min = 3.028 ms, total = 3.028 ms
	ray::rpc::WorkerInfoGcsService.grpc_client.AddWorkerInfo.OnReplyReceived - 1 total (0 active), Execution time: mean = 18.400 us, total = 18.400 us, Queueing time: mean = 9.500 us, max = 9.500 us, min = 9.500 us, total = 9.500 us
	ray::rpc::InternalPubSubGcsService.grpc_client.GcsSubscriberPoll - 1 total (1 active), Execution time: mean = 0.000 s, total = 0.000 s, Queueing time: mean = 0.000 s, max = -0.000 s, min = 9223372036.855 s, total = 0.000 s
	ray::rpc::InternalPubSubGcsService.grpc_client.GcsSubscriberCommandBatch.OnReplyReceived - 1 total (0 active), Execution time: mean = 138.200 us, total = 138.200 us, Queueing time: mean = 7.600 us, max = 7.600 us, min = 7.600 us, total = 7.600 us
	ray::rpc::WorkerInfoGcsService.grpc_client.AddWorkerInfo - 1 total (0 active), Execution time: mean = 593.800 us, total = 593.800 us, Queueing time: mean = 0.000 s, max = -0.000 s, min = 9223372036.855 s, total = 0.000 s
	ray::rpc::NodeInfoGcsService.grpc_client.GetAllNodeInfo - 1 total (0 active), Execution time: mean = 341.800 us, total = 341.800 us, Queueing time: mean = 0.000 s, max = -0.000 s, min = 9223372036.855 s, total = 0.000 s
	ray::rpc::NodeInfoGcsService.grpc_client.GetAllNodeInfo.OnReplyReceived - 1 total (0 active), Execution time: mean = 74.700 us, total = 74.700 us, Queueing time: mean = 9.700 us, max = 9.700 us, min = 9.700 us, total = 9.700 us
	ray::rpc::InternalPubSubGcsService.grpc_client.GcsSubscriberCommandBatch - 1 total (0 active), Execution time: mean = 659.300 us, total = 659.300 us, Queueing time: mean = 0.000 s, max = -0.000 s, min = 9223372036.855 s, total = 0.000 s

-----------------
Task execution event stats:

Global stats: 19522 total (1 active)
Queueing time: mean = 5.396 ms, max = 72.515 ms, min = 2.600 us, total = 105.345 s
Execution time:  mean = 16.544 us, total = 322.973 ms
Event stats:
	CoreWorker.CheckSignal - 19454 total (1 active), Execution time: mean = 12.291 us, total = 239.116 ms, Queueing time: mean = 5.415 ms, max = 72.515 ms, min = 1.164 ms, total = 105.344 s
	CoreWorker.HandlePushTaskActor - 66 total (0 active), Execution time: mean = 45.168 us, total = 2.981 ms, Queueing time: mean = 8.668 us, max = 19.100 us, min = 2.600 us, total = 572.100 us
	PeriodicalRunner.RunFnPeriodically - 1 total (0 active), Execution time: mean = 10.800 us, total = 10.800 us, Queueing time: mean = 2.600 us, max = 2.600 us, min = 2.600 us, total = 2.600 us
	CoreWorker.HandlePushTask - 1 total (0 active), Execution time: mean = 80.865 ms, total = 80.865 ms, Queueing time: mean = 10.300 us, max = 10.300 us, min = 10.300 us, total = 10.300 us

-----------------
Task Event stats:

IO Service Stats:

Global stats: 895 total (1 active)
Queueing time: mean = 2.717 ms, max = 15.998 ms, min = -0.000 s, total = 2.432 s
Execution time:  mean = 299.178 us, total = 267.764 ms
Event stats:
	ray::rpc::TaskInfoGcsService.grpc_client.AddTaskEventData.OnReplyReceived - 298 total (0 active), Execution time: mean = 19.072 us, total = 5.684 ms, Queueing time: mean = 39.730 us, max = 2.487 ms, min = 4.600 us, total = 11.839 ms
	CoreWorker.deadline_timer.flush_task_events - 298 total (1 active), Execution time: mean = 302.729 us, total = 90.213 ms, Queueing time: mean = 8.122 ms, max = 15.998 ms, min = -0.000 s, total = 2.420 s
	ray::rpc::TaskInfoGcsService.grpc_client.AddTaskEventData - 298 total (0 active), Execution time: mean = 575.999 us, total = 171.648 ms, Queueing time: mean = 0.000 s, max = -0.000 s, min = 9223372036.855 s, total = 0.000 s
	PeriodicalRunner.RunFnPeriodically - 1 total (0 active), Execution time: mean = 219.800 us, total = 219.800 us, Queueing time: mean = 7.600 us, max = 7.600 us, min = 7.600 us, total = 7.600 us
Other Stats:
	grpc_in_progress:0
	current number of task status events in buffer: 2
	current number of profile events in buffer: 4
	current number of dropped task attempts tracked: 0
	total task events sent: 0.0253763 MiB
	total number of task attempts sent: 68
	total number of task attempts dropped reported: 0
	total number of sent failure: 0
	num status task events dropped: 0
	num profile task events dropped: 0


