[2025-08-28 15:01:21,528 I 132764 125240] core_worker_process.cc:192: Constructing CoreWorkerProcess. pid: 132764
[2025-08-28 15:01:21,532 I 132764 125240] io_service_pool.cc:37: IOServicePool is running with 1 io_service.
[2025-08-28 15:01:21,536 I 132764 125240] grpc_server.cc:140: worker server started, listening on port 64574.
[2025-08-28 15:01:21,537 I 132764 125240] core_worker.cc:544: Initializing worker at address: 127.0.0.1:64574 worker_id=d168185bb1564b2ba133dd06febf51e237336bd348f9fe71474e2c79 node_id=69c533021b8cabf883413b348b37c33423e6ea43d5b1d650cce30fd3
[2025-08-28 15:01:21,539 I 132764 125240] task_event_buffer.cc:287: Reporting task events to GCS every 1000ms.
[2025-08-28 15:01:21,540 I 132764 125736] accessor.cc:784: Received notification for node, IsAlive = 1 node_id=69c533021b8cabf883413b348b37c33423e6ea43d5b1d650cce30fd3
[2025-08-28 15:01:21,540 I 132764 125736] core_worker.cc:5148: Number of alive nodes:1
[2025-08-28 15:01:21,542 I 132764 125736] core_worker.cc:915: Event stats:


Global stats: 12 total (4 active)
Queueing time: mean = 17.675 us, max = 176.700 us, min = 7.400 us, total = 212.100 us
Execution time:  mean = 152.742 us, total = 1.833 ms
Event stats:
	PeriodicalRunner.RunFnPeriodically - 3 total (1 active, 1 running), Execution time: mean = 9.500 us, total = 28.500 us, Queueing time: mean = 61.367 us, max = 176.700 us, min = 7.400 us, total = 184.100 us
	CoreWorker.ExitIfParentRayletDies - 1 total (1 active), Execution time: mean = 0.000 s, total = 0.000 s, Queueing time: mean = 0.000 s, max = -0.000 s, min = 9223372036.855 s, total = 0.000 s
	ray::rpc::InternalPubSubGcsService.grpc_client.GcsSubscriberCommandBatch.OnReplyReceived - 1 total (0 active), Execution time: mean = 202.900 us, total = 202.900 us, Queueing time: mean = 7.800 us, max = 7.800 us, min = 7.800 us, total = 7.800 us
	ray::rpc::WorkerInfoGcsService.grpc_client.AddWorkerInfo - 1 total (0 active), Execution time: mean = 600.200 us, total = 600.200 us, Queueing time: mean = 0.000 s, max = -0.000 s, min = 9223372036.855 s, total = 0.000 s
	ray::rpc::WorkerInfoGcsService.grpc_client.AddWorkerInfo.OnReplyReceived - 1 total (0 active), Execution time: mean = 28.100 us, total = 28.100 us, Queueing time: mean = 11.000 us, max = 11.000 us, min = 11.000 us, total = 11.000 us
	ray::rpc::InternalPubSubGcsService.grpc_client.GcsSubscriberCommandBatch - 1 total (0 active), Execution time: mean = 539.800 us, total = 539.800 us, Queueing time: mean = 0.000 s, max = -0.000 s, min = 9223372036.855 s, total = 0.000 s
	ray::rpc::NodeInfoGcsService.grpc_client.GetAllNodeInfo - 1 total (0 active), Execution time: mean = 361.900 us, total = 361.900 us, Queueing time: mean = 0.000 s, max = -0.000 s, min = 9223372036.855 s, total = 0.000 s
	ray::rpc::NodeInfoGcsService.grpc_client.GetAllNodeInfo.OnReplyReceived - 1 total (0 active), Execution time: mean = 71.500 us, total = 71.500 us, Queueing time: mean = 9.200 us, max = 9.200 us, min = 9.200 us, total = 9.200 us
	Publisher.CheckDeadSubscribers - 1 total (1 active), Execution time: mean = 0.000 s, total = 0.000 s, Queueing time: mean = 0.000 s, max = -0.000 s, min = 9223372036.855 s, total = 0.000 s
	ray::rpc::InternalPubSubGcsService.grpc_client.GcsSubscriberPoll - 1 total (1 active), Execution time: mean = 0.000 s, total = 0.000 s, Queueing time: mean = 0.000 s, max = -0.000 s, min = 9223372036.855 s, total = 0.000 s

-----------------
Task execution event stats:

Global stats: 0 total (0 active)
Queueing time: mean = -nan(ind) s, max = -0.000 s, min = 9223372036.855 s, total = 0.000 s
Execution time:  mean = -nan(ind) s, total = 0.000 s
Event stats:

-----------------
Task Event stats:

IO Service Stats:

Global stats: 4 total (1 active)
Queueing time: mean = 4.375 us, max = 9.000 us, min = 8.500 us, total = 17.500 us
Execution time:  mean = 166.100 us, total = 664.400 us
Event stats:
	PeriodicalRunner.RunFnPeriodically - 1 total (0 active), Execution time: mean = 181.900 us, total = 181.900 us, Queueing time: mean = 8.500 us, max = 8.500 us, min = 8.500 us, total = 8.500 us
	ray::rpc::TaskInfoGcsService.grpc_client.AddTaskEventData - 1 total (0 active), Execution time: mean = 467.200 us, total = 467.200 us, Queueing time: mean = 0.000 s, max = -0.000 s, min = 9223372036.855 s, total = 0.000 s
	ray::rpc::TaskInfoGcsService.grpc_client.AddTaskEventData.OnReplyReceived - 1 total (0 active), Execution time: mean = 15.300 us, total = 15.300 us, Queueing time: mean = 9.000 us, max = 9.000 us, min = 9.000 us, total = 9.000 us
	CoreWorker.deadline_timer.flush_task_events - 1 total (1 active), Execution time: mean = 0.000 s, total = 0.000 s, Queueing time: mean = 0.000 s, max = -0.000 s, min = 9223372036.855 s, total = 0.000 s
Other Stats:
	grpc_in_progress:0
	current number of task status events in buffer: 0
	current number of profile events in buffer: 0
	current number of dropped task attempts tracked: 0
	total task events sent: 0 MiB
	total number of task attempts sent: 0
	total number of task attempts dropped reported: 0
	total number of sent failure: 0
	num status task events dropped: 0
	num profile task events dropped: 0


[2025-08-28 15:01:21,545 I 132764 125240] event.cc:500: Ray Event initialized for CORE_WORKER
[2025-08-28 15:01:21,545 I 132764 125240] event.cc:500: Ray Event initialized for EXPORT_TASK
[2025-08-28 15:01:21,545 I 132764 125240] event.cc:331: Set ray event level to warning
[2025-08-28 15:01:33,693 W 132764 122364] metric_exporter.cc:105: [1] Export metrics to agent failed: RpcError: RPC Error message: failed to connect to all addresses; last error: UNAVAILABLE: ipv4:127.0.0.1:65241: Connection refused; RPC Error details:  rpc_code: 14. This won't affect Ray, but you can lose metrics from the cluster.
[2025-08-28 15:02:21,554 I 132764 125736] core_worker.cc:915: Event stats:


Global stats: 831 total (8 active)
Queueing time: mean = 6.447 ms, max = 15.953 ms, min = -0.000 s, total = 5.357 s
Execution time:  mean = 75.932 us, total = 63.099 ms
Event stats:
	CoreWorker.RecoverObjects - 557 total (1 active), Execution time: mean = 6.786 us, total = 3.780 ms, Queueing time: mean = 7.887 ms, max = 11.672 ms, min = 4.845 ms, total = 4.393 s
	NodeManagerService.grpc_client.ReportWorkerBacklog - 60 total (0 active), Execution time: mean = 625.172 us, total = 37.510 ms, Queueing time: mean = 0.000 s, max = -0.000 s, min = 9223372036.855 s, total = 0.000 s
	NodeManagerService.grpc_client.ReportWorkerBacklog.OnReplyReceived - 60 total (0 active), Execution time: mean = 14.972 us, total = 898.300 us, Queueing time: mean = 12.402 us, max = 46.100 us, min = 5.200 us, total = 744.100 us
	CoreWorker.ExitIfParentRayletDies - 60 total (1 active), Execution time: mean = 14.233 us, total = 854.000 us, Queueing time: mean = 7.532 ms, max = 15.953 ms, min = 180.900 us, total = 451.930 ms
	CoreWorker.InternalHeartbeat - 60 total (1 active), Execution time: mean = 272.803 us, total = 16.368 ms, Queueing time: mean = 7.081 ms, max = 15.139 ms, min = -0.000 s, total = 424.860 ms
	CoreWorker.RecordMetrics - 12 total (1 active), Execution time: mean = 20.867 us, total = 250.400 us, Queueing time: mean = 4.617 ms, max = 12.298 ms, min = 1.188 ms, total = 55.408 ms
	PeriodicalRunner.RunFnPeriodically - 7 total (0 active), Execution time: mean = 231.214 us, total = 1.619 ms, Queueing time: mean = 424.686 us, max = 1.266 ms, min = 7.400 us, total = 2.973 ms
	CoreWorker.TryDelPendingObjectRefStreams - 6 total (1 active), Execution time: mean = 2.500 us, total = 15.000 us, Queueing time: mean = 4.694 ms, max = 8.892 ms, min = 646.400 us, total = 28.162 ms
	Publisher.CheckDeadSubscribers - 1 total (1 active), Execution time: mean = 0.000 s, total = 0.000 s, Queueing time: mean = 0.000 s, max = -0.000 s, min = 9223372036.855 s, total = 0.000 s
	ray::rpc::InternalPubSubGcsService.grpc_client.GcsSubscriberCommandBatch.OnReplyReceived - 1 total (0 active), Execution time: mean = 202.900 us, total = 202.900 us, Queueing time: mean = 7.800 us, max = 7.800 us, min = 7.800 us, total = 7.800 us
	ray::rpc::WorkerInfoGcsService.grpc_client.AddWorkerInfo - 1 total (0 active), Execution time: mean = 600.200 us, total = 600.200 us, Queueing time: mean = 0.000 s, max = -0.000 s, min = 9223372036.855 s, total = 0.000 s
	ray::rpc::InternalPubSubGcsService.grpc_client.GcsSubscriberCommandBatch - 1 total (0 active), Execution time: mean = 539.800 us, total = 539.800 us, Queueing time: mean = 0.000 s, max = -0.000 s, min = 9223372036.855 s, total = 0.000 s
	ray::rpc::NodeInfoGcsService.grpc_client.GetAllNodeInfo - 1 total (0 active), Execution time: mean = 361.900 us, total = 361.900 us, Queueing time: mean = 0.000 s, max = -0.000 s, min = 9223372036.855 s, total = 0.000 s
	ray::rpc::NodeInfoGcsService.grpc_client.GetAllNodeInfo.OnReplyReceived - 1 total (0 active), Execution time: mean = 71.500 us, total = 71.500 us, Queueing time: mean = 9.200 us, max = 9.200 us, min = 9.200 us, total = 9.200 us
	ray::rpc::InternalPubSubGcsService.grpc_client.GcsSubscriberPoll - 1 total (1 active), Execution time: mean = 0.000 s, total = 0.000 s, Queueing time: mean = 0.000 s, max = -0.000 s, min = 9223372036.855 s, total = 0.000 s
	CoreWorker.PrintEventStats - 1 total (1 active, 1 running), Execution time: mean = 0.000 s, total = 0.000 s, Queueing time: mean = 0.000 s, max = -0.000 s, min = 9223372036.855 s, total = 0.000 s
	ray::rpc::WorkerInfoGcsService.grpc_client.AddWorkerInfo.OnReplyReceived - 1 total (0 active), Execution time: mean = 28.100 us, total = 28.100 us, Queueing time: mean = 11.000 us, max = 11.000 us, min = 11.000 us, total = 11.000 us

-----------------
Task execution event stats:

Global stats: 3894 total (1 active)
Queueing time: mean = 5.403 ms, max = 11.636 ms, min = 2.000 us, total = 21.039 s
Execution time:  mean = 12.209 us, total = 47.543 ms
Event stats:
	CoreWorker.CheckSignal - 3893 total (1 active), Execution time: mean = 12.209 us, total = 47.531 ms, Queueing time: mean = 5.404 ms, max = 11.636 ms, min = 874.200 us, total = 21.039 s
	PeriodicalRunner.RunFnPeriodically - 1 total (0 active), Execution time: mean = 12.600 us, total = 12.600 us, Queueing time: mean = 2.000 us, max = 2.000 us, min = 2.000 us, total = 2.000 us

-----------------
Task Event stats:

IO Service Stats:

Global stats: 181 total (1 active)
Queueing time: mean = 2.558 ms, max = 15.374 ms, min = 4.600 us, total = 462.942 ms
Execution time:  mean = 282.488 us, total = 51.130 ms
Event stats:
	ray::rpc::TaskInfoGcsService.grpc_client.AddTaskEventData - 60 total (0 active), Execution time: mean = 555.413 us, total = 33.325 ms, Queueing time: mean = 0.000 s, max = -0.000 s, min = 9223372036.855 s, total = 0.000 s
	ray::rpc::TaskInfoGcsService.grpc_client.AddTaskEventData.OnReplyReceived - 60 total (0 active), Execution time: mean = 18.768 us, total = 1.126 ms, Queueing time: mean = 26.590 us, max = 264.700 us, min = 4.600 us, total = 1.595 ms
	CoreWorker.deadline_timer.flush_task_events - 60 total (1 active), Execution time: mean = 274.960 us, total = 16.498 ms, Queueing time: mean = 7.689 ms, max = 15.374 ms, min = 122.600 us, total = 461.338 ms
	PeriodicalRunner.RunFnPeriodically - 1 total (0 active), Execution time: mean = 181.900 us, total = 181.900 us, Queueing time: mean = 8.500 us, max = 8.500 us, min = 8.500 us, total = 8.500 us
Other Stats:
	grpc_in_progress:0
	current number of task status events in buffer: 0
	current number of profile events in buffer: 0
	current number of dropped task attempts tracked: 0
	total task events sent: 0 MiB
	total number of task attempts sent: 0
	total number of task attempts dropped reported: 0
	total number of sent failure: 0
	num status task events dropped: 0
	num profile task events dropped: 0


