[2025-08-28 15:01:21,443 I 48124 96012] core_worker_process.cc:192: Constructing CoreWorkerProcess. pid: 48124
[2025-08-28 15:01:21,447 I 48124 96012] io_service_pool.cc:37: IOServicePool is running with 1 io_service.
[2025-08-28 15:01:21,451 I 48124 96012] grpc_server.cc:140: worker server started, listening on port 64550.
[2025-08-28 15:01:21,453 I 48124 96012] core_worker.cc:544: Initializing worker at address: 127.0.0.1:64550 worker_id=7157e3eb8a345b1265672a5debedaf7bdd38faef1e8b75ae53e9bf2d node_id=69c533021b8cabf883413b348b37c33423e6ea43d5b1d650cce30fd3
[2025-08-28 15:01:21,454 I 48124 96012] task_event_buffer.cc:287: Reporting task events to GCS every 1000ms.
[2025-08-28 15:01:21,456 I 48124 43464] accessor.cc:784: Received notification for node, IsAlive = 1 node_id=69c533021b8cabf883413b348b37c33423e6ea43d5b1d650cce30fd3
[2025-08-28 15:01:21,456 I 48124 43464] core_worker.cc:5148: Number of alive nodes:1
[2025-08-28 15:01:21,457 I 48124 43464] core_worker.cc:915: Event stats:


Global stats: 12 total (4 active)
Queueing time: mean = 18.650 us, max = 119.300 us, min = 8.900 us, total = 223.800 us
Execution time:  mean = 163.650 us, total = 1.964 ms
Event stats:
	PeriodicalRunner.RunFnPeriodically - 3 total (1 active, 1 running), Execution time: mean = 10.667 us, total = 32.000 us, Queueing time: mean = 43.667 us, max = 119.300 us, min = 11.700 us, total = 131.000 us
	ray::rpc::WorkerInfoGcsService.grpc_client.AddWorkerInfo - 1 total (0 active), Execution time: mean = 638.200 us, total = 638.200 us, Queueing time: mean = 0.000 s, max = -0.000 s, min = 9223372036.855 s, total = 0.000 s
	ray::rpc::InternalPubSubGcsService.grpc_client.GcsSubscriberCommandBatch - 1 total (0 active), Execution time: mean = 642.100 us, total = 642.100 us, Queueing time: mean = 0.000 s, max = -0.000 s, min = 9223372036.855 s, total = 0.000 s
	ray::rpc::InternalPubSubGcsService.grpc_client.GcsSubscriberCommandBatch.OnReplyReceived - 1 total (0 active), Execution time: mean = 142.000 us, total = 142.000 us, Queueing time: mean = 8.900 us, max = 8.900 us, min = 8.900 us, total = 8.900 us
	CoreWorker.ExitIfParentRayletDies - 1 total (1 active), Execution time: mean = 0.000 s, total = 0.000 s, Queueing time: mean = 0.000 s, max = -0.000 s, min = 9223372036.855 s, total = 0.000 s
	ray::rpc::WorkerInfoGcsService.grpc_client.AddWorkerInfo.OnReplyReceived - 1 total (0 active), Execution time: mean = 28.700 us, total = 28.700 us, Queueing time: mean = 73.000 us, max = 73.000 us, min = 73.000 us, total = 73.000 us
	ray::rpc::InternalPubSubGcsService.grpc_client.GcsSubscriberPoll - 1 total (1 active), Execution time: mean = 0.000 s, total = 0.000 s, Queueing time: mean = 0.000 s, max = -0.000 s, min = 9223372036.855 s, total = 0.000 s
	ray::rpc::NodeInfoGcsService.grpc_client.GetAllNodeInfo - 1 total (0 active), Execution time: mean = 331.700 us, total = 331.700 us, Queueing time: mean = 0.000 s, max = -0.000 s, min = 9223372036.855 s, total = 0.000 s
	Publisher.CheckDeadSubscribers - 1 total (1 active), Execution time: mean = 0.000 s, total = 0.000 s, Queueing time: mean = 0.000 s, max = -0.000 s, min = 9223372036.855 s, total = 0.000 s
	ray::rpc::NodeInfoGcsService.grpc_client.GetAllNodeInfo.OnReplyReceived - 1 total (0 active), Execution time: mean = 149.100 us, total = 149.100 us, Queueing time: mean = 10.900 us, max = 10.900 us, min = 10.900 us, total = 10.900 us

-----------------
Task execution event stats:

Global stats: 0 total (0 active)
Queueing time: mean = -nan(ind) s, max = -0.000 s, min = 9223372036.855 s, total = 0.000 s
Execution time:  mean = -nan(ind) s, total = 0.000 s
Event stats:

-----------------
Task Event stats:

IO Service Stats:

Global stats: 4 total (1 active)
Queueing time: mean = 6.325 us, max = 14.400 us, min = 10.900 us, total = 25.300 us
Execution time:  mean = 180.825 us, total = 723.300 us
Event stats:
	PeriodicalRunner.RunFnPeriodically - 1 total (0 active), Execution time: mean = 125.800 us, total = 125.800 us, Queueing time: mean = 10.900 us, max = 10.900 us, min = 10.900 us, total = 10.900 us
	ray::rpc::TaskInfoGcsService.grpc_client.AddTaskEventData - 1 total (0 active), Execution time: mean = 577.100 us, total = 577.100 us, Queueing time: mean = 0.000 s, max = -0.000 s, min = 9223372036.855 s, total = 0.000 s
	ray::rpc::TaskInfoGcsService.grpc_client.AddTaskEventData.OnReplyReceived - 1 total (0 active), Execution time: mean = 20.400 us, total = 20.400 us, Queueing time: mean = 14.400 us, max = 14.400 us, min = 14.400 us, total = 14.400 us
	CoreWorker.deadline_timer.flush_task_events - 1 total (1 active), Execution time: mean = 0.000 s, total = 0.000 s, Queueing time: mean = 0.000 s, max = -0.000 s, min = 9223372036.855 s, total = 0.000 s
Other Stats:
	grpc_in_progress:0
	current number of task status events in buffer: 0
	current number of profile events in buffer: 0
	current number of dropped task attempts tracked: 0
	total task events sent: 0 MiB
	total number of task attempts sent: 0
	total number of task attempts dropped reported: 0
	total number of sent failure: 0
	num status task events dropped: 0
	num profile task events dropped: 0


[2025-08-28 15:01:21,460 I 48124 96012] event.cc:500: Ray Event initialized for CORE_WORKER
[2025-08-28 15:01:21,461 I 48124 96012] event.cc:500: Ray Event initialized for EXPORT_TASK
[2025-08-28 15:01:21,461 I 48124 96012] event.cc:331: Set ray event level to warning
[2025-08-28 15:01:21,661 I 48124 96012] actor_task_submitter.cc:73: Set actor max pending calls to -1 actor_id=026d77967d527a28387cfdae01000000
[2025-08-28 15:01:21,661 I 48124 96012] core_worker.cc:3405: Creating actor actor_id=026d77967d527a28387cfdae01000000
[2025-08-28 15:01:21,732 I 48124 96012] task_receiver.cc:160: Actor creation task finished, task_id: ffffffffffffffff026d77967d527a28387cfdae01000000, actor_id: 026d77967d527a28387cfdae01000000, actor_repr_name: 
[2025-08-28 15:01:21,735 I 48124 96012] out_of_order_actor_scheduling_queue.cc:48: Setting actor as asyncio with max_concurrency=1000, and defined concurrency groups are:

[2025-08-28 15:01:33,613 W 48124 76716] metric_exporter.cc:105: [1] Export metrics to agent failed: RpcError: RPC Error message: failed to connect to all addresses; last error: UNAVAILABLE: ipv4:127.0.0.1:65241: Connection refused; RPC Error details:  rpc_code: 14. This won't affect Ray, but you can lose metrics from the cluster.
[2025-08-28 15:02:21,464 I 48124 43464] core_worker.cc:915: Event stats:


Global stats: 845 total (8 active)
Queueing time: mean = 6.417 ms, max = 15.924 ms, min = -0.000 s, total = 5.423 s
Execution time:  mean = 171.461 us, total = 144.885 ms
Event stats:
	CoreWorker.RecoverObjects - 557 total (1 active), Execution time: mean = 9.125 us, total = 5.083 ms, Queueing time: mean = 7.902 ms, max = 13.960 ms, min = 4.262 ms, total = 4.402 s
	CoreWorker.ExitIfParentRayletDies - 60 total (1 active), Execution time: mean = 15.450 us, total = 927.000 us, Queueing time: mean = 7.645 ms, max = 15.590 ms, min = -0.000 s, total = 458.724 ms
	CoreWorker.InternalHeartbeat - 60 total (1 active), Execution time: mean = 276.277 us, total = 16.577 ms, Queueing time: mean = 7.436 ms, max = 15.924 ms, min = 453.300 us, total = 446.177 ms
	NodeManagerService.grpc_client.ReportWorkerBacklog.OnReplyReceived - 60 total (0 active), Execution time: mean = 14.702 us, total = 882.100 us, Queueing time: mean = 14.418 us, max = 183.200 us, min = 4.400 us, total = 865.100 us
	NodeManagerService.grpc_client.ReportWorkerBacklog - 60 total (0 active), Execution time: mean = 597.855 us, total = 35.871 ms, Queueing time: mean = 0.000 s, max = -0.000 s, min = 9223372036.855 s, total = 0.000 s
	CoreWorker.RecordMetrics - 12 total (1 active), Execution time: mean = 98.092 us, total = 1.177 ms, Queueing time: mean = 6.377 ms, max = 14.597 ms, min = 888.700 us, total = 76.523 ms
	CoreWorkerService.grpc_server.PushTask.HandleRequestImpl - 7 total (0 active), Execution time: mean = 47.171 us, total = 330.200 us, Queueing time: mean = 14.257 us, max = 47.600 us, min = 8.300 us, total = 99.800 us
	CoreWorkerService.grpc_server.PushTask - 7 total (0 active), Execution time: mean = 11.437 ms, total = 80.061 ms, Queueing time: mean = 0.000 s, max = -0.000 s, min = 9223372036.855 s, total = 0.000 s
	PeriodicalRunner.RunFnPeriodically - 7 total (0 active), Execution time: mean = 288.543 us, total = 2.020 ms, Queueing time: mean = 496.443 us, max = 1.681 ms, min = 11.700 us, total = 3.475 ms
	CoreWorker.TryDelPendingObjectRefStreams - 6 total (1 active), Execution time: mean = 4.233 us, total = 25.400 us, Queueing time: mean = 5.864 ms, max = 9.129 ms, min = 4.208 ms, total = 35.185 ms
	ray::rpc::WorkerInfoGcsService.grpc_client.AddWorkerInfo.OnReplyReceived - 1 total (0 active), Execution time: mean = 28.700 us, total = 28.700 us, Queueing time: mean = 73.000 us, max = 73.000 us, min = 73.000 us, total = 73.000 us
	ray::rpc::InternalPubSubGcsService.grpc_client.GcsSubscriberPoll - 1 total (1 active), Execution time: mean = 0.000 s, total = 0.000 s, Queueing time: mean = 0.000 s, max = -0.000 s, min = 9223372036.855 s, total = 0.000 s
	CoreWorker.PrintEventStats - 1 total (1 active, 1 running), Execution time: mean = 0.000 s, total = 0.000 s, Queueing time: mean = 0.000 s, max = -0.000 s, min = 9223372036.855 s, total = 0.000 s
	ray::rpc::WorkerInfoGcsService.grpc_client.AddWorkerInfo - 1 total (0 active), Execution time: mean = 638.200 us, total = 638.200 us, Queueing time: mean = 0.000 s, max = -0.000 s, min = 9223372036.855 s, total = 0.000 s
	ray::rpc::InternalPubSubGcsService.grpc_client.GcsSubscriberCommandBatch - 1 total (0 active), Execution time: mean = 642.100 us, total = 642.100 us, Queueing time: mean = 0.000 s, max = -0.000 s, min = 9223372036.855 s, total = 0.000 s
	ray::rpc::InternalPubSubGcsService.grpc_client.GcsSubscriberCommandBatch.OnReplyReceived - 1 total (0 active), Execution time: mean = 142.000 us, total = 142.000 us, Queueing time: mean = 8.900 us, max = 8.900 us, min = 8.900 us, total = 8.900 us
	ray::rpc::NodeInfoGcsService.grpc_client.GetAllNodeInfo - 1 total (0 active), Execution time: mean = 331.700 us, total = 331.700 us, Queueing time: mean = 0.000 s, max = -0.000 s, min = 9223372036.855 s, total = 0.000 s
	Publisher.CheckDeadSubscribers - 1 total (1 active), Execution time: mean = 0.000 s, total = 0.000 s, Queueing time: mean = 0.000 s, max = -0.000 s, min = 9223372036.855 s, total = 0.000 s
	ray::rpc::NodeInfoGcsService.grpc_client.GetAllNodeInfo.OnReplyReceived - 1 total (0 active), Execution time: mean = 149.100 us, total = 149.100 us, Queueing time: mean = 10.900 us, max = 10.900 us, min = 10.900 us, total = 10.900 us

-----------------
Task execution event stats:

Global stats: 3896 total (1 active)
Queueing time: mean = 5.416 ms, max = 73.239 ms, min = 3.500 us, total = 21.099 s
Execution time:  mean = 30.246 us, total = 117.837 ms
Event stats:
	CoreWorker.CheckSignal - 3888 total (1 active), Execution time: mean = 11.629 us, total = 45.212 ms, Queueing time: mean = 5.427 ms, max = 73.239 ms, min = 2.460 ms, total = 21.099 s
	CoreWorker.HandlePushTaskActor - 6 total (0 active), Execution time: mean = 37.133 us, total = 222.800 us, Queueing time: mean = 16.217 us, max = 61.200 us, min = 6.500 us, total = 97.300 us
	PeriodicalRunner.RunFnPeriodically - 1 total (0 active), Execution time: mean = 13.800 us, total = 13.800 us, Queueing time: mean = 3.500 us, max = 3.500 us, min = 3.500 us, total = 3.500 us
	CoreWorker.HandlePushTask - 1 total (0 active), Execution time: mean = 72.388 ms, total = 72.388 ms, Queueing time: mean = 7.500 us, max = 7.500 us, min = 7.500 us, total = 7.500 us

-----------------
Task Event stats:

IO Service Stats:

Global stats: 181 total (1 active)
Queueing time: mean = 2.512 ms, max = 15.601 ms, min = 4.400 us, total = 454.660 ms
Execution time:  mean = 256.073 us, total = 46.349 ms
Event stats:
	ray::rpc::TaskInfoGcsService.grpc_client.AddTaskEventData - 60 total (0 active), Execution time: mean = 496.148 us, total = 29.769 ms, Queueing time: mean = 0.000 s, max = -0.000 s, min = 9223372036.855 s, total = 0.000 s
	ray::rpc::TaskInfoGcsService.grpc_client.AddTaskEventData.OnReplyReceived - 60 total (0 active), Execution time: mean = 19.063 us, total = 1.144 ms, Queueing time: mean = 14.600 us, max = 81.700 us, min = 4.400 us, total = 876.000 us
	CoreWorker.deadline_timer.flush_task_events - 60 total (1 active), Execution time: mean = 255.180 us, total = 15.311 ms, Queueing time: mean = 7.563 ms, max = 15.601 ms, min = 398.900 us, total = 453.773 ms
	PeriodicalRunner.RunFnPeriodically - 1 total (0 active), Execution time: mean = 125.800 us, total = 125.800 us, Queueing time: mean = 10.900 us, max = 10.900 us, min = 10.900 us, total = 10.900 us
Other Stats:
	grpc_in_progress:0
	current number of task status events in buffer: 0
	current number of profile events in buffer: 0
	current number of dropped task attempts tracked: 0
	total task events sent: 0.00269508 MiB
	total number of task attempts sent: 7
	total number of task attempts dropped reported: 0
	total number of sent failure: 0
	num status task events dropped: 0
	num profile task events dropped: 0


[2025-08-28 15:03:21,474 I 48124 43464] core_worker.cc:915: Event stats:


Global stats: 1661 total (8 active)
Queueing time: mean = 6.690 ms, max = 16.075 ms, min = -0.000 s, total = 11.112 s
Execution time:  mean = 126.548 us, total = 210.195 ms
Event stats:
	CoreWorker.RecoverObjects - 1113 total (1 active), Execution time: mean = 9.429 us, total = 10.494 ms, Queueing time: mean = 7.901 ms, max = 14.305 ms, min = 2.352 ms, total = 8.793 s
	CoreWorker.ExitIfParentRayletDies - 120 total (1 active), Execution time: mean = 17.498 us, total = 2.100 ms, Queueing time: mean = 8.404 ms, max = 15.590 ms, min = -0.000 s, total = 1.008 s
	CoreWorker.InternalHeartbeat - 119 total (1 active), Execution time: mean = 286.478 us, total = 34.091 ms, Queueing time: mean = 8.470 ms, max = 16.075 ms, min = 114.400 us, total = 1.008 s
	NodeManagerService.grpc_client.ReportWorkerBacklog.OnReplyReceived - 119 total (0 active), Execution time: mean = 15.292 us, total = 1.820 ms, Queueing time: mean = 15.231 us, max = 183.200 us, min = 4.400 us, total = 1.812 ms
	NodeManagerService.grpc_client.ReportWorkerBacklog - 119 total (0 active), Execution time: mean = 607.797 us, total = 72.328 ms, Queueing time: mean = 0.000 s, max = -0.000 s, min = 9223372036.855 s, total = 0.000 s
	CoreWorker.RecordMetrics - 24 total (1 active), Execution time: mean = 92.017 us, total = 2.208 ms, Queueing time: mean = 8.264 ms, max = 15.693 ms, min = 888.700 us, total = 198.339 ms
	CoreWorker.TryDelPendingObjectRefStreams - 12 total (1 active), Execution time: mean = 4.542 us, total = 54.500 us, Queueing time: mean = 7.653 ms, max = 12.616 ms, min = 1.449 ms, total = 91.839 ms
	CoreWorkerService.grpc_server.PushTask.HandleRequestImpl - 9 total (0 active), Execution time: mean = 41.278 us, total = 371.500 us, Queueing time: mean = 13.644 us, max = 47.600 us, min = 8.300 us, total = 122.800 us
	CoreWorkerService.grpc_server.PushTask - 9 total (0 active), Execution time: mean = 9.143 ms, total = 82.283 ms, Queueing time: mean = 0.000 s, max = -0.000 s, min = 9223372036.855 s, total = 0.000 s
	PeriodicalRunner.RunFnPeriodically - 7 total (0 active), Execution time: mean = 288.543 us, total = 2.020 ms, Queueing time: mean = 496.443 us, max = 1.681 ms, min = 11.700 us, total = 3.475 ms
	CoreWorker.PrintEventStats - 2 total (1 active, 1 running), Execution time: mean = 246.750 us, total = 493.500 us, Queueing time: mean = 3.230 ms, max = 6.460 ms, min = 6.460 ms, total = 6.460 ms
	ray::rpc::WorkerInfoGcsService.grpc_client.AddWorkerInfo.OnReplyReceived - 1 total (0 active), Execution time: mean = 28.700 us, total = 28.700 us, Queueing time: mean = 73.000 us, max = 73.000 us, min = 73.000 us, total = 73.000 us
	ray::rpc::InternalPubSubGcsService.grpc_client.GcsSubscriberPoll - 1 total (1 active), Execution time: mean = 0.000 s, total = 0.000 s, Queueing time: mean = 0.000 s, max = -0.000 s, min = 9223372036.855 s, total = 0.000 s
	ray::rpc::WorkerInfoGcsService.grpc_client.AddWorkerInfo - 1 total (0 active), Execution time: mean = 638.200 us, total = 638.200 us, Queueing time: mean = 0.000 s, max = -0.000 s, min = 9223372036.855 s, total = 0.000 s
	ray::rpc::InternalPubSubGcsService.grpc_client.GcsSubscriberCommandBatch - 1 total (0 active), Execution time: mean = 642.100 us, total = 642.100 us, Queueing time: mean = 0.000 s, max = -0.000 s, min = 9223372036.855 s, total = 0.000 s
	ray::rpc::InternalPubSubGcsService.grpc_client.GcsSubscriberCommandBatch.OnReplyReceived - 1 total (0 active), Execution time: mean = 142.000 us, total = 142.000 us, Queueing time: mean = 8.900 us, max = 8.900 us, min = 8.900 us, total = 8.900 us
	ray::rpc::NodeInfoGcsService.grpc_client.GetAllNodeInfo - 1 total (0 active), Execution time: mean = 331.700 us, total = 331.700 us, Queueing time: mean = 0.000 s, max = -0.000 s, min = 9223372036.855 s, total = 0.000 s
	Publisher.CheckDeadSubscribers - 1 total (1 active), Execution time: mean = 0.000 s, total = 0.000 s, Queueing time: mean = 0.000 s, max = -0.000 s, min = 9223372036.855 s, total = 0.000 s
	ray::rpc::NodeInfoGcsService.grpc_client.GetAllNodeInfo.OnReplyReceived - 1 total (0 active), Execution time: mean = 149.100 us, total = 149.100 us, Queueing time: mean = 10.900 us, max = 10.900 us, min = 10.900 us, total = 10.900 us

-----------------
Task execution event stats:

Global stats: 7787 total (1 active)
Queueing time: mean = 5.417 ms, max = 73.239 ms, min = 3.500 us, total = 42.186 s
Execution time:  mean = 21.144 us, total = 164.646 ms
Event stats:
	CoreWorker.CheckSignal - 7777 total (1 active), Execution time: mean = 11.817 us, total = 91.899 ms, Queueing time: mean = 5.424 ms, max = 73.239 ms, min = 1.976 ms, total = 42.186 s
	CoreWorker.HandlePushTaskActor - 8 total (0 active), Execution time: mean = 43.150 us, total = 345.200 us, Queueing time: mean = 14.387 us, max = 61.200 us, min = 6.500 us, total = 115.100 us
	PeriodicalRunner.RunFnPeriodically - 1 total (0 active), Execution time: mean = 13.800 us, total = 13.800 us, Queueing time: mean = 3.500 us, max = 3.500 us, min = 3.500 us, total = 3.500 us
	CoreWorker.HandlePushTask - 1 total (0 active), Execution time: mean = 72.388 ms, total = 72.388 ms, Queueing time: mean = 7.500 us, max = 7.500 us, min = 7.500 us, total = 7.500 us

-----------------
Task Event stats:

IO Service Stats:

Global stats: 358 total (1 active)
Queueing time: mean = 2.844 ms, max = 15.916 ms, min = -0.000 s, total = 1.018 s
Execution time:  mean = 264.061 us, total = 94.534 ms
Event stats:
	ray::rpc::TaskInfoGcsService.grpc_client.AddTaskEventData - 119 total (0 active), Execution time: mean = 506.259 us, total = 60.245 ms, Queueing time: mean = 0.000 s, max = -0.000 s, min = 9223372036.855 s, total = 0.000 s
	ray::rpc::TaskInfoGcsService.grpc_client.AddTaskEventData.OnReplyReceived - 119 total (0 active), Execution time: mean = 18.555 us, total = 2.208 ms, Queueing time: mean = 15.479 us, max = 181.600 us, min = 4.400 us, total = 1.842 ms
	CoreWorker.deadline_timer.flush_task_events - 119 total (1 active), Execution time: mean = 268.531 us, total = 31.955 ms, Queueing time: mean = 8.541 ms, max = 15.916 ms, min = -0.000 s, total = 1.016 s
	PeriodicalRunner.RunFnPeriodically - 1 total (0 active), Execution time: mean = 125.800 us, total = 125.800 us, Queueing time: mean = 10.900 us, max = 10.900 us, min = 10.900 us, total = 10.900 us
Other Stats:
	grpc_in_progress:0
	current number of task status events in buffer: 0
	current number of profile events in buffer: 0
	current number of dropped task attempts tracked: 0
	total task events sent: 0.00345993 MiB
	total number of task attempts sent: 9
	total number of task attempts dropped reported: 0
	total number of sent failure: 0
	num status task events dropped: 0
	num profile task events dropped: 0


[2025-08-28 15:04:21,486 I 48124 43464] core_worker.cc:915: Event stats:


Global stats: 2531 total (8 active)
Queueing time: mean = 6.551 ms, max = 16.075 ms, min = -0.000 s, total = 16.581 s
Execution time:  mean = 121.210 us, total = 306.783 ms
Event stats:
	CoreWorker.RecoverObjects - 1669 total (1 active), Execution time: mean = 9.582 us, total = 15.993 ms, Queueing time: mean = 7.873 ms, max = 14.305 ms, min = 2.352 ms, total = 13.140 s
	CoreWorker.ExitIfParentRayletDies - 179 total (1 active), Execution time: mean = 17.787 us, total = 3.184 ms, Queueing time: mean = 8.003 ms, max = 15.590 ms, min = -0.000 s, total = 1.433 s
	CoreWorker.InternalHeartbeat - 179 total (1 active), Execution time: mean = 294.727 us, total = 52.756 ms, Queueing time: mean = 8.517 ms, max = 16.075 ms, min = 20.500 us, total = 1.525 s
	NodeManagerService.grpc_client.ReportWorkerBacklog.OnReplyReceived - 179 total (0 active), Execution time: mean = 15.083 us, total = 2.700 ms, Queueing time: mean = 13.920 us, max = 183.200 us, min = 4.400 us, total = 2.492 ms
	NodeManagerService.grpc_client.ReportWorkerBacklog - 179 total (0 active), Execution time: mean = 609.841 us, total = 109.162 ms, Queueing time: mean = 0.000 s, max = -0.000 s, min = 9223372036.855 s, total = 0.000 s
	CoreWorkerService.grpc_server.PushTask.HandleRequestImpl - 37 total (0 active), Execution time: mean = 22.951 us, total = 849.200 us, Queueing time: mean = 14.557 us, max = 132.900 us, min = 6.700 us, total = 538.600 us
	CoreWorkerService.grpc_server.PushTask - 37 total (0 active), Execution time: mean = 3.086 ms, total = 114.176 ms, Queueing time: mean = 0.000 s, max = -0.000 s, min = 9223372036.855 s, total = 0.000 s
	CoreWorker.RecordMetrics - 36 total (1 active), Execution time: mean = 85.456 us, total = 3.076 ms, Queueing time: mean = 8.875 ms, max = 15.693 ms, min = 888.700 us, total = 319.517 ms
	CoreWorker.TryDelPendingObjectRefStreams - 18 total (1 active), Execution time: mean = 4.483 us, total = 80.700 us, Queueing time: mean = 7.870 ms, max = 14.714 ms, min = 1.449 ms, total = 141.658 ms
	PeriodicalRunner.RunFnPeriodically - 7 total (0 active), Execution time: mean = 288.543 us, total = 2.020 ms, Queueing time: mean = 496.443 us, max = 1.681 ms, min = 11.700 us, total = 3.475 ms
	CoreWorker.PrintEventStats - 3 total (1 active, 1 running), Execution time: mean = 284.933 us, total = 854.800 us, Queueing time: mean = 5.483 ms, max = 9.987 ms, min = 6.460 ms, total = 16.448 ms
	ray::rpc::WorkerInfoGcsService.grpc_client.AddWorkerInfo.OnReplyReceived - 1 total (0 active), Execution time: mean = 28.700 us, total = 28.700 us, Queueing time: mean = 73.000 us, max = 73.000 us, min = 73.000 us, total = 73.000 us
	ray::rpc::InternalPubSubGcsService.grpc_client.GcsSubscriberPoll - 1 total (1 active), Execution time: mean = 0.000 s, total = 0.000 s, Queueing time: mean = 0.000 s, max = -0.000 s, min = 9223372036.855 s, total = 0.000 s
	ray::rpc::WorkerInfoGcsService.grpc_client.AddWorkerInfo - 1 total (0 active), Execution time: mean = 638.200 us, total = 638.200 us, Queueing time: mean = 0.000 s, max = -0.000 s, min = 9223372036.855 s, total = 0.000 s
	ray::rpc::InternalPubSubGcsService.grpc_client.GcsSubscriberCommandBatch - 1 total (0 active), Execution time: mean = 642.100 us, total = 642.100 us, Queueing time: mean = 0.000 s, max = -0.000 s, min = 9223372036.855 s, total = 0.000 s
	ray::rpc::InternalPubSubGcsService.grpc_client.GcsSubscriberCommandBatch.OnReplyReceived - 1 total (0 active), Execution time: mean = 142.000 us, total = 142.000 us, Queueing time: mean = 8.900 us, max = 8.900 us, min = 8.900 us, total = 8.900 us
	ray::rpc::NodeInfoGcsService.grpc_client.GetAllNodeInfo - 1 total (0 active), Execution time: mean = 331.700 us, total = 331.700 us, Queueing time: mean = 0.000 s, max = -0.000 s, min = 9223372036.855 s, total = 0.000 s
	Publisher.CheckDeadSubscribers - 1 total (1 active), Execution time: mean = 0.000 s, total = 0.000 s, Queueing time: mean = 0.000 s, max = -0.000 s, min = 9223372036.855 s, total = 0.000 s
	ray::rpc::NodeInfoGcsService.grpc_client.GetAllNodeInfo.OnReplyReceived - 1 total (0 active), Execution time: mean = 149.100 us, total = 149.100 us, Queueing time: mean = 10.900 us, max = 10.900 us, min = 10.900 us, total = 10.900 us

-----------------
Task execution event stats:

Global stats: 11711 total (1 active)
Queueing time: mean = 5.397 ms, max = 73.239 ms, min = 3.500 us, total = 63.202 s
Execution time:  mean = 18.568 us, total = 217.453 ms
Event stats:
	CoreWorker.CheckSignal - 11673 total (1 active), Execution time: mean = 12.182 us, total = 142.197 ms, Queueing time: mean = 5.414 ms, max = 73.239 ms, min = 1.431 ms, total = 63.201 s
	CoreWorker.HandlePushTaskActor - 36 total (0 active), Execution time: mean = 79.308 us, total = 2.855 ms, Queueing time: mean = 11.947 us, max = 61.200 us, min = 6.300 us, total = 430.100 us
	PeriodicalRunner.RunFnPeriodically - 1 total (0 active), Execution time: mean = 13.800 us, total = 13.800 us, Queueing time: mean = 3.500 us, max = 3.500 us, min = 3.500 us, total = 3.500 us
	CoreWorker.HandlePushTask - 1 total (0 active), Execution time: mean = 72.388 ms, total = 72.388 ms, Queueing time: mean = 7.500 us, max = 7.500 us, min = 7.500 us, total = 7.500 us

-----------------
Task Event stats:

IO Service Stats:

Global stats: 538 total (1 active)
Queueing time: mean = 2.884 ms, max = 15.947 ms, min = -0.000 s, total = 1.552 s
Execution time:  mean = 275.860 us, total = 148.413 ms
Event stats:
	ray::rpc::TaskInfoGcsService.grpc_client.AddTaskEventData - 179 total (0 active), Execution time: mean = 522.502 us, total = 93.528 ms, Queueing time: mean = 0.000 s, max = -0.000 s, min = 9223372036.855 s, total = 0.000 s
	ray::rpc::TaskInfoGcsService.grpc_client.AddTaskEventData.OnReplyReceived - 179 total (0 active), Execution time: mean = 19.889 us, total = 3.560 ms, Queueing time: mean = 15.018 us, max = 181.600 us, min = 4.400 us, total = 2.688 ms
	CoreWorker.deadline_timer.flush_task_events - 179 total (1 active), Execution time: mean = 286.028 us, total = 51.199 ms, Queueing time: mean = 8.653 ms, max = 15.947 ms, min = -0.000 s, total = 1.549 s
	PeriodicalRunner.RunFnPeriodically - 1 total (0 active), Execution time: mean = 125.800 us, total = 125.800 us, Queueing time: mean = 10.900 us, max = 10.900 us, min = 10.900 us, total = 10.900 us
Other Stats:
	grpc_in_progress:0
	current number of task status events in buffer: 0
	current number of profile events in buffer: 0
	current number of dropped task attempts tracked: 0
	total task events sent: 0.0144958 MiB
	total number of task attempts sent: 41
	total number of task attempts dropped reported: 0
	total number of sent failure: 0
	num status task events dropped: 0
	num profile task events dropped: 0


[2025-08-28 15:05:21,491 I 48124 43464] core_worker.cc:915: Event stats:


Global stats: 3406 total (8 active)
Queueing time: mean = 6.478 ms, max = 16.265 ms, min = -0.000 s, total = 22.064 s
Execution time:  mean = 117.914 us, total = 401.614 ms
Event stats:
	CoreWorker.RecoverObjects - 2226 total (1 active), Execution time: mean = 9.866 us, total = 21.961 ms, Queueing time: mean = 7.870 ms, max = 14.305 ms, min = 2.352 ms, total = 17.518 s
	CoreWorker.ExitIfParentRayletDies - 239 total (1 active), Execution time: mean = 17.494 us, total = 4.181 ms, Queueing time: mean = 7.938 ms, max = 16.265 ms, min = -0.000 s, total = 1.897 s
	CoreWorker.InternalHeartbeat - 238 total (1 active), Execution time: mean = 292.918 us, total = 69.715 ms, Queueing time: mean = 8.349 ms, max = 16.075 ms, min = -0.000 s, total = 1.987 s
	NodeManagerService.grpc_client.ReportWorkerBacklog.OnReplyReceived - 238 total (0 active), Execution time: mean = 15.568 us, total = 3.705 ms, Queueing time: mean = 13.109 us, max = 183.200 us, min = 4.400 us, total = 3.120 ms
	NodeManagerService.grpc_client.ReportWorkerBacklog - 238 total (0 active), Execution time: mean = 606.907 us, total = 144.444 ms, Queueing time: mean = 0.000 s, max = -0.000 s, min = 9223372036.855 s, total = 0.000 s
	CoreWorkerService.grpc_server.PushTask.HandleRequestImpl - 68 total (0 active), Execution time: mean = 20.912 us, total = 1.422 ms, Queueing time: mean = 12.846 us, max = 132.900 us, min = 6.700 us, total = 873.500 us
	CoreWorkerService.grpc_server.PushTask - 68 total (0 active), Execution time: mean = 2.160 ms, total = 146.910 ms, Queueing time: mean = 0.000 s, max = -0.000 s, min = 9223372036.855 s, total = 0.000 s
	CoreWorker.RecordMetrics - 48 total (1 active), Execution time: mean = 82.592 us, total = 3.964 ms, Queueing time: mean = 8.943 ms, max = 15.693 ms, min = 252.900 us, total = 429.275 ms
	CoreWorker.TryDelPendingObjectRefStreams - 24 total (1 active), Execution time: mean = 4.650 us, total = 111.600 us, Queueing time: mean = 8.182 ms, max = 14.714 ms, min = 1.449 ms, total = 196.374 ms
	PeriodicalRunner.RunFnPeriodically - 7 total (0 active), Execution time: mean = 288.543 us, total = 2.020 ms, Queueing time: mean = 496.443 us, max = 1.681 ms, min = 11.700 us, total = 3.475 ms
	CoreWorker.PrintEventStats - 4 total (1 active, 1 running), Execution time: mean = 312.100 us, total = 1.248 ms, Queueing time: mean = 7.074 ms, max = 11.850 ms, min = 6.460 ms, total = 28.298 ms
	ray::rpc::WorkerInfoGcsService.grpc_client.AddWorkerInfo.OnReplyReceived - 1 total (0 active), Execution time: mean = 28.700 us, total = 28.700 us, Queueing time: mean = 73.000 us, max = 73.000 us, min = 73.000 us, total = 73.000 us
	ray::rpc::InternalPubSubGcsService.grpc_client.GcsSubscriberPoll - 1 total (1 active), Execution time: mean = 0.000 s, total = 0.000 s, Queueing time: mean = 0.000 s, max = -0.000 s, min = 9223372036.855 s, total = 0.000 s
	ray::rpc::WorkerInfoGcsService.grpc_client.AddWorkerInfo - 1 total (0 active), Execution time: mean = 638.200 us, total = 638.200 us, Queueing time: mean = 0.000 s, max = -0.000 s, min = 9223372036.855 s, total = 0.000 s
	ray::rpc::InternalPubSubGcsService.grpc_client.GcsSubscriberCommandBatch - 1 total (0 active), Execution time: mean = 642.100 us, total = 642.100 us, Queueing time: mean = 0.000 s, max = -0.000 s, min = 9223372036.855 s, total = 0.000 s
	ray::rpc::InternalPubSubGcsService.grpc_client.GcsSubscriberCommandBatch.OnReplyReceived - 1 total (0 active), Execution time: mean = 142.000 us, total = 142.000 us, Queueing time: mean = 8.900 us, max = 8.900 us, min = 8.900 us, total = 8.900 us
	ray::rpc::NodeInfoGcsService.grpc_client.GetAllNodeInfo - 1 total (0 active), Execution time: mean = 331.700 us, total = 331.700 us, Queueing time: mean = 0.000 s, max = -0.000 s, min = 9223372036.855 s, total = 0.000 s
	Publisher.CheckDeadSubscribers - 1 total (1 active), Execution time: mean = 0.000 s, total = 0.000 s, Queueing time: mean = 0.000 s, max = -0.000 s, min = 9223372036.855 s, total = 0.000 s
	ray::rpc::NodeInfoGcsService.grpc_client.GetAllNodeInfo.OnReplyReceived - 1 total (0 active), Execution time: mean = 149.100 us, total = 149.100 us, Queueing time: mean = 10.900 us, max = 10.900 us, min = 10.900 us, total = 10.900 us

-----------------
Task execution event stats:

Global stats: 15635 total (1 active)
Queueing time: mean = 5.388 ms, max = 73.239 ms, min = 3.500 us, total = 84.241 s
Execution time:  mean = 17.156 us, total = 268.231 ms
Event stats:
	CoreWorker.CheckSignal - 15566 total (1 active), Execution time: mean = 12.245 us, total = 190.600 ms, Queueing time: mean = 5.412 ms, max = 73.239 ms, min = 343.200 us, total = 84.240 s
	CoreWorker.HandlePushTaskActor - 67 total (0 active), Execution time: mean = 78.060 us, total = 5.230 ms, Queueing time: mean = 10.318 us, max = 61.200 us, min = 4.300 us, total = 691.300 us
	PeriodicalRunner.RunFnPeriodically - 1 total (0 active), Execution time: mean = 13.800 us, total = 13.800 us, Queueing time: mean = 3.500 us, max = 3.500 us, min = 3.500 us, total = 3.500 us
	CoreWorker.HandlePushTask - 1 total (0 active), Execution time: mean = 72.388 ms, total = 72.388 ms, Queueing time: mean = 7.500 us, max = 7.500 us, min = 7.500 us, total = 7.500 us

-----------------
Task Event stats:

IO Service Stats:

Global stats: 715 total (1 active)
Queueing time: mean = 2.860 ms, max = 15.947 ms, min = -0.000 s, total = 2.045 s
Execution time:  mean = 279.597 us, total = 199.911 ms
Event stats:
	ray::rpc::TaskInfoGcsService.grpc_client.AddTaskEventData - 238 total (0 active), Execution time: mean = 524.631 us, total = 124.862 ms, Queueing time: mean = 0.000 s, max = -0.000 s, min = 9223372036.855 s, total = 0.000 s
	ray::rpc::TaskInfoGcsService.grpc_client.AddTaskEventData.OnReplyReceived - 238 total (0 active), Execution time: mean = 20.966 us, total = 4.990 ms, Queueing time: mean = 14.840 us, max = 181.600 us, min = 4.400 us, total = 3.532 ms
	CoreWorker.deadline_timer.flush_task_events - 238 total (1 active), Execution time: mean = 293.839 us, total = 69.934 ms, Queueing time: mean = 8.577 ms, max = 15.947 ms, min = -0.000 s, total = 2.041 s
	PeriodicalRunner.RunFnPeriodically - 1 total (0 active), Execution time: mean = 125.800 us, total = 125.800 us, Queueing time: mean = 10.900 us, max = 10.900 us, min = 10.900 us, total = 10.900 us
Other Stats:
	grpc_in_progress:0
	current number of task status events in buffer: 4
	current number of profile events in buffer: 8
	current number of dropped task attempts tracked: 0
	total task events sent: 0.025773 MiB
	total number of task attempts sent: 72
	total number of task attempts dropped reported: 0
	total number of sent failure: 0
	num status task events dropped: 0
	num profile task events dropped: 0


[2025-08-28 15:06:21,503 I 48124 43464] core_worker.cc:915: Event stats:


Global stats: 4272 total (8 active)
Queueing time: mean = 6.430 ms, max = 16.265 ms, min = -0.000 s, total = 27.468 s
Execution time:  mean = 116.598 us, total = 498.108 ms
Event stats:
	CoreWorker.RecoverObjects - 2781 total (1 active), Execution time: mean = 10.088 us, total = 28.056 ms, Queueing time: mean = 7.887 ms, max = 14.455 ms, min = 2.352 ms, total = 21.933 s
	CoreWorker.ExitIfParentRayletDies - 298 total (1 active), Execution time: mean = 16.895 us, total = 5.035 ms, Queueing time: mean = 7.747 ms, max = 16.265 ms, min = -0.000 s, total = 2.308 s
	CoreWorker.InternalHeartbeat - 298 total (1 active), Execution time: mean = 294.458 us, total = 87.749 ms, Queueing time: mean = 8.054 ms, max = 16.075 ms, min = -0.000 s, total = 2.400 s
	NodeManagerService.grpc_client.ReportWorkerBacklog.OnReplyReceived - 298 total (0 active), Execution time: mean = 15.696 us, total = 4.677 ms, Queueing time: mean = 12.782 us, max = 183.200 us, min = 4.400 us, total = 3.809 ms
	NodeManagerService.grpc_client.ReportWorkerBacklog - 298 total (0 active), Execution time: mean = 627.237 us, total = 186.917 ms, Queueing time: mean = 0.000 s, max = -0.000 s, min = 9223372036.855 s, total = 0.000 s
	CoreWorkerService.grpc_server.PushTask.HandleRequestImpl - 94 total (0 active), Execution time: mean = 20.248 us, total = 1.903 ms, Queueing time: mean = 12.426 us, max = 132.900 us, min = 6.700 us, total = 1.168 ms
	CoreWorkerService.grpc_server.PushTask - 94 total (0 active), Execution time: mean = 1.839 ms, total = 172.878 ms, Queueing time: mean = 0.000 s, max = -0.000 s, min = 9223372036.855 s, total = 0.000 s
	CoreWorker.RecordMetrics - 60 total (1 active), Execution time: mean = 85.353 us, total = 5.121 ms, Queueing time: mean = 9.190 ms, max = 15.693 ms, min = 252.900 us, total = 551.376 ms
	CoreWorker.TryDelPendingObjectRefStreams - 30 total (1 active), Execution time: mean = 4.770 us, total = 143.100 us, Queueing time: mean = 7.794 ms, max = 14.714 ms, min = 1.214 ms, total = 233.827 ms
	PeriodicalRunner.RunFnPeriodically - 7 total (0 active), Execution time: mean = 288.543 us, total = 2.020 ms, Queueing time: mean = 496.443 us, max = 1.681 ms, min = 11.700 us, total = 3.475 ms
	CoreWorker.PrintEventStats - 5 total (1 active, 1 running), Execution time: mean = 334.560 us, total = 1.673 ms, Queueing time: mean = 6.424 ms, max = 11.850 ms, min = 3.822 ms, total = 32.119 ms
	Publisher.CheckDeadSubscribers - 2 total (1 active), Execution time: mean = 2.500 us, total = 5.000 us, Queueing time: mean = 426.650 us, max = 853.300 us, min = 853.300 us, total = 853.300 us
	ray::rpc::WorkerInfoGcsService.grpc_client.AddWorkerInfo.OnReplyReceived - 1 total (0 active), Execution time: mean = 28.700 us, total = 28.700 us, Queueing time: mean = 73.000 us, max = 73.000 us, min = 73.000 us, total = 73.000 us
	ray::rpc::InternalPubSubGcsService.grpc_client.GcsSubscriberPoll - 1 total (1 active), Execution time: mean = 0.000 s, total = 0.000 s, Queueing time: mean = 0.000 s, max = -0.000 s, min = 9223372036.855 s, total = 0.000 s
	ray::rpc::WorkerInfoGcsService.grpc_client.AddWorkerInfo - 1 total (0 active), Execution time: mean = 638.200 us, total = 638.200 us, Queueing time: mean = 0.000 s, max = -0.000 s, min = 9223372036.855 s, total = 0.000 s
	ray::rpc::InternalPubSubGcsService.grpc_client.GcsSubscriberCommandBatch - 1 total (0 active), Execution time: mean = 642.100 us, total = 642.100 us, Queueing time: mean = 0.000 s, max = -0.000 s, min = 9223372036.855 s, total = 0.000 s
	ray::rpc::InternalPubSubGcsService.grpc_client.GcsSubscriberCommandBatch.OnReplyReceived - 1 total (0 active), Execution time: mean = 142.000 us, total = 142.000 us, Queueing time: mean = 8.900 us, max = 8.900 us, min = 8.900 us, total = 8.900 us
	ray::rpc::NodeInfoGcsService.grpc_client.GetAllNodeInfo - 1 total (0 active), Execution time: mean = 331.700 us, total = 331.700 us, Queueing time: mean = 0.000 s, max = -0.000 s, min = 9223372036.855 s, total = 0.000 s
	ray::rpc::NodeInfoGcsService.grpc_client.GetAllNodeInfo.OnReplyReceived - 1 total (0 active), Execution time: mean = 149.100 us, total = 149.100 us, Queueing time: mean = 10.900 us, max = 10.900 us, min = 10.900 us, total = 10.900 us

-----------------
Task execution event stats:

Global stats: 19550 total (1 active)
Queueing time: mean = 5.388 ms, max = 73.239 ms, min = 3.500 us, total = 105.329 s
Execution time:  mean = 16.190 us, total = 316.522 ms
Event stats:
	CoreWorker.CheckSignal - 19455 total (1 active), Execution time: mean = 12.222 us, total = 237.777 ms, Queueing time: mean = 5.414 ms, max = 73.239 ms, min = 343.200 us, total = 105.328 s
	CoreWorker.HandlePushTaskActor - 93 total (0 active), Execution time: mean = 68.205 us, total = 6.343 ms, Queueing time: mean = 9.957 us, max = 61.200 us, min = 4.300 us, total = 926.000 us
	PeriodicalRunner.RunFnPeriodically - 1 total (0 active), Execution time: mean = 13.800 us, total = 13.800 us, Queueing time: mean = 3.500 us, max = 3.500 us, min = 3.500 us, total = 3.500 us
	CoreWorker.HandlePushTask - 1 total (0 active), Execution time: mean = 72.388 ms, total = 72.388 ms, Queueing time: mean = 7.500 us, max = 7.500 us, min = 7.500 us, total = 7.500 us

-----------------
Task Event stats:

IO Service Stats:

Global stats: 895 total (1 active)
Queueing time: mean = 2.813 ms, max = 15.947 ms, min = -0.000 s, total = 2.518 s
Execution time:  mean = 283.077 us, total = 253.354 ms
Event stats:
	ray::rpc::TaskInfoGcsService.grpc_client.AddTaskEventData - 298 total (0 active), Execution time: mean = 530.414 us, total = 158.064 ms, Queueing time: mean = 0.000 s, max = -0.000 s, min = 9223372036.855 s, total = 0.000 s
	ray::rpc::TaskInfoGcsService.grpc_client.AddTaskEventData.OnReplyReceived - 298 total (0 active), Execution time: mean = 21.516 us, total = 6.412 ms, Queueing time: mean = 14.742 us, max = 181.600 us, min = 4.400 us, total = 4.393 ms
	CoreWorker.deadline_timer.flush_task_events - 298 total (1 active), Execution time: mean = 297.827 us, total = 88.752 ms, Queueing time: mean = 8.435 ms, max = 15.947 ms, min = -0.000 s, total = 2.514 s
	PeriodicalRunner.RunFnPeriodically - 1 total (0 active), Execution time: mean = 125.800 us, total = 125.800 us, Queueing time: mean = 10.900 us, max = 10.900 us, min = 10.900 us, total = 10.900 us
Other Stats:
	grpc_in_progress:0
	current number of task status events in buffer: 2
	current number of profile events in buffer: 4
	current number of dropped task attempts tracked: 0
	total task events sent: 0.0360985 MiB
	total number of task attempts sent: 99
	total number of task attempts dropped reported: 0
	total number of sent failure: 0
	num status task events dropped: 0
	num profile task events dropped: 0


[2025-08-28 15:07:21,515 I 48124 43464] core_worker.cc:915: Event stats:


Global stats: 5139 total (8 active)
Queueing time: mean = 6.418 ms, max = 16.265 ms, min = -0.000 s, total = 32.983 s
Execution time:  mean = 114.313 us, total = 587.454 ms
Event stats:
	CoreWorker.RecoverObjects - 3337 total (1 active), Execution time: mean = 9.806 us, total = 32.724 ms, Queueing time: mean = 7.908 ms, max = 14.455 ms, min = 2.352 ms, total = 26.388 s
	CoreWorker.ExitIfParentRayletDies - 358 total (1 active), Execution time: mean = 16.373 us, total = 5.862 ms, Queueing time: mean = 7.728 ms, max = 16.265 ms, min = -0.000 s, total = 2.767 s
	CoreWorker.InternalHeartbeat - 358 total (1 active), Execution time: mean = 290.311 us, total = 103.931 ms, Queueing time: mean = 7.982 ms, max = 16.075 ms, min = -0.000 s, total = 2.858 s
	NodeManagerService.grpc_client.ReportWorkerBacklog.OnReplyReceived - 358 total (0 active), Execution time: mean = 15.732 us, total = 5.632 ms, Queueing time: mean = 12.316 us, max = 183.200 us, min = 4.400 us, total = 4.409 ms
	NodeManagerService.grpc_client.ReportWorkerBacklog - 358 total (0 active), Execution time: mean = 620.838 us, total = 222.260 ms, Queueing time: mean = 0.000 s, max = -0.000 s, min = 9223372036.855 s, total = 0.000 s
	CoreWorkerService.grpc_server.PushTask.HandleRequestImpl - 120 total (0 active), Execution time: mean = 19.974 us, total = 2.397 ms, Queueing time: mean = 12.277 us, max = 132.900 us, min = 6.700 us, total = 1.473 ms
	CoreWorkerService.grpc_server.PushTask - 120 total (0 active), Execution time: mean = 1.686 ms, total = 202.311 ms, Queueing time: mean = 0.000 s, max = -0.000 s, min = 9223372036.855 s, total = 0.000 s
	CoreWorker.RecordMetrics - 72 total (1 active), Execution time: mean = 84.643 us, total = 6.094 ms, Queueing time: mean = 8.906 ms, max = 15.693 ms, min = 37.700 us, total = 641.207 ms
	CoreWorker.TryDelPendingObjectRefStreams - 36 total (1 active), Execution time: mean = 4.661 us, total = 167.800 us, Queueing time: mean = 7.644 ms, max = 14.714 ms, min = 891.800 us, total = 275.182 ms
	PeriodicalRunner.RunFnPeriodically - 7 total (0 active), Execution time: mean = 288.543 us, total = 2.020 ms, Queueing time: mean = 496.443 us, max = 1.681 ms, min = 11.700 us, total = 3.475 ms
	CoreWorker.PrintEventStats - 6 total (1 active, 1 running), Execution time: mean = 352.967 us, total = 2.118 ms, Queueing time: mean = 7.335 ms, max = 11.893 ms, min = 3.822 ms, total = 44.012 ms
	Publisher.CheckDeadSubscribers - 2 total (1 active), Execution time: mean = 2.500 us, total = 5.000 us, Queueing time: mean = 426.650 us, max = 853.300 us, min = 853.300 us, total = 853.300 us
	ray::rpc::WorkerInfoGcsService.grpc_client.AddWorkerInfo.OnReplyReceived - 1 total (0 active), Execution time: mean = 28.700 us, total = 28.700 us, Queueing time: mean = 73.000 us, max = 73.000 us, min = 73.000 us, total = 73.000 us
	ray::rpc::InternalPubSubGcsService.grpc_client.GcsSubscriberPoll - 1 total (1 active), Execution time: mean = 0.000 s, total = 0.000 s, Queueing time: mean = 0.000 s, max = -0.000 s, min = 9223372036.855 s, total = 0.000 s
	ray::rpc::WorkerInfoGcsService.grpc_client.AddWorkerInfo - 1 total (0 active), Execution time: mean = 638.200 us, total = 638.200 us, Queueing time: mean = 0.000 s, max = -0.000 s, min = 9223372036.855 s, total = 0.000 s
	ray::rpc::InternalPubSubGcsService.grpc_client.GcsSubscriberCommandBatch - 1 total (0 active), Execution time: mean = 642.100 us, total = 642.100 us, Queueing time: mean = 0.000 s, max = -0.000 s, min = 9223372036.855 s, total = 0.000 s
	ray::rpc::InternalPubSubGcsService.grpc_client.GcsSubscriberCommandBatch.OnReplyReceived - 1 total (0 active), Execution time: mean = 142.000 us, total = 142.000 us, Queueing time: mean = 8.900 us, max = 8.900 us, min = 8.900 us, total = 8.900 us
	ray::rpc::NodeInfoGcsService.grpc_client.GetAllNodeInfo - 1 total (0 active), Execution time: mean = 331.700 us, total = 331.700 us, Queueing time: mean = 0.000 s, max = -0.000 s, min = 9223372036.855 s, total = 0.000 s
	ray::rpc::NodeInfoGcsService.grpc_client.GetAllNodeInfo.OnReplyReceived - 1 total (0 active), Execution time: mean = 149.100 us, total = 149.100 us, Queueing time: mean = 10.900 us, max = 10.900 us, min = 10.900 us, total = 10.900 us

-----------------
Task execution event stats:

Global stats: 23464 total (1 active)
Queueing time: mean = 5.388 ms, max = 73.239 ms, min = 3.500 us, total = 126.418 s
Execution time:  mean = 15.451 us, total = 362.535 ms
Event stats:
	CoreWorker.CheckSignal - 23343 total (1 active, 1 running), Execution time: mean = 12.115 us, total = 282.804 ms, Queueing time: mean = 5.415 ms, max = 73.239 ms, min = 343.200 us, total = 126.411 s
	CoreWorker.HandlePushTaskActor - 119 total (0 active), Execution time: mean = 61.590 us, total = 7.329 ms, Queueing time: mean = 9.723 us, max = 61.200 us, min = 4.300 us, total = 1.157 ms
	PeriodicalRunner.RunFnPeriodically - 1 total (0 active), Execution time: mean = 13.800 us, total = 13.800 us, Queueing time: mean = 3.500 us, max = 3.500 us, min = 3.500 us, total = 3.500 us
	CoreWorker.HandlePushTask - 1 total (0 active), Execution time: mean = 72.388 ms, total = 72.388 ms, Queueing time: mean = 7.500 us, max = 7.500 us, min = 7.500 us, total = 7.500 us

-----------------
Task Event stats:

IO Service Stats:

Global stats: 1072 total (1 active)
Queueing time: mean = 2.776 ms, max = 15.947 ms, min = -0.000 s, total = 2.975 s
Execution time:  mean = 284.250 us, total = 304.716 ms
Event stats:
	ray::rpc::TaskInfoGcsService.grpc_client.AddTaskEventData - 357 total (0 active), Execution time: mean = 534.482 us, total = 190.810 ms, Queueing time: mean = 0.000 s, max = -0.000 s, min = 9223372036.855 s, total = 0.000 s
	ray::rpc::TaskInfoGcsService.grpc_client.AddTaskEventData.OnReplyReceived - 357 total (0 active), Execution time: mean = 21.549 us, total = 7.693 ms, Queueing time: mean = 21.734 us, max = 1.316 ms, min = 4.400 us, total = 7.759 ms
	CoreWorker.deadline_timer.flush_task_events - 357 total (1 active), Execution time: mean = 297.162 us, total = 106.087 ms, Queueing time: mean = 8.313 ms, max = 15.947 ms, min = -0.000 s, total = 2.968 s
	PeriodicalRunner.RunFnPeriodically - 1 total (0 active), Execution time: mean = 125.800 us, total = 125.800 us, Queueing time: mean = 10.900 us, max = 10.900 us, min = 10.900 us, total = 10.900 us
Other Stats:
	grpc_in_progress:0
	current number of task status events in buffer: 2
	current number of profile events in buffer: 4
	current number of dropped task attempts tracked: 0
	total task events sent: 0.0460644 MiB
	total number of task attempts sent: 125
	total number of task attempts dropped reported: 0
	total number of sent failure: 0
	num status task events dropped: 0
	num profile task events dropped: 0


[2025-08-28 15:07:26,890 I 48124 43464] core_worker.cc:4583: Force kill actor request has received. exiting immediately... The actor is dead because its owner has died. Owner Id: 01000000ffffffffffffffffffffffffffffffffffffffffffffffff Owner Ip address: 127.0.0.1 Owner worker exit type: INTENDED_USER_EXIT Worker exit detail: Owner's worker process has crashed.
[2025-08-28 15:07:26,890 W 48124 43464] core_worker.cc:1263: Force exit the process.  Details: Worker exits because the actor is killed. The actor is dead because its owner has died. Owner Id: 01000000ffffffffffffffffffffffffffffffffffffffffffffffff Owner Ip address: 127.0.0.1 Owner worker exit type: INTENDED_USER_EXIT Worker exit detail: Owner's worker process has crashed.
[2025-08-28 15:07:26,916 I 48124 43464] core_worker.cc:1097: Sending disconnect message to the local raylet.
[2025-08-28 15:07:26,916 I 48124 43464] raylet_client.cc:73: RayletClient::Disconnect, exit_type=INTENDED_SYSTEM_EXIT, exit_detail=Worker exits because the actor is killed. The actor is dead because its owner has died. Owner Id: 01000000ffffffffffffffffffffffffffffffffffffffffffffffff Owner Ip address: 127.0.0.1 Owner worker exit type: INTENDED_USER_EXIT Worker exit detail: Owner's worker process has crashed., has creation_task_exception_pb_bytes=0
[2025-08-28 15:07:26,918 I 48124 43464] core_worker.cc:1103: Disconnected from the local raylet.
