2025-08-28 14:32:14,581	INFO utils.py:304 -- Get all modules by type: DashboardHeadModule
2025-08-28 14:32:14,591	INFO utils.py:315 -- Module ray.dashboard.modules.aggregator.aggregator_agent cannot be loaded because we cannot import all dependencies. Install this module using `pip install 'ray[default]'` for the full dashboard functionality. Error: No module named 'grpc'
2025-08-28 14:32:14,628	INFO utils.py:315 -- Module ray.dashboard.modules.data.data_head cannot be loaded because we cannot import all dependencies. Install this module using `pip install 'ray[default]'` for the full dashboard functionality. Error: No module named 'aiohttp'
2025-08-28 14:32:14,632	INFO utils.py:315 -- Module ray.dashboard.modules.event.event_head cannot be loaded because we cannot import all dependencies. Install this module using `pip install 'ray[default]'` for the full dashboard functionality. Error: No module named 'aiohttp'
2025-08-28 14:32:14,689	INFO utils.py:315 -- Module ray.dashboard.modules.job.job_agent cannot be loaded because we cannot import all dependencies. Install this module using `pip install 'ray[default]'` for the full dashboard functionality. Error: No module named 'aiohttp'
2025-08-28 14:32:14,690	INFO utils.py:315 -- Module ray.dashboard.modules.job.job_head cannot be loaded because we cannot import all dependencies. Install this module using `pip install 'ray[default]'` for the full dashboard functionality. Error: No module named 'aiohttp'
2025-08-28 14:32:14,693	WARNING job_supervisor.py:49 -- Failed to Import win32api. For best usage experience run 'conda install pywin32'. Import error: No module named 'win32api'
2025-08-28 14:32:14,694	INFO utils.py:315 -- Module ray.dashboard.modules.log.log_agent cannot be loaded because we cannot import all dependencies. Install this module using `pip install 'ray[default]'` for the full dashboard functionality. Error: No module named 'grpc'
2025-08-28 14:32:14,784	INFO utils.py:315 -- Module ray.dashboard.modules.log.log_manager cannot be loaded because we cannot import all dependencies. Install this module using `pip install 'ray[default]'` for the full dashboard functionality. Error: No module named 'aiohttp'
2025-08-28 14:32:14,795	INFO utils.py:315 -- Module ray.dashboard.modules.metrics.metrics_head cannot be loaded because we cannot import all dependencies. Install this module using `pip install 'ray[default]'` for the full dashboard functionality. Error: No module named 'aiohttp'
2025-08-28 14:32:14,800	INFO utils.py:315 -- Module ray.dashboard.modules.node.node_head cannot be loaded because we cannot import all dependencies. Install this module using `pip install 'ray[default]'` for the full dashboard functionality. Error: No module named 'aiohttp'
2025-08-28 14:32:14,803	INFO utils.py:315 -- Module ray.dashboard.modules.reporter.healthz_agent cannot be loaded because we cannot import all dependencies. Install this module using `pip install 'ray[default]'` for the full dashboard functionality. Error: No module named 'aiohttp'
2025-08-28 14:32:14,804	INFO utils.py:315 -- Module ray.dashboard.modules.reporter.reporter_agent cannot be loaded because we cannot import all dependencies. Install this module using `pip install 'ray[default]'` for the full dashboard functionality. Error: No module named 'opencensus'
2025-08-28 14:32:14,805	INFO utils.py:315 -- Module ray.dashboard.modules.reporter.reporter_head cannot be loaded because we cannot import all dependencies. Install this module using `pip install 'ray[default]'` for the full dashboard functionality. Error: No module named 'aiohttp'
2025-08-28 14:32:14,808	INFO utils.py:315 -- Module ray.dashboard.modules.serve.serve_head cannot be loaded because we cannot import all dependencies. Install this module using `pip install 'ray[default]'` for the full dashboard functionality. Error: No module named 'aiohttp'
2025-08-28 14:32:14,809	INFO utils.py:315 -- Module ray.dashboard.modules.state.state_head cannot be loaded because we cannot import all dependencies. Install this module using `pip install 'ray[default]'` for the full dashboard functionality. Error: No module named 'aiohttp'
2025-08-28 14:32:14,811	INFO utils.py:315 -- Module ray.dashboard.modules.train.train_head cannot be loaded because we cannot import all dependencies. Install this module using `pip install 'ray[default]'` for the full dashboard functionality. Error: No module named 'aiohttp'
2025-08-28 14:32:14,814	INFO utils.py:337 -- Available modules: [<class 'ray.dashboard.modules.usage_stats.usage_stats_head.UsageStatsHead'>]
2025-08-28 14:32:14,814	INFO head.py:234 -- DashboardHeadModules to load: None.
2025-08-28 14:32:14,814	INFO head.py:237 -- Loading DashboardHeadModule: <class 'ray.dashboard.modules.usage_stats.usage_stats_head.UsageStatsHead'>.
2025-08-28 14:32:14,814	INFO head.py:241 -- Loaded 1 dashboard head modules: [<ray.dashboard.modules.usage_stats.usage_stats_head.UsageStatsHead object at 0x0000026627B71EB0>].
2025-08-28 14:32:14,814	INFO head.py:256 -- Subprocess modules not loaded in minimal mode.
2025-08-28 14:32:14,814	INFO head.py:441 -- http server disabled.
2025-08-28 14:32:14,890	INFO usage_stats_head.py:197 -- Usage reporting is disabled.
