[2025-08-28 14:32:19,146 I 53724 107188] core_worker_process.cc:192: Constructing CoreWorkerProcess. pid: 53724
[2025-08-28 14:32:19,151 I 53724 107188] io_service_pool.cc:37: IOServicePool is running with 1 io_service.
[2025-08-28 14:32:19,153 I 53724 107188] grpc_server.cc:140: worker server started, listening on port 52379.
[2025-08-28 14:32:19,155 I 53724 107188] core_worker.cc:544: Initializing worker at address: 127.0.0.1:52379 worker_id=2cf492abdaa5b5b98aea407f7f496f860fcb0b44e85b201ca70f3646 node_id=b417e1da0e94a4bcc7b65b6b447e68e0a90b024910b8cd8df1fa7f3b
[2025-08-28 14:32:19,157 I 53724 107188] task_event_buffer.cc:287: Reporting task events to GCS every 1000ms.
[2025-08-28 14:32:19,158 I 53724 124556] accessor.cc:784: Received notification for node, IsAlive = 1 node_id=b417e1da0e94a4bcc7b65b6b447e68e0a90b024910b8cd8df1fa7f3b
[2025-08-28 14:32:19,158 I 53724 124556] core_worker.cc:5148: Number of alive nodes:1
[2025-08-28 14:32:19,160 I 53724 124556] core_worker.cc:915: Event stats:


Global stats: 12 total (4 active)
Queueing time: mean = 16.175 us, max = 127.700 us, min = 9.400 us, total = 194.100 us
Execution time:  mean = 153.917 us, total = 1.847 ms
Event stats:
	PeriodicalRunner.RunFnPeriodically - 3 total (1 active, 1 running), Execution time: mean = 9.567 us, total = 28.700 us, Queueing time: mean = 54.267 us, max = 127.700 us, min = 35.100 us, total = 162.800 us
	ray::rpc::InternalPubSubGcsService.grpc_client.GcsSubscriberPoll - 1 total (1 active), Execution time: mean = 0.000 s, total = 0.000 s, Queueing time: mean = 0.000 s, max = -0.000 s, min = 9223372036.855 s, total = 0.000 s
	ray::rpc::WorkerInfoGcsService.grpc_client.AddWorkerInfo - 1 total (0 active), Execution time: mean = 623.200 us, total = 623.200 us, Queueing time: mean = 0.000 s, max = -0.000 s, min = 9223372036.855 s, total = 0.000 s
	CoreWorker.ExitIfParentRayletDies - 1 total (1 active), Execution time: mean = 0.000 s, total = 0.000 s, Queueing time: mean = 0.000 s, max = -0.000 s, min = 9223372036.855 s, total = 0.000 s
	ray::rpc::InternalPubSubGcsService.grpc_client.GcsSubscriberCommandBatch - 1 total (0 active), Execution time: mean = 473.300 us, total = 473.300 us, Queueing time: mean = 0.000 s, max = -0.000 s, min = 9223372036.855 s, total = 0.000 s
	Publisher.CheckDeadSubscribers - 1 total (1 active), Execution time: mean = 0.000 s, total = 0.000 s, Queueing time: mean = 0.000 s, max = -0.000 s, min = 9223372036.855 s, total = 0.000 s
	ray::rpc::NodeInfoGcsService.grpc_client.GetAllNodeInfo - 1 total (0 active), Execution time: mean = 388.800 us, total = 388.800 us, Queueing time: mean = 0.000 s, max = -0.000 s, min = 9223372036.855 s, total = 0.000 s
	ray::rpc::WorkerInfoGcsService.grpc_client.AddWorkerInfo.OnReplyReceived - 1 total (0 active), Execution time: mean = 41.900 us, total = 41.900 us, Queueing time: mean = 10.300 us, max = 10.300 us, min = 10.300 us, total = 10.300 us
	ray::rpc::NodeInfoGcsService.grpc_client.GetAllNodeInfo.OnReplyReceived - 1 total (0 active), Execution time: mean = 88.600 us, total = 88.600 us, Queueing time: mean = 9.400 us, max = 9.400 us, min = 9.400 us, total = 9.400 us
	ray::rpc::InternalPubSubGcsService.grpc_client.GcsSubscriberCommandBatch.OnReplyReceived - 1 total (0 active), Execution time: mean = 202.500 us, total = 202.500 us, Queueing time: mean = 11.600 us, max = 11.600 us, min = 11.600 us, total = 11.600 us

-----------------
Task execution event stats:

Global stats: 0 total (0 active)
Queueing time: mean = -nan(ind) s, max = -0.000 s, min = 9223372036.855 s, total = 0.000 s
Execution time:  mean = -nan(ind) s, total = 0.000 s
Event stats:

-----------------
Task Event stats:

IO Service Stats:

Global stats: 4 total (1 active)
Queueing time: mean = 10.925 us, max = 35.100 us, min = 8.600 us, total = 43.700 us
Execution time:  mean = 171.425 us, total = 685.700 us
Event stats:
	CoreWorker.deadline_timer.flush_task_events - 1 total (1 active), Execution time: mean = 0.000 s, total = 0.000 s, Queueing time: mean = 0.000 s, max = -0.000 s, min = 9223372036.855 s, total = 0.000 s
	ray::rpc::TaskInfoGcsService.grpc_client.AddTaskEventData - 1 total (0 active), Execution time: mean = 557.900 us, total = 557.900 us, Queueing time: mean = 0.000 s, max = -0.000 s, min = 9223372036.855 s, total = 0.000 s
	PeriodicalRunner.RunFnPeriodically - 1 total (0 active), Execution time: mean = 109.100 us, total = 109.100 us, Queueing time: mean = 35.100 us, max = 35.100 us, min = 35.100 us, total = 35.100 us
	ray::rpc::TaskInfoGcsService.grpc_client.AddTaskEventData.OnReplyReceived - 1 total (0 active), Execution time: mean = 18.700 us, total = 18.700 us, Queueing time: mean = 8.600 us, max = 8.600 us, min = 8.600 us, total = 8.600 us
Other Stats:
	grpc_in_progress:0
	current number of task status events in buffer: 0
	current number of profile events in buffer: 0
	current number of dropped task attempts tracked: 0
	total task events sent: 0 MiB
	total number of task attempts sent: 0
	total number of task attempts dropped reported: 0
	total number of sent failure: 0
	num status task events dropped: 0
	num profile task events dropped: 0


[2025-08-28 14:32:19,163 I 53724 107188] event.cc:500: Ray Event initialized for CORE_WORKER
[2025-08-28 14:32:19,164 I 53724 107188] event.cc:500: Ray Event initialized for EXPORT_TASK
[2025-08-28 14:32:19,164 I 53724 107188] event.cc:331: Set ray event level to warning
[2025-08-28 14:32:31,245 W 53724 132044] metric_exporter.cc:105: [1] Export metrics to agent failed: RpcError: RPC Error message: failed to connect to all addresses; last error: UNAVAILABLE: ipv4:127.0.0.1:59529: Connection refused; RPC Error details:  rpc_code: 14. This won't affect Ray, but you can lose metrics from the cluster.
[2025-08-28 14:33:19,174 I 53724 124556] core_worker.cc:915: Event stats:


Global stats: 830 total (8 active)
Queueing time: mean = 6.592 ms, max = 15.486 ms, min = 5.800 us, total = 5.471 s
Execution time:  mean = 113.796 us, total = 94.451 ms
Event stats:
	CoreWorker.RecoverObjects - 556 total (1 active), Execution time: mean = 9.287 us, total = 5.163 ms, Queueing time: mean = 7.918 ms, max = 11.901 ms, min = 4.686 ms, total = 4.403 s
	NodeManagerService.grpc_client.ReportWorkerBacklog.OnReplyReceived - 60 total (0 active), Execution time: mean = 16.378 us, total = 982.700 us, Queueing time: mean = 15.023 us, max = 156.100 us, min = 5.800 us, total = 901.400 us
	CoreWorker.ExitIfParentRayletDies - 60 total (1 active), Execution time: mean = 13.700 us, total = 822.000 us, Queueing time: mean = 8.034 ms, max = 15.486 ms, min = 501.900 us, total = 482.023 ms
	NodeManagerService.grpc_client.ReportWorkerBacklog - 60 total (0 active), Execution time: mean = 1.163 ms, total = 69.808 ms, Queueing time: mean = 0.000 s, max = -0.000 s, min = 9223372036.855 s, total = 0.000 s
	CoreWorker.InternalHeartbeat - 60 total (1 active), Execution time: mean = 229.752 us, total = 13.785 ms, Queueing time: mean = 7.624 ms, max = 15.254 ms, min = 346.500 us, total = 457.454 ms
	CoreWorker.RecordMetrics - 12 total (1 active), Execution time: mean = 27.150 us, total = 325.800 us, Queueing time: mean = 7.495 ms, max = 14.623 ms, min = 424.200 us, total = 89.945 ms
	PeriodicalRunner.RunFnPeriodically - 7 total (0 active), Execution time: mean = 246.200 us, total = 1.723 ms, Queueing time: mean = 410.457 us, max = 1.372 ms, min = 12.600 us, total = 2.873 ms
	CoreWorker.TryDelPendingObjectRefStreams - 6 total (1 active), Execution time: mean = 3.683 us, total = 22.100 us, Queueing time: mean = 5.926 ms, max = 10.069 ms, min = 2.760 ms, total = 35.558 ms
	ray::rpc::WorkerInfoGcsService.grpc_client.AddWorkerInfo.OnReplyReceived - 1 total (0 active), Execution time: mean = 41.900 us, total = 41.900 us, Queueing time: mean = 10.300 us, max = 10.300 us, min = 10.300 us, total = 10.300 us
	ray::rpc::InternalPubSubGcsService.grpc_client.GcsSubscriberCommandBatch - 1 total (0 active), Execution time: mean = 473.300 us, total = 473.300 us, Queueing time: mean = 0.000 s, max = -0.000 s, min = 9223372036.855 s, total = 0.000 s
	ray::rpc::NodeInfoGcsService.grpc_client.GetAllNodeInfo - 1 total (0 active), Execution time: mean = 388.800 us, total = 388.800 us, Queueing time: mean = 0.000 s, max = -0.000 s, min = 9223372036.855 s, total = 0.000 s
	CoreWorker.PrintEventStats - 1 total (1 active, 1 running), Execution time: mean = 0.000 s, total = 0.000 s, Queueing time: mean = 0.000 s, max = -0.000 s, min = 9223372036.855 s, total = 0.000 s
	ray::rpc::InternalPubSubGcsService.grpc_client.GcsSubscriberPoll - 1 total (1 active), Execution time: mean = 0.000 s, total = 0.000 s, Queueing time: mean = 0.000 s, max = -0.000 s, min = 9223372036.855 s, total = 0.000 s
	ray::rpc::InternalPubSubGcsService.grpc_client.GcsSubscriberCommandBatch.OnReplyReceived - 1 total (0 active), Execution time: mean = 202.500 us, total = 202.500 us, Queueing time: mean = 11.600 us, max = 11.600 us, min = 11.600 us, total = 11.600 us
	ray::rpc::WorkerInfoGcsService.grpc_client.AddWorkerInfo - 1 total (0 active), Execution time: mean = 623.200 us, total = 623.200 us, Queueing time: mean = 0.000 s, max = -0.000 s, min = 9223372036.855 s, total = 0.000 s
	Publisher.CheckDeadSubscribers - 1 total (1 active), Execution time: mean = 0.000 s, total = 0.000 s, Queueing time: mean = 0.000 s, max = -0.000 s, min = 9223372036.855 s, total = 0.000 s
	ray::rpc::NodeInfoGcsService.grpc_client.GetAllNodeInfo.OnReplyReceived - 1 total (0 active), Execution time: mean = 88.600 us, total = 88.600 us, Queueing time: mean = 9.400 us, max = 9.400 us, min = 9.400 us, total = 9.400 us

-----------------
Task execution event stats:

Global stats: 3893 total (1 active)
Queueing time: mean = 5.410 ms, max = 14.839 ms, min = 3.000 us, total = 21.060 s
Execution time:  mean = 14.024 us, total = 54.595 ms
Event stats:
	CoreWorker.CheckSignal - 3892 total (1 active), Execution time: mean = 14.024 us, total = 54.580 ms, Queueing time: mean = 5.411 ms, max = 14.839 ms, min = 1.966 ms, total = 21.060 s
	PeriodicalRunner.RunFnPeriodically - 1 total (0 active), Execution time: mean = 15.300 us, total = 15.300 us, Queueing time: mean = 3.000 us, max = 3.000 us, min = 3.000 us, total = 3.000 us

-----------------
Task Event stats:

IO Service Stats:

Global stats: 181 total (1 active)
Queueing time: mean = 2.550 ms, max = 15.236 ms, min = 5.100 us, total = 461.557 ms
Execution time:  mean = 420.069 us, total = 76.032 ms
Event stats:
	CoreWorker.deadline_timer.flush_task_events - 60 total (1 active), Execution time: mean = 277.395 us, total = 16.644 ms, Queueing time: mean = 7.681 ms, max = 15.236 ms, min = 363.900 us, total = 460.858 ms
	ray::rpc::TaskInfoGcsService.grpc_client.AddTaskEventData - 60 total (0 active), Execution time: mean = 969.633 us, total = 58.178 ms, Queueing time: mean = 0.000 s, max = -0.000 s, min = 9223372036.855 s, total = 0.000 s
	ray::rpc::TaskInfoGcsService.grpc_client.AddTaskEventData.OnReplyReceived - 60 total (0 active), Execution time: mean = 18.362 us, total = 1.102 ms, Queueing time: mean = 11.068 us, max = 42.900 us, min = 5.100 us, total = 664.100 us
	PeriodicalRunner.RunFnPeriodically - 1 total (0 active), Execution time: mean = 109.100 us, total = 109.100 us, Queueing time: mean = 35.100 us, max = 35.100 us, min = 35.100 us, total = 35.100 us
Other Stats:
	grpc_in_progress:0
	current number of task status events in buffer: 0
	current number of profile events in buffer: 0
	current number of dropped task attempts tracked: 0
	total task events sent: 0 MiB
	total number of task attempts sent: 0
	total number of task attempts dropped reported: 0
	total number of sent failure: 0
	num status task events dropped: 0
	num profile task events dropped: 0


[2025-08-28 14:34:19,177 I 53724 124556] core_worker.cc:915: Event stats:


Global stats: 1646 total (8 active)
Queueing time: mean = 6.652 ms, max = 15.486 ms, min = -0.000 s, total = 10.948 s
Execution time:  mean = 99.893 us, total = 164.423 ms
Event stats:
	CoreWorker.RecoverObjects - 1113 total (1 active), Execution time: mean = 9.053 us, total = 10.075 ms, Queueing time: mean = 7.860 ms, max = 11.901 ms, min = 4.686 ms, total = 8.748 s
	NodeManagerService.grpc_client.ReportWorkerBacklog.OnReplyReceived - 120 total (0 active), Execution time: mean = 16.723 us, total = 2.007 ms, Queueing time: mean = 13.878 us, max = 156.100 us, min = 5.000 us, total = 1.665 ms
	CoreWorker.ExitIfParentRayletDies - 120 total (1 active), Execution time: mean = 13.867 us, total = 1.664 ms, Queueing time: mean = 8.020 ms, max = 15.486 ms, min = 66.800 us, total = 962.375 ms
	NodeManagerService.grpc_client.ReportWorkerBacklog - 120 total (0 active), Execution time: mean = 979.405 us, total = 117.529 ms, Queueing time: mean = 0.000 s, max = -0.000 s, min = 9223372036.855 s, total = 0.000 s
	CoreWorker.InternalHeartbeat - 120 total (1 active), Execution time: mean = 238.299 us, total = 28.596 ms, Queueing time: mean = 7.699 ms, max = 15.254 ms, min = -0.000 s, total = 923.914 ms
	CoreWorker.RecordMetrics - 24 total (1 active), Execution time: mean = 28.433 us, total = 682.400 us, Queueing time: mean = 7.855 ms, max = 14.825 ms, min = 424.200 us, total = 188.522 ms
	CoreWorker.TryDelPendingObjectRefStreams - 12 total (1 active), Execution time: mean = 4.475 us, total = 53.700 us, Queueing time: mean = 8.914 ms, max = 15.308 ms, min = 2.760 ms, total = 106.969 ms
	PeriodicalRunner.RunFnPeriodically - 7 total (0 active), Execution time: mean = 246.200 us, total = 1.723 ms, Queueing time: mean = 410.457 us, max = 1.372 ms, min = 12.600 us, total = 2.873 ms
	CoreWorker.PrintEventStats - 2 total (1 active, 1 running), Execution time: mean = 137.400 us, total = 274.800 us, Queueing time: mean = 7.177 ms, max = 14.354 ms, min = 14.354 ms, total = 14.354 ms
	ray::rpc::WorkerInfoGcsService.grpc_client.AddWorkerInfo.OnReplyReceived - 1 total (0 active), Execution time: mean = 41.900 us, total = 41.900 us, Queueing time: mean = 10.300 us, max = 10.300 us, min = 10.300 us, total = 10.300 us
	ray::rpc::InternalPubSubGcsService.grpc_client.GcsSubscriberCommandBatch - 1 total (0 active), Execution time: mean = 473.300 us, total = 473.300 us, Queueing time: mean = 0.000 s, max = -0.000 s, min = 9223372036.855 s, total = 0.000 s
	ray::rpc::NodeInfoGcsService.grpc_client.GetAllNodeInfo - 1 total (0 active), Execution time: mean = 388.800 us, total = 388.800 us, Queueing time: mean = 0.000 s, max = -0.000 s, min = 9223372036.855 s, total = 0.000 s
	ray::rpc::InternalPubSubGcsService.grpc_client.GcsSubscriberPoll - 1 total (1 active), Execution time: mean = 0.000 s, total = 0.000 s, Queueing time: mean = 0.000 s, max = -0.000 s, min = 9223372036.855 s, total = 0.000 s
	ray::rpc::InternalPubSubGcsService.grpc_client.GcsSubscriberCommandBatch.OnReplyReceived - 1 total (0 active), Execution time: mean = 202.500 us, total = 202.500 us, Queueing time: mean = 11.600 us, max = 11.600 us, min = 11.600 us, total = 11.600 us
	ray::rpc::WorkerInfoGcsService.grpc_client.AddWorkerInfo - 1 total (0 active), Execution time: mean = 623.200 us, total = 623.200 us, Queueing time: mean = 0.000 s, max = -0.000 s, min = 9223372036.855 s, total = 0.000 s
	Publisher.CheckDeadSubscribers - 1 total (1 active), Execution time: mean = 0.000 s, total = 0.000 s, Queueing time: mean = 0.000 s, max = -0.000 s, min = 9223372036.855 s, total = 0.000 s
	ray::rpc::NodeInfoGcsService.grpc_client.GetAllNodeInfo.OnReplyReceived - 1 total (0 active), Execution time: mean = 88.600 us, total = 88.600 us, Queueing time: mean = 9.400 us, max = 9.400 us, min = 9.400 us, total = 9.400 us

-----------------
Task execution event stats:

Global stats: 7789 total (1 active)
Queueing time: mean = 5.401 ms, max = 14.839 ms, min = 3.000 us, total = 42.065 s
Execution time:  mean = 13.549 us, total = 105.537 ms
Event stats:
	CoreWorker.CheckSignal - 7788 total (1 active), Execution time: mean = 13.549 us, total = 105.521 ms, Queueing time: mean = 5.401 ms, max = 14.839 ms, min = 1.966 ms, total = 42.065 s
	PeriodicalRunner.RunFnPeriodically - 1 total (0 active), Execution time: mean = 15.300 us, total = 15.300 us, Queueing time: mean = 3.000 us, max = 3.000 us, min = 3.000 us, total = 3.000 us

-----------------
Task Event stats:

IO Service Stats:

Global stats: 361 total (1 active)
Queueing time: mean = 2.572 ms, max = 15.236 ms, min = -0.000 s, total = 928.673 ms
Execution time:  mean = 383.151 us, total = 138.318 ms
Event stats:
	CoreWorker.deadline_timer.flush_task_events - 120 total (1 active), Execution time: mean = 266.494 us, total = 31.979 ms, Queueing time: mean = 7.725 ms, max = 15.236 ms, min = -0.000 s, total = 926.945 ms
	ray::rpc::TaskInfoGcsService.grpc_client.AddTaskEventData - 120 total (0 active), Execution time: mean = 866.436 us, total = 103.972 ms, Queueing time: mean = 0.000 s, max = -0.000 s, min = 9223372036.855 s, total = 0.000 s
	ray::rpc::TaskInfoGcsService.grpc_client.AddTaskEventData.OnReplyReceived - 120 total (0 active), Execution time: mean = 18.808 us, total = 2.257 ms, Queueing time: mean = 14.102 us, max = 90.600 us, min = 5.100 us, total = 1.692 ms
	PeriodicalRunner.RunFnPeriodically - 1 total (0 active), Execution time: mean = 109.100 us, total = 109.100 us, Queueing time: mean = 35.100 us, max = 35.100 us, min = 35.100 us, total = 35.100 us
Other Stats:
	grpc_in_progress:0
	current number of task status events in buffer: 0
	current number of profile events in buffer: 0
	current number of dropped task attempts tracked: 0
	total task events sent: 0 MiB
	total number of task attempts sent: 0
	total number of task attempts dropped reported: 0
	total number of sent failure: 0
	num status task events dropped: 0
	num profile task events dropped: 0


[2025-08-28 14:34:50,488 I 53724 124556] accessor.cc:784: Received notification for node, IsAlive = 0 node_id=b417e1da0e94a4bcc7b65b6b447e68e0a90b024910b8cd8df1fa7f3b
[2025-08-28 14:34:50,488 I 53724 124556] core_worker.cc:627: Node failure. All objects pinned on that node will be lost if object reconstruction is not enabled. node_id=b417e1da0e94a4bcc7b65b6b447e68e0a90b024910b8cd8df1fa7f3b
[2025-08-28 14:34:50,488 I 53724 124556] core_worker.cc:5148: Number of alive nodes:0
[2025-08-28 14:34:50,499 I 53724 107188] core_worker.cc:1172: Exit signal received, this process will exit after all outstanding tasks have finished, exit_type=SYSTEM_ERROR, detail=Worker exits unexpectedly by a signal. SystemExit is raised (sys.exit is called). Exit code: 1. The process receives a SIGTERM.
[2025-08-28 14:34:50,499 I 53724 107188] core_worker.cc:1208: Wait for currently executing tasks in the underlying thread pools to finish.
[2025-08-28 14:34:50,500 I 53724 107188] core_worker.cc:1242: Releasing local references, then draining reference counter.
[2025-08-28 14:34:50,521 I 53724 107188] core_worker.cc:1097: Sending disconnect message to the local raylet.
[2025-08-28 14:34:50,521 I 53724 107188] raylet_client.cc:73: RayletClient::Disconnect, exit_type=SYSTEM_ERROR, exit_detail=Worker exits unexpectedly by a signal. SystemExit is raised (sys.exit is called). Exit code: 1. The process receives a SIGTERM., has creation_task_exception_pb_bytes=0
[2025-08-28 14:34:50,566 W 53724 107188] raylet_connection.cc:61: The connection is failed because the local raylet has been dead. Terminate the process. Status: IOError: Unknown error
