[2025-08-28 14:32:15,074 I 100956 100320] (raylet.exe) main.cc:226: Setting cluster ID to: 36d1f9c270aafdb2632a8feca9daabecbd1e7006bf234b85bb24c825
[2025-08-28 14:32:15,080 I 100956 100320] (raylet.exe) main.cc:840: Raylet is not set to kill unknown children.
[2025-08-28 14:32:15,080 I 100956 100320] (raylet.exe) io_service_pool.cc:37: IOServicePool is running with 1 io_service.
[2025-08-28 14:32:15,080 I 100956 100320] (raylet.exe) main.cc:840: Setting node ID node_id=b417e1da0e94a4bcc7b65b6b447e68e0a90b024910b8cd8df1fa7f3b
[2025-08-28 14:32:15,081 I 100956 100320] (raylet.exe) store_runner.cc:50: Allowing the Plasma store to use up to 0.104858GB of memory.
[2025-08-28 14:32:15,081 I 100956 100320] (raylet.exe) store_runner.cc:66: Starting object store with directory C:\Users\LUOJI1~1\AppData\Local\Temp, fallback D:\MyUser\HKUSTGZ\DOIT\6G Program\CastRay\ray_temp\session_2025-08-28_14-32-12_085710_132740, and huge page support disabled
[2025-08-28 14:32:15,081 I 100956 17700] (raylet.exe) dlmalloc.cc:324: Setting dlmalloc config: plasma_directory=C:\Users\LUOJI1~1\AppData\Local\Temp, fallback_directory=D:\MyUser\HKUSTGZ\DOIT\6G Program\CastRay\ray_temp\session_2025-08-28_14-32-12_085710_132740, hugepage_enabled=0, fallback_enabled=1
[2025-08-28 14:32:15,081 I 100956 17700] (raylet.exe) store.cc:576: Plasma store debug dump: 
Current usage: 0 / 0.104858 GB
- num bytes created total: 0
0 pending objects of total size 0MB
- objects spillable: 0
- bytes spillable: 0
- objects unsealed: 0
- bytes unsealed: 0
- objects in use: 0
- bytes in use: 0
- objects evictable: 0
- bytes evictable: 0

- objects created by worker: 0
- bytes created by worker: 0
- objects restored: 0
- bytes restored: 0
- objects received: 0
- bytes received: 0
- objects errored: 0
- bytes errored: 0

[2025-08-28 14:32:15,086 I 100956 100320] (raylet.exe) grpc_server.cc:140: ObjectManager server started, listening on port 52240.
[2025-08-28 14:32:15,087 I 100956 100320] (raylet.exe) worker_killing_policy.cc:107: Running GroupByOwner policy.
[2025-08-28 14:32:15,087 W 100956 100320] (raylet.exe) memory_monitor.cc:68: Not running MemoryMonitor. It is currently supported only on Linux.
[2025-08-28 14:32:15,087 I 100956 100320] (raylet.exe) node_manager.cc:182: Initializing NodeManager node_id=b417e1da0e94a4bcc7b65b6b447e68e0a90b024910b8cd8df1fa7f3b
[2025-08-28 14:32:15,088 I 100956 100320] (raylet.exe) grpc_server.cc:140: NodeManager server started, listening on port 52242.
[2025-08-28 14:32:15,095 I 100956 133884] (raylet.exe) agent_manager.cc:80: Monitor agent process with name dashboard_agent
[2025-08-28 14:32:15,098 I 100956 53892] (raylet.exe) agent_manager.cc:80: Monitor agent process with name runtime_env_agent
[2025-08-28 14:32:15,103 I 100956 100320] (raylet.exe) event.cc:500: Ray Event initialized for RAYLET
[2025-08-28 14:32:15,103 I 100956 100320] (raylet.exe) event.cc:331: Set ray event level to warning
[2025-08-28 14:32:15,104 I 100956 100320] (raylet.exe) raylet.cc:135: Raylet of id, b417e1da0e94a4bcc7b65b6b447e68e0a90b024910b8cd8df1fa7f3b started. Raylet consists of node_manager and object_manager. node_manager address: 127.0.0.1:52242 object_manager address: 127.0.0.1:52240 hostname: LTL-4070S
[2025-08-28 14:32:15,107 I 100956 100320] (raylet.exe) node_manager.cc:343: [state-dump] NodeManager:
[state-dump] Node ID: b417e1da0e94a4bcc7b65b6b447e68e0a90b024910b8cd8df1fa7f3b
[state-dump] Node name: 127.0.0.1
[state-dump] InitialConfigResources: {accelerator_type:G: 1, node:__internal_head__: 1, object_store_memory: 1.04858e+08, CPU: 8, node:127.0.0.1: 1, memory: 8.92343e+09, GPU: 1}
[state-dump] ClusterTaskManager:
[state-dump] ========== Node: b417e1da0e94a4bcc7b65b6b447e68e0a90b024910b8cd8df1fa7f3b =================
[state-dump] Infeasible queue length: 0
[state-dump] Schedule queue length: 0
[state-dump] Dispatch queue length: 0
[state-dump] num_waiting_for_resource: 0
[state-dump] num_waiting_for_plasma_memory: 0
[state-dump] num_waiting_for_remote_node_resources: 0
[state-dump] num_worker_not_started_by_job_config_not_exist: 0
[state-dump] num_worker_not_started_by_registration_timeout: 0
[state-dump] num_tasks_waiting_for_workers: 0
[state-dump] num_cancelled_tasks: 0
[state-dump] cluster_resource_scheduler state: 
[state-dump] Local id: 2172998773535125234 Local resources: {"total":{accelerator_type:G: [10000], GPU: [10000], memory: [89234268160000], node:127.0.0.1: [10000], CPU: [80000], object_store_memory: [1048576000000], node:__internal_head__: [10000]}}, "available": {GPU: [10000], node:__internal_head__: [10000], node:127.0.0.1: [10000], memory: [89234268160000], object_store_memory: [1048576000000], CPU: [80000], accelerator_type:G: [10000]}}, "labels":{"ray.io/node_id":"b417e1da0e94a4bcc7b65b6b447e68e0a90b024910b8cd8df1fa7f3b",} is_draining: 0 is_idle: 1 Cluster resources (at most 20 nodes are shown): node id: 2172998773535125234{"total":{accelerator_type:G: 10000, node:__internal_head__: 10000, object_store_memory: 1048576000000, CPU: 80000, node:127.0.0.1: 10000, memory: 89234268160000, GPU: 10000}}, "available": {accelerator_type:G: 10000, node:__internal_head__: 10000, object_store_memory: 1048576000000, CPU: 80000, node:127.0.0.1: 10000, memory: 89234268160000, GPU: 10000}}, "labels":{"ray.io/node_id":"b417e1da0e94a4bcc7b65b6b447e68e0a90b024910b8cd8df1fa7f3b",}, "is_draining": 0, "draining_deadline_timestamp_ms": -1} { "placement group locations": [], "node to bundles": []}
[state-dump] Waiting tasks size: 0
[state-dump] Number of executing tasks: 0
[state-dump] Number of pinned task arguments: 0
[state-dump] Number of total spilled tasks: 0
[state-dump] Number of spilled waiting tasks: 0
[state-dump] Number of spilled unschedulable tasks: 0
[state-dump] Resource usage {
[state-dump] }
[state-dump] Backlog Size per scheduling descriptor :{workerId: num backlogs}:
[state-dump] 
[state-dump] Running tasks by scheduling class:
[state-dump] ==================================================
[state-dump] 
[state-dump] ClusterResources:
[state-dump] LocalObjectManager:
[state-dump] - num pinned objects: 0
[state-dump] - pinned objects size: 0
[state-dump] - num objects pending restore: 0
[state-dump] - num objects pending spill: 0
[state-dump] - num bytes pending spill: 0
[state-dump] - num bytes currently spilled: 0
[state-dump] - cumulative spill requests: 0
[state-dump] - cumulative restore requests: 0
[state-dump] - spilled objects pending delete: 0
[state-dump] 
[state-dump] ObjectManager:
[state-dump] - num local objects: 0
[state-dump] - num unfulfilled push requests: 0
[state-dump] - num object pull requests: 0
[state-dump] - num chunks received total: 0
[state-dump] - num chunks received failed (all): 0
[state-dump] - num chunks received failed / cancelled: 0
[state-dump] - num chunks received failed / plasma error: 0
[state-dump] Event stats:
[state-dump] Global stats: 0 total (0 active)
[state-dump] Queueing time: mean = -nan(ind) s, max = -0.000 s, min = 9223372036.855 s, total = 0.000 s
[state-dump] Execution time:  mean = -nan(ind) s, total = 0.000 s
[state-dump] Event stats:
[state-dump] PushManager:
[state-dump] - num pushes remaining: 0
[state-dump] - num chunks in flight: 0
[state-dump] - num chunks remaining: 0
[state-dump] - max chunks allowed: 409
[state-dump] OwnershipBasedObjectDirectory:
[state-dump] - num listeners: 0
[state-dump] - cumulative location updates: 0
[state-dump] - num location updates per second: 0.000
[state-dump] - num location lookups per second: 0.000
[state-dump] - num locations added per second: 0.000
[state-dump] - num locations removed per second: 0.000
[state-dump] BufferPool:
[state-dump] - create buffer state map size: 0
[state-dump] PullManager:
[state-dump] - num bytes available for pulled objects: 104857600
[state-dump] - num bytes being pulled (all): 0
[state-dump] - num bytes being pulled / pinned: 0
[state-dump] - get request bundles: BundlePullRequestQueue{0 total, 0 active, 0 inactive, 0 unpullable}
[state-dump] - wait request bundles: BundlePullRequestQueue{0 total, 0 active, 0 inactive, 0 unpullable}
[state-dump] - task request bundles: BundlePullRequestQueue{0 total, 0 active, 0 inactive, 0 unpullable}
[state-dump] - first get request bundle: N/A
[state-dump] - first wait request bundle: N/A
[state-dump] - first task request bundle: N/A
[state-dump] - num objects queued: 0
[state-dump] - num objects actively pulled (all): 0
[state-dump] - num objects actively pulled / pinned: 0
[state-dump] - num bundles being pulled: 0
[state-dump] - num pull retries: 0
[state-dump] - max timeout seconds: 0
[state-dump] - max timeout request is already processed. No entry.
[state-dump] 
[state-dump] WorkerPool:
[state-dump] - registered jobs: 0
[state-dump] - process_failed_job_config_missing: 0
[state-dump] - process_failed_rate_limited: 0
[state-dump] - process_failed_pending_registration: 0
[state-dump] - process_failed_runtime_env_setup_failed: 0
[state-dump] - num PYTHON workers: 0
[state-dump] - num PYTHON drivers: 0
[state-dump] - num PYTHON pending start requests: 0
[state-dump] - num PYTHON pending registration requests: 0
[state-dump] - num object spill callbacks queued: 0
[state-dump] - num object restore queued: 0
[state-dump] - num util functions queued: 0
[state-dump] - num idle workers: 0
[state-dump] TaskDependencyManager:
[state-dump] - task deps map size: 0
[state-dump] - get req map size: 0
[state-dump] - wait req map size: 0
[state-dump] - local objects map size: 0
[state-dump] WaitManager:
[state-dump] - num active wait requests: 0
[state-dump] Subscriber:
[state-dump] Channel WORKER_OBJECT_EVICTION
[state-dump] - cumulative subscribe requests: 0
[state-dump] - cumulative unsubscribe requests: 0
[state-dump] - active subscribed publishers: 0
[state-dump] - cumulative published messages: 0
[state-dump] - cumulative processed messages: 0
[state-dump] Channel WORKER_REF_REMOVED_CHANNEL
[state-dump] - cumulative subscribe requests: 0
[state-dump] - cumulative unsubscribe requests: 0
[state-dump] - active subscribed publishers: 0
[state-dump] - cumulative published messages: 0
[state-dump] - cumulative processed messages: 0
[state-dump] Channel WORKER_OBJECT_LOCATIONS_CHANNEL
[state-dump] - cumulative subscribe requests: 0
[state-dump] - cumulative unsubscribe requests: 0
[state-dump] - active subscribed publishers: 0
[state-dump] - cumulative published messages: 0
[state-dump] - cumulative processed messages: 0
[state-dump] num async plasma notifications: 0
[state-dump] Event stats:
[state-dump] Global stats: 27 total (13 active)
[state-dump] Queueing time: mean = 2.455 ms, max = 16.334 ms, min = 10.300 us, total = 66.277 ms
[state-dump] Execution time:  mean = 1.099 ms, total = 29.671 ms
[state-dump] Event stats:
[state-dump] 	PeriodicalRunner.RunFnPeriodically - 11 total (2 active, 1 running), Execution time: mean = 212.200 us, total = 2.334 ms, Queueing time: mean = 6.023 ms, max = 16.334 ms, min = 39.000 us, total = 66.248 ms
[state-dump] 	NodeManager.GCTaskFailureReason - 1 total (1 active), Execution time: mean = 0.000 s, total = 0.000 s, Queueing time: mean = 0.000 s, max = -0.000 s, min = 9223372036.855 s, total = 0.000 s
[state-dump] 	RayletWorkerPool.deadline_timer.kill_idle_workers - 1 total (1 active), Execution time: mean = 0.000 s, total = 0.000 s, Queueing time: mean = 0.000 s, max = -0.000 s, min = 9223372036.855 s, total = 0.000 s
[state-dump] 	ray::rpc::InternalKVGcsService.grpc_client.GetInternalConfig - 1 total (0 active), Execution time: mean = 638.200 us, total = 638.200 us, Queueing time: mean = 0.000 s, max = -0.000 s, min = 9223372036.855 s, total = 0.000 s
[state-dump] 	ray::rpc::InternalKVGcsService.grpc_client.GetInternalConfig.OnReplyReceived - 1 total (0 active), Execution time: mean = 24.025 ms, total = 24.025 ms, Queueing time: mean = 19.100 us, max = 19.100 us, min = 19.100 us, total = 19.100 us
[state-dump] 	ray::rpc::InternalPubSubGcsService.grpc_client.GcsSubscriberCommandBatch - 1 total (0 active), Execution time: mean = 595.900 us, total = 595.900 us, Queueing time: mean = 0.000 s, max = -0.000 s, min = 9223372036.855 s, total = 0.000 s
[state-dump] 	ray::rpc::InternalPubSubGcsService.grpc_client.GcsSubscriberCommandBatch.OnReplyReceived - 1 total (1 active), Execution time: mean = 0.000 s, total = 0.000 s, Queueing time: mean = 0.000 s, max = -0.000 s, min = 9223372036.855 s, total = 0.000 s
[state-dump] 	NodeManager.CheckForUnexpectedWorkerDisconnects - 1 total (1 active), Execution time: mean = 0.000 s, total = 0.000 s, Queueing time: mean = 0.000 s, max = -0.000 s, min = 9223372036.855 s, total = 0.000 s
[state-dump] 	NodeManager.ScheduleAndDispatchTasks - 1 total (1 active), Execution time: mean = 0.000 s, total = 0.000 s, Queueing time: mean = 0.000 s, max = -0.000 s, min = 9223372036.855 s, total = 0.000 s
[state-dump] 	ClusterResourceManager.ResetRemoteNodeView - 1 total (1 active), Execution time: mean = 0.000 s, total = 0.000 s, Queueing time: mean = 0.000 s, max = -0.000 s, min = 9223372036.855 s, total = 0.000 s
[state-dump] 	ray::rpc::NodeInfoGcsService.grpc_client.RegisterNode.OnReplyReceived - 1 total (0 active), Execution time: mean = 690.500 us, total = 690.500 us, Queueing time: mean = 10.300 us, max = 10.300 us, min = 10.300 us, total = 10.300 us
[state-dump] 	ray::rpc::NodeInfoGcsService.grpc_client.RegisterNode - 1 total (0 active), Execution time: mean = 1.387 ms, total = 1.387 ms, Queueing time: mean = 0.000 s, max = -0.000 s, min = 9223372036.855 s, total = 0.000 s
[state-dump] 	ray::rpc::InternalPubSubGcsService.grpc_client.GcsSubscriberPoll - 1 total (1 active), Execution time: mean = 0.000 s, total = 0.000 s, Queueing time: mean = 0.000 s, max = -0.000 s, min = 9223372036.855 s, total = 0.000 s
[state-dump] 	NodeManager.deadline_timer.flush_free_objects - 1 total (1 active), Execution time: mean = 0.000 s, total = 0.000 s, Queueing time: mean = 0.000 s, max = -0.000 s, min = 9223372036.855 s, total = 0.000 s
[state-dump] 	NodeManager.deadline_timer.debug_state_dump - 1 total (1 active), Execution time: mean = 0.000 s, total = 0.000 s, Queueing time: mean = 0.000 s, max = -0.000 s, min = 9223372036.855 s, total = 0.000 s
[state-dump] 	NodeManager.deadline_timer.spill_objects_when_over_threshold - 1 total (1 active), Execution time: mean = 0.000 s, total = 0.000 s, Queueing time: mean = 0.000 s, max = -0.000 s, min = 9223372036.855 s, total = 0.000 s
[state-dump] 	NodeManager.deadline_timer.record_metrics - 1 total (1 active), Execution time: mean = 0.000 s, total = 0.000 s, Queueing time: mean = 0.000 s, max = -0.000 s, min = 9223372036.855 s, total = 0.000 s
[state-dump] DebugString() time ms: 0
[state-dump] 
[state-dump] 
[2025-08-28 14:32:15,108 I 100956 100320] (raylet.exe) accessor.cc:784: Received notification for node, IsAlive = 1 node_id=b417e1da0e94a4bcc7b65b6b447e68e0a90b024910b8cd8df1fa7f3b
[2025-08-28 14:32:15,188 I 100956 100320] (raylet.exe) worker_pool.cc:527: Started worker process with pid 53724, the token is 0
[2025-08-28 14:32:15,190 I 100956 100320] (raylet.exe) worker_pool.cc:527: Started worker process with pid 13836, the token is 1
[2025-08-28 14:32:15,193 I 100956 100320] (raylet.exe) worker_pool.cc:527: Started worker process with pid 57788, the token is 2
[2025-08-28 14:32:15,197 I 100956 100320] (raylet.exe) worker_pool.cc:527: Started worker process with pid 92124, the token is 3
[2025-08-28 14:32:15,200 I 100956 100320] (raylet.exe) worker_pool.cc:527: Started worker process with pid 26288, the token is 4
[2025-08-28 14:32:15,204 I 100956 100320] (raylet.exe) worker_pool.cc:527: Started worker process with pid 106212, the token is 5
[2025-08-28 14:32:15,207 I 100956 100320] (raylet.exe) worker_pool.cc:527: Started worker process with pid 86736, the token is 6
[2025-08-28 14:32:15,212 I 100956 100320] (raylet.exe) worker_pool.cc:527: Started worker process with pid 48828, the token is 7
[2025-08-28 14:32:18,929 I 100956 17700] (raylet.exe) object_store.cc:38: Object store current usage 8e-09 / 0.104858 GB.
[2025-08-28 14:32:19,207 I 100956 100320] (raylet.exe) worker_pool.cc:724: Job 01000000 already started in worker pool.
[2025-08-28 14:32:27,184 W 100956 138092] (raylet.exe) metric_exporter.cc:105: [1] Export metrics to agent failed: RpcError: RPC Error message: failed to connect to all addresses; last error: UNAVAILABLE: ipv4:127.0.0.1:59529: Connection refused; RPC Error details:  rpc_code: 14. This won't affect Ray, but you can lose metrics from the cluster.
[2025-08-28 14:33:15,085 I 100956 17700] (raylet.exe) store.cc:576: Plasma store debug dump: 
Current usage: 0 / 0.104858 GB
- num bytes created total: 72
0 pending objects of total size 0MB
- objects spillable: 0
- bytes spillable: 0
- objects unsealed: 0
- bytes unsealed: 0
- objects in use: 0
- bytes in use: 0
- objects evictable: 0
- bytes evictable: 0

- objects created by worker: 0
- bytes created by worker: 0
- objects restored: 0
- bytes restored: 0
- objects received: 0
- bytes received: 0
- objects errored: 0
- bytes errored: 0

[2025-08-28 14:33:15,117 I 100956 100320] (raylet.exe) node_manager.cc:343: [state-dump] NodeManager:
[state-dump] Node ID: b417e1da0e94a4bcc7b65b6b447e68e0a90b024910b8cd8df1fa7f3b
[state-dump] Node name: 127.0.0.1
[state-dump] InitialConfigResources: {accelerator_type:G: 1, node:__internal_head__: 1, object_store_memory: 1.04858e+08, CPU: 8, node:127.0.0.1: 1, memory: 8.92343e+09, GPU: 1}
[state-dump] ClusterTaskManager:
[state-dump] ========== Node: b417e1da0e94a4bcc7b65b6b447e68e0a90b024910b8cd8df1fa7f3b =================
[state-dump] Infeasible queue length: 0
[state-dump] Schedule queue length: 0
[state-dump] Dispatch queue length: 0
[state-dump] num_waiting_for_resource: 0
[state-dump] num_waiting_for_plasma_memory: 0
[state-dump] num_waiting_for_remote_node_resources: 0
[state-dump] num_worker_not_started_by_job_config_not_exist: 0
[state-dump] num_worker_not_started_by_registration_timeout: 0
[state-dump] num_tasks_waiting_for_workers: 0
[state-dump] num_cancelled_tasks: 0
[state-dump] cluster_resource_scheduler state: 
[state-dump] Local id: 2172998773535125234 Local resources: {"total":{accelerator_type:G: [10000], GPU: [10000], memory: [89234268160000], node:127.0.0.1: [10000], CPU: [80000], object_store_memory: [1048576000000], node:__internal_head__: [10000]}}, "available": {GPU: [10000], node:__internal_head__: [10000], node:127.0.0.1: [10000], memory: [89234268160000], object_store_memory: [1048576000000], CPU: [80000], accelerator_type:G: [10000]}}, "labels":{"ray.io/node_id":"b417e1da0e94a4bcc7b65b6b447e68e0a90b024910b8cd8df1fa7f3b",} is_draining: 0 is_idle: 0 Cluster resources (at most 20 nodes are shown): node id: 2172998773535125234{"total":{memory: 89234268160000, object_store_memory: 1048576000000, CPU: 80000, node:__internal_head__: 10000, GPU: 10000, accelerator_type:G: 10000, node:127.0.0.1: 10000}}, "available": {CPU: 80000, object_store_memory: 1048576000000, node:__internal_head__: 10000, GPU: 10000, node:127.0.0.1: 10000, accelerator_type:G: 10000, memory: 89234268160000}}, "labels":{"ray.io/node_id":"b417e1da0e94a4bcc7b65b6b447e68e0a90b024910b8cd8df1fa7f3b",}, "is_draining": 0, "draining_deadline_timestamp_ms": -1} { "placement group locations": [], "node to bundles": []}
[state-dump] Waiting tasks size: 0
[state-dump] Number of executing tasks: 0
[state-dump] Number of pinned task arguments: 0
[state-dump] Number of total spilled tasks: 0
[state-dump] Number of spilled waiting tasks: 0
[state-dump] Number of spilled unschedulable tasks: 0
[state-dump] Resource usage {
[state-dump]     - (language=PYTHON actor_or_task=CastingNode.__init__ pid=26288 worker_id=1dba097cd7b0c13c89f5130268ccadf51fa2c9ea96192f3b0090ea0d): {}
[state-dump]     - (language=PYTHON actor_or_task=CastingNode.__init__ pid=57788 worker_id=9440875252382883ecfc5aa963096148f061a3befb3cb1d07569d7e5): {}
[state-dump]     - (language=PYTHON actor_or_task=CastingNode.__init__ pid=13836 worker_id=96493bbef828e68420c5b0692b9db7a65728eda0063990b84c551349): {}
[state-dump] }
[state-dump] Backlog Size per scheduling descriptor :{workerId: num backlogs}:
[state-dump] 
[state-dump] Running tasks by scheduling class:
[state-dump] ==================================================
[state-dump] 
[state-dump] ClusterResources:
[state-dump] LocalObjectManager:
[state-dump] - num pinned objects: 0
[state-dump] - pinned objects size: 0
[state-dump] - num objects pending restore: 0
[state-dump] - num objects pending spill: 0
[state-dump] - num bytes pending spill: 0
[state-dump] - num bytes currently spilled: 0
[state-dump] - cumulative spill requests: 0
[state-dump] - cumulative restore requests: 0
[state-dump] - spilled objects pending delete: 0
[state-dump] 
[state-dump] ObjectManager:
[state-dump] - num local objects: 0
[state-dump] - num unfulfilled push requests: 0
[state-dump] - num object pull requests: 0
[state-dump] - num chunks received total: 0
[state-dump] - num chunks received failed (all): 0
[state-dump] - num chunks received failed / cancelled: 0
[state-dump] - num chunks received failed / plasma error: 0
[state-dump] Event stats:
[state-dump] Global stats: 0 total (0 active)
[state-dump] Queueing time: mean = -nan(ind) s, max = -0.000 s, min = 9223372036.855 s, total = 0.000 s
[state-dump] Execution time:  mean = -nan(ind) s, total = 0.000 s
[state-dump] Event stats:
[state-dump] PushManager:
[state-dump] - num pushes remaining: 0
[state-dump] - num chunks in flight: 0
[state-dump] - num chunks remaining: 0
[state-dump] - max chunks allowed: 409
[state-dump] OwnershipBasedObjectDirectory:
[state-dump] - num listeners: 0
[state-dump] - cumulative location updates: 0
[state-dump] - num location updates per second: 0.000
[state-dump] - num location lookups per second: 0.000
[state-dump] - num locations added per second: 0.000
[state-dump] - num locations removed per second: 0.000
[state-dump] BufferPool:
[state-dump] - create buffer state map size: 0
[state-dump] PullManager:
[state-dump] - num bytes available for pulled objects: 104857600
[state-dump] - num bytes being pulled (all): 0
[state-dump] - num bytes being pulled / pinned: 0
[state-dump] - get request bundles: BundlePullRequestQueue{0 total, 0 active, 0 inactive, 0 unpullable}
[state-dump] - wait request bundles: BundlePullRequestQueue{0 total, 0 active, 0 inactive, 0 unpullable}
[state-dump] - task request bundles: BundlePullRequestQueue{0 total, 0 active, 0 inactive, 0 unpullable}
[state-dump] - first get request bundle: N/A
[state-dump] - first wait request bundle: N/A
[state-dump] - first task request bundle: N/A
[state-dump] - num objects queued: 0
[state-dump] - num objects actively pulled (all): 0
[state-dump] - num objects actively pulled / pinned: 0
[state-dump] - num bundles being pulled: 0
[state-dump] - num pull retries: 0
[state-dump] - max timeout seconds: 0
[state-dump] - max timeout request is already processed. No entry.
[state-dump] 
[state-dump] WorkerPool:
[state-dump] - registered jobs: 1
[state-dump] - process_failed_job_config_missing: 0
[state-dump] - process_failed_rate_limited: 0
[state-dump] - process_failed_pending_registration: 0
[state-dump] - process_failed_runtime_env_setup_failed: 0
[state-dump] - num PYTHON workers: 8
[state-dump] - num PYTHON drivers: 1
[state-dump] - num PYTHON pending start requests: 0
[state-dump] - num PYTHON pending registration requests: 0
[state-dump] - num object spill callbacks queued: 0
[state-dump] - num object restore queued: 0
[state-dump] - num util functions queued: 0
[state-dump] - num idle workers: 5
[state-dump] TaskDependencyManager:
[state-dump] - task deps map size: 0
[state-dump] - get req map size: 0
[state-dump] - wait req map size: 0
[state-dump] - local objects map size: 0
[state-dump] WaitManager:
[state-dump] - num active wait requests: 0
[state-dump] Subscriber:
[state-dump] Channel WORKER_OBJECT_EVICTION
[state-dump] - cumulative subscribe requests: 0
[state-dump] - cumulative unsubscribe requests: 0
[state-dump] - active subscribed publishers: 0
[state-dump] - cumulative published messages: 0
[state-dump] - cumulative processed messages: 0
[state-dump] Channel WORKER_REF_REMOVED_CHANNEL
[state-dump] - cumulative subscribe requests: 0
[state-dump] - cumulative unsubscribe requests: 0
[state-dump] - active subscribed publishers: 0
[state-dump] - cumulative published messages: 0
[state-dump] - cumulative processed messages: 0
[state-dump] Channel WORKER_OBJECT_LOCATIONS_CHANNEL
[state-dump] - cumulative subscribe requests: 0
[state-dump] - cumulative unsubscribe requests: 0
[state-dump] - active subscribed publishers: 0
[state-dump] - cumulative published messages: 0
[state-dump] - cumulative processed messages: 0
[state-dump] num async plasma notifications: 0
[state-dump] Event stats:
[state-dump] Global stats: 3784 total (24 active)
[state-dump] Queueing time: mean = 49.000 ms, max = 4.542 s, min = -0.000 s, total = 185.415 s
[state-dump] Execution time:  mean = 1.162 ms, total = 4.398 s
[state-dump] Event stats:
[state-dump] 	NodeManager.CheckGC - 554 total (1 active), Execution time: mean = 7.422 us, total = 4.112 ms, Queueing time: mean = 8.354 ms, max = 101.897 ms, min = 539.700 us, total = 4.628 s
[state-dump] 	RaySyncer.OnDemandBroadcasting - 554 total (1 active), Execution time: mean = 12.579 us, total = 6.968 ms, Queueing time: mean = 8.349 ms, max = 101.896 ms, min = 535.200 us, total = 4.625 s
[state-dump] 	ObjectManager.UpdateAvailableMemory - 553 total (0 active), Execution time: mean = 3.436 us, total = 1.900 ms, Queueing time: mean = 222.097 us, max = 33.327 ms, min = 2.400 us, total = 122.820 ms
[state-dump] 	NodeManagerService.grpc_server.ReportWorkerBacklog.HandleRequestImpl - 504 total (0 active), Execution time: mean = 22.858 us, total = 11.520 ms, Queueing time: mean = 69.355 us, max = 12.730 ms, min = 4.100 us, total = 34.955 ms
[state-dump] 	NodeManagerService.grpc_server.ReportWorkerBacklog - 504 total (0 active), Execution time: mean = 236.973 us, total = 119.434 ms, Queueing time: mean = 0.000 s, max = -0.000 s, min = 9223372036.855 s, total = 0.000 s
[state-dump] 	RayletWorkerPool.deadline_timer.kill_idle_workers - 289 total (1 active), Execution time: mean = 24.556 us, total = 7.097 ms, Queueing time: mean = 7.797 ms, max = 119.073 ms, min = -0.000 s, total = 2.253 s
[state-dump] 	ClientConnection.async_read.ProcessMessageHeader - 167 total (9 active), Execution time: mean = 8.544 us, total = 1.427 ms, Queueing time: mean = 1.027 s, max = 4.542 s, min = 83.500 us, total = 171.492 s
[state-dump] 	ClientConnection.async_read.ProcessMessage - 158 total (0 active), Execution time: mean = 234.059 us, total = 36.981 ms, Queueing time: mean = 19.932 us, max = 130.700 us, min = 3.400 us, total = 3.149 ms
[state-dump] 	NodeManagerService.grpc_server.GetResourceLoad.HandleRequestImpl - 60 total (0 active), Execution time: mean = 60.323 us, total = 3.619 ms, Queueing time: mean = 56.097 us, max = 1.652 ms, min = 6.900 us, total = 3.366 ms
[state-dump] 	NodeManager.ScheduleAndDispatchTasks - 60 total (1 active), Execution time: mean = 6.660 us, total = 399.600 us, Queueing time: mean = 7.896 ms, max = 20.703 ms, min = 184.100 us, total = 473.759 ms
[state-dump] 	NodeManager.deadline_timer.spill_objects_when_over_threshold - 60 total (1 active), Execution time: mean = 3.530 us, total = 211.800 us, Queueing time: mean = 7.838 ms, max = 17.425 ms, min = 149.300 us, total = 470.258 ms
[state-dump] 	NodeManager.deadline_timer.flush_free_objects - 60 total (1 active), Execution time: mean = 4.752 us, total = 285.100 us, Queueing time: mean = 7.837 ms, max = 17.430 ms, min = 148.700 us, total = 470.223 ms
[state-dump] 	NodeManagerService.grpc_server.GetResourceLoad - 60 total (0 active), Execution time: mean = 270.287 us, total = 16.217 ms, Queueing time: mean = 0.000 s, max = -0.000 s, min = 9223372036.855 s, total = 0.000 s
[state-dump] 	NodeManager.CheckForUnexpectedWorkerDisconnects - 60 total (1 active), Execution time: mean = 25.163 us, total = 1.510 ms, Queueing time: mean = 7.877 ms, max = 20.701 ms, min = 157.600 us, total = 472.617 ms
[state-dump] 	ClusterResourceManager.ResetRemoteNodeView - 20 total (1 active), Execution time: mean = 10.925 us, total = 218.500 us, Queueing time: mean = 7.041 ms, max = 15.407 ms, min = 1.284 ms, total = 140.824 ms
[state-dump] 	PeriodicalRunner.RunFnPeriodically - 13 total (0 active), Execution time: mean = 239.992 us, total = 3.120 ms, Queueing time: mean = 5.525 ms, max = 16.334 ms, min = 39.000 us, total = 71.824 ms
[state-dump] 	NodeManager.deadline_timer.record_metrics - 12 total (1 active), Execution time: mean = 310.500 us, total = 3.726 ms, Queueing time: mean = 8.910 ms, max = 14.379 ms, min = 3.386 ms, total = 106.921 ms
[state-dump] 	ClientConnection.async_write.DoAsyncWrites - 10 total (0 active), Execution time: mean = 2.550 us, total = 25.500 us, Queueing time: mean = 106.120 us, max = 152.200 us, min = 62.400 us, total = 1.061 ms
[state-dump] 	ObjectManager.ObjectAdded - 9 total (0 active), Execution time: mean = 11.989 us, total = 107.900 us, Queueing time: mean = 11.300 us, max = 27.300 us, min = 6.100 us, total = 101.700 us
[state-dump] 	ObjectManager.ObjectDeleted - 9 total (0 active), Execution time: mean = 16.633 us, total = 149.700 us, Queueing time: mean = 244.767 us, max = 427.800 us, min = 148.100 us, total = 2.203 ms
[state-dump] 	NodeManagerService.grpc_server.GetSystemConfig.HandleRequestImpl - 9 total (0 active), Execution time: mean = 93.844 us, total = 844.600 us, Queueing time: mean = 364.311 us, max = 3.105 ms, min = 9.500 us, total = 3.279 ms
[state-dump] 	NodeManagerService.grpc_server.GetSystemConfig - 9 total (0 active), Execution time: mean = 784.244 us, total = 7.058 ms, Queueing time: mean = 0.000 s, max = -0.000 s, min = 9223372036.855 s, total = 0.000 s
[state-dump] 	NodeManager.deadline_timer.debug_state_dump - 6 total (1 active), Execution time: mean = 5.786 ms, total = 34.716 ms, Queueing time: mean = 4.297 ms, max = 14.307 ms, min = 361.000 us, total = 25.784 ms
[state-dump] 	RaySyncer.BroadcastMessage - 4 total (0 active), Execution time: mean = 239.675 us, total = 958.700 us, Queueing time: mean = 525.000 ns, max = 700.000 ns, min = 200.000 ns, total = 2.100 us
[state-dump] 	 - 4 total (0 active), Execution time: mean = 175.000 ns, total = 700.000 ns, Queueing time: mean = 7.300 us, max = 9.400 us, min = 3.600 us, total = 29.200 us
[state-dump] 	NodeManagerService.grpc_server.RequestWorkerLease - 3 total (0 active), Execution time: mean = 344.367 us, total = 1.033 ms, Queueing time: mean = 0.000 s, max = -0.000 s, min = 9223372036.855 s, total = 0.000 s
[state-dump] 	NodeManagerService.grpc_server.RequestWorkerLease.HandleRequestImpl - 3 total (0 active), Execution time: mean = 137.900 us, total = 413.700 us, Queueing time: mean = 30.200 us, max = 67.700 us, min = 10.700 us, total = 90.600 us
[state-dump] 	WorkerPool.PopWorkerCallback - 3 total (0 active), Execution time: mean = 18.000 us, total = 54.000 us, Queueing time: mean = 8.567 us, max = 13.100 us, min = 5.700 us, total = 25.700 us
[state-dump] 	RaySyncerRegister - 2 total (0 active), Execution time: mean = 3.600 us, total = 7.200 us, Queueing time: mean = 1.350 us, max = 2.600 us, min = 100.000 ns, total = 2.700 us
[state-dump] 	ray::rpc::NodeInfoGcsService.grpc_client.CheckAlive - 2 total (1 active), Execution time: mean = 336.850 us, total = 673.700 us, Queueing time: mean = 0.000 s, max = -0.000 s, min = 9223372036.855 s, total = 0.000 s
[state-dump] 	ray::rpc::InternalPubSubGcsService.grpc_client.GcsSubscriberCommandBatch - 2 total (0 active), Execution time: mean = 512.100 us, total = 1.024 ms, Queueing time: mean = 0.000 s, max = -0.000 s, min = 9223372036.855 s, total = 0.000 s
[state-dump] 	ray::rpc::InternalPubSubGcsService.grpc_client.GcsSubscriberCommandBatch.OnReplyReceived - 2 total (0 active), Execution time: mean = 188.500 us, total = 377.000 us, Queueing time: mean = 1.566 ms, max = 2.912 ms, min = 219.200 us, total = 3.132 ms
[state-dump] 	NodeManager.GcsCheckAlive - 2 total (1 active), Execution time: mean = 86.950 us, total = 173.900 us, Queueing time: mean = 4.117 ms, max = 8.235 ms, min = 8.235 ms, total = 8.235 ms
[state-dump] 	ray::rpc::InternalPubSubGcsService.grpc_client.GcsSubscriberPoll - 2 total (1 active), Execution time: mean = 2.051 s, total = 4.102 s, Queueing time: mean = 0.000 s, max = -0.000 s, min = 9223372036.855 s, total = 0.000 s
[state-dump] 	NodeManager.GCTaskFailureReason - 1 total (1 active), Execution time: mean = 0.000 s, total = 0.000 s, Queueing time: mean = 0.000 s, max = -0.000 s, min = 9223372036.855 s, total = 0.000 s
[state-dump] 	ray::rpc::NodeInfoGcsService.grpc_client.CheckAlive.OnReplyReceived - 1 total (0 active), Execution time: mean = 25.200 us, total = 25.200 us, Queueing time: mean = 11.300 us, max = 11.300 us, min = 11.300 us, total = 11.300 us
[state-dump] 	ray::rpc::NodeInfoGcsService.grpc_client.RegisterNode.OnReplyReceived - 1 total (0 active), Execution time: mean = 690.500 us, total = 690.500 us, Queueing time: mean = 10.300 us, max = 10.300 us, min = 10.300 us, total = 10.300 us
[state-dump] 	ray::rpc::NodeInfoGcsService.grpc_client.GetAllNodeInfo.OnReplyReceived - 1 total (0 active), Execution time: mean = 217.100 us, total = 217.100 us, Queueing time: mean = 7.100 us, max = 7.100 us, min = 7.100 us, total = 7.100 us
[state-dump] 	ray::rpc::NodeInfoGcsService.grpc_client.RegisterNode - 1 total (0 active), Execution time: mean = 1.387 ms, total = 1.387 ms, Queueing time: mean = 0.000 s, max = -0.000 s, min = 9223372036.855 s, total = 0.000 s
[state-dump] 	NodeManager.deadline_timer.print_event_loop_stats - 1 total (1 active, 1 running), Execution time: mean = 0.000 s, total = 0.000 s, Queueing time: mean = 0.000 s, max = -0.000 s, min = 9223372036.855 s, total = 0.000 s
[state-dump] 	ray::rpc::NodeInfoGcsService.grpc_client.GetAllNodeInfo - 1 total (0 active), Execution time: mean = 529.100 us, total = 529.100 us, Queueing time: mean = 0.000 s, max = -0.000 s, min = 9223372036.855 s, total = 0.000 s
[state-dump] 	ray::rpc::InternalKVGcsService.grpc_client.GetInternalConfig - 1 total (0 active), Execution time: mean = 638.200 us, total = 638.200 us, Queueing time: mean = 0.000 s, max = -0.000 s, min = 9223372036.855 s, total = 0.000 s
[state-dump] 	ray::rpc::JobInfoGcsService.grpc_client.AddJob.OnReplyReceived - 1 total (0 active), Execution time: mean = 71.800 us, total = 71.800 us, Queueing time: mean = 158.700 us, max = 158.700 us, min = 158.700 us, total = 158.700 us
[state-dump] 	ray::rpc::InternalKVGcsService.grpc_client.GetInternalConfig.OnReplyReceived - 1 total (0 active), Execution time: mean = 24.025 ms, total = 24.025 ms, Queueing time: mean = 19.100 us, max = 19.100 us, min = 19.100 us, total = 19.100 us
[state-dump] 	ray::rpc::JobInfoGcsService.grpc_client.GetAllJobInfo.OnReplyReceived - 1 total (0 active), Execution time: mean = 22.400 us, total = 22.400 us, Queueing time: mean = 13.400 us, max = 13.400 us, min = 13.400 us, total = 13.400 us
[state-dump] 	Subscriber.HandlePublishedMessage_GCS_JOB_CHANNEL - 1 total (0 active), Execution time: mean = 32.600 us, total = 32.600 us, Queueing time: mean = 190.900 us, max = 190.900 us, min = 190.900 us, total = 190.900 us
[state-dump] 	ray::rpc::JobInfoGcsService.grpc_client.GetAllJobInfo - 1 total (0 active), Execution time: mean = 391.700 us, total = 391.700 us, Queueing time: mean = 0.000 s, max = -0.000 s, min = 9223372036.855 s, total = 0.000 s
[state-dump] 	ray::rpc::JobInfoGcsService.grpc_client.AddJob - 1 total (0 active), Execution time: mean = 797.000 us, total = 797.000 us, Queueing time: mean = 0.000 s, max = -0.000 s, min = 9223372036.855 s, total = 0.000 s
[state-dump] 	ray::rpc::InternalPubSubGcsService.grpc_client.GcsSubscriberPoll.OnReplyReceived - 1 total (0 active), Execution time: mean = 209.400 us, total = 209.400 us, Queueing time: mean = 10.900 us, max = 10.900 us, min = 10.900 us, total = 10.900 us
[state-dump] DebugString() time ms: 0
[state-dump] 
[state-dump] 
[2025-08-28 14:34:15,089 I 100956 17700] (raylet.exe) store.cc:576: Plasma store debug dump: 
Current usage: 0 / 0.104858 GB
- num bytes created total: 72
0 pending objects of total size 0MB
- objects spillable: 0
- bytes spillable: 0
- objects unsealed: 0
- bytes unsealed: 0
- objects in use: 0
- bytes in use: 0
- objects evictable: 0
- bytes evictable: 0

- objects created by worker: 0
- bytes created by worker: 0
- objects restored: 0
- bytes restored: 0
- objects received: 0
- bytes received: 0
- objects errored: 0
- bytes errored: 0

[2025-08-28 14:34:15,122 I 100956 100320] (raylet.exe) node_manager.cc:343: [state-dump] NodeManager:
[state-dump] Node ID: b417e1da0e94a4bcc7b65b6b447e68e0a90b024910b8cd8df1fa7f3b
[state-dump] Node name: 127.0.0.1
[state-dump] InitialConfigResources: {accelerator_type:G: 1, node:__internal_head__: 1, object_store_memory: 1.04858e+08, CPU: 8, node:127.0.0.1: 1, memory: 8.92343e+09, GPU: 1}
[state-dump] ClusterTaskManager:
[state-dump] ========== Node: b417e1da0e94a4bcc7b65b6b447e68e0a90b024910b8cd8df1fa7f3b =================
[state-dump] Infeasible queue length: 0
[state-dump] Schedule queue length: 0
[state-dump] Dispatch queue length: 0
[state-dump] num_waiting_for_resource: 0
[state-dump] num_waiting_for_plasma_memory: 0
[state-dump] num_waiting_for_remote_node_resources: 0
[state-dump] num_worker_not_started_by_job_config_not_exist: 0
[state-dump] num_worker_not_started_by_registration_timeout: 0
[state-dump] num_tasks_waiting_for_workers: 0
[state-dump] num_cancelled_tasks: 0
[state-dump] cluster_resource_scheduler state: 
[state-dump] Local id: 2172998773535125234 Local resources: {"total":{accelerator_type:G: [10000], GPU: [10000], memory: [89234268160000], node:127.0.0.1: [10000], CPU: [80000], object_store_memory: [1048576000000], node:__internal_head__: [10000]}}, "available": {GPU: [10000], node:__internal_head__: [10000], node:127.0.0.1: [10000], memory: [89234268160000], object_store_memory: [1048576000000], CPU: [80000], accelerator_type:G: [10000]}}, "labels":{"ray.io/node_id":"b417e1da0e94a4bcc7b65b6b447e68e0a90b024910b8cd8df1fa7f3b",} is_draining: 0 is_idle: 0 Cluster resources (at most 20 nodes are shown): node id: 2172998773535125234{"total":{memory: 89234268160000, object_store_memory: 1048576000000, CPU: 80000, node:__internal_head__: 10000, GPU: 10000, accelerator_type:G: 10000, node:127.0.0.1: 10000}}, "available": {CPU: 80000, object_store_memory: 1048576000000, node:__internal_head__: 10000, GPU: 10000, node:127.0.0.1: 10000, accelerator_type:G: 10000, memory: 89234268160000}}, "labels":{"ray.io/node_id":"b417e1da0e94a4bcc7b65b6b447e68e0a90b024910b8cd8df1fa7f3b",}, "is_draining": 0, "draining_deadline_timestamp_ms": -1} { "placement group locations": [], "node to bundles": []}
[state-dump] Waiting tasks size: 0
[state-dump] Number of executing tasks: 0
[state-dump] Number of pinned task arguments: 0
[state-dump] Number of total spilled tasks: 0
[state-dump] Number of spilled waiting tasks: 0
[state-dump] Number of spilled unschedulable tasks: 0
[state-dump] Resource usage {
[state-dump]     - (language=PYTHON actor_or_task=CastingNode.__init__ pid=26288 worker_id=1dba097cd7b0c13c89f5130268ccadf51fa2c9ea96192f3b0090ea0d): {}
[state-dump]     - (language=PYTHON actor_or_task=CastingNode.__init__ pid=57788 worker_id=9440875252382883ecfc5aa963096148f061a3befb3cb1d07569d7e5): {}
[state-dump]     - (language=PYTHON actor_or_task=CastingNode.__init__ pid=13836 worker_id=96493bbef828e68420c5b0692b9db7a65728eda0063990b84c551349): {}
[state-dump] }
[state-dump] Backlog Size per scheduling descriptor :{workerId: num backlogs}:
[state-dump] 
[state-dump] Running tasks by scheduling class:
[state-dump] ==================================================
[state-dump] 
[state-dump] ClusterResources:
[state-dump] LocalObjectManager:
[state-dump] - num pinned objects: 0
[state-dump] - pinned objects size: 0
[state-dump] - num objects pending restore: 0
[state-dump] - num objects pending spill: 0
[state-dump] - num bytes pending spill: 0
[state-dump] - num bytes currently spilled: 0
[state-dump] - cumulative spill requests: 0
[state-dump] - cumulative restore requests: 0
[state-dump] - spilled objects pending delete: 0
[state-dump] 
[state-dump] ObjectManager:
[state-dump] - num local objects: 0
[state-dump] - num unfulfilled push requests: 0
[state-dump] - num object pull requests: 0
[state-dump] - num chunks received total: 0
[state-dump] - num chunks received failed (all): 0
[state-dump] - num chunks received failed / cancelled: 0
[state-dump] - num chunks received failed / plasma error: 0
[state-dump] Event stats:
[state-dump] Global stats: 0 total (0 active)
[state-dump] Queueing time: mean = -nan(ind) s, max = -0.000 s, min = 9223372036.855 s, total = 0.000 s
[state-dump] Execution time:  mean = -nan(ind) s, total = 0.000 s
[state-dump] Event stats:
[state-dump] PushManager:
[state-dump] - num pushes remaining: 0
[state-dump] - num chunks in flight: 0
[state-dump] - num chunks remaining: 0
[state-dump] - max chunks allowed: 409
[state-dump] OwnershipBasedObjectDirectory:
[state-dump] - num listeners: 0
[state-dump] - cumulative location updates: 0
[state-dump] - num location updates per second: 0.000
[state-dump] - num location lookups per second: 0.000
[state-dump] - num locations added per second: 0.000
[state-dump] - num locations removed per second: 0.000
[state-dump] BufferPool:
[state-dump] - create buffer state map size: 0
[state-dump] PullManager:
[state-dump] - num bytes available for pulled objects: 104857600
[state-dump] - num bytes being pulled (all): 0
[state-dump] - num bytes being pulled / pinned: 0
[state-dump] - get request bundles: BundlePullRequestQueue{0 total, 0 active, 0 inactive, 0 unpullable}
[state-dump] - wait request bundles: BundlePullRequestQueue{0 total, 0 active, 0 inactive, 0 unpullable}
[state-dump] - task request bundles: BundlePullRequestQueue{0 total, 0 active, 0 inactive, 0 unpullable}
[state-dump] - first get request bundle: N/A
[state-dump] - first wait request bundle: N/A
[state-dump] - first task request bundle: N/A
[state-dump] - num objects queued: 0
[state-dump] - num objects actively pulled (all): 0
[state-dump] - num objects actively pulled / pinned: 0
[state-dump] - num bundles being pulled: 0
[state-dump] - num pull retries: 0
[state-dump] - max timeout seconds: 0
[state-dump] - max timeout request is already processed. No entry.
[state-dump] 
[state-dump] WorkerPool:
[state-dump] - registered jobs: 1
[state-dump] - process_failed_job_config_missing: 0
[state-dump] - process_failed_rate_limited: 0
[state-dump] - process_failed_pending_registration: 0
[state-dump] - process_failed_runtime_env_setup_failed: 0
[state-dump] - num PYTHON workers: 8
[state-dump] - num PYTHON drivers: 1
[state-dump] - num PYTHON pending start requests: 0
[state-dump] - num PYTHON pending registration requests: 0
[state-dump] - num object spill callbacks queued: 0
[state-dump] - num object restore queued: 0
[state-dump] - num util functions queued: 0
[state-dump] - num idle workers: 5
[state-dump] TaskDependencyManager:
[state-dump] - task deps map size: 0
[state-dump] - get req map size: 0
[state-dump] - wait req map size: 0
[state-dump] - local objects map size: 0
[state-dump] WaitManager:
[state-dump] - num active wait requests: 0
[state-dump] Subscriber:
[state-dump] Channel WORKER_OBJECT_EVICTION
[state-dump] - cumulative subscribe requests: 0
[state-dump] - cumulative unsubscribe requests: 0
[state-dump] - active subscribed publishers: 0
[state-dump] - cumulative published messages: 0
[state-dump] - cumulative processed messages: 0
[state-dump] Channel WORKER_REF_REMOVED_CHANNEL
[state-dump] - cumulative subscribe requests: 0
[state-dump] - cumulative unsubscribe requests: 0
[state-dump] - active subscribed publishers: 0
[state-dump] - cumulative published messages: 0
[state-dump] - cumulative processed messages: 0
[state-dump] Channel WORKER_OBJECT_LOCATIONS_CHANNEL
[state-dump] - cumulative subscribe requests: 0
[state-dump] - cumulative unsubscribe requests: 0
[state-dump] - active subscribed publishers: 0
[state-dump] - cumulative published messages: 0
[state-dump] - cumulative processed messages: 0
[state-dump] num async plasma notifications: 0
[state-dump] Event stats:
[state-dump] Global stats: 7460 total (24 active)
[state-dump] Queueing time: mean = 50.786 ms, max = 4.747 s, min = -0.000 s, total = 378.864 s
[state-dump] Execution time:  mean = 613.373 us, total = 4.576 s
[state-dump] Event stats:
[state-dump] 	NodeManager.CheckGC - 1111 total (1 active), Execution time: mean = 6.465 us, total = 7.183 ms, Queueing time: mean = 8.064 ms, max = 101.897 ms, min = 539.700 us, total = 8.959 s
[state-dump] 	RaySyncer.OnDemandBroadcasting - 1111 total (1 active), Execution time: mean = 10.888 us, total = 12.096 ms, Queueing time: mean = 8.060 ms, max = 101.896 ms, min = 535.200 us, total = 8.954 s
[state-dump] 	ObjectManager.UpdateAvailableMemory - 1110 total (0 active), Execution time: mean = 3.404 us, total = 3.778 ms, Queueing time: mean = 124.088 us, max = 33.327 ms, min = 2.400 us, total = 137.738 ms
[state-dump] 	NodeManagerService.grpc_server.ReportWorkerBacklog.HandleRequestImpl - 1042 total (0 active), Execution time: mean = 23.089 us, total = 24.059 ms, Queueing time: mean = 55.982 us, max = 12.730 ms, min = 2.900 us, total = 58.333 ms
[state-dump] 	NodeManagerService.grpc_server.ReportWorkerBacklog - 1042 total (0 active), Execution time: mean = 226.439 us, total = 235.950 ms, Queueing time: mean = 0.000 s, max = -0.000 s, min = 9223372036.855 s, total = 0.000 s
[state-dump] 	RayletWorkerPool.deadline_timer.kill_idle_workers - 580 total (1 active), Execution time: mean = 19.847 us, total = 11.511 ms, Queueing time: mean = 7.200 ms, max = 119.073 ms, min = -0.000 s, total = 4.176 s
[state-dump] 	ClientConnection.async_read.ProcessMessageHeader - 286 total (9 active), Execution time: mean = 7.860 us, total = 2.248 ms, Queueing time: mean = 1.231 s, max = 4.747 s, min = 83.500 us, total = 352.096 s
[state-dump] 	ClientConnection.async_read.ProcessMessage - 277 total (0 active), Execution time: mean = 138.257 us, total = 38.297 ms, Queueing time: mean = 19.825 us, max = 130.700 us, min = 2.600 us, total = 5.492 ms
[state-dump] 	NodeManager.ScheduleAndDispatchTasks - 120 total (1 active), Execution time: mean = 6.999 us, total = 839.900 us, Queueing time: mean = 7.947 ms, max = 20.703 ms, min = 164.200 us, total = 953.590 ms
[state-dump] 	NodeManager.deadline_timer.spill_objects_when_over_threshold - 120 total (1 active), Execution time: mean = 5.440 us, total = 652.800 us, Queueing time: mean = 7.918 ms, max = 17.425 ms, min = 149.300 us, total = 950.101 ms
[state-dump] 	NodeManager.deadline_timer.flush_free_objects - 120 total (1 active), Execution time: mean = 4.925 us, total = 591.000 us, Queueing time: mean = 7.918 ms, max = 17.430 ms, min = 147.900 us, total = 950.135 ms
[state-dump] 	NodeManager.CheckForUnexpectedWorkerDisconnects - 120 total (1 active), Execution time: mean = 20.825 us, total = 2.499 ms, Queueing time: mean = 7.932 ms, max = 20.701 ms, min = 153.400 us, total = 951.885 ms
[state-dump] 	NodeManagerService.grpc_server.GetResourceLoad.HandleRequestImpl - 119 total (0 active), Execution time: mean = 54.129 us, total = 6.441 ms, Queueing time: mean = 37.774 us, max = 1.652 ms, min = 5.400 us, total = 4.495 ms
[state-dump] 	NodeManagerService.grpc_server.GetResourceLoad - 119 total (0 active), Execution time: mean = 243.337 us, total = 28.957 ms, Queueing time: mean = 0.000 s, max = -0.000 s, min = 9223372036.855 s, total = 0.000 s
[state-dump] 	ClusterResourceManager.ResetRemoteNodeView - 40 total (1 active), Execution time: mean = 14.197 us, total = 567.900 us, Queueing time: mean = 7.540 ms, max = 15.407 ms, min = 471.000 us, total = 301.582 ms
[state-dump] 	NodeManager.deadline_timer.record_metrics - 24 total (1 active), Execution time: mean = 295.863 us, total = 7.101 ms, Queueing time: mean = 8.087 ms, max = 14.813 ms, min = 1.416 ms, total = 194.090 ms
[state-dump] 	PeriodicalRunner.RunFnPeriodically - 13 total (0 active), Execution time: mean = 239.992 us, total = 3.120 ms, Queueing time: mean = 5.525 ms, max = 16.334 ms, min = 39.000 us, total = 71.824 ms
[state-dump] 	NodeManager.deadline_timer.debug_state_dump - 12 total (1 active), Execution time: mean = 3.673 ms, total = 44.075 ms, Queueing time: mean = 5.638 ms, max = 14.307 ms, min = 361.000 us, total = 67.656 ms
[state-dump] 	ClientConnection.async_write.DoAsyncWrites - 10 total (0 active), Execution time: mean = 2.550 us, total = 25.500 us, Queueing time: mean = 106.120 us, max = 152.200 us, min = 62.400 us, total = 1.061 ms
[state-dump] 	ObjectManager.ObjectAdded - 9 total (0 active), Execution time: mean = 11.989 us, total = 107.900 us, Queueing time: mean = 11.300 us, max = 27.300 us, min = 6.100 us, total = 101.700 us
[state-dump] 	ObjectManager.ObjectDeleted - 9 total (0 active), Execution time: mean = 16.633 us, total = 149.700 us, Queueing time: mean = 244.767 us, max = 427.800 us, min = 148.100 us, total = 2.203 ms
[state-dump] 	NodeManagerService.grpc_server.GetSystemConfig.HandleRequestImpl - 9 total (0 active), Execution time: mean = 93.844 us, total = 844.600 us, Queueing time: mean = 364.311 us, max = 3.105 ms, min = 9.500 us, total = 3.279 ms
[state-dump] 	NodeManagerService.grpc_server.GetSystemConfig - 9 total (0 active), Execution time: mean = 784.244 us, total = 7.058 ms, Queueing time: mean = 0.000 s, max = -0.000 s, min = 9223372036.855 s, total = 0.000 s
[state-dump] 	RaySyncer.BroadcastMessage - 4 total (0 active), Execution time: mean = 239.675 us, total = 958.700 us, Queueing time: mean = 525.000 ns, max = 700.000 ns, min = 200.000 ns, total = 2.100 us
[state-dump] 	 - 4 total (0 active), Execution time: mean = 175.000 ns, total = 700.000 ns, Queueing time: mean = 7.300 us, max = 9.400 us, min = 3.600 us, total = 29.200 us
[state-dump] 	ray::rpc::NodeInfoGcsService.grpc_client.CheckAlive - 3 total (1 active), Execution time: mean = 356.200 us, total = 1.069 ms, Queueing time: mean = 0.000 s, max = -0.000 s, min = 9223372036.855 s, total = 0.000 s
[state-dump] 	NodeManagerService.grpc_server.RequestWorkerLease - 3 total (0 active), Execution time: mean = 344.367 us, total = 1.033 ms, Queueing time: mean = 0.000 s, max = -0.000 s, min = 9223372036.855 s, total = 0.000 s
[state-dump] 	NodeManagerService.grpc_server.RequestWorkerLease.HandleRequestImpl - 3 total (0 active), Execution time: mean = 137.900 us, total = 413.700 us, Queueing time: mean = 30.200 us, max = 67.700 us, min = 10.700 us, total = 90.600 us
[state-dump] 	NodeManager.GcsCheckAlive - 3 total (1 active), Execution time: mean = 141.267 us, total = 423.800 us, Queueing time: mean = 4.119 ms, max = 8.235 ms, min = 4.123 ms, total = 12.358 ms
[state-dump] 	WorkerPool.PopWorkerCallback - 3 total (0 active), Execution time: mean = 18.000 us, total = 54.000 us, Queueing time: mean = 8.567 us, max = 13.100 us, min = 5.700 us, total = 25.700 us
[state-dump] 	ray::rpc::NodeInfoGcsService.grpc_client.CheckAlive.OnReplyReceived - 2 total (0 active), Execution time: mean = 20.650 us, total = 41.300 us, Queueing time: mean = 385.000 us, max = 758.700 us, min = 11.300 us, total = 770.000 us
[state-dump] 	RaySyncerRegister - 2 total (0 active), Execution time: mean = 3.600 us, total = 7.200 us, Queueing time: mean = 1.350 us, max = 2.600 us, min = 100.000 ns, total = 2.700 us
[state-dump] 	ray::rpc::InternalPubSubGcsService.grpc_client.GcsSubscriberCommandBatch - 2 total (0 active), Execution time: mean = 512.100 us, total = 1.024 ms, Queueing time: mean = 0.000 s, max = -0.000 s, min = 9223372036.855 s, total = 0.000 s
[state-dump] 	ray::rpc::InternalPubSubGcsService.grpc_client.GcsSubscriberCommandBatch.OnReplyReceived - 2 total (0 active), Execution time: mean = 188.500 us, total = 377.000 us, Queueing time: mean = 1.566 ms, max = 2.912 ms, min = 219.200 us, total = 3.132 ms
[state-dump] 	NodeManager.deadline_timer.print_event_loop_stats - 2 total (1 active, 1 running), Execution time: mean = 493.100 us, total = 986.200 us, Queueing time: mean = 4.322 ms, max = 8.643 ms, min = 8.643 ms, total = 8.643 ms
[state-dump] 	ray::rpc::InternalPubSubGcsService.grpc_client.GcsSubscriberPoll - 2 total (1 active), Execution time: mean = 2.051 s, total = 4.102 s, Queueing time: mean = 0.000 s, max = -0.000 s, min = 9223372036.855 s, total = 0.000 s
[state-dump] 	NodeManager.GCTaskFailureReason - 1 total (1 active), Execution time: mean = 0.000 s, total = 0.000 s, Queueing time: mean = 0.000 s, max = -0.000 s, min = 9223372036.855 s, total = 0.000 s
[state-dump] 	ray::rpc::NodeInfoGcsService.grpc_client.RegisterNode.OnReplyReceived - 1 total (0 active), Execution time: mean = 690.500 us, total = 690.500 us, Queueing time: mean = 10.300 us, max = 10.300 us, min = 10.300 us, total = 10.300 us
[state-dump] 	ray::rpc::NodeInfoGcsService.grpc_client.GetAllNodeInfo.OnReplyReceived - 1 total (0 active), Execution time: mean = 217.100 us, total = 217.100 us, Queueing time: mean = 7.100 us, max = 7.100 us, min = 7.100 us, total = 7.100 us
[state-dump] 	ray::rpc::NodeInfoGcsService.grpc_client.RegisterNode - 1 total (0 active), Execution time: mean = 1.387 ms, total = 1.387 ms, Queueing time: mean = 0.000 s, max = -0.000 s, min = 9223372036.855 s, total = 0.000 s
[state-dump] 	ray::rpc::NodeInfoGcsService.grpc_client.GetAllNodeInfo - 1 total (0 active), Execution time: mean = 529.100 us, total = 529.100 us, Queueing time: mean = 0.000 s, max = -0.000 s, min = 9223372036.855 s, total = 0.000 s
[state-dump] 	ray::rpc::InternalKVGcsService.grpc_client.GetInternalConfig - 1 total (0 active), Execution time: mean = 638.200 us, total = 638.200 us, Queueing time: mean = 0.000 s, max = -0.000 s, min = 9223372036.855 s, total = 0.000 s
[state-dump] 	ray::rpc::JobInfoGcsService.grpc_client.AddJob.OnReplyReceived - 1 total (0 active), Execution time: mean = 71.800 us, total = 71.800 us, Queueing time: mean = 158.700 us, max = 158.700 us, min = 158.700 us, total = 158.700 us
[state-dump] 	ray::rpc::InternalKVGcsService.grpc_client.GetInternalConfig.OnReplyReceived - 1 total (0 active), Execution time: mean = 24.025 ms, total = 24.025 ms, Queueing time: mean = 19.100 us, max = 19.100 us, min = 19.100 us, total = 19.100 us
[state-dump] 	ray::rpc::JobInfoGcsService.grpc_client.GetAllJobInfo.OnReplyReceived - 1 total (0 active), Execution time: mean = 22.400 us, total = 22.400 us, Queueing time: mean = 13.400 us, max = 13.400 us, min = 13.400 us, total = 13.400 us
[state-dump] 	Subscriber.HandlePublishedMessage_GCS_JOB_CHANNEL - 1 total (0 active), Execution time: mean = 32.600 us, total = 32.600 us, Queueing time: mean = 190.900 us, max = 190.900 us, min = 190.900 us, total = 190.900 us
[state-dump] 	ray::rpc::JobInfoGcsService.grpc_client.GetAllJobInfo - 1 total (0 active), Execution time: mean = 391.700 us, total = 391.700 us, Queueing time: mean = 0.000 s, max = -0.000 s, min = 9223372036.855 s, total = 0.000 s
[state-dump] 	ray::rpc::JobInfoGcsService.grpc_client.AddJob - 1 total (0 active), Execution time: mean = 797.000 us, total = 797.000 us, Queueing time: mean = 0.000 s, max = -0.000 s, min = 9223372036.855 s, total = 0.000 s
[state-dump] 	ray::rpc::InternalPubSubGcsService.grpc_client.GcsSubscriberPoll.OnReplyReceived - 1 total (0 active), Execution time: mean = 209.400 us, total = 209.400 us, Queueing time: mean = 10.900 us, max = 10.900 us, min = 10.900 us, total = 10.900 us
[state-dump] DebugString() time ms: 1
[state-dump] 
[state-dump] 
[2025-08-28 14:34:50,355 I 100956 100320] (raylet.exe) node_manager.cc:1391: Disconnecting client, graceful=true, disconnect_type=3, has_creation_task_exception=false worker_id=01000000ffffffffffffffffffffffffffffffffffffffffffffffff
[2025-08-28 14:34:50,355 I 100956 100320] (raylet.exe) node_manager.cc:1483: Driver (pid=132740) is disconnected. worker_id=01000000ffffffffffffffffffffffffffffffffffffffffffffffff job_id=01000000
[2025-08-28 14:34:50,357 I 100956 100320] (raylet.exe) node_manager.cc:887: The leased worker 96493bbef828e68420c5b0692b9db7a65728eda0063990b84c551349 is killed because the owner process 01000000ffffffffffffffffffffffffffffffffffffffffffffffff died.
[2025-08-28 14:34:50,357 I 100956 100320] (raylet.exe) node_manager.cc:887: The leased worker 1dba097cd7b0c13c89f5130268ccadf51fa2c9ea96192f3b0090ea0d is killed because the owner process 01000000ffffffffffffffffffffffffffffffffffffffffffffffff died.
[2025-08-28 14:34:50,357 I 100956 100320] (raylet.exe) node_manager.cc:887: The leased worker 9440875252382883ecfc5aa963096148f061a3befb3cb1d07569d7e5 is killed because the owner process 01000000ffffffffffffffffffffffffffffffffffffffffffffffff died.
[2025-08-28 14:34:50,357 I 100956 100320] (raylet.exe) worker_pool.cc:724: Job 01000000 already started in worker pool.
[2025-08-28 14:34:50,357 I 100956 100320] (raylet.exe) node_manager.cc:427: The leased worker  is killed because the job 01000000 finished. worker_id=96493bbef828e68420c5b0692b9db7a65728eda0063990b84c551349
[2025-08-28 14:34:50,358 I 100956 100320] (raylet.exe) node_manager.cc:427: The leased worker  is killed because the job 01000000 finished. worker_id=1dba097cd7b0c13c89f5130268ccadf51fa2c9ea96192f3b0090ea0d
[2025-08-28 14:34:50,359 I 100956 100320] (raylet.exe) node_manager.cc:427: The leased worker  is killed because the job 01000000 finished. worker_id=9440875252382883ecfc5aa963096148f061a3befb3cb1d07569d7e5
[2025-08-28 14:34:50,363 W 100956 17700] (raylet.exe) store.cc:368: Disconnecting client due to connection error with code 2: End of file
[2025-08-28 14:34:50,377 I 100956 100320] (raylet.exe) node_manager.cc:1391: Disconnecting client, graceful=true, disconnect_type=1, has_creation_task_exception=false worker_id=96493bbef828e68420c5b0692b9db7a65728eda0063990b84c551349
[2025-08-28 14:34:50,377 I 100956 100320] (raylet.exe) node_manager.cc:1391: Disconnecting client, graceful=true, disconnect_type=1, has_creation_task_exception=false worker_id=9440875252382883ecfc5aa963096148f061a3befb3cb1d07569d7e5
[2025-08-28 14:34:50,378 I 100956 100320] (raylet.exe) node_manager.cc:1391: Disconnecting client, graceful=true, disconnect_type=1, has_creation_task_exception=false worker_id=1dba097cd7b0c13c89f5130268ccadf51fa2c9ea96192f3b0090ea0d
[2025-08-28 14:34:50,388 W 100956 17700] (raylet.exe) store.cc:368: Disconnecting client due to connection error with code 10054: An existing connection was forcibly closed by the remote host
[2025-08-28 14:34:50,388 W 100956 17700] (raylet.exe) store.cc:368: Disconnecting client due to connection error with code 10054: An existing connection was forcibly closed by the remote host
[2025-08-28 14:34:50,388 W 100956 17700] (raylet.exe) store.cc:368: Disconnecting client due to connection error with code 10054: An existing connection was forcibly closed by the remote host
[2025-08-28 14:34:50,398 W 100956 100320] (raylet.exe) node_manager.cc:435: Failed to send exit request to worker : RpcError: RPC Error message: Connection reset; RPC Error details:  rpc_code: 14. Killing it using SIGKILL instead. worker_id=96493bbef828e68420c5b0692b9db7a65728eda0063990b84c551349
[2025-08-28 14:34:50,407 W 100956 100320] (raylet.exe) node_manager.cc:435: Failed to send exit request to worker : RpcError: RPC Error message: Connection reset; RPC Error details:  rpc_code: 14. Killing it using SIGKILL instead. worker_id=1dba097cd7b0c13c89f5130268ccadf51fa2c9ea96192f3b0090ea0d
[2025-08-28 14:34:50,419 W 100956 100320] (raylet.exe) node_manager.cc:435: Failed to send exit request to worker : RpcError: RPC Error message: Connection reset; RPC Error details:  rpc_code: 14. Killing it using SIGKILL instead. worker_id=9440875252382883ecfc5aa963096148f061a3befb3cb1d07569d7e5
[2025-08-28 14:34:50,486 I 100956 100320] (raylet.exe) main.cc:847: received SIGTERM. Existing local drain request = None
[2025-08-28 14:34:50,486 I 100956 100320] (raylet.exe) main.cc:338: Raylet graceful shutdown triggered, reason = EXPECTED_TERMINATION, reason message = received SIGTERM
[2025-08-28 14:34:50,486 I 100956 100320] (raylet.exe) main.cc:341: Shutting down...
[2025-08-28 14:34:50,486 I 100956 100320] (raylet.exe) accessor.cc:534: Unregistering node node_id=b417e1da0e94a4bcc7b65b6b447e68e0a90b024910b8cd8df1fa7f3b
[2025-08-28 14:34:50,487 I 100956 100320] (raylet.exe) accessor.cc:547: Finished unregistering node info, status = OK node_id=b417e1da0e94a4bcc7b65b6b447e68e0a90b024910b8cd8df1fa7f3b
[2025-08-28 14:34:50,487 W 100956 17700] (raylet.exe) store.cc:368: Disconnecting client due to connection error with code 2: End of file
[2025-08-28 14:34:50,489 I 100956 100320] (raylet.exe) agent_manager.cc:115: Killing agent dashboard_agent, pid 129512.
[2025-08-28 14:34:50,499 I 100956 53892] (raylet.exe) agent_manager.cc:82: Agent process with name runtime_env_agent exited, exit code -1073741510.
[2025-08-28 14:34:50,500 E 100956 53892] (raylet.exe) agent_manager.cc:86: The raylet exited immediately because one Ray agent failed, agent_name = runtime_env_agent.
The raylet fate shares with the agent. This can happen because
- The version of `grpcio` doesn't follow Ray's requirement. Agent can segfault with the incorrect `grpcio` version. Check the grpcio version `pip freeze | grep grpcio`.
- The agent failed to start because of unexpected error or port conflict. Read the log `cat /tmp/ray/session_latest/logs/{dashboard_agent|runtime_env_agent}.log`. You can find the log file structure here https://docs.ray.io/en/master/ray-observability/user-guides/configure-logging.html#logging-directory-structure.
- The agent is killed by the OS (e.g., out of memory).
[2025-08-28 14:34:50,500 I 100956 133884] (raylet.exe) agent_manager.cc:82: Agent process with name dashboard_agent exited, exit code -1073741510.
[2025-08-28 14:34:50,500 I 100956 100320] (raylet.exe) agent_manager.cc:115: Killing agent runtime_env_agent, pid 119060.
[2025-08-28 14:34:50,500 I 100956 100320] (raylet.exe) io_service_pool.cc:49: IOServicePool is stopped.
[2025-08-28 14:34:50,561 I 100956 100320] (raylet.exe) stats.h:136: Stats module has shutdown.
[2025-08-28 14:34:50,562 E 100956 100320] (raylet.exe) logging.cc:501: *** SIGSEGV received at time=1756362890 ***
[2025-08-28 14:34:50,562 E 100956 100320] (raylet.exe) logging.cc:501:     @   00007FF799140689  (unknown)  (unknown)
[2025-08-28 14:34:50,562 E 100956 100320] (raylet.exe) logging.cc:501:     @   00007FFB976BF47F  (unknown)  (unknown)
[2025-08-28 14:34:50,562 E 100956 100320] (raylet.exe) logging.cc:501:     @   00007FFBB90C6FEF  (unknown)  (unknown)
[2025-08-28 14:34:50,562 E 100956 100320] (raylet.exe) logging.cc:501:     @   00007FFBB8FD4557  (unknown)  (unknown)
[2025-08-28 14:34:50,562 E 100956 100320] (raylet.exe) logging.cc:501:     @   00007FFBB90C692E  (unknown)  (unknown)
[2025-08-28 14:34:50,562 E 100956 100320] (raylet.exe) logging.cc:501:     @   00007FF7989E42AA  (unknown)  (unknown)
[2025-08-28 14:34:50,562 E 100956 100320] (raylet.exe) logging.cc:501:     @   00007FF798AAEF34  (unknown)  (unknown)
[2025-08-28 14:34:50,562 E 100956 100320] (raylet.exe) logging.cc:501:     @   00007FF798AADA0F  (unknown)  (unknown)
[2025-08-28 14:34:50,562 E 100956 100320] (raylet.exe) logging.cc:501:     @   00007FF798AB0D9D  (unknown)  (unknown)
[2025-08-28 14:34:50,562 E 100956 100320] (raylet.exe) logging.cc:501:     @   00007FF7989E5E42  (unknown)  (unknown)
[2025-08-28 14:34:50,562 E 100956 100320] (raylet.exe) logging.cc:501:     @   00007FF7989E0D50  (unknown)  (unknown)
[2025-08-28 14:34:50,562 E 100956 100320] (raylet.exe) logging.cc:501:     @   00007FF79895AC74  (unknown)  (unknown)
[2025-08-28 14:34:50,562 E 100956 100320] (raylet.exe) logging.cc:501:     @   00007FF7988097B1  (unknown)  (unknown)
[2025-08-28 14:34:50,562 E 100956 100320] (raylet.exe) logging.cc:501:     @   00007FF798783149  (unknown)  (unknown)
[2025-08-28 14:34:50,562 E 100956 100320] (raylet.exe) logging.cc:501:     @   00007FF798B4D109  (unknown)  (unknown)
[2025-08-28 14:34:50,562 E 100956 100320] (raylet.exe) logging.cc:501:     @   00007FF798B45A6E  (unknown)  (unknown)
[2025-08-28 14:34:50,562 E 100956 100320] (raylet.exe) logging.cc:501:     @   00007FF798B45FF8  (unknown)  (unknown)
[2025-08-28 14:34:50,562 E 100956 100320] (raylet.exe) logging.cc:501:     @   00007FF7990B0B9C  (unknown)  (unknown)
[2025-08-28 14:34:50,562 E 100956 100320] (raylet.exe) logging.cc:501:     @   00007FF7990B5E34  (unknown)  (unknown)
[2025-08-28 14:34:50,562 E 100956 100320] (raylet.exe) logging.cc:501:     @   00007FF7990B5193  (unknown)  (unknown)
[2025-08-28 14:34:50,562 E 100956 100320] (raylet.exe) logging.cc:501:     @   00007FF7987902E1  (unknown)  (unknown)
[2025-08-28 14:34:50,562 E 100956 100320] (raylet.exe) logging.cc:501:     @   00007FF7990F9A48  (unknown)  (unknown)
[2025-08-28 14:34:50,562 E 100956 100320] (raylet.exe) logging.cc:501:     @   00007FFBB70CE8D7  (unknown)  (unknown)
[2025-08-28 14:34:50,562 E 100956 100320] (raylet.exe) logging.cc:501:     @   00007FFBB8F9C34C  (unknown)  (unknown)
