[2025-08-28 14:55:29,142 I 87256 129832] core_worker_process.cc:192: Constructing CoreWorkerProcess. pid: 87256
[2025-08-28 14:55:29,145 I 87256 129832] io_service_pool.cc:37: IOServicePool is running with 1 io_service.
[2025-08-28 14:55:29,147 I 87256 129832] grpc_server.cc:140: worker server started, listening on port 57879.
[2025-08-28 14:55:29,149 I 87256 129832] core_worker.cc:544: Initializing worker at address: 127.0.0.1:57879 worker_id=ba59691e1d8d33cface37c5e64488efc1a3f0f421b38a0194b43c22b node_id=97942de1a0e019b984ee46b76e594f087f6777ab9d655c165bfe5734
[2025-08-28 14:55:29,151 I 87256 129832] task_event_buffer.cc:287: Reporting task events to GCS every 1000ms.
[2025-08-28 14:55:29,152 I 87256 45596] accessor.cc:784: Received notification for node, IsAlive = 1 node_id=97942de1a0e019b984ee46b76e594f087f6777ab9d655c165bfe5734
[2025-08-28 14:55:29,152 I 87256 45596] core_worker.cc:5148: Number of alive nodes:1
[2025-08-28 14:55:29,153 I 87256 45596] core_worker.cc:915: Event stats:


Global stats: 12 total (4 active)
Queueing time: mean = 15.883 us, max = 112.700 us, min = 8.300 us, total = 190.600 us
Execution time:  mean = 152.592 us, total = 1.831 ms
Event stats:
	PeriodicalRunner.RunFnPeriodically - 3 total (1 active, 1 running), Execution time: mean = 9.967 us, total = 29.900 us, Queueing time: mean = 40.333 us, max = 112.700 us, min = 8.300 us, total = 121.000 us
	ray::rpc::WorkerInfoGcsService.grpc_client.AddWorkerInfo - 1 total (0 active), Execution time: mean = 567.500 us, total = 567.500 us, Queueing time: mean = 0.000 s, max = -0.000 s, min = 9223372036.855 s, total = 0.000 s
	ray::rpc::InternalPubSubGcsService.grpc_client.GcsSubscriberCommandBatch - 1 total (0 active), Execution time: mean = 569.800 us, total = 569.800 us, Queueing time: mean = 0.000 s, max = -0.000 s, min = 9223372036.855 s, total = 0.000 s
	Publisher.CheckDeadSubscribers - 1 total (1 active), Execution time: mean = 0.000 s, total = 0.000 s, Queueing time: mean = 0.000 s, max = -0.000 s, min = 9223372036.855 s, total = 0.000 s
	ray::rpc::InternalPubSubGcsService.grpc_client.GcsSubscriberPoll - 1 total (1 active), Execution time: mean = 0.000 s, total = 0.000 s, Queueing time: mean = 0.000 s, max = -0.000 s, min = 9223372036.855 s, total = 0.000 s
	ray::rpc::WorkerInfoGcsService.grpc_client.AddWorkerInfo.OnReplyReceived - 1 total (0 active), Execution time: mean = 24.400 us, total = 24.400 us, Queueing time: mean = 50.500 us, max = 50.500 us, min = 50.500 us, total = 50.500 us
	ray::rpc::NodeInfoGcsService.grpc_client.GetAllNodeInfo - 1 total (0 active), Execution time: mean = 406.100 us, total = 406.100 us, Queueing time: mean = 0.000 s, max = -0.000 s, min = 9223372036.855 s, total = 0.000 s
	ray::rpc::NodeInfoGcsService.grpc_client.GetAllNodeInfo.OnReplyReceived - 1 total (0 active), Execution time: mean = 80.200 us, total = 80.200 us, Queueing time: mean = 10.700 us, max = 10.700 us, min = 10.700 us, total = 10.700 us
	CoreWorker.ExitIfParentRayletDies - 1 total (1 active), Execution time: mean = 0.000 s, total = 0.000 s, Queueing time: mean = 0.000 s, max = -0.000 s, min = 9223372036.855 s, total = 0.000 s
	ray::rpc::InternalPubSubGcsService.grpc_client.GcsSubscriberCommandBatch.OnReplyReceived - 1 total (0 active), Execution time: mean = 153.200 us, total = 153.200 us, Queueing time: mean = 8.400 us, max = 8.400 us, min = 8.400 us, total = 8.400 us

-----------------
Task execution event stats:

Global stats: 0 total (0 active)
Queueing time: mean = -nan(ind) s, max = -0.000 s, min = 9223372036.855 s, total = 0.000 s
Execution time:  mean = -nan(ind) s, total = 0.000 s
Event stats:

-----------------
Task Event stats:

IO Service Stats:

Global stats: 4 total (1 active)
Queueing time: mean = 4.850 us, max = 11.000 us, min = 8.400 us, total = 19.400 us
Execution time:  mean = 151.825 us, total = 607.300 us
Event stats:
	ray::rpc::TaskInfoGcsService.grpc_client.AddTaskEventData.OnReplyReceived - 1 total (0 active), Execution time: mean = 19.300 us, total = 19.300 us, Queueing time: mean = 11.000 us, max = 11.000 us, min = 11.000 us, total = 11.000 us
	ray::rpc::TaskInfoGcsService.grpc_client.AddTaskEventData - 1 total (0 active), Execution time: mean = 479.500 us, total = 479.500 us, Queueing time: mean = 0.000 s, max = -0.000 s, min = 9223372036.855 s, total = 0.000 s
	PeriodicalRunner.RunFnPeriodically - 1 total (0 active), Execution time: mean = 108.500 us, total = 108.500 us, Queueing time: mean = 8.400 us, max = 8.400 us, min = 8.400 us, total = 8.400 us
	CoreWorker.deadline_timer.flush_task_events - 1 total (1 active), Execution time: mean = 0.000 s, total = 0.000 s, Queueing time: mean = 0.000 s, max = -0.000 s, min = 9223372036.855 s, total = 0.000 s
Other Stats:
	grpc_in_progress:0
	current number of task status events in buffer: 0
	current number of profile events in buffer: 0
	current number of dropped task attempts tracked: 0
	total task events sent: 0 MiB
	total number of task attempts sent: 0
	total number of task attempts dropped reported: 0
	total number of sent failure: 0
	num status task events dropped: 0
	num profile task events dropped: 0


[2025-08-28 14:55:29,156 I 87256 129832] event.cc:500: Ray Event initialized for CORE_WORKER
[2025-08-28 14:55:29,157 I 87256 129832] event.cc:500: Ray Event initialized for EXPORT_TASK
[2025-08-28 14:55:29,157 I 87256 129832] event.cc:331: Set ray event level to warning
[2025-08-28 14:55:41,286 W 87256 123756] metric_exporter.cc:105: [1] Export metrics to agent failed: RpcError: RPC Error message: failed to connect to all addresses; last error: UNAVAILABLE: ipv4:127.0.0.1:58344: Connection refused; RPC Error details:  rpc_code: 14. This won't affect Ray, but you can lose metrics from the cluster.
[2025-08-28 14:56:29,164 I 87256 45596] core_worker.cc:915: Event stats:


Global stats: 830 total (8 active)
Queueing time: mean = 6.549 ms, max = 16.191 ms, min = -0.000 s, total = 5.435 s
Execution time:  mean = 69.284 us, total = 57.505 ms
Event stats:
	CoreWorker.RecoverObjects - 556 total (1 active), Execution time: mean = 7.616 us, total = 4.234 ms, Queueing time: mean = 7.937 ms, max = 11.126 ms, min = 3.885 ms, total = 4.413 s
	NodeManagerService.grpc_client.ReportWorkerBacklog - 60 total (0 active), Execution time: mean = 574.518 us, total = 34.471 ms, Queueing time: mean = 0.000 s, max = -0.000 s, min = 9223372036.855 s, total = 0.000 s
	CoreWorker.ExitIfParentRayletDies - 60 total (1 active), Execution time: mean = 10.370 us, total = 622.200 us, Queueing time: mean = 7.532 ms, max = 16.191 ms, min = 40.800 us, total = 451.916 ms
	CoreWorker.InternalHeartbeat - 60 total (1 active), Execution time: mean = 222.668 us, total = 13.360 ms, Queueing time: mean = 7.136 ms, max = 15.830 ms, min = -0.000 s, total = 428.157 ms
	NodeManagerService.grpc_client.ReportWorkerBacklog.OnReplyReceived - 60 total (0 active), Execution time: mean = 15.410 us, total = 924.600 us, Queueing time: mean = 11.912 us, max = 50.500 us, min = 4.300 us, total = 714.700 us
	CoreWorker.RecordMetrics - 12 total (1 active), Execution time: mean = 24.342 us, total = 292.100 us, Queueing time: mean = 8.751 ms, max = 15.426 ms, min = 1.307 ms, total = 105.016 ms
	PeriodicalRunner.RunFnPeriodically - 7 total (0 active), Execution time: mean = 252.329 us, total = 1.766 ms, Queueing time: mean = 420.400 us, max = 1.418 ms, min = 8.300 us, total = 2.943 ms
	CoreWorker.TryDelPendingObjectRefStreams - 6 total (1 active), Execution time: mean = 5.567 us, total = 33.400 us, Queueing time: mean = 5.584 ms, max = 14.083 ms, min = 1.243 ms, total = 33.502 ms
	ray::rpc::InternalPubSubGcsService.grpc_client.GcsSubscriberPoll - 1 total (1 active), Execution time: mean = 0.000 s, total = 0.000 s, Queueing time: mean = 0.000 s, max = -0.000 s, min = 9223372036.855 s, total = 0.000 s
	ray::rpc::NodeInfoGcsService.grpc_client.GetAllNodeInfo - 1 total (0 active), Execution time: mean = 406.100 us, total = 406.100 us, Queueing time: mean = 0.000 s, max = -0.000 s, min = 9223372036.855 s, total = 0.000 s
	ray::rpc::NodeInfoGcsService.grpc_client.GetAllNodeInfo.OnReplyReceived - 1 total (0 active), Execution time: mean = 80.200 us, total = 80.200 us, Queueing time: mean = 10.700 us, max = 10.700 us, min = 10.700 us, total = 10.700 us
	ray::rpc::WorkerInfoGcsService.grpc_client.AddWorkerInfo - 1 total (0 active), Execution time: mean = 567.500 us, total = 567.500 us, Queueing time: mean = 0.000 s, max = -0.000 s, min = 9223372036.855 s, total = 0.000 s
	ray::rpc::InternalPubSubGcsService.grpc_client.GcsSubscriberCommandBatch - 1 total (0 active), Execution time: mean = 569.800 us, total = 569.800 us, Queueing time: mean = 0.000 s, max = -0.000 s, min = 9223372036.855 s, total = 0.000 s
	ray::rpc::InternalPubSubGcsService.grpc_client.GcsSubscriberCommandBatch.OnReplyReceived - 1 total (0 active), Execution time: mean = 153.200 us, total = 153.200 us, Queueing time: mean = 8.400 us, max = 8.400 us, min = 8.400 us, total = 8.400 us
	Publisher.CheckDeadSubscribers - 1 total (1 active), Execution time: mean = 0.000 s, total = 0.000 s, Queueing time: mean = 0.000 s, max = -0.000 s, min = 9223372036.855 s, total = 0.000 s
	ray::rpc::WorkerInfoGcsService.grpc_client.AddWorkerInfo.OnReplyReceived - 1 total (0 active), Execution time: mean = 24.400 us, total = 24.400 us, Queueing time: mean = 50.500 us, max = 50.500 us, min = 50.500 us, total = 50.500 us
	CoreWorker.PrintEventStats - 1 total (1 active, 1 running), Execution time: mean = 0.000 s, total = 0.000 s, Queueing time: mean = 0.000 s, max = -0.000 s, min = 9223372036.855 s, total = 0.000 s

-----------------
Task execution event stats:

Global stats: 3889 total (1 active)
Queueing time: mean = 5.425 ms, max = 17.865 ms, min = 2.800 us, total = 21.098 s
Execution time:  mean = 13.117 us, total = 51.012 ms
Event stats:
	CoreWorker.CheckSignal - 3888 total (1 active), Execution time: mean = 13.117 us, total = 51.000 ms, Queueing time: mean = 5.426 ms, max = 17.865 ms, min = 3.051 ms, total = 21.098 s
	PeriodicalRunner.RunFnPeriodically - 1 total (0 active), Execution time: mean = 12.100 us, total = 12.100 us, Queueing time: mean = 2.800 us, max = 2.800 us, min = 2.800 us, total = 2.800 us

-----------------
Task Event stats:

IO Service Stats:

Global stats: 181 total (1 active)
Queueing time: mean = 2.488 ms, max = 16.030 ms, min = -0.000 s, total = 450.365 ms
Execution time:  mean = 252.788 us, total = 45.755 ms
Event stats:
	ray::rpc::TaskInfoGcsService.grpc_client.AddTaskEventData.OnReplyReceived - 60 total (0 active), Execution time: mean = 17.722 us, total = 1.063 ms, Queueing time: mean = 17.208 us, max = 97.900 us, min = 6.700 us, total = 1.032 ms
	ray::rpc::TaskInfoGcsService.grpc_client.AddTaskEventData - 60 total (0 active), Execution time: mean = 501.220 us, total = 30.073 ms, Queueing time: mean = 0.000 s, max = -0.000 s, min = 9223372036.855 s, total = 0.000 s
	CoreWorker.deadline_timer.flush_task_events - 60 total (1 active), Execution time: mean = 241.828 us, total = 14.510 ms, Queueing time: mean = 7.489 ms, max = 16.030 ms, min = -0.000 s, total = 449.324 ms
	PeriodicalRunner.RunFnPeriodically - 1 total (0 active), Execution time: mean = 108.500 us, total = 108.500 us, Queueing time: mean = 8.400 us, max = 8.400 us, min = 8.400 us, total = 8.400 us
Other Stats:
	grpc_in_progress:0
	current number of task status events in buffer: 0
	current number of profile events in buffer: 0
	current number of dropped task attempts tracked: 0
	total task events sent: 0 MiB
	total number of task attempts sent: 0
	total number of task attempts dropped reported: 0
	total number of sent failure: 0
	num status task events dropped: 0
	num profile task events dropped: 0


