[2025-08-28 14:55:29,090 I 95744 56980] core_worker_process.cc:192: Constructing CoreWorkerProcess. pid: 95744
[2025-08-28 14:55:29,094 I 95744 56980] io_service_pool.cc:37: IOServicePool is running with 1 io_service.
[2025-08-28 14:55:29,097 I 95744 56980] grpc_server.cc:140: worker server started, listening on port 57862.
[2025-08-28 14:55:29,099 I 95744 56980] core_worker.cc:544: Initializing worker at address: 127.0.0.1:57862 worker_id=0d7c79eddcd3507b733d9f72ef8f83d025d4fcfcd3776398cc88f60e node_id=97942de1a0e019b984ee46b76e594f087f6777ab9d655c165bfe5734
[2025-08-28 14:55:29,100 I 95744 56980] task_event_buffer.cc:287: Reporting task events to GCS every 1000ms.
[2025-08-28 14:55:29,102 I 95744 62360] accessor.cc:784: Received notification for node, IsAlive = 1 node_id=97942de1a0e019b984ee46b76e594f087f6777ab9d655c165bfe5734
[2025-08-28 14:55:29,102 I 95744 62360] core_worker.cc:5148: Number of alive nodes:1
[2025-08-28 14:55:29,104 I 95744 62360] core_worker.cc:915: Event stats:


Global stats: 12 total (4 active)
Queueing time: mean = 15.458 us, max = 141.000 us, min = 10.100 us, total = 185.500 us
Execution time:  mean = 173.225 us, total = 2.079 ms
Event stats:
	PeriodicalRunner.RunFnPeriodically - 3 total (1 active, 1 running), Execution time: mean = 9.000 us, total = 27.000 us, Queueing time: mean = 50.400 us, max = 141.000 us, min = 10.200 us, total = 151.200 us
	CoreWorker.ExitIfParentRayletDies - 1 total (1 active), Execution time: mean = 0.000 s, total = 0.000 s, Queueing time: mean = 0.000 s, max = -0.000 s, min = 9223372036.855 s, total = 0.000 s
	ray::rpc::InternalPubSubGcsService.grpc_client.GcsSubscriberCommandBatch - 1 total (0 active), Execution time: mean = 627.300 us, total = 627.300 us, Queueing time: mean = 0.000 s, max = -0.000 s, min = 9223372036.855 s, total = 0.000 s
	ray::rpc::NodeInfoGcsService.grpc_client.GetAllNodeInfo.OnReplyReceived - 1 total (0 active), Execution time: mean = 113.600 us, total = 113.600 us, Queueing time: mean = 11.300 us, max = 11.300 us, min = 11.300 us, total = 11.300 us
	ray::rpc::InternalPubSubGcsService.grpc_client.GcsSubscriberPoll - 1 total (1 active), Execution time: mean = 0.000 s, total = 0.000 s, Queueing time: mean = 0.000 s, max = -0.000 s, min = 9223372036.855 s, total = 0.000 s
	Publisher.CheckDeadSubscribers - 1 total (1 active), Execution time: mean = 0.000 s, total = 0.000 s, Queueing time: mean = 0.000 s, max = -0.000 s, min = 9223372036.855 s, total = 0.000 s
	ray::rpc::WorkerInfoGcsService.grpc_client.AddWorkerInfo.OnReplyReceived - 1 total (0 active), Execution time: mean = 22.000 us, total = 22.000 us, Queueing time: mean = 10.100 us, max = 10.100 us, min = 10.100 us, total = 10.100 us
	ray::rpc::NodeInfoGcsService.grpc_client.GetAllNodeInfo - 1 total (0 active), Execution time: mean = 443.800 us, total = 443.800 us, Queueing time: mean = 0.000 s, max = -0.000 s, min = 9223372036.855 s, total = 0.000 s
	ray::rpc::InternalPubSubGcsService.grpc_client.GcsSubscriberCommandBatch.OnReplyReceived - 1 total (0 active), Execution time: mean = 311.200 us, total = 311.200 us, Queueing time: mean = 12.900 us, max = 12.900 us, min = 12.900 us, total = 12.900 us
	ray::rpc::WorkerInfoGcsService.grpc_client.AddWorkerInfo - 1 total (0 active), Execution time: mean = 533.800 us, total = 533.800 us, Queueing time: mean = 0.000 s, max = -0.000 s, min = 9223372036.855 s, total = 0.000 s

-----------------
Task execution event stats:

Global stats: 0 total (0 active)
Queueing time: mean = -nan(ind) s, max = -0.000 s, min = 9223372036.855 s, total = 0.000 s
Execution time:  mean = -nan(ind) s, total = 0.000 s
Event stats:

-----------------
Task Event stats:

IO Service Stats:

Global stats: 4 total (1 active)
Queueing time: mean = 9.200 us, max = 25.900 us, min = 10.900 us, total = 36.800 us
Execution time:  mean = 320.275 us, total = 1.281 ms
Event stats:
	ray::rpc::TaskInfoGcsService.grpc_client.AddTaskEventData.OnReplyReceived - 1 total (0 active), Execution time: mean = 191.500 us, total = 191.500 us, Queueing time: mean = 25.900 us, max = 25.900 us, min = 25.900 us, total = 25.900 us
	PeriodicalRunner.RunFnPeriodically - 1 total (0 active), Execution time: mean = 118.200 us, total = 118.200 us, Queueing time: mean = 10.900 us, max = 10.900 us, min = 10.900 us, total = 10.900 us
	ray::rpc::TaskInfoGcsService.grpc_client.AddTaskEventData - 1 total (0 active), Execution time: mean = 971.400 us, total = 971.400 us, Queueing time: mean = 0.000 s, max = -0.000 s, min = 9223372036.855 s, total = 0.000 s
	CoreWorker.deadline_timer.flush_task_events - 1 total (1 active), Execution time: mean = 0.000 s, total = 0.000 s, Queueing time: mean = 0.000 s, max = -0.000 s, min = 9223372036.855 s, total = 0.000 s
Other Stats:
	grpc_in_progress:0
	current number of task status events in buffer: 0
	current number of profile events in buffer: 0
	current number of dropped task attempts tracked: 0
	total task events sent: 0 MiB
	total number of task attempts sent: 0
	total number of task attempts dropped reported: 0
	total number of sent failure: 0
	num status task events dropped: 0
	num profile task events dropped: 0


[2025-08-28 14:55:29,107 I 95744 56980] event.cc:500: Ray Event initialized for CORE_WORKER
[2025-08-28 14:55:29,108 I 95744 56980] event.cc:500: Ray Event initialized for EXPORT_TASK
[2025-08-28 14:55:29,108 I 95744 56980] event.cc:331: Set ray event level to warning
[2025-08-28 14:55:41,226 W 95744 85808] metric_exporter.cc:105: [1] Export metrics to agent failed: RpcError: RPC Error message: failed to connect to all addresses; last error: UNAVAILABLE: ipv4:127.0.0.1:58344: Connection refused; RPC Error details:  rpc_code: 14. This won't affect Ray, but you can lose metrics from the cluster.
[2025-08-28 14:56:29,118 I 95744 62360] core_worker.cc:915: Event stats:


Global stats: 830 total (8 active)
Queueing time: mean = 6.568 ms, max = 15.780 ms, min = -0.000 s, total = 5.452 s
Execution time:  mean = 137.662 us, total = 114.259 ms
Event stats:
	CoreWorker.RecoverObjects - 556 total (1 active), Execution time: mean = 6.791 us, total = 3.776 ms, Queueing time: mean = 7.945 ms, max = 11.798 ms, min = 5.136 ms, total = 4.417 s
	CoreWorker.InternalHeartbeat - 60 total (1 active), Execution time: mean = 222.633 us, total = 13.358 ms, Queueing time: mean = 7.426 ms, max = 15.353 ms, min = -0.000 s, total = 445.532 ms
	CoreWorker.ExitIfParentRayletDies - 60 total (1 active), Execution time: mean = 13.872 us, total = 832.300 us, Queueing time: mean = 7.331 ms, max = 15.780 ms, min = 272.300 us, total = 439.862 ms
	NodeManagerService.grpc_client.ReportWorkerBacklog.OnReplyReceived - 60 total (0 active), Execution time: mean = 14.728 us, total = 883.700 us, Queueing time: mean = 15.502 us, max = 141.000 us, min = 5.300 us, total = 930.100 us
	NodeManagerService.grpc_client.ReportWorkerBacklog - 60 total (0 active), Execution time: mean = 1.520 ms, total = 91.195 ms, Queueing time: mean = 0.000 s, max = -0.000 s, min = 9223372036.855 s, total = 0.000 s
	CoreWorker.RecordMetrics - 12 total (1 active), Execution time: mean = 21.967 us, total = 263.600 us, Queueing time: mean = 8.965 ms, max = 14.977 ms, min = 1.779 ms, total = 107.585 ms
	PeriodicalRunner.RunFnPeriodically - 7 total (0 active), Execution time: mean = 265.443 us, total = 1.858 ms, Queueing time: mean = 452.086 us, max = 1.518 ms, min = 8.500 us, total = 3.165 ms
	CoreWorker.TryDelPendingObjectRefStreams - 6 total (1 active), Execution time: mean = 6.833 us, total = 41.000 us, Queueing time: mean = 6.196 ms, max = 15.151 ms, min = -0.000 s, total = 37.175 ms
	Publisher.CheckDeadSubscribers - 1 total (1 active), Execution time: mean = 0.000 s, total = 0.000 s, Queueing time: mean = 0.000 s, max = -0.000 s, min = 9223372036.855 s, total = 0.000 s
	ray::rpc::WorkerInfoGcsService.grpc_client.AddWorkerInfo.OnReplyReceived - 1 total (0 active), Execution time: mean = 22.000 us, total = 22.000 us, Queueing time: mean = 10.100 us, max = 10.100 us, min = 10.100 us, total = 10.100 us
	CoreWorker.PrintEventStats - 1 total (1 active, 1 running), Execution time: mean = 0.000 s, total = 0.000 s, Queueing time: mean = 0.000 s, max = -0.000 s, min = 9223372036.855 s, total = 0.000 s
	ray::rpc::InternalPubSubGcsService.grpc_client.GcsSubscriberPoll - 1 total (1 active), Execution time: mean = 0.000 s, total = 0.000 s, Queueing time: mean = 0.000 s, max = -0.000 s, min = 9223372036.855 s, total = 0.000 s
	ray::rpc::NodeInfoGcsService.grpc_client.GetAllNodeInfo.OnReplyReceived - 1 total (0 active), Execution time: mean = 113.600 us, total = 113.600 us, Queueing time: mean = 11.300 us, max = 11.300 us, min = 11.300 us, total = 11.300 us
	ray::rpc::InternalPubSubGcsService.grpc_client.GcsSubscriberCommandBatch - 1 total (0 active), Execution time: mean = 627.300 us, total = 627.300 us, Queueing time: mean = 0.000 s, max = -0.000 s, min = 9223372036.855 s, total = 0.000 s
	ray::rpc::NodeInfoGcsService.grpc_client.GetAllNodeInfo - 1 total (0 active), Execution time: mean = 443.800 us, total = 443.800 us, Queueing time: mean = 0.000 s, max = -0.000 s, min = 9223372036.855 s, total = 0.000 s
	ray::rpc::InternalPubSubGcsService.grpc_client.GcsSubscriberCommandBatch.OnReplyReceived - 1 total (0 active), Execution time: mean = 311.200 us, total = 311.200 us, Queueing time: mean = 12.900 us, max = 12.900 us, min = 12.900 us, total = 12.900 us
	ray::rpc::WorkerInfoGcsService.grpc_client.AddWorkerInfo - 1 total (0 active), Execution time: mean = 533.800 us, total = 533.800 us, Queueing time: mean = 0.000 s, max = -0.000 s, min = 9223372036.855 s, total = 0.000 s

-----------------
Task execution event stats:

Global stats: 3890 total (1 active)
Queueing time: mean = 5.422 ms, max = 17.838 ms, min = 2.600 us, total = 21.092 s
Execution time:  mean = 13.178 us, total = 51.261 ms
Event stats:
	CoreWorker.CheckSignal - 3889 total (1 active), Execution time: mean = 13.171 us, total = 51.220 ms, Queueing time: mean = 5.423 ms, max = 17.838 ms, min = 3.102 ms, total = 21.092 s
	PeriodicalRunner.RunFnPeriodically - 1 total (0 active), Execution time: mean = 40.700 us, total = 40.700 us, Queueing time: mean = 2.600 us, max = 2.600 us, min = 2.600 us, total = 2.600 us

-----------------
Task Event stats:

IO Service Stats:

Global stats: 181 total (1 active)
Queueing time: mean = 2.674 ms, max = 15.550 ms, min = 4.700 us, total = 483.904 ms
Execution time:  mean = 565.561 us, total = 102.367 ms
Event stats:
	ray::rpc::TaskInfoGcsService.grpc_client.AddTaskEventData.OnReplyReceived - 60 total (0 active), Execution time: mean = 19.937 us, total = 1.196 ms, Queueing time: mean = 10.968 us, max = 101.100 us, min = 4.700 us, total = 658.100 us
	ray::rpc::TaskInfoGcsService.grpc_client.AddTaskEventData - 60 total (0 active), Execution time: mean = 1.448 ms, total = 86.898 ms, Queueing time: mean = 0.000 s, max = -0.000 s, min = 9223372036.855 s, total = 0.000 s
	CoreWorker.deadline_timer.flush_task_events - 60 total (1 active), Execution time: mean = 235.905 us, total = 14.154 ms, Queueing time: mean = 8.054 ms, max = 15.550 ms, min = 210.200 us, total = 483.236 ms
	PeriodicalRunner.RunFnPeriodically - 1 total (0 active), Execution time: mean = 118.200 us, total = 118.200 us, Queueing time: mean = 10.900 us, max = 10.900 us, min = 10.900 us, total = 10.900 us
Other Stats:
	grpc_in_progress:0
	current number of task status events in buffer: 0
	current number of profile events in buffer: 0
	current number of dropped task attempts tracked: 0
	total task events sent: 0 MiB
	total number of task attempts sent: 0
	total number of task attempts dropped reported: 0
	total number of sent failure: 0
	num status task events dropped: 0
	num profile task events dropped: 0


