[2025-08-28 14:55:29,126 I 131788 31648] core_worker_process.cc:192: Constructing CoreWorkerProcess. pid: 131788
[2025-08-28 14:55:29,129 I 131788 31648] io_service_pool.cc:37: IOServicePool is running with 1 io_service.
[2025-08-28 14:55:29,132 I 131788 31648] grpc_server.cc:140: worker server started, listening on port 57871.
[2025-08-28 14:55:29,134 I 131788 31648] core_worker.cc:544: Initializing worker at address: 127.0.0.1:57871 worker_id=8fde45d4961553bf1da5859d82f65e14cfe649d047e3a8b3de08e70d node_id=97942de1a0e019b984ee46b76e594f087f6777ab9d655c165bfe5734
[2025-08-28 14:55:29,135 I 131788 31648] task_event_buffer.cc:287: Reporting task events to GCS every 1000ms.
[2025-08-28 14:55:29,137 I 131788 10752] accessor.cc:784: Received notification for node, IsAlive = 1 node_id=97942de1a0e019b984ee46b76e594f087f6777ab9d655c165bfe5734
[2025-08-28 14:55:29,137 I 131788 10752] core_worker.cc:5148: Number of alive nodes:1
[2025-08-28 14:55:29,138 I 131788 10752] core_worker.cc:915: Event stats:


Global stats: 12 total (4 active)
Queueing time: mean = 13.800 us, max = 120.300 us, min = 9.100 us, total = 165.600 us
Execution time:  mean = 184.683 us, total = 2.216 ms
Event stats:
	PeriodicalRunner.RunFnPeriodically - 3 total (1 active, 1 running), Execution time: mean = 8.600 us, total = 25.800 us, Queueing time: mean = 43.200 us, max = 120.300 us, min = 9.300 us, total = 129.600 us
	ray::rpc::InternalPubSubGcsService.grpc_client.GcsSubscriberCommandBatch - 1 total (0 active), Execution time: mean = 817.200 us, total = 817.200 us, Queueing time: mean = 0.000 s, max = -0.000 s, min = 9223372036.855 s, total = 0.000 s
	ray::rpc::WorkerInfoGcsService.grpc_client.AddWorkerInfo - 1 total (0 active), Execution time: mean = 737.200 us, total = 737.200 us, Queueing time: mean = 0.000 s, max = -0.000 s, min = 9223372036.855 s, total = 0.000 s
	Publisher.CheckDeadSubscribers - 1 total (1 active), Execution time: mean = 0.000 s, total = 0.000 s, Queueing time: mean = 0.000 s, max = -0.000 s, min = 9223372036.855 s, total = 0.000 s
	ray::rpc::InternalPubSubGcsService.grpc_client.GcsSubscriberPoll - 1 total (1 active), Execution time: mean = 0.000 s, total = 0.000 s, Queueing time: mean = 0.000 s, max = -0.000 s, min = 9223372036.855 s, total = 0.000 s
	ray::rpc::WorkerInfoGcsService.grpc_client.AddWorkerInfo.OnReplyReceived - 1 total (0 active), Execution time: mean = 20.900 us, total = 20.900 us, Queueing time: mean = 14.900 us, max = 14.900 us, min = 14.900 us, total = 14.900 us
	ray::rpc::NodeInfoGcsService.grpc_client.GetAllNodeInfo - 1 total (0 active), Execution time: mean = 353.500 us, total = 353.500 us, Queueing time: mean = 0.000 s, max = -0.000 s, min = 9223372036.855 s, total = 0.000 s
	ray::rpc::NodeInfoGcsService.grpc_client.GetAllNodeInfo.OnReplyReceived - 1 total (0 active), Execution time: mean = 97.100 us, total = 97.100 us, Queueing time: mean = 12.000 us, max = 12.000 us, min = 12.000 us, total = 12.000 us
	CoreWorker.ExitIfParentRayletDies - 1 total (1 active), Execution time: mean = 0.000 s, total = 0.000 s, Queueing time: mean = 0.000 s, max = -0.000 s, min = 9223372036.855 s, total = 0.000 s
	ray::rpc::InternalPubSubGcsService.grpc_client.GcsSubscriberCommandBatch.OnReplyReceived - 1 total (0 active), Execution time: mean = 164.500 us, total = 164.500 us, Queueing time: mean = 9.100 us, max = 9.100 us, min = 9.100 us, total = 9.100 us

-----------------
Task execution event stats:

Global stats: 0 total (0 active)
Queueing time: mean = -nan(ind) s, max = -0.000 s, min = 9223372036.855 s, total = 0.000 s
Execution time:  mean = -nan(ind) s, total = 0.000 s
Event stats:

-----------------
Task Event stats:

IO Service Stats:

Global stats: 4 total (1 active)
Queueing time: mean = 5.900 us, max = 12.600 us, min = 11.000 us, total = 23.600 us
Execution time:  mean = 191.400 us, total = 765.600 us
Event stats:
	ray::rpc::TaskInfoGcsService.grpc_client.AddTaskEventData.OnReplyReceived - 1 total (0 active), Execution time: mean = 18.300 us, total = 18.300 us, Queueing time: mean = 11.000 us, max = 11.000 us, min = 11.000 us, total = 11.000 us
	CoreWorker.deadline_timer.flush_task_events - 1 total (1 active), Execution time: mean = 0.000 s, total = 0.000 s, Queueing time: mean = 0.000 s, max = -0.000 s, min = 9223372036.855 s, total = 0.000 s
	PeriodicalRunner.RunFnPeriodically - 1 total (0 active), Execution time: mean = 266.700 us, total = 266.700 us, Queueing time: mean = 12.600 us, max = 12.600 us, min = 12.600 us, total = 12.600 us
	ray::rpc::TaskInfoGcsService.grpc_client.AddTaskEventData - 1 total (0 active), Execution time: mean = 480.600 us, total = 480.600 us, Queueing time: mean = 0.000 s, max = -0.000 s, min = 9223372036.855 s, total = 0.000 s
Other Stats:
	grpc_in_progress:0
	current number of task status events in buffer: 0
	current number of profile events in buffer: 0
	current number of dropped task attempts tracked: 0
	total task events sent: 0 MiB
	total number of task attempts sent: 0
	total number of task attempts dropped reported: 0
	total number of sent failure: 0
	num status task events dropped: 0
	num profile task events dropped: 0


[2025-08-28 14:55:29,140 I 131788 31648] event.cc:500: Ray Event initialized for CORE_WORKER
[2025-08-28 14:55:29,141 I 131788 31648] event.cc:500: Ray Event initialized for EXPORT_TASK
[2025-08-28 14:55:29,141 I 131788 31648] event.cc:331: Set ray event level to warning
[2025-08-28 14:55:41,272 W 131788 116276] metric_exporter.cc:105: [1] Export metrics to agent failed: RpcError: RPC Error message: failed to connect to all addresses; last error: UNAVAILABLE: ipv4:127.0.0.1:58344: Connection refused; RPC Error details:  rpc_code: 14. This won't affect Ray, but you can lose metrics from the cluster.
[2025-08-28 14:56:29,148 I 131788 10752] core_worker.cc:915: Event stats:


Global stats: 830 total (8 active)
Queueing time: mean = 6.548 ms, max = 15.977 ms, min = -0.000 s, total = 5.435 s
Execution time:  mean = 71.692 us, total = 59.504 ms
Event stats:
	CoreWorker.RecoverObjects - 556 total (1 active), Execution time: mean = 10.203 us, total = 5.673 ms, Queueing time: mean = 7.937 ms, max = 13.925 ms, min = 880.900 us, total = 4.413 s
	NodeManagerService.grpc_client.ReportWorkerBacklog.OnReplyReceived - 60 total (0 active), Execution time: mean = 15.508 us, total = 930.500 us, Queueing time: mean = 11.012 us, max = 46.400 us, min = 4.900 us, total = 660.700 us
	CoreWorker.ExitIfParentRayletDies - 60 total (1 active), Execution time: mean = 16.452 us, total = 987.100 us, Queueing time: mean = 7.247 ms, max = 15.092 ms, min = 50.900 us, total = 434.827 ms
	CoreWorker.InternalHeartbeat - 60 total (1 active), Execution time: mean = 239.953 us, total = 14.397 ms, Queueing time: mean = 7.389 ms, max = 15.977 ms, min = -0.000 s, total = 443.344 ms
	NodeManagerService.grpc_client.ReportWorkerBacklog - 60 total (0 active), Execution time: mean = 563.298 us, total = 33.798 ms, Queueing time: mean = 0.000 s, max = -0.000 s, min = 9223372036.855 s, total = 0.000 s
	CoreWorker.RecordMetrics - 12 total (1 active), Execution time: mean = 21.992 us, total = 263.900 us, Queueing time: mean = 8.843 ms, max = 15.489 ms, min = 1.929 ms, total = 106.111 ms
	PeriodicalRunner.RunFnPeriodically - 7 total (0 active), Execution time: mean = 177.814 us, total = 1.245 ms, Queueing time: mean = 307.271 us, max = 1.010 ms, min = 9.300 us, total = 2.151 ms
	CoreWorker.TryDelPendingObjectRefStreams - 6 total (1 active), Execution time: mean = 3.333 us, total = 20.000 us, Queueing time: mean = 5.797 ms, max = 14.161 ms, min = 549.200 us, total = 34.781 ms
	ray::rpc::InternalPubSubGcsService.grpc_client.GcsSubscriberCommandBatch.OnReplyReceived - 1 total (0 active), Execution time: mean = 164.500 us, total = 164.500 us, Queueing time: mean = 9.100 us, max = 9.100 us, min = 9.100 us, total = 9.100 us
	ray::rpc::InternalPubSubGcsService.grpc_client.GcsSubscriberPoll - 1 total (1 active), Execution time: mean = 0.000 s, total = 0.000 s, Queueing time: mean = 0.000 s, max = -0.000 s, min = 9223372036.855 s, total = 0.000 s
	CoreWorker.PrintEventStats - 1 total (1 active, 1 running), Execution time: mean = 0.000 s, total = 0.000 s, Queueing time: mean = 0.000 s, max = -0.000 s, min = 9223372036.855 s, total = 0.000 s
	ray::rpc::WorkerInfoGcsService.grpc_client.AddWorkerInfo.OnReplyReceived - 1 total (0 active), Execution time: mean = 20.900 us, total = 20.900 us, Queueing time: mean = 14.900 us, max = 14.900 us, min = 14.900 us, total = 14.900 us
	Publisher.CheckDeadSubscribers - 1 total (1 active), Execution time: mean = 0.000 s, total = 0.000 s, Queueing time: mean = 0.000 s, max = -0.000 s, min = 9223372036.855 s, total = 0.000 s
	ray::rpc::InternalPubSubGcsService.grpc_client.GcsSubscriberCommandBatch - 1 total (0 active), Execution time: mean = 817.200 us, total = 817.200 us, Queueing time: mean = 0.000 s, max = -0.000 s, min = 9223372036.855 s, total = 0.000 s
	ray::rpc::WorkerInfoGcsService.grpc_client.AddWorkerInfo - 1 total (0 active), Execution time: mean = 737.200 us, total = 737.200 us, Queueing time: mean = 0.000 s, max = -0.000 s, min = 9223372036.855 s, total = 0.000 s
	ray::rpc::NodeInfoGcsService.grpc_client.GetAllNodeInfo - 1 total (0 active), Execution time: mean = 353.500 us, total = 353.500 us, Queueing time: mean = 0.000 s, max = -0.000 s, min = 9223372036.855 s, total = 0.000 s
	ray::rpc::NodeInfoGcsService.grpc_client.GetAllNodeInfo.OnReplyReceived - 1 total (0 active), Execution time: mean = 97.100 us, total = 97.100 us, Queueing time: mean = 12.000 us, max = 12.000 us, min = 12.000 us, total = 12.000 us

-----------------
Task execution event stats:

Global stats: 3890 total (1 active)
Queueing time: mean = 5.421 ms, max = 17.941 ms, min = 2.900 us, total = 21.090 s
Execution time:  mean = 12.473 us, total = 48.521 ms
Event stats:
	CoreWorker.CheckSignal - 3889 total (1 active), Execution time: mean = 12.472 us, total = 48.505 ms, Queueing time: mean = 5.423 ms, max = 17.941 ms, min = 3.141 ms, total = 21.090 s
	PeriodicalRunner.RunFnPeriodically - 1 total (0 active), Execution time: mean = 15.600 us, total = 15.600 us, Queueing time: mean = 2.900 us, max = 2.900 us, min = 2.900 us, total = 2.900 us

-----------------
Task Event stats:

IO Service Stats:

Global stats: 181 total (1 active)
Queueing time: mean = 2.561 ms, max = 15.582 ms, min = -0.000 s, total = 463.533 ms
Execution time:  mean = 270.098 us, total = 48.888 ms
Event stats:
	ray::rpc::TaskInfoGcsService.grpc_client.AddTaskEventData.OnReplyReceived - 60 total (0 active), Execution time: mean = 18.575 us, total = 1.115 ms, Queueing time: mean = 15.702 us, max = 152.700 us, min = 4.500 us, total = 942.100 us
	CoreWorker.deadline_timer.flush_task_events - 60 total (1 active), Execution time: mean = 273.995 us, total = 16.440 ms, Queueing time: mean = 7.710 ms, max = 15.582 ms, min = -0.000 s, total = 462.578 ms
	ray::rpc::TaskInfoGcsService.grpc_client.AddTaskEventData - 60 total (0 active), Execution time: mean = 517.780 us, total = 31.067 ms, Queueing time: mean = 0.000 s, max = -0.000 s, min = 9223372036.855 s, total = 0.000 s
	PeriodicalRunner.RunFnPeriodically - 1 total (0 active), Execution time: mean = 266.700 us, total = 266.700 us, Queueing time: mean = 12.600 us, max = 12.600 us, min = 12.600 us, total = 12.600 us
Other Stats:
	grpc_in_progress:0
	current number of task status events in buffer: 0
	current number of profile events in buffer: 0
	current number of dropped task attempts tracked: 0
	total task events sent: 0 MiB
	total number of task attempts sent: 0
	total number of task attempts dropped reported: 0
	total number of sent failure: 0
	num status task events dropped: 0
	num profile task events dropped: 0


[2025-08-28 14:57:29,163 I 131788 10752] core_worker.cc:915: Event stats:


Global stats: 1644 total (8 active)
Queueing time: mean = 6.726 ms, max = 16.497 ms, min = -0.000 s, total = 11.058 s
Execution time:  mean = 68.360 us, total = 112.384 ms
Event stats:
	CoreWorker.RecoverObjects - 1111 total (1 active), Execution time: mean = 10.664 us, total = 11.848 ms, Queueing time: mean = 8.059 ms, max = 13.925 ms, min = 880.900 us, total = 8.953 s
	NodeManagerService.grpc_client.ReportWorkerBacklog.OnReplyReceived - 120 total (0 active), Execution time: mean = 14.227 us, total = 1.707 ms, Queueing time: mean = 13.158 us, max = 71.400 us, min = 4.700 us, total = 1.579 ms
	CoreWorker.ExitIfParentRayletDies - 120 total (1 active), Execution time: mean = 15.176 us, total = 1.821 ms, Queueing time: mean = 7.694 ms, max = 16.497 ms, min = 50.900 us, total = 923.223 ms
	CoreWorker.InternalHeartbeat - 120 total (1 active), Execution time: mean = 214.542 us, total = 25.745 ms, Queueing time: mean = 7.406 ms, max = 15.977 ms, min = -0.000 s, total = 888.763 ms
	NodeManagerService.grpc_client.ReportWorkerBacklog - 120 total (0 active), Execution time: mean = 554.924 us, total = 66.591 ms, Queueing time: mean = 0.000 s, max = -0.000 s, min = 9223372036.855 s, total = 0.000 s
	CoreWorker.RecordMetrics - 24 total (1 active), Execution time: mean = 30.075 us, total = 721.800 us, Queueing time: mean = 7.568 ms, max = 15.489 ms, min = 1.929 ms, total = 181.636 ms
	CoreWorker.TryDelPendingObjectRefStreams - 12 total (1 active), Execution time: mean = 4.467 us, total = 53.600 us, Queueing time: mean = 8.078 ms, max = 14.161 ms, min = 549.200 us, total = 96.930 ms
	PeriodicalRunner.RunFnPeriodically - 7 total (0 active), Execution time: mean = 177.814 us, total = 1.245 ms, Queueing time: mean = 307.271 us, max = 1.010 ms, min = 9.300 us, total = 2.151 ms
	CoreWorker.PrintEventStats - 2 total (1 active, 1 running), Execution time: mean = 230.600 us, total = 461.200 us, Queueing time: mean = 5.054 ms, max = 10.108 ms, min = 10.108 ms, total = 10.108 ms
	ray::rpc::InternalPubSubGcsService.grpc_client.GcsSubscriberCommandBatch.OnReplyReceived - 1 total (0 active), Execution time: mean = 164.500 us, total = 164.500 us, Queueing time: mean = 9.100 us, max = 9.100 us, min = 9.100 us, total = 9.100 us
	ray::rpc::InternalPubSubGcsService.grpc_client.GcsSubscriberPoll - 1 total (1 active), Execution time: mean = 0.000 s, total = 0.000 s, Queueing time: mean = 0.000 s, max = -0.000 s, min = 9223372036.855 s, total = 0.000 s
	ray::rpc::WorkerInfoGcsService.grpc_client.AddWorkerInfo.OnReplyReceived - 1 total (0 active), Execution time: mean = 20.900 us, total = 20.900 us, Queueing time: mean = 14.900 us, max = 14.900 us, min = 14.900 us, total = 14.900 us
	Publisher.CheckDeadSubscribers - 1 total (1 active), Execution time: mean = 0.000 s, total = 0.000 s, Queueing time: mean = 0.000 s, max = -0.000 s, min = 9223372036.855 s, total = 0.000 s
	ray::rpc::InternalPubSubGcsService.grpc_client.GcsSubscriberCommandBatch - 1 total (0 active), Execution time: mean = 817.200 us, total = 817.200 us, Queueing time: mean = 0.000 s, max = -0.000 s, min = 9223372036.855 s, total = 0.000 s
	ray::rpc::WorkerInfoGcsService.grpc_client.AddWorkerInfo - 1 total (0 active), Execution time: mean = 737.200 us, total = 737.200 us, Queueing time: mean = 0.000 s, max = -0.000 s, min = 9223372036.855 s, total = 0.000 s
	ray::rpc::NodeInfoGcsService.grpc_client.GetAllNodeInfo - 1 total (0 active), Execution time: mean = 353.500 us, total = 353.500 us, Queueing time: mean = 0.000 s, max = -0.000 s, min = 9223372036.855 s, total = 0.000 s
	ray::rpc::NodeInfoGcsService.grpc_client.GetAllNodeInfo.OnReplyReceived - 1 total (0 active), Execution time: mean = 97.100 us, total = 97.100 us, Queueing time: mean = 12.000 us, max = 12.000 us, min = 12.000 us, total = 12.000 us

-----------------
Task execution event stats:

Global stats: 7772 total (1 active)
Queueing time: mean = 5.436 ms, max = 17.941 ms, min = 2.900 us, total = 42.245 s
Execution time:  mean = 12.969 us, total = 100.795 ms
Event stats:
	CoreWorker.CheckSignal - 7771 total (1 active), Execution time: mean = 12.969 us, total = 100.779 ms, Queueing time: mean = 5.436 ms, max = 17.941 ms, min = 3.141 ms, total = 42.245 s
	PeriodicalRunner.RunFnPeriodically - 1 total (0 active), Execution time: mean = 15.600 us, total = 15.600 us, Queueing time: mean = 2.900 us, max = 2.900 us, min = 2.900 us, total = 2.900 us

-----------------
Task Event stats:

IO Service Stats:

Global stats: 361 total (1 active)
Queueing time: mean = 2.468 ms, max = 15.582 ms, min = -0.000 s, total = 891.025 ms
Execution time:  mean = 267.779 us, total = 96.668 ms
Event stats:
	ray::rpc::TaskInfoGcsService.grpc_client.AddTaskEventData.OnReplyReceived - 120 total (0 active), Execution time: mean = 19.212 us, total = 2.305 ms, Queueing time: mean = 23.981 us, max = 228.200 us, min = 4.500 us, total = 2.878 ms
	CoreWorker.deadline_timer.flush_task_events - 120 total (1 active), Execution time: mean = 266.930 us, total = 32.032 ms, Queueing time: mean = 7.401 ms, max = 15.582 ms, min = -0.000 s, total = 888.135 ms
	ray::rpc::TaskInfoGcsService.grpc_client.AddTaskEventData - 120 total (0 active), Execution time: mean = 517.205 us, total = 62.065 ms, Queueing time: mean = 0.000 s, max = -0.000 s, min = 9223372036.855 s, total = 0.000 s
	PeriodicalRunner.RunFnPeriodically - 1 total (0 active), Execution time: mean = 266.700 us, total = 266.700 us, Queueing time: mean = 12.600 us, max = 12.600 us, min = 12.600 us, total = 12.600 us
Other Stats:
	grpc_in_progress:0
	current number of task status events in buffer: 0
	current number of profile events in buffer: 0
	current number of dropped task attempts tracked: 0
	total task events sent: 0 MiB
	total number of task attempts sent: 0
	total number of task attempts dropped reported: 0
	total number of sent failure: 0
	num status task events dropped: 0
	num profile task events dropped: 0


[2025-08-28 14:58:29,171 I 131788 10752] core_worker.cc:915: Event stats:


Global stats: 2455 total (8 active)
Queueing time: mean = 6.726 ms, max = 16.497 ms, min = -0.000 s, total = 16.511 s
Execution time:  mean = 67.607 us, total = 165.976 ms
Event stats:
	CoreWorker.RecoverObjects - 1667 total (1 active), Execution time: mean = 11.051 us, total = 18.421 ms, Queueing time: mean = 8.041 ms, max = 13.925 ms, min = 880.900 us, total = 13.404 s
	NodeManagerService.grpc_client.ReportWorkerBacklog.OnReplyReceived - 179 total (0 active), Execution time: mean = 13.472 us, total = 2.411 ms, Queueing time: mean = 14.365 us, max = 97.600 us, min = 4.200 us, total = 2.571 ms
	CoreWorker.ExitIfParentRayletDies - 179 total (1 active), Execution time: mean = 13.620 us, total = 2.438 ms, Queueing time: mean = 7.519 ms, max = 16.497 ms, min = -0.000 s, total = 1.346 s
	CoreWorker.InternalHeartbeat - 179 total (1 active), Execution time: mean = 213.861 us, total = 38.281 ms, Queueing time: mean = 7.260 ms, max = 15.977 ms, min = -0.000 s, total = 1.300 s
	NodeManagerService.grpc_client.ReportWorkerBacklog - 179 total (0 active), Execution time: mean = 553.024 us, total = 98.991 ms, Queueing time: mean = 0.000 s, max = -0.000 s, min = 9223372036.855 s, total = 0.000 s
	CoreWorker.RecordMetrics - 36 total (1 active), Execution time: mean = 29.875 us, total = 1.075 ms, Queueing time: mean = 8.036 ms, max = 15.489 ms, min = 1.929 ms, total = 289.288 ms
	CoreWorker.TryDelPendingObjectRefStreams - 18 total (1 active), Execution time: mean = 4.650 us, total = 83.700 us, Queueing time: mean = 7.980 ms, max = 14.161 ms, min = 549.200 us, total = 143.643 ms
	PeriodicalRunner.RunFnPeriodically - 7 total (0 active), Execution time: mean = 177.814 us, total = 1.245 ms, Queueing time: mean = 307.271 us, max = 1.010 ms, min = 9.300 us, total = 2.151 ms
	CoreWorker.PrintEventStats - 3 total (1 active, 1 running), Execution time: mean = 279.633 us, total = 838.900 us, Queueing time: mean = 8.034 ms, max = 13.993 ms, min = 10.108 ms, total = 24.101 ms
	ray::rpc::InternalPubSubGcsService.grpc_client.GcsSubscriberCommandBatch.OnReplyReceived - 1 total (0 active), Execution time: mean = 164.500 us, total = 164.500 us, Queueing time: mean = 9.100 us, max = 9.100 us, min = 9.100 us, total = 9.100 us
	ray::rpc::InternalPubSubGcsService.grpc_client.GcsSubscriberPoll - 1 total (1 active), Execution time: mean = 0.000 s, total = 0.000 s, Queueing time: mean = 0.000 s, max = -0.000 s, min = 9223372036.855 s, total = 0.000 s
	ray::rpc::WorkerInfoGcsService.grpc_client.AddWorkerInfo.OnReplyReceived - 1 total (0 active), Execution time: mean = 20.900 us, total = 20.900 us, Queueing time: mean = 14.900 us, max = 14.900 us, min = 14.900 us, total = 14.900 us
	Publisher.CheckDeadSubscribers - 1 total (1 active), Execution time: mean = 0.000 s, total = 0.000 s, Queueing time: mean = 0.000 s, max = -0.000 s, min = 9223372036.855 s, total = 0.000 s
	ray::rpc::InternalPubSubGcsService.grpc_client.GcsSubscriberCommandBatch - 1 total (0 active), Execution time: mean = 817.200 us, total = 817.200 us, Queueing time: mean = 0.000 s, max = -0.000 s, min = 9223372036.855 s, total = 0.000 s
	ray::rpc::WorkerInfoGcsService.grpc_client.AddWorkerInfo - 1 total (0 active), Execution time: mean = 737.200 us, total = 737.200 us, Queueing time: mean = 0.000 s, max = -0.000 s, min = 9223372036.855 s, total = 0.000 s
	ray::rpc::NodeInfoGcsService.grpc_client.GetAllNodeInfo - 1 total (0 active), Execution time: mean = 353.500 us, total = 353.500 us, Queueing time: mean = 0.000 s, max = -0.000 s, min = 9223372036.855 s, total = 0.000 s
	ray::rpc::NodeInfoGcsService.grpc_client.GetAllNodeInfo.OnReplyReceived - 1 total (0 active), Execution time: mean = 97.100 us, total = 97.100 us, Queueing time: mean = 12.000 us, max = 12.000 us, min = 12.000 us, total = 12.000 us

-----------------
Task execution event stats:

Global stats: 11660 total (1 active)
Queueing time: mean = 5.432 ms, max = 17.941 ms, min = 2.900 us, total = 63.334 s
Execution time:  mean = 13.093 us, total = 152.660 ms
Event stats:
	CoreWorker.CheckSignal - 11659 total (1 active), Execution time: mean = 13.092 us, total = 152.644 ms, Queueing time: mean = 5.432 ms, max = 17.941 ms, min = 1.956 ms, total = 63.334 s
	PeriodicalRunner.RunFnPeriodically - 1 total (0 active), Execution time: mean = 15.600 us, total = 15.600 us, Queueing time: mean = 2.900 us, max = 2.900 us, min = 2.900 us, total = 2.900 us

-----------------
Task Event stats:

IO Service Stats:

Global stats: 538 total (1 active)
Queueing time: mean = 2.411 ms, max = 15.582 ms, min = -0.000 s, total = 1.297 s
Execution time:  mean = 281.157 us, total = 151.262 ms
Event stats:
	ray::rpc::TaskInfoGcsService.grpc_client.AddTaskEventData.OnReplyReceived - 179 total (0 active), Execution time: mean = 18.448 us, total = 3.302 ms, Queueing time: mean = 25.388 us, max = 228.200 us, min = 3.800 us, total = 4.544 ms
	CoreWorker.deadline_timer.flush_task_events - 179 total (1 active), Execution time: mean = 287.211 us, total = 51.411 ms, Queueing time: mean = 7.220 ms, max = 15.582 ms, min = -0.000 s, total = 1.292 s
	ray::rpc::TaskInfoGcsService.grpc_client.AddTaskEventData - 179 total (0 active), Execution time: mean = 537.892 us, total = 96.283 ms, Queueing time: mean = 0.000 s, max = -0.000 s, min = 9223372036.855 s, total = 0.000 s
	PeriodicalRunner.RunFnPeriodically - 1 total (0 active), Execution time: mean = 266.700 us, total = 266.700 us, Queueing time: mean = 12.600 us, max = 12.600 us, min = 12.600 us, total = 12.600 us
Other Stats:
	grpc_in_progress:0
	current number of task status events in buffer: 0
	current number of profile events in buffer: 0
	current number of dropped task attempts tracked: 0
	total task events sent: 0 MiB
	total number of task attempts sent: 0
	total number of task attempts dropped reported: 0
	total number of sent failure: 0
	num status task events dropped: 0
	num profile task events dropped: 0


[2025-08-28 14:59:29,185 I 131788 10752] core_worker.cc:915: Event stats:


Global stats: 3269 total (8 active)
Queueing time: mean = 6.743 ms, max = 16.524 ms, min = -0.000 s, total = 22.042 s
Execution time:  mean = 70.525 us, total = 230.546 ms
Event stats:
	CoreWorker.RecoverObjects - 2222 total (1 active), Execution time: mean = 11.340 us, total = 25.197 ms, Queueing time: mean = 8.021 ms, max = 14.951 ms, min = 880.900 us, total = 17.823 s
	NodeManagerService.grpc_client.ReportWorkerBacklog.OnReplyReceived - 239 total (0 active), Execution time: mean = 14.493 us, total = 3.464 ms, Queueing time: mean = 19.912 us, max = 980.300 us, min = 4.200 us, total = 4.759 ms
	CoreWorker.ExitIfParentRayletDies - 239 total (1 active), Execution time: mean = 13.362 us, total = 3.193 ms, Queueing time: mean = 7.684 ms, max = 16.524 ms, min = -0.000 s, total = 1.837 s
	CoreWorker.InternalHeartbeat - 239 total (1 active), Execution time: mean = 220.702 us, total = 52.748 ms, Queueing time: mean = 7.433 ms, max = 16.378 ms, min = -0.000 s, total = 1.777 s
	NodeManagerService.grpc_client.ReportWorkerBacklog - 239 total (0 active), Execution time: mean = 584.325 us, total = 139.654 ms, Queueing time: mean = 0.000 s, max = -0.000 s, min = 9223372036.855 s, total = 0.000 s
	CoreWorker.RecordMetrics - 48 total (1 active), Execution time: mean = 30.317 us, total = 1.455 ms, Queueing time: mean = 7.794 ms, max = 15.489 ms, min = 1.929 ms, total = 374.122 ms
	CoreWorker.TryDelPendingObjectRefStreams - 24 total (1 active), Execution time: mean = 4.771 us, total = 114.500 us, Queueing time: mean = 8.067 ms, max = 15.661 ms, min = 549.200 us, total = 193.606 ms
	PeriodicalRunner.RunFnPeriodically - 7 total (0 active), Execution time: mean = 177.814 us, total = 1.245 ms, Queueing time: mean = 307.271 us, max = 1.010 ms, min = 9.300 us, total = 2.151 ms
	CoreWorker.PrintEventStats - 4 total (1 active, 1 running), Execution time: mean = 321.550 us, total = 1.286 ms, Queueing time: mean = 7.925 ms, max = 13.993 ms, min = 7.599 ms, total = 31.701 ms
	ray::rpc::InternalPubSubGcsService.grpc_client.GcsSubscriberCommandBatch.OnReplyReceived - 1 total (0 active), Execution time: mean = 164.500 us, total = 164.500 us, Queueing time: mean = 9.100 us, max = 9.100 us, min = 9.100 us, total = 9.100 us
	ray::rpc::InternalPubSubGcsService.grpc_client.GcsSubscriberPoll - 1 total (1 active), Execution time: mean = 0.000 s, total = 0.000 s, Queueing time: mean = 0.000 s, max = -0.000 s, min = 9223372036.855 s, total = 0.000 s
	ray::rpc::WorkerInfoGcsService.grpc_client.AddWorkerInfo.OnReplyReceived - 1 total (0 active), Execution time: mean = 20.900 us, total = 20.900 us, Queueing time: mean = 14.900 us, max = 14.900 us, min = 14.900 us, total = 14.900 us
	Publisher.CheckDeadSubscribers - 1 total (1 active), Execution time: mean = 0.000 s, total = 0.000 s, Queueing time: mean = 0.000 s, max = -0.000 s, min = 9223372036.855 s, total = 0.000 s
	ray::rpc::InternalPubSubGcsService.grpc_client.GcsSubscriberCommandBatch - 1 total (0 active), Execution time: mean = 817.200 us, total = 817.200 us, Queueing time: mean = 0.000 s, max = -0.000 s, min = 9223372036.855 s, total = 0.000 s
	ray::rpc::WorkerInfoGcsService.grpc_client.AddWorkerInfo - 1 total (0 active), Execution time: mean = 737.200 us, total = 737.200 us, Queueing time: mean = 0.000 s, max = -0.000 s, min = 9223372036.855 s, total = 0.000 s
	ray::rpc::NodeInfoGcsService.grpc_client.GetAllNodeInfo - 1 total (0 active), Execution time: mean = 353.500 us, total = 353.500 us, Queueing time: mean = 0.000 s, max = -0.000 s, min = 9223372036.855 s, total = 0.000 s
	ray::rpc::NodeInfoGcsService.grpc_client.GetAllNodeInfo.OnReplyReceived - 1 total (0 active), Execution time: mean = 97.100 us, total = 97.100 us, Queueing time: mean = 12.000 us, max = 12.000 us, min = 12.000 us, total = 12.000 us

-----------------
Task execution event stats:

Global stats: 15550 total (1 active)
Queueing time: mean = 5.428 ms, max = 17.941 ms, min = 2.900 us, total = 84.411 s
Execution time:  mean = 13.051 us, total = 202.945 ms
Event stats:
	CoreWorker.CheckSignal - 15549 total (1 active), Execution time: mean = 13.051 us, total = 202.930 ms, Queueing time: mean = 5.429 ms, max = 17.941 ms, min = 1.956 ms, total = 84.411 s
	PeriodicalRunner.RunFnPeriodically - 1 total (0 active), Execution time: mean = 15.600 us, total = 15.600 us, Queueing time: mean = 2.900 us, max = 2.900 us, min = 2.900 us, total = 2.900 us

-----------------
Task Event stats:

IO Service Stats:

Global stats: 718 total (1 active)
Queueing time: mean = 2.475 ms, max = 15.582 ms, min = -0.000 s, total = 1.777 s
Execution time:  mean = 277.431 us, total = 199.195 ms
Event stats:
	ray::rpc::TaskInfoGcsService.grpc_client.AddTaskEventData.OnReplyReceived - 239 total (0 active), Execution time: mean = 17.842 us, total = 4.264 ms, Queueing time: mean = 31.651 us, max = 782.600 us, min = 3.800 us, total = 7.565 ms
	CoreWorker.deadline_timer.flush_task_events - 239 total (1 active), Execution time: mean = 278.182 us, total = 66.485 ms, Queueing time: mean = 7.404 ms, max = 15.582 ms, min = -0.000 s, total = 1.770 s
	ray::rpc::TaskInfoGcsService.grpc_client.AddTaskEventData - 239 total (0 active), Execution time: mean = 536.313 us, total = 128.179 ms, Queueing time: mean = 0.000 s, max = -0.000 s, min = 9223372036.855 s, total = 0.000 s
	PeriodicalRunner.RunFnPeriodically - 1 total (0 active), Execution time: mean = 266.700 us, total = 266.700 us, Queueing time: mean = 12.600 us, max = 12.600 us, min = 12.600 us, total = 12.600 us
Other Stats:
	grpc_in_progress:0
	current number of task status events in buffer: 0
	current number of profile events in buffer: 0
	current number of dropped task attempts tracked: 0
	total task events sent: 0 MiB
	total number of task attempts sent: 0
	total number of task attempts dropped reported: 0
	total number of sent failure: 0
	num status task events dropped: 0
	num profile task events dropped: 0


[2025-08-28 15:00:29,188 I 131788 10752] core_worker.cc:915: Event stats:


Global stats: 4080 total (8 active)
Queueing time: mean = 6.818 ms, max = 39.196 ms, min = -0.000 s, total = 27.818 s
Execution time:  mean = 71.567 us, total = 291.991 ms
Event stats:
	CoreWorker.RecoverObjects - 2777 total (1 active), Execution time: mean = 10.746 us, total = 29.840 ms, Queueing time: mean = 8.061 ms, max = 39.196 ms, min = 880.900 us, total = 22.385 s
	NodeManagerService.grpc_client.ReportWorkerBacklog.OnReplyReceived - 298 total (0 active), Execution time: mean = 15.586 us, total = 4.644 ms, Queueing time: mean = 27.284 us, max = 1.922 ms, min = 4.100 us, total = 8.131 ms
	CoreWorker.ExitIfParentRayletDies - 298 total (1 active), Execution time: mean = 13.512 us, total = 4.027 ms, Queueing time: mean = 7.934 ms, max = 22.066 ms, min = -0.000 s, total = 2.364 s
	CoreWorker.InternalHeartbeat - 298 total (1 active), Execution time: mean = 216.700 us, total = 64.576 ms, Queueing time: mean = 7.696 ms, max = 21.937 ms, min = -0.000 s, total = 2.293 s
	NodeManagerService.grpc_client.ReportWorkerBacklog - 298 total (0 active), Execution time: mean = 609.916 us, total = 181.755 ms, Queueing time: mean = 0.000 s, max = -0.000 s, min = 9223372036.855 s, total = 0.000 s
	CoreWorker.RecordMetrics - 60 total (1 active), Execution time: mean = 30.513 us, total = 1.831 ms, Queueing time: mean = 7.814 ms, max = 15.489 ms, min = 1.550 ms, total = 468.833 ms
	CoreWorker.TryDelPendingObjectRefStreams - 30 total (1 active), Execution time: mean = 8.187 us, total = 245.600 us, Queueing time: mean = 8.159 ms, max = 15.661 ms, min = 549.200 us, total = 244.765 ms
	PeriodicalRunner.RunFnPeriodically - 7 total (0 active), Execution time: mean = 177.814 us, total = 1.245 ms, Queueing time: mean = 307.271 us, max = 1.010 ms, min = 9.300 us, total = 2.151 ms
	CoreWorker.PrintEventStats - 5 total (1 active, 1 running), Execution time: mean = 326.560 us, total = 1.633 ms, Queueing time: mean = 9.131 ms, max = 13.993 ms, min = 7.599 ms, total = 45.656 ms
	Publisher.CheckDeadSubscribers - 2 total (1 active), Execution time: mean = 2.100 us, total = 4.200 us, Queueing time: mean = 3.298 ms, max = 6.597 ms, min = 6.597 ms, total = 6.597 ms
	ray::rpc::InternalPubSubGcsService.grpc_client.GcsSubscriberCommandBatch.OnReplyReceived - 1 total (0 active), Execution time: mean = 164.500 us, total = 164.500 us, Queueing time: mean = 9.100 us, max = 9.100 us, min = 9.100 us, total = 9.100 us
	ray::rpc::InternalPubSubGcsService.grpc_client.GcsSubscriberPoll - 1 total (1 active), Execution time: mean = 0.000 s, total = 0.000 s, Queueing time: mean = 0.000 s, max = -0.000 s, min = 9223372036.855 s, total = 0.000 s
	ray::rpc::WorkerInfoGcsService.grpc_client.AddWorkerInfo.OnReplyReceived - 1 total (0 active), Execution time: mean = 20.900 us, total = 20.900 us, Queueing time: mean = 14.900 us, max = 14.900 us, min = 14.900 us, total = 14.900 us
	ray::rpc::InternalPubSubGcsService.grpc_client.GcsSubscriberCommandBatch - 1 total (0 active), Execution time: mean = 817.200 us, total = 817.200 us, Queueing time: mean = 0.000 s, max = -0.000 s, min = 9223372036.855 s, total = 0.000 s
	ray::rpc::WorkerInfoGcsService.grpc_client.AddWorkerInfo - 1 total (0 active), Execution time: mean = 737.200 us, total = 737.200 us, Queueing time: mean = 0.000 s, max = -0.000 s, min = 9223372036.855 s, total = 0.000 s
	ray::rpc::NodeInfoGcsService.grpc_client.GetAllNodeInfo - 1 total (0 active), Execution time: mean = 353.500 us, total = 353.500 us, Queueing time: mean = 0.000 s, max = -0.000 s, min = 9223372036.855 s, total = 0.000 s
	ray::rpc::NodeInfoGcsService.grpc_client.GetAllNodeInfo.OnReplyReceived - 1 total (0 active), Execution time: mean = 97.100 us, total = 97.100 us, Queueing time: mean = 12.000 us, max = 12.000 us, min = 12.000 us, total = 12.000 us

-----------------
Task execution event stats:

Global stats: 19381 total (1 active)
Queueing time: mean = 5.472 ms, max = 40.462 ms, min = -0.000 s, total = 106.059 s
Execution time:  mean = 13.475 us, total = 261.164 ms
Event stats:
	CoreWorker.CheckSignal - 19380 total (1 active), Execution time: mean = 13.475 us, total = 261.149 ms, Queueing time: mean = 5.473 ms, max = 40.462 ms, min = -0.000 s, total = 106.059 s
	PeriodicalRunner.RunFnPeriodically - 1 total (0 active), Execution time: mean = 15.600 us, total = 15.600 us, Queueing time: mean = 2.900 us, max = 2.900 us, min = 2.900 us, total = 2.900 us

-----------------
Task Event stats:

IO Service Stats:

Global stats: 895 total (1 active)
Queueing time: mean = 2.564 ms, max = 19.496 ms, min = -0.000 s, total = 2.294 s
Execution time:  mean = 277.522 us, total = 248.382 ms
Event stats:
	ray::rpc::TaskInfoGcsService.grpc_client.AddTaskEventData.OnReplyReceived - 298 total (0 active), Execution time: mean = 17.754 us, total = 5.291 ms, Queueing time: mean = 40.550 us, max = 882.500 us, min = 3.800 us, total = 12.084 ms
	CoreWorker.deadline_timer.flush_task_events - 298 total (1 active), Execution time: mean = 277.541 us, total = 82.707 ms, Queueing time: mean = 7.659 ms, max = 19.496 ms, min = -0.000 s, total = 2.282 s
	ray::rpc::TaskInfoGcsService.grpc_client.AddTaskEventData - 298 total (0 active), Execution time: mean = 537.309 us, total = 160.118 ms, Queueing time: mean = 0.000 s, max = -0.000 s, min = 9223372036.855 s, total = 0.000 s
	PeriodicalRunner.RunFnPeriodically - 1 total (0 active), Execution time: mean = 266.700 us, total = 266.700 us, Queueing time: mean = 12.600 us, max = 12.600 us, min = 12.600 us, total = 12.600 us
Other Stats:
	grpc_in_progress:0
	current number of task status events in buffer: 0
	current number of profile events in buffer: 0
	current number of dropped task attempts tracked: 0
	total task events sent: 0 MiB
	total number of task attempts sent: 0
	total number of task attempts dropped reported: 0
	total number of sent failure: 0
	num status task events dropped: 0
	num profile task events dropped: 0


[2025-08-28 15:01:29,192 I 131788 10752] core_worker.cc:915: Event stats:


Global stats: 4895 total (8 active)
Queueing time: mean = 6.825 ms, max = 41.270 ms, min = -0.000 s, total = 33.408 s
Execution time:  mean = 74.465 us, total = 364.507 ms
Event stats:
	CoreWorker.RecoverObjects - 3333 total (1 active), Execution time: mean = 9.932 us, total = 33.104 ms, Queueing time: mean = 8.046 ms, max = 41.270 ms, min = 880.900 us, total = 26.817 s
	NodeManagerService.grpc_client.ReportWorkerBacklog.OnReplyReceived - 358 total (0 active), Execution time: mean = 15.649 us, total = 5.603 ms, Queueing time: mean = 28.293 us, max = 1.922 ms, min = 4.100 us, total = 10.129 ms
	CoreWorker.ExitIfParentRayletDies - 358 total (1 active), Execution time: mean = 13.080 us, total = 4.683 ms, Queueing time: mean = 8.026 ms, max = 22.066 ms, min = -0.000 s, total = 2.873 s
	CoreWorker.InternalHeartbeat - 358 total (1 active), Execution time: mean = 217.980 us, total = 78.037 ms, Queueing time: mean = 7.793 ms, max = 21.937 ms, min = -0.000 s, total = 2.790 s
	NodeManagerService.grpc_client.ReportWorkerBacklog - 358 total (0 active), Execution time: mean = 656.858 us, total = 235.155 ms, Queueing time: mean = 0.000 s, max = -0.000 s, min = 9223372036.855 s, total = 0.000 s
	CoreWorker.RecordMetrics - 72 total (1 active), Execution time: mean = 30.289 us, total = 2.181 ms, Queueing time: mean = 7.849 ms, max = 19.821 ms, min = 1.550 ms, total = 565.130 ms
	CoreWorker.TryDelPendingObjectRefStreams - 36 total (1 active), Execution time: mean = 7.883 us, total = 283.800 us, Queueing time: mean = 8.219 ms, max = 15.661 ms, min = 549.200 us, total = 295.892 ms
	PeriodicalRunner.RunFnPeriodically - 7 total (0 active), Execution time: mean = 177.814 us, total = 1.245 ms, Queueing time: mean = 307.271 us, max = 1.010 ms, min = 9.300 us, total = 2.151 ms
	CoreWorker.PrintEventStats - 6 total (1 active, 1 running), Execution time: mean = 336.933 us, total = 2.022 ms, Queueing time: mean = 8.053 ms, max = 13.993 ms, min = 2.660 ms, total = 48.316 ms
	Publisher.CheckDeadSubscribers - 2 total (1 active), Execution time: mean = 2.100 us, total = 4.200 us, Queueing time: mean = 3.298 ms, max = 6.597 ms, min = 6.597 ms, total = 6.597 ms
	ray::rpc::InternalPubSubGcsService.grpc_client.GcsSubscriberCommandBatch.OnReplyReceived - 1 total (0 active), Execution time: mean = 164.500 us, total = 164.500 us, Queueing time: mean = 9.100 us, max = 9.100 us, min = 9.100 us, total = 9.100 us
	ray::rpc::InternalPubSubGcsService.grpc_client.GcsSubscriberPoll - 1 total (1 active), Execution time: mean = 0.000 s, total = 0.000 s, Queueing time: mean = 0.000 s, max = -0.000 s, min = 9223372036.855 s, total = 0.000 s
	ray::rpc::WorkerInfoGcsService.grpc_client.AddWorkerInfo.OnReplyReceived - 1 total (0 active), Execution time: mean = 20.900 us, total = 20.900 us, Queueing time: mean = 14.900 us, max = 14.900 us, min = 14.900 us, total = 14.900 us
	ray::rpc::InternalPubSubGcsService.grpc_client.GcsSubscriberCommandBatch - 1 total (0 active), Execution time: mean = 817.200 us, total = 817.200 us, Queueing time: mean = 0.000 s, max = -0.000 s, min = 9223372036.855 s, total = 0.000 s
	ray::rpc::WorkerInfoGcsService.grpc_client.AddWorkerInfo - 1 total (0 active), Execution time: mean = 737.200 us, total = 737.200 us, Queueing time: mean = 0.000 s, max = -0.000 s, min = 9223372036.855 s, total = 0.000 s
	ray::rpc::NodeInfoGcsService.grpc_client.GetAllNodeInfo - 1 total (0 active), Execution time: mean = 353.500 us, total = 353.500 us, Queueing time: mean = 0.000 s, max = -0.000 s, min = 9223372036.855 s, total = 0.000 s
	ray::rpc::NodeInfoGcsService.grpc_client.GetAllNodeInfo.OnReplyReceived - 1 total (0 active), Execution time: mean = 97.100 us, total = 97.100 us, Queueing time: mean = 12.000 us, max = 12.000 us, min = 12.000 us, total = 12.000 us

-----------------
Task execution event stats:

Global stats: 23236 total (1 active)
Queueing time: mean = 5.486 ms, max = 58.310 ms, min = -0.007 s, total = 127.463 s
Execution time:  mean = 13.941 us, total = 323.923 ms
Event stats:
	CoreWorker.CheckSignal - 23235 total (1 active), Execution time: mean = 13.940 us, total = 323.907 ms, Queueing time: mean = 5.486 ms, max = 58.310 ms, min = -0.007 s, total = 127.463 s
	PeriodicalRunner.RunFnPeriodically - 1 total (0 active), Execution time: mean = 15.600 us, total = 15.600 us, Queueing time: mean = 2.900 us, max = 2.900 us, min = 2.900 us, total = 2.900 us

-----------------
Task Event stats:

IO Service Stats:

Global stats: 1075 total (1 active)
Queueing time: mean = 2.623 ms, max = 36.876 ms, min = -0.000 s, total = 2.820 s
Execution time:  mean = 277.089 us, total = 297.870 ms
Event stats:
	ray::rpc::TaskInfoGcsService.grpc_client.AddTaskEventData.OnReplyReceived - 358 total (0 active), Execution time: mean = 17.593 us, total = 6.298 ms, Queueing time: mean = 40.724 us, max = 882.500 us, min = 3.800 us, total = 14.579 ms
	CoreWorker.deadline_timer.flush_task_events - 358 total (1 active), Execution time: mean = 276.244 us, total = 98.895 ms, Queueing time: mean = 7.837 ms, max = 36.876 ms, min = -0.000 s, total = 2.806 s
	ray::rpc::TaskInfoGcsService.grpc_client.AddTaskEventData - 358 total (0 active), Execution time: mean = 537.458 us, total = 192.410 ms, Queueing time: mean = 0.000 s, max = -0.000 s, min = 9223372036.855 s, total = 0.000 s
	PeriodicalRunner.RunFnPeriodically - 1 total (0 active), Execution time: mean = 266.700 us, total = 266.700 us, Queueing time: mean = 12.600 us, max = 12.600 us, min = 12.600 us, total = 12.600 us
Other Stats:
	grpc_in_progress:0
	current number of task status events in buffer: 0
	current number of profile events in buffer: 0
	current number of dropped task attempts tracked: 0
	total task events sent: 0 MiB
	total number of task attempts sent: 0
	total number of task attempts dropped reported: 0
	total number of sent failure: 0
	num status task events dropped: 0
	num profile task events dropped: 0


